[19:44:31] ==============================================
[19:44:31] ЗАПУСК ОБНОВЛЕНИЯ VPN
[19:44:31] ==============================================
[19:44:31] Дата: 18.06.2026 19:44:31
[19:44:31] GitHub: po5p/hpc
[19:44:31] 
[19:44:31] ----------------------------------------------
[19:44:31] ШАГ 1: Получение списка подписок
[19:44:31] ----------------------------------------------
[19:44:39] Статус: 200 (УСПЕШНО), размер: 212 байт
[19:44:39] Содержимое:
[19:44:39]   • https://sillyvpn.qwaqdev.ru/sub/365e0df7-98d0-47b2-bfef-09a7100227f6|SILLYVPN
[19:44:39]   • https://sub.datanode-internal.net/FcQe0weSX1Qbc_-j|FastUnlimited
[19:44:39]   • https://cdn-biz.ru/sub/1/5609a383-a603-46e8-8de5-a31bab826871|Yowet7
[19:44:39] 
[19:44:39] ----------------------------------------------
[19:44:39] ШАГ 2: Клонирование репозитория
[19:44:40] ----------------------------------------------
[19:44:41] Статус: УСПЕШНО
[19:44:41] 
[19:44:41] ----------------------------------------------
[19:44:41] ШАГ 3: Обработка подписок
[19:44:41] ----------------------------------------------
[19:44:41] 
[19:44:41] Подписка #1: SILLYVPN
[19:44:41]   Файл: sillyvpn.qwaqdev.ru_sub_365e0df7-98d0-47b2-bf_Subscription.txt
[19:44:50]   Загрузка: УСПЕШНО (17318 байт)
[19:44:50]   Формат: JSON
[19:44:50]   Конфигов (JSON): 13
[19:44:50] 
[19:44:50] Подписка #2: FastUnlimited
[19:44:50]   Файл: sub.datanode-internal.net_FcQe0weSX1Qbc_-j_Subscription.txt
[19:44:51]   Загрузка: УСПЕШНО (36477 байт)
[19:44:51]   Формат: JSON
[19:44:51]   Конфигов (JSON): 15
[19:44:51] 
[19:44:51] Подписка #3: Yowet7
[19:44:51]   Файл: cdn-biz.ru_sub_1_5609a383-a603-46e8-8de5-a31b_Subscription.txt
[19:44:52]   Загрузка: УСПЕШНО (226025 байт)
[19:44:52]   Формат: JSON
[19:44:52]   Конфигов (JSON): 60
[19:44:52] 
[19:44:52] ----------------------------------------------
[19:44:52] ШАГ 4: Сводный файл
[19:44:53] ----------------------------------------------
[19:44:53] Ссылки в GotovVpn.txt:
[19:44:53]   • https://raw.githubusercontent.com/po5p/hpc/main/sillyvpn.qwaqdev.ru_sub_365e0df7-98d0-47b2-bf_Subscription.txt|SILLYVPN
[19:44:53]   • https://raw.githubusercontent.com/po5p/hpc/main/sub.datanode-internal.net_FcQe0weSX1Qbc_-j_Subscription.txt|FastUnlimited
[19:44:53]   • https://raw.githubusercontent.com/po5p/hpc/main/cdn-biz.ru_sub_1_5609a383-a603-46e8-8de5-a31b_Subscription.txt|Yowet7
[19:44:53] 
[19:44:53] ----------------------------------------------
[19:44:53] ШАГ 5: Отправка в GitHub
[19:44:53] ----------------------------------------------
[19:45:02] Результат: УСПЕШНО
[19:45:02] 
[19:45:02] ==============================================
[19:45:02] ИТОГИ
[19:45:02] ==============================================
[19:45:02] Обработано: 3 | Пропущено: 0
[19:45:02]   JSON:   88
[19:45:02]   ─────────────────
[19:45:02]   ВСЕГО:  88
[19:45:02] Сводный файл: https://raw.githubusercontent.com/po5p/hpc/main/GotovVpn.txt
[19:45:02] ==============================================
