[00:31:47] ==============================================
[00:31:47] ЗАПУСК ОБНОВЛЕНИЯ VPN
[00:31:47] ==============================================
[00:31:47] Дата: 17.06.2026 00:31:47
[00:31:47] GitHub: po5p/hpc
[00:31:47] 
[00:31:47] ----------------------------------------------
[00:31:47] ШАГ 1: Получение списка подписок
[00:31:47] ----------------------------------------------
[00:31:48] Статус: 200 (УСПЕШНО), размер: 78 байт
[00:31:48] Содержимое:
[00:31:48]   • https://sillyvpn.qwaqdev.ru/sub/365e0df7-98d0-47b2-bfef-09a7100227f6|SILLYVPN
[00:31:48] 
[00:31:48] ----------------------------------------------
[00:31:48] ШАГ 2: Клонирование репозитория
[00:31:48] ----------------------------------------------
[00:31:49] Статус: УСПЕШНО
[00:31:49] 
[00:31:50] ----------------------------------------------
[00:31:50] ШАГ 3: Обработка подписок
[00:31:50] ----------------------------------------------
[00:31:50] 
[00:31:50] Подписка #1: SILLYVPN
[00:31:50]   Файл: sillyvpn.qwaqdev.ru_sub_365e0df7-98d0-47b2-bf_Subscription.txt
[00:31:50]   Загрузка: УСПЕШНО (57504 байт)
[00:31:50]   Формат: JSON
[00:31:50]   Конфигов (JSON): 11
[00:31:50] 
[00:31:50] ----------------------------------------------
[00:31:50] ШАГ 4: Сводный файл
[00:31:51] ----------------------------------------------
[00:31:51] Ссылки в GotovVpn.txt:
[00:31:51]   • https://raw.githubusercontent.com/po5p/hpc/main/sillyvpn.qwaqdev.ru_sub_365e0df7-98d0-47b2-bf_Subscription.txt
[00:31:51] 
[00:31:51] ----------------------------------------------
[00:31:51] ШАГ 5: Отправка в GitHub
[00:31:51] ----------------------------------------------
[00:31:52] Результат: УСПЕШНО
[00:31:52] 
[00:31:52] ==============================================
[00:31:52] ИТОГИ
[00:31:52] ==============================================
[00:31:52] Обработано: 1 | Пропущено: 0
[00:31:52]   JSON:   11
[00:31:52]   ─────────────────
[00:31:52]   ВСЕГО:  11
[00:31:52] Сводный файл: https://raw.githubusercontent.com/po5p/hpc/main/GotovVpn.txt
[00:31:52] ==============================================
