[14:00:01] ==============================================
[14:00:01] ЗАПУСК ОБНОВЛЕНИЯ VPN
[14:00:01] ==============================================
[14:00:01] Дата: 07.06.2026 14:00:01
[14:00:01] GitHub: po5p/hpc
[14:00:01] HWID: CB522960-E2A9-7A19-12CB-FD12FEC71E19
[14:00:01] 
[14:00:01] ----------------------------------------------
[14:00:01] ШАГ 1: Получение списка подписок
[14:00:01] ----------------------------------------------
[14:00:02] Статус: 200 (УСПЕШНО), размер: 99 байт
[14:00:02] Содержимое:
[14:00:02]   • https://sub.new-meme-connet.ru/cc7a8ebfb|MaxVpn1
[14:00:02]   • https://sub.new-meme-connet.ru/d8c44887a|MaxVpn2
[14:00:02] 
[14:00:02] ----------------------------------------------
[14:00:02] ШАГ 2: Клонирование репозитория
[14:00:02] ----------------------------------------------
[14:00:03] Статус: УСПЕШНО
[14:00:03] 
[14:00:03] ----------------------------------------------
[14:00:03] ШАГ 3: Обработка подписок
[14:00:03] ----------------------------------------------
[14:00:04] 
[14:00:04] Подписка #2: MaxVpn1
[14:00:04]   Файл: sub.new-meme-connet.ru_cc7a8ebfb_Subscription.txt
[14:00:04]   Загрузка: УСПЕШНО (6604 байт)
[14:00:04]   Формат: Base64 → vless
[14:00:05]   Конфигов: 36
[14:00:05] 
[14:00:05] Подписка #3: MaxVpn2
[14:00:05]   Файл: sub.new-meme-connet.ru_d8c44887a_Subscription.txt
[14:00:06]   Загрузка: УСПЕШНО (6604 байт)
[14:00:06]   Формат: Base64 → vless
[14:00:06]   Конфигов: 36
[14:00:06] 
[14:00:06] ----------------------------------------------
[14:00:06] ШАГ 4: Сводный файл
[14:00:06] ----------------------------------------------
[14:00:06]   • https://raw.githubusercontent.com/po5p/hpc/main/sub.new-meme-connet.ru_cc7a8ebfb_Subscription.txt
[14:00:07]   • https://raw.githubusercontent.com/po5p/hpc/main/sub.new-meme-connet.ru_d8c44887a_Subscription.txt
[14:00:07] 
[14:00:07] ----------------------------------------------
[14:00:07] ШАГ 5: Отправка в GitHub
[14:00:07] ----------------------------------------------
[14:00:09] Результат: УСПЕШНО
[14:00:09] 
[14:00:09] ==============================================
[14:00:09] ИТОГИ
[14:00:09] ==============================================
[14:00:09] Обработано: 2 | Пропущено: 0
[14:00:09]   VLESS:  24
[14:00:09]   SS:     48
[14:00:09]   ─────────────────
[14:00:09]   ВСЕГО:  72
[14:00:09] Сводный файл: https://raw.githubusercontent.com/po5p/hpc/main/GotovVpn.txt
[14:00:09] ==============================================
