[20:52:50] ==============================================
[20:52:50] ЗАПУСК ОБНОВЛЕНИЯ VPN
[20:52:51] ==============================================
[20:52:51] Дата: 18.06.2026 20:52:51
[20:52:51] GitHub: po5p/hpc
[20:52:51] 
[20:52:51] ----------------------------------------------
[20:52:51] ШАГ 1: Получение списка подписок
[20:52:51] ----------------------------------------------
[20:52:52] Статус: 200 (УСПЕШНО), размер: 212 байт
[20:52:52] Содержимое:
[20:52:52]   • https://sillyvpn.qwaqdev.ru/sub/365e0df7-98d0-47b2-bfef-09a7100227f6|SILLYVPN
[20:52:52]   • https://sub.datanode-internal.net/FcQe0weSX1Qbc_-j|FastUnlimited
[20:52:52]   • https://cdn-biz.ru/sub/1/5609a383-a603-46e8-8de5-a31bab826871|Yowet7
[20:52:52] 
[20:52:52] ----------------------------------------------
[20:52:52] ШАГ 2: Клонирование репозитория
[20:52:52] ----------------------------------------------
[20:53:01] Статус: УСПЕШНО
[20:53:01] 
[20:53:01] ----------------------------------------------
[20:53:01] ШАГ 3: Обработка подписок
[20:53:01] ----------------------------------------------
[20:53:01] 
[20:53:01] Подписка #1: SILLYVPN
[20:53:01]   Файл: sillyvpn.qwaqdev.ru_sub_365e0df7-98d0-47b2-bf_Subscription.txt
[20:53:10]   Загрузка: УСПЕШНО (17318 байт)
[20:53:10]   Формат: JSON
[20:53:10]   Конфигов (JSON): 13
[20:53:10] 
[20:53:10] Подписка #2: FastUnlimited
[20:53:10]   Файл: sub.datanode-internal.net_FcQe0weSX1Qbc_-j_Subscription.txt
[20:53:22]   Загрузка: ОШИБКА HTTP 000
[20:53:22]   Формат: JSON
[20:53:22]   Конфигов (JSON): 13
[20:53:22] 
[20:53:22] Подписка #3: Yowet7
[20:53:22]   Файл: cdn-biz.ru_sub_1_5609a383-a603-46e8-8de5-a31b_Subscription.txt
[20:53:24]   Загрузка: УСПЕШНО (226025 байт)
[20:53:24]   Формат: JSON
[20:53:24]   Конфигов (JSON): 60
[20:53:24] 
[20:53:24] ----------------------------------------------
[20:53:25] ШАГ 4: Сводный файл
[20:53:25] ----------------------------------------------
[20:53:25] Ссылки в GotovVpn.txt:
[20:53:25]   • https://raw.githubusercontent.com/po5p/hpc/main/sillyvpn.qwaqdev.ru_sub_365e0df7-98d0-47b2-bf_Subscription.txt|SILLYVPN
[20:53:25]   • https://raw.githubusercontent.com/po5p/hpc/main/sub.datanode-internal.net_FcQe0weSX1Qbc_-j_Subscription.txt|FastUnlimited
[20:53:25]   • https://raw.githubusercontent.com/po5p/hpc/main/cdn-biz.ru_sub_1_5609a383-a603-46e8-8de5-a31b_Subscription.txt|Yowet7
[20:53:25] 
[20:53:25] ----------------------------------------------
[20:53:25] ШАГ 5: Отправка в GitHub
[20:53:25] ----------------------------------------------
[20:53:34] Результат: УСПЕШНО
[20:53:34] 
[20:53:34] ==============================================
[20:53:34] ИТОГИ
[20:53:34] ==============================================
[20:53:34] Обработано: 3 | Пропущено: 0
[20:53:35]   JSON:   86
[20:53:35]   ─────────────────
[20:53:35]   ВСЕГО:  86
[20:53:35] Сводный файл: https://raw.githubusercontent.com/po5p/hpc/main/GotovVpn.txt
[20:53:35] ==============================================
