[10:05:05] ==============================================
[10:05:05] ЗАПУСК ОБНОВЛЕНИЯ VPN
[10:05:05] ==============================================
[10:05:05] Дата: 08.06.2026 10:05:05
[10:05:05] GitHub: po5p/hpc
[10:05:05] HWID: 
[10:05:05] 
[10:05:05] ----------------------------------------------
[10:05:05] ШАГ 1: Получение списка подписок
[10:05:05] ----------------------------------------------
[10:05:05] Статус: 200 (УСПЕШНО), размер: 99 байт
[10:05:05] Содержимое:
[10:05:05]   • https://sub.new-meme-connet.ru/cc7a8ebfb|MaxVpn1
[10:05:05]   • https://sub.new-meme-connet.ru/d8c44887a|MaxVpn2
[10:05:05] 
[10:05:05] ----------------------------------------------
[10:05:05] ШАГ 2: Клонирование репозитория
[10:05:05] ----------------------------------------------
[10:05:06] Статус: УСПЕШНО
[10:05:06] 
[10:05:06] ----------------------------------------------
[10:05:06] ШАГ 3: Обработка подписок
[10:05:06] ----------------------------------------------
[10:05:07] 
[10:05:07] Подписка #2: MaxVpn1
[10:05:07]   Файл: sub.new-meme-connet.ru_cc7a8ebfb_Subscription.txt
[10:05:07]   Загрузка: УСПЕШНО (6524 байт)
[10:05:07]   Формат: Base64 → vless
[10:05:07]   Конфигов: VL=12 VM=0 TR=0 SS=24 (всего: 36)
[10:05:07] 
[10:05:07] Подписка #3: MaxVpn2
[10:05:07]   Файл: sub.new-meme-connet.ru_d8c44887a_Subscription.txt
[10:05:08]   Загрузка: УСПЕШНО (6524 байт)
[10:05:08]   Формат: Base64 → vless
[10:05:08]   Конфигов: VL=12 VM=0 TR=0 SS=24 (всего: 36)
[10:05:08] 
[10:05:08] ----------------------------------------------
[10:05:08] ШАГ 4: Сводный файл
[10:05:08] ----------------------------------------------
[10:05:08] Ссылки в GotovVpn.txt:
[10:05:08]   • https://raw.githubusercontent.com/po5p/hpc/main/sub.new-meme-connet.ru_cc7a8ebfb_Subscription.txt
[10:05:08]   • https://raw.githubusercontent.com/po5p/hpc/main/sub.new-meme-connet.ru_d8c44887a_Subscription.txt
[10:05:08] 
[10:05:08] ----------------------------------------------
[10:05:08] ШАГ 5: Отправка в GitHub
[10:05:08] ----------------------------------------------
[10:05:10] Результат: УСПЕШНО
[10:05:10] 
[10:05:10] ==============================================
[10:05:10] ИТОГИ
[10:05:10] ==============================================
[10:05:10] Обработано: 2 | Пропущено: 0
[10:05:10]   VLESS:  24
[10:05:10]   SS:     48
[10:05:10]   ─────────────────
[10:05:10]   ВСЕГО:  72
[10:05:10] Сводный файл: https://raw.githubusercontent.com/po5p/hpc/main/GotovVpn.txt
[10:05:10] ==============================================
