[00:01:28] ==============================================
[00:01:28] ЗАПУСК ОБНОВЛЕНИЯ VPN
[00:01:28] ==============================================
[00:01:28] Дата: 10.06.2026 00:01:28
[00:01:28] GitHub: po5p/hpc
[00:01:28] 
[00:01:28] ----------------------------------------------
[00:01:28] ШАГ 1: Получение списка подписок
[00:01:28] ----------------------------------------------
[00:01:29] Статус: 200 (УСПЕШНО), размер: 99 байт
[00:01:29] Содержимое:
[00:01:29]   • https://sub.new-meme-connet.ru/cc7a8ebfb|MaxVpn1
[00:01:29]   • https://sub.new-meme-connet.ru/d8c44887a|MaxVpn2
[00:01:29] 
[00:01:29] ----------------------------------------------
[00:01:29] ШАГ 2: Клонирование репозитория
[00:01:29] ----------------------------------------------
[00:01:31] Статус: УСПЕШНО
[00:01:31] 
[00:01:31] ----------------------------------------------
[00:01:31] ШАГ 3: Обработка подписок
[00:01:31] ----------------------------------------------
[00:01:31] 
[00:01:31] Подписка #2: MaxVpn1
[00:01:31]   Файл: sub.new-meme-connet.ru_cc7a8ebfb_Subscription.txt
[00:01:32]   Загрузка: УСПЕШНО (6580 байт)
[00:01:32]   Формат: Base64 → vless
[00:01:32]   Конфигов: VL=12 VM=0 TR=0 SS=24 (всего: 36)
[00:01:32] 
[00:01:32] Подписка #3: MaxVpn2
[00:01:32]   Файл: sub.new-meme-connet.ru_d8c44887a_Subscription.txt
[00:01:33]   Загрузка: УСПЕШНО (6580 байт)
[00:01:33]   Формат: Base64 → vless
[00:01:33]   Конфигов: VL=12 VM=0 TR=0 SS=24 (всего: 36)
[00:01:33] 
[00:01:33] ----------------------------------------------
[00:01:33] ШАГ 4: Сводный файл
[00:01:33] ----------------------------------------------
[00:01:33] Ссылки в GotovVpn.txt:
[00:01:33]   • https://raw.githubusercontent.com/po5p/hpc/main/sub.new-meme-connet.ru_cc7a8ebfb_Subscription.txt
[00:01:33]   • https://raw.githubusercontent.com/po5p/hpc/main/sub.new-meme-connet.ru_d8c44887a_Subscription.txt
[00:01:33] 
[00:01:33] ----------------------------------------------
[00:01:33] ШАГ 5: Отправка в GitHub
[00:01:33] ----------------------------------------------
[00:01:36] Результат: УСПЕШНО
[00:01:36] 
[00:01:36] ==============================================
[00:01:36] ИТОГИ
[00:01:36] ==============================================
[00:01:36] Обработано: 2 | Пропущено: 0
[00:01:36]   VLESS:  24
[00:01:36]   SS:     48
[00:01:36]   ─────────────────
[00:01:36]   ВСЕГО:  72
[00:01:36] Сводный файл: https://raw.githubusercontent.com/po5p/hpc/main/GotovVpn.txt
[00:01:36] ==============================================
