[19:28:25] ==============================================
[19:28:25] ЗАПУСК ОБНОВЛЕНИЯ VPN
[19:28:25] ==============================================
[19:28:25] Дата: 18.06.2026 19:28:25
[19:28:25] GitHub: po5p/hpc
[19:28:25] 
[19:28:25] ----------------------------------------------
[19:28:25] ШАГ 1: Получение списка подписок
[19:28:25] ----------------------------------------------
[19:28:26] Статус: 200 (УСПЕШНО), размер: 143 байт
[19:28:26] Содержимое:
[19:28:26]   • https://sillyvpn.qwaqdev.ru/sub/365e0df7-98d0-47b2-bfef-09a7100227f6|SILLYVPN
[19:28:26]   • https://sub.datanode-internal.net/FcQe0weSX1Qbc_-j|FastUnlimited
[19:28:26] 
[19:28:26] ----------------------------------------------
[19:28:26] ШАГ 2: Клонирование репозитория
[19:28:26] ----------------------------------------------
[19:28:27] Статус: УСПЕШНО
[19:28:27] 
[19:28:27] ----------------------------------------------
[19:28:27] ШАГ 3: Обработка подписок
[19:28:27] ----------------------------------------------
[19:28:27] 
[19:28:27] Подписка #1: SILLYVPN
[19:28:27]   Файл: sillyvpn.qwaqdev.ru_sub_365e0df7-98d0-47b2-bf_Subscription.txt
[19:28:28]   Загрузка: УСПЕШНО (17318 байт)
[19:28:28]   Формат: JSON
[19:28:28]   Конфигов (JSON): 13
[19:28:29] 
[19:28:29] Подписка #2: FastUnlimited
[19:28:29]   Файл: sub.datanode-internal.net_FcQe0weSX1Qbc_-j_Subscription.txt
[19:28:29]   Загрузка: УСПЕШНО (36473 байт)
[19:28:29]   Формат: JSON
[19:28:30]   Конфигов (JSON): 15
[19:28:30] 
[19:28:30] ----------------------------------------------
[19:28:30] ШАГ 4: Сводный файл
[19:28:30] ----------------------------------------------
[19:28:30] Ссылки в GotovVpn.txt:
[19:28:30]   • https://raw.githubusercontent.com/po5p/hpc/main/sillyvpn.qwaqdev.ru_sub_365e0df7-98d0-47b2-bf_Subscription.txt|SILLYVPN
[19:28:30]   • https://raw.githubusercontent.com/po5p/hpc/main/sub.datanode-internal.net_FcQe0weSX1Qbc_-j_Subscription.txt|FastUnlimited
[19:28:30] 
[19:28:30] ----------------------------------------------
[19:28:30] ШАГ 5: Отправка в GitHub
[19:28:30] ----------------------------------------------
[19:28:32] Результат: УСПЕШНО
[19:28:32] 
[19:28:32] ==============================================
[19:28:32] ИТОГИ
[19:28:32] ==============================================
[19:28:32] Обработано: 2 | Пропущено: 0
[19:28:32]   JSON:   28
[19:28:32]   ─────────────────
[19:28:32]   ВСЕГО:  28
[19:28:32] Сводный файл: https://raw.githubusercontent.com/po5p/hpc/main/GotovVpn.txt
[19:28:32] ==============================================
