[00:00:00] ==============================================
[00:00:00] ЗАПУСК ОБНОВЛЕНИЯ VPN
[00:00:00] ==============================================
[00:00:00] Дата: 07.06.2026 00:00:00
[00:00:00] GitHub: po5p/hpc
[00:00:00] HWID: CB522960-E2A9-7A19-12CB-FD12FEC71E19
[00:00:00] 
[00:00:00] ----------------------------------------------
[00:00:00] ШАГ 1: Получение списка подписок
[00:00:00] ----------------------------------------------
[00:00:01] Статус: 200 (УСПЕШНО), размер: 99 байт
[00:00:01] Содержимое:
[00:00:01]   • https://sub.new-meme-connet.ru/cc7a8ebfb|MaxVpn1
[00:00:01]   • https://sub.new-meme-connet.ru/d8c44887a|MaxVpn2
[00:00:01] 
[00:00:01] ----------------------------------------------
[00:00:01] ШАГ 2: Клонирование репозитория
[00:00:01] ----------------------------------------------
[00:00:02] Статус: УСПЕШНО
[00:00:02] 
[00:00:02] ----------------------------------------------
[00:00:02] ШАГ 3: Обработка подписок
[00:00:02] ----------------------------------------------
[00:00:03] 
[00:00:03] Подписка #2: MaxVpn1
[00:00:03]   Файл: sub.new-meme-connet.ru_cc7a8ebfb_Subscription.txt
[00:00:03]   Загрузка: УСПЕШНО (5532 байт)
[00:00:03]   Формат: Base64 → vless
[00:00:04]   Конфигов: 30
[00:00:04] 
[00:00:04] Подписка #3: MaxVpn2
[00:00:04]   Файл: sub.new-meme-connet.ru_d8c44887a_Subscription.txt
[00:00:05]   Загрузка: УСПЕШНО (5532 байт)
[00:00:05]   Формат: Base64 → vless
[00:00:05]   Конфигов: 30
[00:00:05] 
[00:00:05] ----------------------------------------------
[00:00:05] ШАГ 4: Сводный файл
[00:00:05] ----------------------------------------------
[00:00:05]   • https://raw.githubusercontent.com/po5p/hpc/main/sub.new-meme-connet.ru_cc7a8ebfb_Subscription.txt
[00:00:06]   • https://raw.githubusercontent.com/po5p/hpc/main/sub.new-meme-connet.ru_d8c44887a_Subscription.txt
[00:00:06] 
[00:00:06] ----------------------------------------------
[00:00:06] ШАГ 5: Отправка в GitHub
[00:00:06] ----------------------------------------------
[00:00:08] Результат: УСПЕШНО
[00:00:08] 
[00:00:08] ==============================================
[00:00:08] ИТОГИ
[00:00:08] ==============================================
[00:00:08] Обработано: 2 | Пропущено: 0
[00:00:08]   VLESS:  20
[00:00:08]   SS:     40
[00:00:08]   ─────────────────
[00:00:08]   ВСЕГО:  60
[00:00:08] Сводный файл: https://raw.githubusercontent.com/po5p/hpc/main/GotovVpn.txt
[00:00:08] ==============================================
