[22:16:43] ==============================================
[22:16:43] ЗАПУСК ОБНОВЛЕНИЯ VPN
[22:16:43] ==============================================
[22:16:43] Дата: 17.06.2026 22:16:43
[22:16:43] GitHub: po5p/hpc
[22:16:43] 
[22:16:43] ----------------------------------------------
[22:16:43] ШАГ 1: Получение списка подписок
[22:16:43] ----------------------------------------------
[22:16:43] Статус: 200 (УСПЕШНО), размер: 203 байт
[22:16:43] Содержимое:
[22:16:43]   • https://sillyvpn.qwaqdev.ru/sub/365e0df7-98d0-47b2-bfef-09a7100227f6|SILLYVPN
[22:16:43]   • https://chipsa.xyz/YNPdaTGBCyTUnr45|ChipsVPN
[22:16:43]   • https://api.mxnative.com/kM16cBsb0Eh8rFK3TPBu/uQa15uY-uU1Eo2r1PgUbZazK|MavixVPN
[22:16:43] 
[22:16:44] ----------------------------------------------
[22:16:44] ШАГ 2: Клонирование репозитория
[22:16:44] ----------------------------------------------
[22:16:45] Статус: УСПЕШНО
[22:16:45] 
[22:16:45] ----------------------------------------------
[22:16:45] ШАГ 3: Обработка подписок
[22:16:45] ----------------------------------------------
[22:16:45] 
[22:16:45] Подписка #1: SILLYVPN
[22:16:45]   Файл: sillyvpn.qwaqdev.ru_sub_365e0df7-98d0-47b2-bf_Subscription.txt
[22:16:45]   Загрузка: УСПЕШНО (28450 байт)
[22:16:46]   Формат: JSON
[22:16:46]   Конфигов (JSON): 11
[22:16:46] 
[22:16:46] Подписка #2: ChipsVPN
[22:16:46]   Файл: chipsa.xyz_YNPdaTGBCyTUnr45_Subscription.txt
[22:16:46]   Загрузка: УСПЕШНО (8667 байт)
[22:16:46]   ⚠ Заглушка — оставляю старую копию
[22:16:47] 
[22:16:47] Подписка #3: MavixVPN
[22:16:47]   Файл: api.mxnative.com_kM16cBsb0Eh8rFK3TPBu_uQa15uY_Subscription.txt
[22:16:47]   Загрузка: УСПЕШНО (79262 байт)
[22:16:47]   ⚠ Заглушка — оставляю старую копию
[22:16:47] 
[22:16:47] ----------------------------------------------
[22:16:47] ШАГ 4: Сводный файл
[22:16:47] ----------------------------------------------
[22:16:47] Ссылки в GotovVpn.txt:
[22:16:47]   • https://raw.githubusercontent.com/po5p/hpc/main/sillyvpn.qwaqdev.ru_sub_365e0df7-98d0-47b2-bf_Subscription.txt
[22:16:47]   • https://raw.githubusercontent.com/po5p/hpc/main/chipsa.xyz_YNPdaTGBCyTUnr45_Subscription.txt
[22:16:48]   • https://raw.githubusercontent.com/po5p/hpc/main/api.mxnative.com_kM16cBsb0Eh8rFK3TPBu_uQa15uY_Subscription.txt
[22:16:48] 
[22:16:48] ----------------------------------------------
[22:16:48] ШАГ 5: Отправка в GitHub
[22:16:48] ----------------------------------------------
[22:16:49] Результат: УСПЕШНО
[22:16:49] 
[22:16:49] ==============================================
[22:16:49] ИТОГИ
[22:16:49] ==============================================
[22:16:49] Обработано: 1 | Пропущено: 2
[22:16:49]   JSON:   11
[22:16:49]   ─────────────────
[22:16:49]   ВСЕГО:  11
[22:16:49] Сводный файл: https://raw.githubusercontent.com/po5p/hpc/main/GotovVpn.txt
[22:16:49] ==============================================
