[15:56:35] ==============================================
[15:56:35] ЗАПУСК ОБНОВЛЕНИЯ VPN
[15:56:35] ==============================================
[15:56:35] Дата: 06.06.2026 15:56:35
[15:56:35] GitHub: po5p/hpc
[15:56:35] HWID: CB522960-E2A9-7A19-12CB-FD12FEC71E19
[15:56:35] Лог-файл: /data/data/com.termux/files/home/vpn_logs/vpn_update_2026-06-06_15-56-35.log
[15:56:35] 
[15:56:35] ----------------------------------------------
[15:56:35] ШАГ 1: Получение списка подписок
[15:56:35] ----------------------------------------------
[15:56:35] URL: https://raw.githubusercontent.com/po5p/hpc/main/SubscriptionList.txt
[15:56:36] HTTP статус: 200
[15:56:36] Время запроса: ? сек
[15:56:36] Размер ответа: 99 байт
[15:56:36] Содержимое SubscriptionList.txt:
[15:56:36]   • https://sub.new-meme-connet.ru/cc7a8ebfb|MaxVpn1
[15:56:36]   • https://sub.new-meme-connet.ru/d8c44887a|MaxVpn2
[15:56:36] 
[15:56:36] ----------------------------------------------
[15:56:36] ШАГ 2: Клонирование репозитория
[15:56:36] ----------------------------------------------
[15:56:38] Статус: код 0
[15:56:38] Время: ? сек
[15:56:38] Репозиторий склонирован успешно
[15:56:38] 
[15:56:38] ----------------------------------------------
[15:56:38] ШАГ 3: Обработка подписок
[15:56:38] ----------------------------------------------
[15:56:38] 
[15:56:38] Подписка #2: MaxVpn1
[15:56:38]   URL: https://sub.new-meme-connet.ru/cc7a8ebfb
[15:56:38]   Файл: sub.new-meme-connet.ru_cc7a8ebfb_Subscription.txt
[15:56:39]   Загрузка: HTTP 200, ? сек, 5336 байт
[15:56:39]   Формат: Base64 (расшифровываю)
[15:56:39]   Декод выполнен за ? сек
[15:56:40]   Конфигов: VLESS=10 VMess=0 Trojan=0 SS=20 (всего: 30)
[15:56:40] 
[15:56:40] Подписка #3: MaxVpn2
[15:56:40]   URL: https://sub.new-meme-connet.ru/d8c44887a
[15:56:40]   Файл: sub.new-meme-connet.ru_d8c44887a_Subscription.txt
[15:56:41]   Загрузка: HTTP 200, ? сек, 5336 байт
[15:56:41]   Формат: Base64 (расшифровываю)
[15:56:41]   Декод выполнен за ? сек
[15:56:41]   Конфигов: VLESS=10 VMess=0 Trojan=0 SS=20 (всего: 30)
[15:56:41] 
[15:56:42] ----------------------------------------------
[15:56:42] ШАГ 4: Сохранение сводного файла
[15:56:42] ----------------------------------------------
[15:56:42] Ссылок в GotovVpn.txt: 2
