[16:05:51] ==============================================
[16:05:51] ЗАПУСК ОБНОВЛЕНИЯ VPN
[16:05:51] ==============================================
[16:05:51] Дата: 13.06.2026 16:05:51
[16:05:51] GitHub: po5p/hpc
[16:05:51] 
[16:05:51] ----------------------------------------------
[16:05:51] ШАГ 1: Получение списка подписок
[16:05:51] ----------------------------------------------
[16:05:52] Статус: 200 (УСПЕШНО), размер: 51 байт
[16:05:52] Содержимое:
[16:05:52]   • https://sub.datanode-internal.net/pEal8orynJwjb_eR
[16:05:52] 
[16:05:52] ----------------------------------------------
[16:05:52] ШАГ 2: Клонирование репозитория
[16:05:52] ----------------------------------------------
[16:05:53] Статус: УСПЕШНО
[16:05:53] 
[16:05:53] ----------------------------------------------
[16:05:53] ШАГ 3: Обработка подписок
[16:05:53] ----------------------------------------------
[16:05:53] 
[16:05:53] Подписка #1: sub.datanode-internal.net
[16:05:53]   Файл: sub.datanode-internal.net_pEal8orynJwjb_eR_Subscription.txt
[16:05:54]   Загрузка: УСПЕШНО (36497 байт)
[16:05:54]   Формат: JSON
[16:05:54]   Конфигов (JSON): 15
[16:05:54] 
[16:05:54] ----------------------------------------------
[16:05:54] ШАГ 4: Сводный файл
[16:05:54] ----------------------------------------------
[16:05:54] Ссылки в GotovVpn.txt:
[16:05:54]   • https://raw.githubusercontent.com/po5p/hpc/main/sub.datanode-internal.net_pEal8orynJwjb_eR_Subscription.txt
[16:05:54] 
[16:05:54] ----------------------------------------------
[16:05:54] ШАГ 5: Отправка в GitHub
[16:05:54] ----------------------------------------------
[16:05:56] Результат: УСПЕШНО
[16:05:56] 
[16:05:56] ==============================================
[16:05:56] ИТОГИ
[16:05:56] ==============================================
[16:05:56] Обработано: 1 | Пропущено: 0
[16:05:56]   JSON:   15
[16:05:56]   ─────────────────
[16:05:56]   ВСЕГО:  15
[16:05:56] Сводный файл: https://raw.githubusercontent.com/po5p/hpc/main/GotovVpn.txt
[16:05:56] ==============================================
