[22:25:26] ==============================================
[22:25:26] ЗАПУСК ОБНОВЛЕНИЯ VPN
[22:25:26] ==============================================
[22:25:26] Дата: 08.06.2026 22:25:26
[22:25:26] GitHub: po5p/hpc
[22:25:26] 
[22:25:26] ----------------------------------------------
[22:25:26] ШАГ 1: Получение списка подписок
[22:25:26] ----------------------------------------------
[22:25:27] Статус: 200 (УСПЕШНО), размер: 196 байт
[22:25:27] Содержимое:
[22:25:27]   • https://raw.githubusercontent.com/opti4riponty-arch/VLESS-Co/refs/heads/main/VLESS%20%26%20Co|VPN
[22:25:27]   • https://sub.new-meme-connet.ru/cc7a8ebfb|MaxVpn1
[22:25:27]   • https://sub.new-meme-connet.ru/d8c44887a|MaxVpn2
[22:25:27] 
[22:25:27] ----------------------------------------------
[22:25:27] ШАГ 2: Клонирование репозитория
[22:25:27] ----------------------------------------------
[22:25:28] Статус: УСПЕШНО
[22:25:28] 
[22:25:28] ----------------------------------------------
[22:25:28] ШАГ 3: Обработка подписок
[22:25:28] ----------------------------------------------
[22:25:28] 
[22:25:28] Подписка #1: VPN
[22:25:28]   Файл: raw.githubusercontent.com_opti4riponty-arch_V_Subscription.txt
[22:25:28]   Загрузка: УСПЕШНО (12205 байт)
[22:25:28]   ⚠ Заглушка — оставляю старую копию
[22:25:29] 
[22:25:29] Подписка #2: MaxVpn1
[22:25:29]   Файл: sub.new-meme-connet.ru_cc7a8ebfb_Subscription.txt
[22:25:29]   Загрузка: УСПЕШНО (6572 байт)
[22:25:29]   Формат: Base64 → vless
[22:25:29]   Конфигов: VL=12 VM=0 TR=0 SS=24 (всего: 36)
[22:25:29] 
[22:25:29] Подписка #3: MaxVpn2
[22:25:29]   Файл: sub.new-meme-connet.ru_d8c44887a_Subscription.txt
[22:25:30]   Загрузка: УСПЕШНО (6572 байт)
[22:25:30]   Формат: Base64 → vless
[22:25:30]   Конфигов: VL=12 VM=0 TR=0 SS=24 (всего: 36)
[22:25:30] 
[22:25:30] ----------------------------------------------
[22:25:30] ШАГ 4: Сводный файл
[22:25:30] ----------------------------------------------
[22:25:30] Ссылки в GotovVpn.txt:
[22:25:30]   • https://raw.githubusercontent.com/po5p/hpc/main/sub.new-meme-connet.ru_cc7a8ebfb_Subscription.txt
[22:25:30]   • https://raw.githubusercontent.com/po5p/hpc/main/sub.new-meme-connet.ru_d8c44887a_Subscription.txt
[22:25:30] 
[22:25:30] ----------------------------------------------
[22:25:30] ШАГ 5: Отправка в GitHub
[22:25:30] ----------------------------------------------
[22:25:32] Результат: УСПЕШНО
[22:25:32] 
[22:25:32] ==============================================
[22:25:32] ИТОГИ
[22:25:32] ==============================================
[22:25:32] Обработано: 2 | Пропущено: 1
[22:25:32]   VLESS:  24
[22:25:32]   SS:     48
[22:25:32]   ─────────────────
[22:25:32]   ВСЕГО:  72
[22:25:32] Сводный файл: https://raw.githubusercontent.com/po5p/hpc/main/GotovVpn.txt
[22:25:32] ==============================================
