[15:30:24] ==============================================
[15:30:24] ЗАПУСК ОБНОВЛЕНИЯ VPN
[15:30:24] ==============================================
[15:30:24] Дата: 18.06.2026 15:30:24
[15:30:24] GitHub: po5p/hpc
[15:30:24] 
[15:30:24] ----------------------------------------------
[15:30:24] ШАГ 1: Получение списка подписок
[15:30:24] ----------------------------------------------
[15:30:24] Статус: 200 (УСПЕШНО), размер: 78 байт
[15:30:24] Содержимое:
[15:30:25]   • https://sillyvpn.qwaqdev.ru/sub/365e0df7-98d0-47b2-bfef-09a7100227f6|SILLYVPN
[15:30:25] 
[15:30:25] ----------------------------------------------
[15:30:25] ШАГ 2: Клонирование репозитория
[15:30:25] ----------------------------------------------
[15:30:27] Статус: УСПЕШНО
[15:30:27] 
[15:30:27] ----------------------------------------------
[15:30:27] ШАГ 3: Обработка подписок
[15:30:27] ----------------------------------------------
[15:30:27] 
[15:30:27] Подписка #1: SILLYVPN
[15:30:27]   Файл: sillyvpn.qwaqdev.ru_sub_365e0df7-98d0-47b2-bf_Subscription.txt
[15:30:27]   Загрузка: ОШИБКА HTTP 000
[15:30:27]   ⚠ Пусто — оставляю старую копию
[15:30:27] 
[15:30:27] ----------------------------------------------
[15:30:27] ШАГ 4: Сводный файл
[15:30:27] ----------------------------------------------
[15:30:27] Ссылки в GotovVpn.txt:
[15:30:27]   • https://raw.githubusercontent.com/po5p/hpc/main/sillyvpn.qwaqdev.ru_sub_365e0df7-98d0-47b2-bf_Subscription.txt
[15:30:27] 
[15:30:27] ----------------------------------------------
[15:30:27] ШАГ 5: Отправка в GitHub
[15:30:27] ----------------------------------------------
[15:30:28] Результат: УСПЕШНО
[15:30:28] 
[15:30:28] ==============================================
[15:30:28] ИТОГИ
[15:30:28] ==============================================
[15:30:28] Обработано: 0 | Пропущено: 1
[15:30:28]   ─────────────────
[15:30:28]   ВСЕГО:  0
[15:30:28] Сводный файл: https://raw.githubusercontent.com/po5p/hpc/main/GotovVpn.txt
[15:30:28] ==============================================
