[19:34:55] ==============================================
[19:34:55] ЗАПУСК ОБНОВЛЕНИЯ VPN
[19:34:55] ==============================================
[19:34:55] Дата: 18.06.2026 19:34:55
[19:34:55] GitHub: po5p/hpc
[19:34:55] 
[19:34:55] ----------------------------------------------
[19:34:55] ШАГ 1: Получение списка подписок
[19:34:55] ----------------------------------------------
[19:34:56] Статус: 200 (УСПЕШНО), размер: 212 байт
[19:34:56] Содержимое:
[19:34:57]   • https://sillyvpn.qwaqdev.ru/sub/365e0df7-98d0-47b2-bfef-09a7100227f6|SILLYVPN
[19:34:57]   • https://sub.datanode-internal.net/FcQe0weSX1Qbc_-j|FastUnlimited
[19:34:57]   • https://cdn-biz.ru/sub/1/5609a383-a603-46e8-8de5-a31bab826871|Yowet7
[19:34:57] 
[19:34:57] ----------------------------------------------
[19:34:57] ШАГ 2: Клонирование репозитория
[19:34:57] ----------------------------------------------
[19:34:58] Статус: УСПЕШНО
[19:34:58] 
[19:34:58] ----------------------------------------------
[19:34:58] ШАГ 3: Обработка подписок
[19:34:58] ----------------------------------------------
[19:34:59] 
[19:34:59] Подписка #1: SILLYVPN
[19:34:59]   Файл: sillyvpn.qwaqdev.ru_sub_365e0df7-98d0-47b2-bf_Subscription.txt
[19:35:07]   Загрузка: УСПЕШНО (17318 байт)
[19:35:07]   Формат: JSON
[19:35:07]   Конфигов (JSON): 13
[19:35:07] 
[19:35:07] Подписка #2: FastUnlimited
[19:35:07]   Файл: sub.datanode-internal.net_FcQe0weSX1Qbc_-j_Subscription.txt
[19:35:16]   Загрузка: УСПЕШНО (36481 байт)
[19:35:16]   Формат: JSON
[19:35:16]   Конфигов (JSON): 15
[19:35:16] 
[19:35:16] Подписка #3: Yowet7
[19:35:16]   Файл: cdn-biz.ru_sub_1_5609a383-a603-46e8-8de5-a31b_Subscription.txt
[19:35:17]   Загрузка: УСПЕШНО (226025 байт)
[19:35:17]   Формат: JSON
[19:35:17]   Конфигов (JSON): 60
[19:35:17] 
[19:35:17] ----------------------------------------------
[19:35:17] ШАГ 4: Сводный файл
[19:35:17] ----------------------------------------------
[19:35:17] Ссылки в GotovVpn.txt:
[19:35:17]   • https://raw.githubusercontent.com/po5p/hpc/main/sillyvpn.qwaqdev.ru_sub_365e0df7-98d0-47b2-bf_Subscription.txt|SILLYVPN
[19:35:17]   • https://raw.githubusercontent.com/po5p/hpc/main/sub.datanode-internal.net_FcQe0weSX1Qbc_-j_Subscription.txt|FastUnlimited
[19:35:17]   • https://raw.githubusercontent.com/po5p/hpc/main/cdn-biz.ru_sub_1_5609a383-a603-46e8-8de5-a31b_Subscription.txt|Yowet7
[19:35:17] 
[19:35:17] ----------------------------------------------
[19:35:18] ШАГ 5: Отправка в GitHub
[19:35:18] ----------------------------------------------
[19:35:20] Результат: УСПЕШНО
[19:35:20] 
[19:35:20] ==============================================
[19:35:20] ИТОГИ
[19:35:20] ==============================================
[19:35:20] Обработано: 3 | Пропущено: 0
[19:35:20]   JSON:   88
[19:35:20]   ─────────────────
[19:35:20]   ВСЕГО:  88
[19:35:20] Сводный файл: https://raw.githubusercontent.com/po5p/hpc/main/GotovVpn.txt
[19:35:20] ==============================================
