[11:54:24] ==============================================
[11:54:24] ЗАПУСК ОБНОВЛЕНИЯ VPN
[11:54:24] ==============================================
[11:54:24] Дата: 19.06.2026 11:54:24
[11:54:24] GitHub: po5p/hpc
[11:54:24] 
[11:54:24] ----------------------------------------------
[11:54:24] ШАГ 1: Получение списка подписок
[11:54:24] ----------------------------------------------
[11:54:25] Статус: 200 (УСПЕШНО), размер: 714 байт
[11:54:25] Содержимое:
[11:54:25]   • https://sillyvpn.qwaqdev.ru/sub/365e0df7-98d0-47b2-bfef-09a7100227f6|SILLYVPN
[11:54:25]   • https://sub.datanode-internal.net/FcQe0weSX1Qbc_-j|FastUnlimited
[11:54:25]   • https://cdn-biz.ru/sub/1/5609a383-a603-46e8-8de5-a31bab826871|Yowet7
[11:54:25]   • https://sillyvpn.qwaqdev.ru/sub/ff05c08b-dc28-4263-b585-df08338de6fb|SillyVPN
[11:54:25]   • https://sub.stichvpn.store/2285n15fMFhsVcM5|stichvpn
[11:54:25]   • https://subs.superbuba.top/xj1-N_ZgFtCL-tHz|Буба
[11:54:25]   • https://sub.xexvpn.ru/sub-free-lte/CL7ELMBTUH/|xex
[11:54:25]   • https://sub.caladantech.net/Wvu_tj_Hjn1V-_E1|HipVpn
[11:54:25]   • https://sub.cvedcvpn.ru/YfWj6Po5X88zx6Qc|okak67
[11:54:25]   • https://sub.nosok-top.com/0Zxj0TRZPY-9NNf5|Nosok
[11:54:25]   • https://sub.myxasecure.space/9KLJF4vNSGCa5xSE|okak67
[11:54:25]   • https://sub.cvedcvpn.ru/DfJ0DSUqAQe1twyL|Cvedcvpn
[11:54:25]   • https://|aboba
[11:54:25] 
[11:54:25] ----------------------------------------------
[11:54:25] ШАГ 2: Клонирование репозитория
[11:54:26] ----------------------------------------------
[11:54:27] Статус: УСПЕШНО
[11:54:27] 
[11:54:27] ----------------------------------------------
[11:54:27] ШАГ 3: Обработка подписок
[11:54:27] ----------------------------------------------
[11:54:27] 
[11:54:27] Подписка #1: SILLYVPN
[11:54:27]   Файл: sillyvpn.qwaqdev.ru_sub_365e0df7-98d0-47b2-bf_Subscription.txt
[11:54:28]   Загрузка: УСПЕШНО (25318 байт)
[11:54:28]   Формат: JSON
[11:54:28]   Конфигов (JSON): 19
[11:54:28] 
[11:54:28] Подписка #2: FastUnlimited
[11:54:28]   Файл: sub.datanode-internal.net_FcQe0weSX1Qbc_-j_Subscription.txt
[11:54:29]   Загрузка: УСПЕШНО (36501 байт)
[11:54:29]   Формат: JSON
[11:54:29]   Конфигов (JSON): 15
[11:54:29] 
[11:54:29] Подписка #3: Yowet7
[11:54:29]   Файл: cdn-biz.ru_sub_1_5609a383-a603-46e8-8de5-a31b_Subscription.txt
[11:54:30]   Загрузка: УСПЕШНО (173295 байт)
[11:54:30]   Формат: JSON
[11:54:30]   Конфигов (JSON): 46
[11:54:30] 
[11:54:30] Подписка #4: SillyVPN
[11:54:30]   Файл: sillyvpn.qwaqdev.ru_sub_ff05c08b-dc28-4263-b5_Subscription.txt
[11:54:30]   Загрузка: УСПЕШНО (25318 байт)
[11:54:30]   Формат: JSON
[11:54:30]   Конфигов (JSON): 19
[11:54:31] 
[11:54:31] Подписка #5: stichvpn
[11:54:31]   Файл: sub.stichvpn.store_2285n15fMFhsVcM5_Subscription.txt
[11:54:31]   Загрузка: УСПЕШНО (31445 байт)
[11:54:31]   Формат: JSON
[11:54:31]   Конфигов (JSON): 27
[11:54:31] 
[11:54:31] Подписка #6: Буба
[11:54:32]   Файл: subs.superbuba.top_xj1-N_ZgFtCL-tHz_Subscription.txt
[11:54:32]   Загрузка: УСПЕШНО (78515 байт)
[11:54:33]   Формат: JSON
[11:54:33]   Конфигов (JSON): 34
[11:54:33] 
[11:54:33] Подписка #7: xex
[11:54:33]   Файл: sub.xexvpn.ru_sub-free-lte_CL7ELMBTUH_Subscription.txt
[11:54:33]   Загрузка: УСПЕШНО (128684 байт)
[11:54:34]   Формат: Base64 → vless
[11:54:34]   Конфигов: VL=306 VM=0 TR=0 SS=612 (всего: 918)
[11:54:34] 
[11:54:34] Подписка #8: HipVpn
[11:54:34]   Файл: sub.caladantech.net_Wvu_tj_Hjn1V-_E1_Subscription.txt
[11:54:35]   Загрузка: УСПЕШНО (20024 байт)
[11:54:35]   Формат: JSON
[11:54:35]   Конфигов (JSON): 17
[11:54:35] 
[11:54:35] Подписка #9: okak67
[11:54:35]   Файл: sub.cvedcvpn.ru_YfWj6Po5X88zx6Qc_Subscription.txt
[11:54:36]   Загрузка: УСПЕШНО (3800 байт)
[11:54:36]   Формат: Base64 → vless
[11:54:36]   Конфигов: VL=8 VM=0 TR=0 SS=16 (всего: 24)
[11:54:36] 
[11:54:37] Подписка #10: Nosok
[11:54:37]   Файл: sub.nosok-top.com_0Zxj0TRZPY-9NNf5_Subscription.txt
[11:54:38]   Загрузка: УСПЕШНО (4124 байт)
[11:54:38]   Формат: JSON
[11:54:38]   Конфигов (JSON): 3
[11:54:38] 
[11:54:38] Подписка #11: okak67
[11:54:38]   Файл: sub.myxasecure.space_9KLJF4vNSGCa5xSE_Subscription.txt
[11:54:55]   Загрузка: УСПЕШНО (18864 байт)
[11:54:55]   Формат: JSON
[11:54:55]   Конфигов (JSON): 16
[11:54:55] 
[11:54:55] Подписка #12: Cvedcvpn
[11:54:55]   Файл: sub.cvedcvpn.ru_DfJ0DSUqAQe1twyL_Subscription.txt
[11:54:56]   Загрузка: УСПЕШНО (3800 байт)
[11:54:56]   Формат: Base64 → vless
[11:54:56]   Конфигов: VL=8 VM=0 TR=0 SS=16 (всего: 24)
[11:54:56] 
[11:54:56] Подписка #13: aboba
[11:54:56]   Файл: _Subscription.txt
[11:54:57]   Загрузка: ОШИБКА HTTP 000
[11:54:57]   Формат: Base64 → vless
[11:54:57]   Конфигов: VL=8 VM=0 TR=0 SS=16 (всего: 24)
[11:54:57] 
[11:54:57] ----------------------------------------------
[11:54:57] ШАГ 4: Сводный файл
[11:54:57] ----------------------------------------------
[11:54:57] Ссылки в GotovVpn.txt:
[11:54:57]   • https://raw.githubusercontent.com/po5p/hpc/main/sillyvpn.qwaqdev.ru_sub_365e0df7-98d0-47b2-bf_Subscription.txt|SILLYVPN
[11:54:57]   • https://raw.githubusercontent.com/po5p/hpc/main/sub.datanode-internal.net_FcQe0weSX1Qbc_-j_Subscription.txt|FastUnlimited
[11:54:57]   • https://raw.githubusercontent.com/po5p/hpc/main/cdn-biz.ru_sub_1_5609a383-a603-46e8-8de5-a31b_Subscription.txt|Yowet7
[11:54:57]   • https://raw.githubusercontent.com/po5p/hpc/main/sillyvpn.qwaqdev.ru_sub_ff05c08b-dc28-4263-b5_Subscription.txt|SillyVPN
[11:54:57]   • https://raw.githubusercontent.com/po5p/hpc/main/sub.stichvpn.store_2285n15fMFhsVcM5_Subscription.txt|stichvpn
[11:54:57]   • https://raw.githubusercontent.com/po5p/hpc/main/subs.superbuba.top_xj1-N_ZgFtCL-tHz_Subscription.txt|Буба
[11:54:57]   • https://raw.githubusercontent.com/po5p/hpc/main/sub.xexvpn.ru_sub-free-lte_CL7ELMBTUH_Subscription.txt|xex
[11:54:57]   • https://raw.githubusercontent.com/po5p/hpc/main/sub.caladantech.net_Wvu_tj_Hjn1V-_E1_Subscription.txt|HipVpn
[11:54:57]   • https://raw.githubusercontent.com/po5p/hpc/main/sub.cvedcvpn.ru_YfWj6Po5X88zx6Qc_Subscription.txt|okak67
[11:55:02]   • https://raw.githubusercontent.com/po5p/hpc/main/sub.nosok-top.com_0Zxj0TRZPY-9NNf5_Subscription.txt|Nosok
[11:55:02]   • https://raw.githubusercontent.com/po5p/hpc/main/sub.myxasecure.space_9KLJF4vNSGCa5xSE_Subscription.txt|okak67
[11:55:02]   • https://raw.githubusercontent.com/po5p/hpc/main/sub.cvedcvpn.ru_DfJ0DSUqAQe1twyL_Subscription.txt|Cvedcvpn
[11:55:02]   • https://raw.githubusercontent.com/po5p/hpc/main/_Subscription.txt|aboba
[11:55:02] 
[11:55:02] ----------------------------------------------
[11:55:02] ШАГ 5: Отправка в GitHub
[11:55:02] ----------------------------------------------
[11:55:04] Результат: УСПЕШНО
[11:55:04] 
[11:55:04] ==============================================
[11:55:04] ИТОГИ
[11:55:04] ==============================================
[11:55:04] Обработано: 13 | Пропущено: 0
[11:55:04]   VLESS:  330
[11:55:04]   SS:     660
[11:55:04]   JSON:   196
[11:55:04]   ─────────────────
[11:55:04]   ВСЕГО:  1186
[11:55:04] Сводный файл: https://raw.githubusercontent.com/po5p/hpc/main/GotovVpn.txt
[11:55:04] ==============================================
