[16:47:52] ==============================================
[16:47:52] ЗАПУСК ОБНОВЛЕНИЯ VPN
[16:47:52] ==============================================
[16:47:52] Дата: 06.06.2026 16:47:52
[16:47:52] GitHub: po5p/hpc
[16:47:52] HWID: 9ca65d99c03f363e
[16:47:52] 
[16:47:52] ----------------------------------------------
[16:47:52] ШАГ 1: Получение списка подписок
[16:47:52] ----------------------------------------------
[16:47:53] Статус: 200 (УСПЕШНО), размер: 226 байт
[16:47:53] Содержимое:
[16:47:53]   • https://base44.app/api/apps/6a142ae2965f19733954fc09/files/mp/public/6a142ae2965f19733954fc09/ba7a54875_subscription.txt|SL-VPN
[16:47:53]   • https://sub.new-meme-connet.ru/cc7a8ebfb|MaxVpn1
[16:47:53]   • https://sub.new-meme-connet.ru/d8c44887a|MaxVpn2
[16:47:53] 
[16:47:53] ----------------------------------------------
[16:47:53] ШАГ 2: Клонирование репозитория
[16:47:53] ----------------------------------------------
[16:47:55] Статус: УСПЕШНО
[16:47:55] 
[16:47:55] ----------------------------------------------
[16:47:55] ШАГ 3: Обработка подписок
[16:47:55] ----------------------------------------------
[16:47:55] 
[16:47:55] Подписка #1: SL-VPN
[16:47:55]   Файл: base44.app_api_apps_6a142ae2965f19733954fc09__Subscription.txt
[16:47:56]   Загрузка: УСПЕШНО (5150 байт)
[16:47:56]   Формат: готовые vless/заголовки
[16:47:56]   Конфигов: 34
[16:47:57] 
[16:47:57] Подписка #2: MaxVpn1
[16:47:57]   Файл: sub.new-meme-connet.ru_cc7a8ebfb_Subscription.txt
[16:47:57]   Загрузка: УСПЕШНО (5368 байт)
[16:47:58]   Формат: Base64 → vless
[16:47:58]   Конфигов: 30
[16:47:58] 
[16:47:58] Подписка #3: MaxVpn2
[16:47:58]   Файл: sub.new-meme-connet.ru_d8c44887a_Subscription.txt
[16:47:59]   Загрузка: УСПЕШНО (5368 байт)
[16:47:59]   Формат: Base64 → vless
[16:47:59]   Конфигов: 30
[16:47:59] 
[16:47:59] ----------------------------------------------
[16:47:59] ШАГ 4: Сводный файл
[16:48:00] ----------------------------------------------
[16:48:00]   • https://raw.githubusercontent.com/po5p/hpc/main/base44.app_api_apps_6a142ae2965f19733954fc09__Subscription.txt
[16:48:00]   • https://raw.githubusercontent.com/po5p/hpc/main/sub.new-meme-connet.ru_cc7a8ebfb_Subscription.txt
[16:48:00]   • https://raw.githubusercontent.com/po5p/hpc/main/sub.new-meme-connet.ru_d8c44887a_Subscription.txt
[16:48:00] 
[16:48:00] ----------------------------------------------
[16:48:00] ШАГ 5: Отправка в GitHub
[16:48:00] ----------------------------------------------
[16:48:02] Результат: УСПЕШНО
[16:48:02] 
[16:48:02] ==============================================
[16:48:02] ИТОГИ
[16:48:02] ==============================================
[16:48:02] Обработано: 3 | Пропущено: 0
[16:48:02]   VLESS:  20
[16:48:02]   SS:     40
[16:48:02]   ─────────────────
[16:48:02]   ВСЕГО:  60
[16:48:02] Сводный файл: https://raw.githubusercontent.com/po5p/hpc/main/GotovVpn.txt
[16:48:02] ==============================================
