[19:24:19] ==============================================
[19:24:19] ЗАПУСК ОБНОВЛЕНИЯ VPN
[19:24:19] ==============================================
[19:24:19] Дата: 18.06.2026 19:24:19
[19:24:19] GitHub: po5p/hpc
[19:24:19] 
[19:24:19] ----------------------------------------------
[19:24:19] ШАГ 1: Получение списка подписок
[19:24:19] ----------------------------------------------
[19:24:20] Статус: 200 (УСПЕШНО), размер: 143 байт
[19:24:20] Содержимое:
[19:24:20]   • https://sillyvpn.qwaqdev.ru/sub/365e0df7-98d0-47b2-bfef-09a7100227f6|SILLYVPN
[19:24:20]   • https://sub.datanode-internal.net/FcQe0weSX1Qbc_-j|FastUnlimited
[19:24:20] 
[19:24:20] ----------------------------------------------
[19:24:20] ШАГ 2: Клонирование репозитория
[19:24:20] ----------------------------------------------
[19:24:21] Статус: УСПЕШНО
[19:24:21] 
[19:24:21] ----------------------------------------------
[19:24:21] ШАГ 3: Обработка подписок
[19:24:21] ----------------------------------------------
[19:24:21] 
[19:24:21] Подписка #1: SILLYVPN
[19:24:21]   Файл: sillyvpn.qwaqdev.ru_sub_365e0df7-98d0-47b2-bf_Subscription.txt
[19:24:30]   Загрузка: УСПЕШНО (17318 байт)
[19:24:30]   Формат: JSON
[19:24:30]   Конфигов (JSON): 13
[19:24:30] 
[19:24:30] Подписка #2: FastUnlimited
[19:24:30]   Файл: sub.datanode-internal.net_FcQe0weSX1Qbc_-j_Subscription.txt
[19:24:31]   Загрузка: УСПЕШНО (36481 байт)
[19:24:31]   Формат: JSON
[19:24:31]   Конфигов (JSON): 15
[19:24:31] 
[19:24:31] ----------------------------------------------
[19:24:31] ШАГ 4: Сводный файл
[19:24:31] ----------------------------------------------
[19:24:31] Ссылки в GotovVpn.txt:
[19:24:31]   • https://raw.githubusercontent.com/po5p/hpc/main/sillyvpn.qwaqdev.ru_sub_365e0df7-98d0-47b2-bf_Subscription.txt|SILLYVPN
[19:24:31]   • https://raw.githubusercontent.com/po5p/hpc/main/sub.datanode-internal.net_FcQe0weSX1Qbc_-j_Subscription.txt|FastUnlimited
[19:24:31] 
[19:24:31] ----------------------------------------------
[19:24:31] ШАГ 5: Отправка в GitHub
[19:24:31] ----------------------------------------------
[19:24:33] Результат: УСПЕШНО
[19:24:33] 
[19:24:33] ==============================================
[19:24:33] ИТОГИ
[19:24:33] ==============================================
[19:24:34] Обработано: 2 | Пропущено: 0
[19:24:34]   JSON:   28
[19:24:34]   ─────────────────
[19:24:34]   ВСЕГО:  28
[19:24:34] Сводный файл: https://raw.githubusercontent.com/po5p/hpc/main/GotovVpn.txt
[19:24:34] ==============================================
