[16:01:30] ==============================================
[16:01:30] ЗАПУСК ОБНОВЛЕНИЯ VPN
[16:01:30] ==============================================
[16:01:30] Дата: 06.06.2026 16:01:30
[16:01:31] GitHub: po5p/hpc
[16:01:31] HWID: CB522960-E2A9-7A19-12CB-FD12FEC71E19
[16:01:31] Лог-файл: /data/data/com.termux/files/home/vpn_logs/vpn_update_2026-06-06_16-01-30.log
[16:01:31] 
[16:01:31] ----------------------------------------------
[16:01:31] ШАГ 1: Получение списка подписок
[16:01:31] ----------------------------------------------
[16:01:31] URL: https://raw.githubusercontent.com/po5p/hpc/main/SubscriptionList.txt
[16:01:31] HTTP статус: 200 (УСПЕШНО)
[16:01:32] Время запроса: ? сек
[16:01:32] Размер ответа: 99 байт
[16:01:32] Содержимое SubscriptionList.txt:
[16:01:32]   • https://sub.new-meme-connet.ru/cc7a8ebfb|MaxVpn1
[16:01:32]   • https://sub.new-meme-connet.ru/d8c44887a|MaxVpn2
[16:01:32] 
[16:01:32] ----------------------------------------------
[16:01:32] ШАГ 2: Клонирование репозитория
[16:01:32] ----------------------------------------------
[16:01:33] Статус: УСПЕШНО
[16:01:33] Время: ? сек
[16:01:33] Репозиторий склонирован успешно
[16:01:33] 
[16:01:33] ----------------------------------------------
[16:01:33] ШАГ 3: Обработка подписок
[16:01:33] ----------------------------------------------
[16:01:34] 
[16:01:34] Подписка #2: MaxVpn1
[16:01:34]   URL: https://sub.new-meme-connet.ru/cc7a8ebfb
[16:01:34]   Файл: sub.new-meme-connet.ru_cc7a8ebfb_Subscription.txt
[16:01:34]   Загрузка: УСПЕШНО (? сек, 5336 байт)
[16:01:35]   Формат: Base64 (расшифровываю)
[16:01:35]   Декод выполнен за ? сек
[16:01:35]   Конфигов: VLESS=10 VMess=0 Trojan=0 SS=20 (всего: 30)
[16:01:35] 
[16:01:35] Подписка #3: MaxVpn2
[16:01:35]   URL: https://sub.new-meme-connet.ru/d8c44887a
[16:01:36]   Файл: sub.new-meme-connet.ru_d8c44887a_Subscription.txt
[16:01:36]   Загрузка: УСПЕШНО (? сек, 5336 байт)
[16:01:36]   Формат: Base64 (расшифровываю)
[16:01:36]   Декод выполнен за ? сек
[16:01:37]   Конфигов: VLESS=10 VMess=0 Trojan=0 SS=20 (всего: 30)
[16:01:37] 
[16:01:37] ----------------------------------------------
[16:01:37] ШАГ 4: Сохранение сводного файла
[16:01:37] ----------------------------------------------
[16:01:37] Ссылок в GotovVpn.txt: 2
