[06:00:00] ==============================================
[06:00:00] ЗАПУСК ОБНОВЛЕНИЯ VPN
[06:00:00] ==============================================
[06:00:00] Дата: 15.06.2026 06:00:00
[06:00:00] GitHub: po5p/hpc
[06:00:00] 
[06:00:00] ----------------------------------------------
[06:00:00] ШАГ 1: Получение списка подписок
[06:00:00] ----------------------------------------------
[06:00:01] Статус: 200 (УСПЕШНО), размер: 1 байт
[06:00:01] Содержимое:
[06:00:01] 
[06:00:01] ----------------------------------------------
[06:00:01] ШАГ 2: Клонирование репозитория
[06:00:01] ----------------------------------------------
[06:00:03] Статус: УСПЕШНО
[06:00:03] 
[06:00:03] ----------------------------------------------
[06:00:03] ШАГ 3: Обработка подписок
[06:00:03] ----------------------------------------------
[06:00:03] 
[06:00:03] ----------------------------------------------
[06:00:03] ШАГ 4: Сводный файл
[06:00:03] ----------------------------------------------
[06:00:03] Ссылки в GotovVpn.txt:
[06:00:03] 
[06:00:03] ----------------------------------------------
[06:00:03] ШАГ 5: Отправка в GitHub
[06:00:03] ----------------------------------------------
[06:00:04] Результат: УСПЕШНО
[06:00:04] 
[06:00:04] ==============================================
[06:00:04] ИТОГИ
[06:00:04] ==============================================
[06:00:04] Обработано: 0 | Пропущено: 0
[06:00:04]   ─────────────────
[06:00:04]   ВСЕГО:  0
[06:00:04] Сводный файл: https://raw.githubusercontent.com/po5p/hpc/main/GotovVpn.txt
[06:00:04] ==============================================
