[22:00:00] ==============================================
[22:00:00] ЗАПУСК ОБНОВЛЕНИЯ VPN
[22:00:00] ==============================================
[22:00:00] Дата: 06.06.2026 22:00:00
[22:00:00] GitHub: po5p/hpc
[22:00:00] HWID: CB522960-E2A9-7A19-12CB-FD12FEC71E19
[22:00:00] 
[22:00:00] ----------------------------------------------
[22:00:00] ШАГ 1: Получение списка подписок
[22:00:00] ----------------------------------------------
[22:00:01] Статус: 200 (УСПЕШНО), размер: 99 байт
[22:00:01] Содержимое:
[22:00:01]   • https://sub.new-meme-connet.ru/cc7a8ebfb|MaxVpn1
[22:00:01]   • https://sub.new-meme-connet.ru/d8c44887a|MaxVpn2
[22:00:01] 
[22:00:01] ----------------------------------------------
[22:00:01] ШАГ 2: Клонирование репозитория
[22:00:01] ----------------------------------------------
[22:00:02] Статус: УСПЕШНО
[22:00:02] 
[22:00:02] ----------------------------------------------
[22:00:02] ШАГ 3: Обработка подписок
[22:00:03] ----------------------------------------------
[22:00:03] 
[22:00:03] Подписка #2: MaxVpn1
[22:00:03]   Файл: sub.new-meme-connet.ru_cc7a8ebfb_Subscription.txt
[22:00:03]   Загрузка: УСПЕШНО (6544 байт)
[22:00:03]   Формат: Base64 → vless
[22:00:04]   Конфигов: 36
[22:00:04] 
[22:00:04] Подписка #3: MaxVpn2
[22:00:04]   Файл: sub.new-meme-connet.ru_d8c44887a_Subscription.txt
[22:00:05]   Загрузка: УСПЕШНО (6544 байт)
[22:00:05]   Формат: Base64 → vless
[22:00:05]   Конфигов: 36
[22:00:05] 
[22:00:05] ----------------------------------------------
[22:00:05] ШАГ 4: Сводный файл
[22:00:05] ----------------------------------------------
[22:00:06]   • https://raw.githubusercontent.com/po5p/hpc/main/sub.new-meme-connet.ru_cc7a8ebfb_Subscription.txt
[22:00:06]   • https://raw.githubusercontent.com/po5p/hpc/main/sub.new-meme-connet.ru_d8c44887a_Subscription.txt
[22:00:06] 
[22:00:06] ----------------------------------------------
[22:00:06] ШАГ 5: Отправка в GitHub
[22:00:06] ----------------------------------------------
[22:00:08] Результат: УСПЕШНО
[22:00:08] 
[22:00:08] ==============================================
[22:00:08] ИТОГИ
[22:00:08] ==============================================
[22:00:08] Обработано: 2 | Пропущено: 0
[22:00:08]   VLESS:  24
[22:00:08]   SS:     48
[22:00:08]   ─────────────────
[22:00:08]   ВСЕГО:  72
[22:00:08] Сводный файл: https://raw.githubusercontent.com/po5p/hpc/main/GotovVpn.txt
[22:00:08] ==============================================
