[13:58:21] ==============================================
[13:58:21] ЗАПУСК ОБНОВЛЕНИЯ VPN
[13:58:21] ==============================================
[13:58:21] Дата: 19.06.2026 13:58:21
[13:58:21] GitHub: po5p/hpc
[13:58:21] 
[13:58:21] ----------------------------------------------
[13:58:21] ШАГ 1: Получение списка подписок
[13:58:21] ----------------------------------------------
[13:58:22] Статус: 200 (УСПЕШНО), размер: 830 байт
[13:58:22] Содержимое:
[13:58:22]   • https://sillyvpn.qwaqdev.ru/sub/365e0df7-98d0-47b2-bfef-09a7100227f6|SILLYVPN
[13:58:22]   • https://sub.datanode-internal.net/FcQe0weSX1Qbc_-j|FastUnlimited
[13:58:22]   • https://cdn-biz.ru/sub/1/5609a383-a603-46e8-8de5-a31bab826871|Yowet7
[13:58:22]   • https://sillyvpn.qwaqdev.ru/sub/ff05c08b-dc28-4263-b585-df08338de6fb|SillyVPN
[13:58:22]   • https://sub.stichvpn.store/2285n15fMFhsVcM5|stichvpn
[13:58:22]   • https://subs.superbuba.top/xj1-N_ZgFtCL-tHz|Буба
[13:58:22]   • https://sub.xexvpn.ru/sub-free-lte/CL7ELMBTUH/|xex
[13:58:22]   • https://sub.caladantech.net/Wvu_tj_Hjn1V-_E1|HipVpn
[13:58:22]   • https://sub.cvedcvpn.ru/YfWj6Po5X88zx6Qc|okak67
[13:58:22]   • https://sub.nosok-top.com/0Zxj0TRZPY-9NNf5|Nosok
[13:58:22]   • https://sub.myxasecure.space/9KLJF4vNSGCa5xSE|okak67
[13:58:22]   • https://sub.cvedcvpn.ru/DfJ0DSUqAQe1twyL|Cvedcvpn
[13:58:22]   • https://yax.nenadoblokirowatgnidda.ru/exec?url=http%3A%2F%2F77.110.104.181%3A5002%2Fsub%2FVGdydXNzaWEsMTc4MTc4OTk1Mw20zr9u72oH|VPN
[13:58:22] 
[13:58:22] ----------------------------------------------
[13:58:22] ШАГ 2: Клонирование репозитория
[13:58:23] ----------------------------------------------
[13:58:24] Статус: УСПЕШНО
[13:58:24] 
[13:58:24] ----------------------------------------------
[13:58:24] ШАГ 3: Обработка подписок
[13:58:24] ----------------------------------------------
[13:58:24] 
[13:58:24] Подписка #1: SILLYVPN
[13:58:24]   Файл: sillyvpn.qwaqdev.ru_sub_365e0df7-98d0-47b2-bf_Subscription.txt
[13:58:25]   Загрузка: УСПЕШНО (25318 байт)
[13:58:25]   Формат: JSON
[13:58:25]   Конфигов (JSON): 19
[13:58:25] 
[13:58:25] Подписка #2: FastUnlimited
[13:58:25]   Файл: sub.datanode-internal.net_FcQe0weSX1Qbc_-j_Subscription.txt
[13:58:26]   Загрузка: УСПЕШНО (36473 байт)
[13:58:26]   Формат: JSON
[13:58:26]   Конфигов (JSON): 15
[13:58:26] 
[13:58:26] Подписка #3: Yowet7
[13:58:26]   Файл: cdn-biz.ru_sub_1_5609a383-a603-46e8-8de5-a31b_Subscription.txt
[13:58:27]   Загрузка: УСПЕШНО (173981 байт)
[13:58:27]   Формат: JSON
[13:58:27]   Конфигов (JSON): 46
[13:58:27] 
[13:58:27] Подписка #4: SillyVPN
[13:58:27]   Файл: sillyvpn.qwaqdev.ru_sub_ff05c08b-dc28-4263-b5_Subscription.txt
[13:58:28]   Загрузка: УСПЕШНО (25318 байт)
[13:58:28]   Формат: JSON
[13:58:28]   Конфигов (JSON): 19
[13:58:28] 
[13:58:28] Подписка #5: stichvpn
[13:58:28]   Файл: sub.stichvpn.store_2285n15fMFhsVcM5_Subscription.txt
[13:58:29]   Загрузка: УСПЕШНО (31447 байт)
[13:58:29]   Формат: JSON
[13:58:29]   Конфигов (JSON): 27
[13:58:29] 
[13:58:29] Подписка #6: Буба
[13:58:29]   Файл: subs.superbuba.top_xj1-N_ZgFtCL-tHz_Subscription.txt
[13:58:30]   Загрузка: УСПЕШНО (78515 байт)
[13:58:30]   Формат: JSON
[13:58:30]   Конфигов (JSON): 34
[13:58:30] 
[13:58:30] Подписка #7: xex
[13:58:30]   Файл: sub.xexvpn.ru_sub-free-lte_CL7ELMBTUH_Subscription.txt
[13:58:31]   Загрузка: УСПЕШНО (122976 байт)
[13:58:31]   Формат: Base64 → vless
[13:58:31]   Конфигов: VL=306 VM=0 TR=0 SS=612 (всего: 918)
[13:58:32] 
[13:58:32] Подписка #8: HipVpn
[13:58:32]   Файл: sub.caladantech.net_Wvu_tj_Hjn1V-_E1_Subscription.txt
[13:58:32]   Загрузка: УСПЕШНО (20024 байт)
[13:58:33]   Формат: JSON
[13:58:33]   Конфигов (JSON): 17
[13:58:33] 
[13:58:33] Подписка #9: okak67
[13:58:33]   Файл: sub.cvedcvpn.ru_YfWj6Po5X88zx6Qc_Subscription.txt
[13:58:34]   Загрузка: УСПЕШНО (3800 байт)
[13:58:34]   Формат: Base64 → vless
[13:58:34]   Конфигов: VL=8 VM=0 TR=0 SS=16 (всего: 24)
[13:58:34] 
[13:58:34] Подписка #10: Nosok
[13:58:34]   Файл: sub.nosok-top.com_0Zxj0TRZPY-9NNf5_Subscription.txt
[13:58:35]   Загрузка: УСПЕШНО (4124 байт)
[13:58:35]   Формат: JSON
[13:58:35]   Конфигов (JSON): 3
[13:58:35] 
[13:58:35] Подписка #11: okak67
[13:58:35]   Файл: sub.myxasecure.space_9KLJF4vNSGCa5xSE_Subscription.txt
[13:58:36]   Загрузка: УСПЕШНО (18864 байт)
[13:58:36]   Формат: JSON
[13:58:36]   Конфигов (JSON): 16
[13:58:37] 
[13:58:37] Подписка #12: Cvedcvpn
[13:58:37]   Файл: sub.cvedcvpn.ru_DfJ0DSUqAQe1twyL_Subscription.txt
[13:58:37]   Загрузка: УСПЕШНО (3800 байт)
[13:58:37]   Формат: Base64 → vless
[13:58:38]   Конфигов: VL=8 VM=0 TR=0 SS=16 (всего: 24)
[13:58:38] 
[13:58:38] Подписка #13: VPN
[13:58:38]   Файл: yax.nenadoblokirowatgnidda.ru_exec?url=http%3_Subscription.txt
[13:58:38]   Загрузка: УСПЕШНО (14164 байт)
[13:58:38]   Формат: Base64 → vless
[13:58:38]   Конфигов: VL=24 VM=0 TR=0 SS=48 (всего: 72)
[13:58:39] 
[13:58:39] ----------------------------------------------
[13:58:39] ШАГ 4: Сводный файл
[13:58:39] ----------------------------------------------
[13:58:39] Ссылки в GotovVpn.txt:
[13:58:39]   • https://raw.githubusercontent.com/po5p/hpc/main/sillyvpn.qwaqdev.ru_sub_365e0df7-98d0-47b2-bf_Subscription.txt|SILLYVPN
[13:58:39]   • https://raw.githubusercontent.com/po5p/hpc/main/sub.datanode-internal.net_FcQe0weSX1Qbc_-j_Subscription.txt|FastUnlimited
[13:58:39]   • https://raw.githubusercontent.com/po5p/hpc/main/cdn-biz.ru_sub_1_5609a383-a603-46e8-8de5-a31b_Subscription.txt|Yowet7
[13:58:39]   • https://raw.githubusercontent.com/po5p/hpc/main/sillyvpn.qwaqdev.ru_sub_ff05c08b-dc28-4263-b5_Subscription.txt|SillyVPN
[13:58:39]   • https://raw.githubusercontent.com/po5p/hpc/main/sub.stichvpn.store_2285n15fMFhsVcM5_Subscription.txt|stichvpn
[13:58:39]   • https://raw.githubusercontent.com/po5p/hpc/main/subs.superbuba.top_xj1-N_ZgFtCL-tHz_Subscription.txt|Буба
[13:58:39]   • https://raw.githubusercontent.com/po5p/hpc/main/sub.xexvpn.ru_sub-free-lte_CL7ELMBTUH_Subscription.txt|xex
[13:58:39]   • https://raw.githubusercontent.com/po5p/hpc/main/sub.caladantech.net_Wvu_tj_Hjn1V-_E1_Subscription.txt|HipVpn
[13:58:39]   • https://raw.githubusercontent.com/po5p/hpc/main/sub.cvedcvpn.ru_YfWj6Po5X88zx6Qc_Subscription.txt|okak67
[13:58:39]   • https://raw.githubusercontent.com/po5p/hpc/main/sub.nosok-top.com_0Zxj0TRZPY-9NNf5_Subscription.txt|Nosok
[13:58:39]   • https://raw.githubusercontent.com/po5p/hpc/main/sub.myxasecure.space_9KLJF4vNSGCa5xSE_Subscription.txt|okak67
[13:58:39]   • https://raw.githubusercontent.com/po5p/hpc/main/sub.cvedcvpn.ru_DfJ0DSUqAQe1twyL_Subscription.txt|Cvedcvpn
[13:58:39]   • https://raw.githubusercontent.com/po5p/hpc/main/yax.nenadoblokirowatgnidda.ru_exec?url=http%3_Subscription.txt|VPN
[13:58:39] 
[13:58:39] ----------------------------------------------
[13:58:39] ШАГ 5: Отправка в GitHub
[13:58:39] ----------------------------------------------
[13:58:41] Результат: УСПЕШНО
[13:58:41] 
[13:58:41] ==============================================
[13:58:41] ИТОГИ
[13:58:41] ==============================================
[13:58:41] Обработано: 13 | Пропущено: 0
[13:58:41]   VLESS:  346
[13:58:41]   SS:     692
[13:58:41]   JSON:   196
[13:58:41]   ─────────────────
[13:58:41]   ВСЕГО:  1234
[13:58:41] Сводный файл: https://raw.githubusercontent.com/po5p/hpc/main/GotovVpn.txt
[13:58:41] ==============================================
