[00:33:05] ==============================================
[00:33:05] ЗАПУСК ОБНОВЛЕНИЯ VPN
[00:33:05] ==============================================
[00:33:05] Дата: 17.06.2026 00:33:05
[00:33:05] GitHub: po5p/hpc
[00:33:05] 
[00:33:05] ----------------------------------------------
[00:33:05] ШАГ 1: Получение списка подписок
[00:33:05] ----------------------------------------------
[00:33:06] Статус: 200 (УСПЕШНО), размер: 78 байт
[00:33:06] Содержимое:
[00:33:06]   • https://sillyvpn.qwaqdev.ru/sub/365e0df7-98d0-47b2-bfef-09a7100227f6|SILLYVPN
[00:33:06] 
[00:33:06] ----------------------------------------------
[00:33:06] ШАГ 2: Клонирование репозитория
[00:33:06] ----------------------------------------------
[00:33:07] Статус: УСПЕШНО
[00:33:07] 
[00:33:07] ----------------------------------------------
[00:33:07] ШАГ 3: Обработка подписок
[00:33:07] ----------------------------------------------
[00:33:07] 
[00:33:07] Подписка #1: SILLYVPN
[00:33:07]   Файл: sillyvpn.qwaqdev.ru_sub_365e0df7-98d0-47b2-bf_Subscription.txt
[00:33:08]   Загрузка: УСПЕШНО (57504 байт)
[00:33:08]   Формат: JSON
[00:33:08]   Конфигов (JSON): 11
[00:33:08] 
[00:33:08] ----------------------------------------------
[00:33:08] ШАГ 4: Сводный файл
[00:33:08] ----------------------------------------------
[00:33:08] Ссылки в GotovVpn.txt:
[00:33:08]   • https://raw.githubusercontent.com/po5p/hpc/main/sillyvpn.qwaqdev.ru_sub_365e0df7-98d0-47b2-bf_Subscription.txt
[00:33:08] 
[00:33:08] ----------------------------------------------
[00:33:08] ШАГ 5: Отправка в GitHub
[00:33:08] ----------------------------------------------
[00:33:10] Результат: УСПЕШНО
[00:33:10] 
[00:33:10] ==============================================
[00:33:10] ИТОГИ
[00:33:10] ==============================================
[00:33:10] Обработано: 1 | Пропущено: 0
[00:33:10]   JSON:   11
[00:33:10]   ─────────────────
[00:33:10]   ВСЕГО:  11
[00:33:10] Сводный файл: https://raw.githubusercontent.com/po5p/hpc/main/GotovVpn.txt
[00:33:10] ==============================================
