[21:23:08] ==============================================
[21:23:08] ЗАПУСК ОБНОВЛЕНИЯ VPN
[21:23:08] ==============================================
[21:23:08] Дата: 18.06.2026 21:23:08
[21:23:08] GitHub: po5p/hpc
[21:23:09] 
[21:23:09] ----------------------------------------------
[21:23:09] ШАГ 1: Получение списка подписок
[21:23:09] ----------------------------------------------
[21:23:09] Статус: 200 (УСПЕШНО), размер: 290 байт
[21:23:09] Содержимое:
[21:23:09]   • https://sillyvpn.qwaqdev.ru/sub/365e0df7-98d0-47b2-bfef-09a7100227f6|SILLYVPN
[21:23:09]   • https://sub.datanode-internal.net/FcQe0weSX1Qbc_-j|FastUnlimited
[21:23:09]   • https://cdn-biz.ru/sub/1/5609a383-a603-46e8-8de5-a31bab826871|Yowet7
[21:23:09]   • https://sillyvpn.qwaqdev.ru/sub/1c269cf3-18dd-4d74-800c-ff673d9418b7|SillyVPN
[21:23:09] 
[21:23:09] ----------------------------------------------
[21:23:09] ШАГ 2: Клонирование репозитория
[21:23:10] ----------------------------------------------
[21:23:19] Статус: УСПЕШНО
[21:23:19] 
[21:23:19] ----------------------------------------------
[21:23:19] ШАГ 3: Обработка подписок
[21:23:19] ----------------------------------------------
[21:23:19] 
[21:23:19] Подписка #1: SILLYVPN
[21:23:19]   Файл: sillyvpn.qwaqdev.ru_sub_365e0df7-98d0-47b2-bf_Subscription.txt
[21:23:20]   Загрузка: УСПЕШНО (17318 байт)
[21:23:20]   Формат: JSON
[21:23:20]   Конфигов (JSON): 13
[21:23:20] 
[21:23:20] Подписка #2: FastUnlimited
[21:23:20]   Файл: sub.datanode-internal.net_FcQe0weSX1Qbc_-j_Subscription.txt
[21:23:21]   Загрузка: УСПЕШНО (36477 байт)
[21:23:21]   Формат: JSON
[21:23:21]   Конфигов (JSON): 15
[21:23:22] 
[21:23:22] Подписка #3: Yowet7
[21:23:22]   Файл: cdn-biz.ru_sub_1_5609a383-a603-46e8-8de5-a31b_Subscription.txt
[21:23:30]   Загрузка: УСПЕШНО (226025 байт)
[21:23:30]   Формат: JSON
[21:23:30]   Конфигов (JSON): 60
[21:23:30] 
[21:23:30] Подписка #4: SillyVPN
[21:23:30]   Файл: sillyvpn.qwaqdev.ru_sub_1c269cf3-18dd-4d74-80_Subscription.txt
[21:23:31]   Загрузка: УСПЕШНО (2134 байт)
[21:23:31]   ⚠ Заглушка — оставляю старую копию
[21:23:31] 
[21:23:31] ----------------------------------------------
[21:23:31] ШАГ 4: Сводный файл
[21:23:31] ----------------------------------------------
[21:23:31] Ссылки в GotovVpn.txt:
[21:23:31]   • https://raw.githubusercontent.com/po5p/hpc/main/sillyvpn.qwaqdev.ru_sub_365e0df7-98d0-47b2-bf_Subscription.txt|SILLYVPN
[21:23:31]   • https://raw.githubusercontent.com/po5p/hpc/main/sub.datanode-internal.net_FcQe0weSX1Qbc_-j_Subscription.txt|FastUnlimited
[21:23:31]   • https://raw.githubusercontent.com/po5p/hpc/main/cdn-biz.ru_sub_1_5609a383-a603-46e8-8de5-a31b_Subscription.txt|Yowet7
[21:23:31] 
[21:23:31] ----------------------------------------------
[21:23:31] ШАГ 5: Отправка в GitHub
[21:23:31] ----------------------------------------------
[21:23:39] Результат: УСПЕШНО
[21:23:39] 
[21:23:39] ==============================================
[21:23:39] ИТОГИ
[21:23:39] ==============================================
[21:23:39] Обработано: 3 | Пропущено: 1
[21:23:39]   JSON:   88
[21:23:39]   ─────────────────
[21:23:39]   ВСЕГО:  88
[21:23:39] Сводный файл: https://raw.githubusercontent.com/po5p/hpc/main/GotovVpn.txt
[21:23:39] ==============================================
