[16:29:46] ==============================================
[16:29:46] ЗАПУСК ОБНОВЛЕНИЯ VPN
[16:29:46] ==============================================
[16:29:46] Дата: 06.06.2026 16:29:46
[16:29:46] GitHub: po5p/hpc
[16:29:46] HWID: 9ca65d99c03f363e
[16:29:47] 
[16:29:47] ----------------------------------------------
[16:29:47] ШАГ 1: Получение списка подписок
[16:29:47] ----------------------------------------------
[16:29:47] Статус: 200 (УСПЕШНО), размер: 99 байт
[16:29:47] Содержимое:
[16:29:47]   • https://sub.new-meme-connet.ru/cc7a8ebfb|MaxVpn1
[16:29:47]   • https://sub.new-meme-connet.ru/d8c44887a|MaxVpn2
[16:29:47] 
[16:29:48] ----------------------------------------------
[16:29:48] ШАГ 2: Клонирование репозитория
[16:29:48] ----------------------------------------------
[16:29:49] Статус: УСПЕШНО
[16:29:49] 
[16:29:49] ----------------------------------------------
[16:29:49] ШАГ 3: Обработка подписок
[16:29:49] ----------------------------------------------
[16:29:49] 
[16:29:49] Подписка #2: MaxVpn1
[16:29:49]   Файл: sub.new-meme-connet.ru_cc7a8ebfb_Subscription.txt
[16:29:50]   Загрузка: УСПЕШНО (5336 байт)
[16:29:50]   Формат: Base64 → vless
[16:29:50]   Конфигов: VL=10 VM=0 TR=0 SS=20 (всего: 30)
[16:29:51] 
[16:29:51] Подписка #3: MaxVpn2
[16:29:51]   Файл: sub.new-meme-connet.ru_d8c44887a_Subscription.txt
[16:29:51]   Загрузка: УСПЕШНО (5336 байт)
[16:29:51]   Формат: Base64 → vless
[16:29:52]   Конфигов: VL=10 VM=0 TR=0 SS=20 (всего: 30)
[16:29:52] 
[16:29:52] ----------------------------------------------
[16:29:52] ШАГ 4: Сводный файл
[16:29:52] ----------------------------------------------
[16:29:52]   • https://raw.githubusercontent.com/po5p/hpc/main/sub.new-meme-connet.ru_cc7a8ebfb_Subscription.txt
[16:29:52]   • https://raw.githubusercontent.com/po5p/hpc/main/sub.new-meme-connet.ru_d8c44887a_Subscription.txt
[16:29:52] 
[16:29:52] ----------------------------------------------
[16:29:52] ШАГ 5: Отправка в GitHub
[16:29:52] ----------------------------------------------
[16:29:54] Результат: УСПЕШНО
[16:29:54] 
[16:29:55] ==============================================
[16:29:55] ИТОГИ
[16:29:55] ==============================================
[16:29:55] Обработано: 2 | Пропущено: 0
[16:29:55]   VLESS:  20
[16:29:55]   SS:     40
[16:29:55]   ─────────────────
[16:29:55]   ВСЕГО:  60
[16:29:55] Сводный файл: https://raw.githubusercontent.com/po5p/hpc/main/GotovVpn.txt
[16:29:55] ==============================================
