[18:05:20] ==============================================
[18:05:20] ЗАПУСК ОБНОВЛЕНИЯ VPN
[18:05:20] ==============================================
[18:05:20] Дата: 07.06.2026 18:05:20
[18:05:20] GitHub: po5p/hpc
[18:05:20] HWID: CB522960-E2A9-7A19-12CB-FD12FEC71E19
[18:05:20] 
[18:05:20] ----------------------------------------------
[18:05:20] ШАГ 1: Получение списка подписок
[18:05:20] ----------------------------------------------
[18:05:20] Статус: 200 (УСПЕШНО), размер: 99 байт
[18:05:20] Содержимое:
[18:05:20]   • https://sub.new-meme-connet.ru/cc7a8ebfb|MaxVpn1
[18:05:20]   • https://sub.new-meme-connet.ru/d8c44887a|MaxVpn2
[18:05:20] 
[18:05:21] ----------------------------------------------
[18:05:21] ШАГ 2: Клонирование репозитория
[18:05:21] ----------------------------------------------
[18:05:22] Статус: УСПЕШНО
[18:05:22] 
[18:05:22] ----------------------------------------------
[18:05:22] ШАГ 3: Обработка подписок
[18:05:22] ----------------------------------------------
[18:05:22] 
[18:05:22] Подписка #2: MaxVpn1
[18:05:22]   Файл: sub.new-meme-connet.ru_cc7a8ebfb_Subscription.txt
[18:05:23]   Загрузка: УСПЕШНО (6588 байт)
[18:05:23]   Формат: Base64 → vless
[18:05:23]   Конфигов: 36
[18:05:23] 
[18:05:23] Подписка #3: MaxVpn2
[18:05:23]   Файл: sub.new-meme-connet.ru_d8c44887a_Subscription.txt
[18:05:23]   Загрузка: УСПЕШНО (6588 байт)
[18:05:24]   Формат: Base64 → vless
[18:05:24]   Конфигов: 36
[18:05:24] 
[18:05:24] ----------------------------------------------
[18:05:24] ШАГ 4: Сводный файл
[18:05:24] ----------------------------------------------
[18:05:24]   • https://raw.githubusercontent.com/po5p/hpc/main/sub.new-meme-connet.ru_cc7a8ebfb_Subscription.txt
[18:05:24]   • https://raw.githubusercontent.com/po5p/hpc/main/sub.new-meme-connet.ru_d8c44887a_Subscription.txt
[18:05:24] 
[18:05:24] ----------------------------------------------
[18:05:24] ШАГ 5: Отправка в GitHub
[18:05:24] ----------------------------------------------
[18:05:26] Результат: УСПЕШНО
[18:05:26] 
[18:05:26] ==============================================
[18:05:26] ИТОГИ
[18:05:26] ==============================================
[18:05:26] Обработано: 2 | Пропущено: 0
[18:05:26]   VLESS:  24
[18:05:26]   SS:     48
[18:05:26]   ─────────────────
[18:05:26]   ВСЕГО:  72
[18:05:26] Сводный файл: https://raw.githubusercontent.com/po5p/hpc/main/GotovVpn.txt
[18:05:26] ==============================================
