[00:20:31] ==============================================
[00:20:31] ЗАПУСК ОБНОВЛЕНИЯ VPN
[00:20:31] ==============================================
[00:20:31] Дата: 10.06.2026 00:20:31
[00:20:31] GitHub: po5p/hpc
[00:20:31] 
[00:20:31] ----------------------------------------------
[00:20:31] ШАГ 1: Получение списка подписок
[00:20:31] ----------------------------------------------
[00:20:32] Статус: 200 (УСПЕШНО), размер: 205 байт
[00:20:32] Содержимое:
[00:20:32]   • https://gist.githubusercontent.com/FrizanGAME/dfd1f7ac36511593dc6d0faff14cc8bb/raw/frizanVPN.txt|frizanVPN
[00:20:32]   • https://sub.new-meme-connet.ru/cc7a8ebfb|MaxVpn1
[00:20:32]   • https://sub.new-meme-connet.ru/d8c44887a|MaxVpn2
[00:20:32] 
[00:20:32] ----------------------------------------------
[00:20:32] ШАГ 2: Клонирование репозитория
[00:20:32] ----------------------------------------------
[00:20:33] Статус: УСПЕШНО
[00:20:33] 
[00:20:33] ----------------------------------------------
[00:20:33] ШАГ 3: Обработка подписок
[00:20:33] ----------------------------------------------
[00:20:33] 
[00:20:33] Подписка #1: frizanVPN
[00:20:33]   Файл: gist.githubusercontent.com_FrizanGAME_dfd1f7a_Subscription.txt
[00:20:33]   Загрузка: УСПЕШНО (3394 байт)
[00:20:34]   Формат: готовые vless/заголовки
[00:20:34]   Конфигов: 24
[00:20:34] 
[00:20:34] Подписка #2: MaxVpn1
[00:20:34]   Файл: sub.new-meme-connet.ru_cc7a8ebfb_Subscription.txt
[00:20:34]   Загрузка: УСПЕШНО (6604 байт)
[00:20:34]   Формат: Base64 → vless
[00:20:35]   Конфигов: VL=12 VM=0 TR=0 SS=24 (всего: 36)
[00:20:35] 
[00:20:35] Подписка #3: MaxVpn2
[00:20:35]   Файл: sub.new-meme-connet.ru_d8c44887a_Subscription.txt
[00:20:35]   Загрузка: УСПЕШНО (6604 байт)
[00:20:35]   Формат: Base64 → vless
[00:20:36]   Конфигов: VL=12 VM=0 TR=0 SS=24 (всего: 36)
[00:20:36] 
[00:20:36] ----------------------------------------------
[00:20:36] ШАГ 4: Сводный файл
[00:20:36] ----------------------------------------------
[00:20:36] Ссылки в GotovVpn.txt:
[00:20:36]   • https://raw.githubusercontent.com/po5p/hpc/main/gist.githubusercontent.com_FrizanGAME_dfd1f7a_Subscription.txt
[00:20:36]   • https://raw.githubusercontent.com/po5p/hpc/main/sub.new-meme-connet.ru_cc7a8ebfb_Subscription.txt
[00:20:36]   • https://raw.githubusercontent.com/po5p/hpc/main/sub.new-meme-connet.ru_d8c44887a_Subscription.txt
[00:20:36] 
[00:20:36] ----------------------------------------------
[00:20:36] ШАГ 5: Отправка в GitHub
[00:20:36] ----------------------------------------------
[00:20:38] Результат: УСПЕШНО
[00:20:38] 
[00:20:38] ==============================================
[00:20:38] ИТОГИ
[00:20:38] ==============================================
[00:20:38] Обработано: 3 | Пропущено: 0
[00:20:38]   VLESS:  24
[00:20:38]   SS:     48
[00:20:38]   ─────────────────
[00:20:38]   ВСЕГО:  72
[00:20:38] Сводный файл: https://raw.githubusercontent.com/po5p/hpc/main/GotovVpn.txt
[00:20:38] ==============================================
