[22:20:30] ==============================================
[22:20:30] ЗАПУСК ОБНОВЛЕНИЯ VPN
[22:20:31] ==============================================
[22:20:31] Дата: 17.06.2026 22:20:31
[22:20:31] GitHub: po5p/hpc
[22:20:31] 
[22:20:31] ----------------------------------------------
[22:20:31] ШАГ 1: Получение списка подписок
[22:20:31] ----------------------------------------------
[22:20:31] Статус: 200 (УСПЕШНО), размер: 203 байт
[22:20:31] Содержимое:
[22:20:31]   • https://sillyvpn.qwaqdev.ru/sub/365e0df7-98d0-47b2-bfef-09a7100227f6|SILLYVPN
[22:20:31]   • https://chipsa.xyz/YNPdaTGBCyTUnr45|ChipsVPN
[22:20:31]   • https://api.mxnative.com/kM16cBsb0Eh8rFK3TPBu/uQa15uY-uU1Eo2r1PgUbZazK|MavixVPN
[22:20:31] 
[22:20:31] ----------------------------------------------
[22:20:31] ШАГ 2: Клонирование репозитория
[22:20:31] ----------------------------------------------
[22:20:32] Статус: УСПЕШНО
[22:20:32] 
[22:20:32] ----------------------------------------------
[22:20:32] ШАГ 3: Обработка подписок
[22:20:32] ----------------------------------------------
[22:20:33] 
[22:20:33] Подписка #1: SILLYVPN
[22:20:33]   Файл: sillyvpn.qwaqdev.ru_sub_365e0df7-98d0-47b2-bf_Subscription.txt
[22:20:33]   Загрузка: УСПЕШНО (28450 байт)
[22:20:33]   Формат: JSON
[22:20:33]   Конфигов (JSON): 11
[22:20:33] 
[22:20:33] Подписка #2: ChipsVPN
[22:20:33]   Файл: chipsa.xyz_YNPdaTGBCyTUnr45_Subscription.txt
[22:20:34]   Загрузка: УСПЕШНО (8667 байт)
[22:20:34]   ⚠ Заглушка — оставляю старую копию
[22:20:34] 
[22:20:34] Подписка #3: MavixVPN
[22:20:34]   Файл: api.mxnative.com_kM16cBsb0Eh8rFK3TPBu_uQa15uY_Subscription.txt
[22:20:35]   Загрузка: УСПЕШНО (79262 байт)
[22:20:35]   ⚠ Заглушка — оставляю старую копию
[22:20:35] 
[22:20:35] ----------------------------------------------
[22:20:35] ШАГ 4: Сводный файл
[22:20:35] ----------------------------------------------
[22:20:35] Ссылки в GotovVpn.txt:
[22:20:35]   • https://raw.githubusercontent.com/po5p/hpc/main/sillyvpn.qwaqdev.ru_sub_365e0df7-98d0-47b2-bf_Subscription.txt
[22:20:35] 
[22:20:35] ----------------------------------------------
[22:20:35] ШАГ 5: Отправка в GitHub
[22:20:35] ----------------------------------------------
[22:20:36] Результат: УСПЕШНО
[22:20:36] 
[22:20:36] ==============================================
[22:20:36] ИТОГИ
[22:20:36] ==============================================
[22:20:36] Обработано: 1 | Пропущено: 2
[22:20:36]   JSON:   11
[22:20:36]   ─────────────────
[22:20:36]   ВСЕГО:  11
[22:20:36] Сводный файл: https://raw.githubusercontent.com/po5p/hpc/main/GotovVpn.txt
[22:20:36] ==============================================
