[00:16:17] ==============================================
[00:16:17] ЗАПУСК ОБНОВЛЕНИЯ VPN
[00:16:17] ==============================================
[00:16:17] Дата: 10.06.2026 00:16:17
[00:16:17] GitHub: po5p/hpc
[00:16:17] 
[00:16:17] ----------------------------------------------
[00:16:17] ШАГ 1: Получение списка подписок
[00:16:17] ----------------------------------------------
[00:16:17] Статус: 200 (УСПЕШНО), размер: 205 байт
[00:16:17] Содержимое:
[00:16:17]   • https://gist.githubusercontent.com/FrizanGAME/dfd1f7ac36511593dc6d0faff14cc8bb/raw/frizanVPN.txt|frizanVPN
[00:16:17]   • https://sub.new-meme-connet.ru/cc7a8ebfb|MaxVpn1
[00:16:17]   • https://sub.new-meme-connet.ru/d8c44887a|MaxVpn2
[00:16:17] 
[00:16:17] ----------------------------------------------
[00:16:17] ШАГ 2: Клонирование репозитория
[00:16:17] ----------------------------------------------
[00:16:18] Статус: УСПЕШНО
[00:16:18] 
[00:16:18] ----------------------------------------------
[00:16:18] ШАГ 3: Обработка подписок
[00:16:18] ----------------------------------------------
[00:16:19] 
[00:16:19] Подписка #1: frizanVPN
[00:16:19]   Файл: gist.githubusercontent.com_FrizanGAME_dfd1f7a_Subscription.txt
[00:16:19]   Загрузка: УСПЕШНО (3394 байт)
[00:16:19]   Формат: готовые vless/заголовки
[00:16:19]   Конфигов: 24
[00:16:19] 
[00:16:19] Подписка #2: MaxVpn1
[00:16:19]   Файл: sub.new-meme-connet.ru_cc7a8ebfb_Subscription.txt
[00:16:20]   Загрузка: УСПЕШНО (6604 байт)
[00:16:20]   Формат: Base64 → vless
[00:16:20]   Конфигов: VL=12 VM=0 TR=0 SS=24 (всего: 36)
[00:16:20] 
[00:16:20] Подписка #3: MaxVpn2
[00:16:20]   Файл: sub.new-meme-connet.ru_d8c44887a_Subscription.txt
[00:16:20]   Загрузка: УСПЕШНО (6604 байт)
[00:16:21]   Формат: Base64 → vless
[00:16:21]   Конфигов: VL=12 VM=0 TR=0 SS=24 (всего: 36)
[00:16:21] 
[00:16:21] ----------------------------------------------
[00:16:21] ШАГ 4: Сводный файл
[00:16:21] ----------------------------------------------
[00:16:21] Ссылки в GotovVpn.txt:
[00:16:21]   • https://raw.githubusercontent.com/po5p/hpc/main/gist.githubusercontent.com_FrizanGAME_dfd1f7a_Subscription.txt
[00:16:21]   • https://raw.githubusercontent.com/po5p/hpc/main/sub.new-meme-connet.ru_cc7a8ebfb_Subscription.txt
[00:16:21]   • https://raw.githubusercontent.com/po5p/hpc/main/sub.new-meme-connet.ru_d8c44887a_Subscription.txt
[00:16:21] 
[00:16:21] ----------------------------------------------
[00:16:21] ШАГ 5: Отправка в GitHub
[00:16:21] ----------------------------------------------
[00:16:23] Результат: УСПЕШНО
[00:16:23] 
[00:16:23] ==============================================
[00:16:23] ИТОГИ
[00:16:23] ==============================================
[00:16:23] Обработано: 3 | Пропущено: 0
[00:16:23]   VLESS:  24
[00:16:23]   SS:     48
[00:16:23]   ─────────────────
[00:16:23]   ВСЕГО:  72
[00:16:23] Сводный файл: https://raw.githubusercontent.com/po5p/hpc/main/GotovVpn.txt
[00:16:23] ==============================================
