[18:41:26] ==============================================
[18:41:26] ЗАПУСК ОБНОВЛЕНИЯ VPN
[18:41:27] ==============================================
[18:41:27] Дата: 18.06.2026 18:41:27
[18:41:27] GitHub: po5p/hpc
[18:41:27] 
[18:41:27] ----------------------------------------------
[18:41:27] ШАГ 1: Получение списка подписок
[18:41:27] ----------------------------------------------
[18:41:28] Статус: 200 (УСПЕШНО), размер: 143 байт
[18:41:28] Содержимое:
[18:41:28]   • https://sillyvpn.qwaqdev.ru/sub/365e0df7-98d0-47b2-bfef-09a7100227f6|SILLYVPN
[18:41:28]   • https://sub.datanode-internal.net/FcQe0weSX1Qbc_-j|FastUnlimited
[18:41:28] 
[18:41:28] ----------------------------------------------
[18:41:28] ШАГ 2: Клонирование репозитория
[18:41:28] ----------------------------------------------
[18:41:29] Статус: УСПЕШНО
[18:41:29] 
[18:41:29] ----------------------------------------------
[18:41:29] ШАГ 3: Обработка подписок
[18:41:29] ----------------------------------------------
[18:41:30] 
[18:41:30] Подписка #1: SILLYVPN
[18:41:30]   Файл: sillyvpn.qwaqdev.ru_sub_365e0df7-98d0-47b2-bf_Subscription.txt
[18:41:31]   Загрузка: УСПЕШНО (8892 байт)
[18:41:31]   Формат: JSON
[18:41:31]   Конфигов (JSON): 7
[18:41:31] 
[18:41:31] Подписка #2: FastUnlimited
[18:41:31]   Файл: sub.datanode-internal.net_FcQe0weSX1Qbc_-j_Subscription.txt
[18:41:32]   Загрузка: УСПЕШНО (36485 байт)
[18:41:32]   Формат: JSON
[18:41:32]   Конфигов (JSON): 15
[18:41:32] 
[18:41:32] ----------------------------------------------
[18:41:32] ШАГ 4: Сводный файл
[18:41:32] ----------------------------------------------
[18:41:32] Ссылки в GotovVpn.txt:
[18:41:32]   • https://raw.githubusercontent.com/po5p/hpc/main/sillyvpn.qwaqdev.ru_sub_365e0df7-98d0-47b2-bf_Subscription.txt
[18:41:32]   • https://raw.githubusercontent.com/po5p/hpc/main/sub.datanode-internal.net_FcQe0weSX1Qbc_-j_Subscription.txt
[18:41:32] 
[18:41:32] ----------------------------------------------
[18:41:32] ШАГ 5: Отправка в GitHub
[18:41:33] ----------------------------------------------
[18:41:35] Результат: УСПЕШНО
[18:41:35] 
[18:41:35] ==============================================
[18:41:35] ИТОГИ
[18:41:35] ==============================================
[18:41:35] Обработано: 2 | Пропущено: 0
[18:41:35]   JSON:   22
[18:41:35]   ─────────────────
[18:41:35]   ВСЕГО:  22
[18:41:35] Сводный файл: https://raw.githubusercontent.com/po5p/hpc/main/GotovVpn.txt
[18:41:35] ==============================================
