[22:19:54] ==============================================
[22:19:54] ЗАПУСК ОБНОВЛЕНИЯ VPN
[22:19:54] ==============================================
[22:19:54] Дата: 17.06.2026 22:19:54
[22:19:54] GitHub: po5p/hpc
[22:19:54] 
[22:19:54] ----------------------------------------------
[22:19:54] ШАГ 1: Получение списка подписок
[22:19:54] ----------------------------------------------
[22:19:55] Статус: 200 (УСПЕШНО), размер: 203 байт
[22:19:55] Содержимое:
[22:19:55]   • https://sillyvpn.qwaqdev.ru/sub/365e0df7-98d0-47b2-bfef-09a7100227f6|SILLYVPN
[22:19:55]   • https://chipsa.xyz/YNPdaTGBCyTUnr45|ChipsVPN
[22:19:55]   • https://api.mxnative.com/kM16cBsb0Eh8rFK3TPBu/uQa15uY-uU1Eo2r1PgUbZazK|MavixVPN
[22:19:55] 
[22:19:55] ----------------------------------------------
[22:19:55] ШАГ 2: Клонирование репозитория
[22:19:55] ----------------------------------------------
[22:19:56] Статус: УСПЕШНО
[22:19:56] 
[22:19:56] ----------------------------------------------
[22:19:56] ШАГ 3: Обработка подписок
[22:19:56] ----------------------------------------------
[22:19:56] 
[22:19:56] Подписка #1: SILLYVPN
[22:19:56]   Файл: sillyvpn.qwaqdev.ru_sub_365e0df7-98d0-47b2-bf_Subscription.txt
[22:19:57]   Загрузка: УСПЕШНО (28450 байт)
[22:19:57]   Формат: JSON
[22:19:57]   Конфигов (JSON): 11
[22:19:57] 
[22:19:57] Подписка #2: ChipsVPN
[22:19:57]   Файл: chipsa.xyz_YNPdaTGBCyTUnr45_Subscription.txt
[22:19:58]   Загрузка: УСПЕШНО (8667 байт)
[22:19:58]   ⚠ Заглушка — оставляю старую копию
[22:19:58] 
[22:19:58] Подписка #3: MavixVPN
[22:19:58]   Файл: api.mxnative.com_kM16cBsb0Eh8rFK3TPBu_uQa15uY_Subscription.txt
[22:19:58]   Загрузка: УСПЕШНО (79262 байт)
[22:19:58]   ⚠ Заглушка — оставляю старую копию
[22:19:59] 
[22:19:59] ----------------------------------------------
[22:19:59] ШАГ 4: Сводный файл
[22:19:59] ----------------------------------------------
[22:19:59] Ссылки в GotovVpn.txt:
[22:19:59]   • https://raw.githubusercontent.com/po5p/hpc/main/sillyvpn.qwaqdev.ru_sub_365e0df7-98d0-47b2-bf_Subscription.txt
[22:19:59] 
[22:19:59] ----------------------------------------------
[22:19:59] ШАГ 5: Отправка в GitHub
[22:19:59] ----------------------------------------------
[22:20:01] Результат: УСПЕШНО
[22:20:01] 
[22:20:01] ==============================================
[22:20:01] ИТОГИ
[22:20:01] ==============================================
[22:20:01] Обработано: 1 | Пропущено: 2
[22:20:01]   JSON:   11
[22:20:01]   ─────────────────
[22:20:01]   ВСЕГО:  11
[22:20:01] Сводный файл: https://raw.githubusercontent.com/po5p/hpc/main/GotovVpn.txt
[22:20:01] ==============================================
