[20:14:15] ==============================================
[20:14:15] ЗАПУСК ОБНОВЛЕНИЯ VPN
[20:14:15] ==============================================
[20:14:15] Дата: 18.06.2026 20:14:15
[20:14:15] GitHub: po5p/hpc
[20:14:15] 
[20:14:15] ----------------------------------------------
[20:14:15] ШАГ 1: Получение списка подписок
[20:14:15] ----------------------------------------------
[20:14:16] Статус: 200 (УСПЕШНО), размер: 212 байт
[20:14:16] Содержимое:
[20:14:16]   • https://sillyvpn.qwaqdev.ru/sub/365e0df7-98d0-47b2-bfef-09a7100227f6|SILLYVPN
[20:14:16]   • https://sub.datanode-internal.net/FcQe0weSX1Qbc_-j|FastUnlimited
[20:14:16]   • https://cdn-biz.ru/sub/1/5609a383-a603-46e8-8de5-a31bab826871|Yowet7
[20:14:16] 
[20:14:16] ----------------------------------------------
[20:14:16] ШАГ 2: Клонирование репозитория
[20:14:16] ----------------------------------------------
[20:14:17] Статус: УСПЕШНО
[20:14:17] 
[20:14:17] ----------------------------------------------
[20:14:18] ШАГ 3: Обработка подписок
[20:14:18] ----------------------------------------------
[20:14:18] 
[20:14:18] Подписка #1: SILLYVPN
[20:14:18]   Файл: sillyvpn.qwaqdev.ru_sub_365e0df7-98d0-47b2-bf_Subscription.txt
[20:14:19]   Загрузка: УСПЕШНО (17318 байт)
[20:14:19]   Формат: JSON
[20:14:19]   Конфигов (JSON): 13
[20:14:19] 
[20:14:19] Подписка #2: FastUnlimited
[20:14:19]   Файл: sub.datanode-internal.net_FcQe0weSX1Qbc_-j_Subscription.txt
[20:14:20]   Загрузка: УСПЕШНО (36477 байт)
[20:14:20]   Формат: JSON
[20:14:20]   Конфигов (JSON): 15
[20:14:20] 
[20:14:20] Подписка #3: Yowet7
[20:14:20]   Файл: cdn-biz.ru_sub_1_5609a383-a603-46e8-8de5-a31b_Subscription.txt
[20:14:21]   Загрузка: УСПЕШНО (226025 байт)
[20:14:21]   Формат: JSON
[20:14:22]   Конфигов (JSON): 60
[20:14:22] 
[20:14:22] ----------------------------------------------
[20:14:22] ШАГ 4: Сводный файл
[20:14:22] ----------------------------------------------
[20:14:22] Ссылки в GotovVpn.txt:
[20:14:22]   • https://raw.githubusercontent.com/po5p/hpc/main/sillyvpn.qwaqdev.ru_sub_365e0df7-98d0-47b2-bf_Subscription.txt|SILLYVPN
[20:14:22]   • https://raw.githubusercontent.com/po5p/hpc/main/sub.datanode-internal.net_FcQe0weSX1Qbc_-j_Subscription.txt|FastUnlimited
[20:14:22]   • https://raw.githubusercontent.com/po5p/hpc/main/cdn-biz.ru_sub_1_5609a383-a603-46e8-8de5-a31b_Subscription.txt|Yowet7
[20:14:22] 
[20:14:22] ----------------------------------------------
[20:14:22] ШАГ 5: Отправка в GitHub
[20:14:22] ----------------------------------------------
[20:14:24] Результат: УСПЕШНО
[20:14:24] 
[20:14:24] ==============================================
[20:14:24] ИТОГИ
[20:14:24] ==============================================
[20:14:24] Обработано: 3 | Пропущено: 0
[20:14:24]   JSON:   88
[20:14:24]   ─────────────────
[20:14:24]   ВСЕГО:  88
[20:14:24] Сводный файл: https://raw.githubusercontent.com/po5p/hpc/main/GotovVpn.txt
[20:14:24] ==============================================
