[21:33:01] ==============================================
[21:33:01] ЗАПУСК ОБНОВЛЕНИЯ VPN
[21:33:01] ==============================================
[21:33:01] Дата: 18.06.2026 21:33:01
[21:33:01] GitHub: po5p/hpc
[21:33:01] 
[21:33:01] ----------------------------------------------
[21:33:01] ШАГ 1: Получение списка подписок
[21:33:01] ----------------------------------------------
[21:33:02] Статус: 200 (УСПЕШНО), размер: 290 байт
[21:33:02] Содержимое:
[21:33:02]   • https://sillyvpn.qwaqdev.ru/sub/365e0df7-98d0-47b2-bfef-09a7100227f6|SILLYVPN
[21:33:02]   • https://sub.datanode-internal.net/FcQe0weSX1Qbc_-j|FastUnlimited
[21:33:02]   • https://cdn-biz.ru/sub/1/5609a383-a603-46e8-8de5-a31bab826871|Yowet7
[21:33:02]   • https://sillyvpn.qwaqdev.ru/sub/ff05c08b-dc28-4263-b585-df08338de6fb|SillyVPN
[21:33:02] 
[21:33:02] ----------------------------------------------
[21:33:02] ШАГ 2: Клонирование репозитория
[21:33:02] ----------------------------------------------
[21:33:04] Статус: УСПЕШНО
[21:33:04] 
[21:33:04] ----------------------------------------------
[21:33:04] ШАГ 3: Обработка подписок
[21:33:04] ----------------------------------------------
[21:33:04] 
[21:33:04] Подписка #1: SILLYVPN
[21:33:04]   Файл: sillyvpn.qwaqdev.ru_sub_365e0df7-98d0-47b2-bf_Subscription.txt
[21:33:05]   Загрузка: УСПЕШНО (17318 байт)
[21:33:05]   Формат: JSON
[21:33:05]   Конфигов (JSON): 13
[21:33:06] 
[21:33:06] Подписка #2: FastUnlimited
[21:33:06]   Файл: sub.datanode-internal.net_FcQe0weSX1Qbc_-j_Subscription.txt
[21:33:06]   Загрузка: УСПЕШНО (36485 байт)
[21:33:07]   Формат: JSON
[21:33:07]   Конфигов (JSON): 15
[21:33:07] 
[21:33:07] Подписка #3: Yowet7
[21:33:07]   Файл: cdn-biz.ru_sub_1_5609a383-a603-46e8-8de5-a31b_Subscription.txt
[21:33:08]   Загрузка: УСПЕШНО (226025 байт)
[21:33:08]   Формат: JSON
[21:33:08]   Конфигов (JSON): 60
[21:33:08] 
[21:33:08] Подписка #4: SillyVPN
[21:33:08]   Файл: sillyvpn.qwaqdev.ru_sub_ff05c08b-dc28-4263-b5_Subscription.txt
[21:33:09]   Загрузка: УСПЕШНО (17318 байт)
[21:33:09]   Формат: JSON
[21:33:09]   Конфигов (JSON): 13
[21:33:09] 
[21:33:09] ----------------------------------------------
[21:33:09] ШАГ 4: Сводный файл
[21:33:09] ----------------------------------------------
[21:33:09] Ссылки в GotovVpn.txt:
[21:33:09]   • https://raw.githubusercontent.com/po5p/hpc/main/sillyvpn.qwaqdev.ru_sub_365e0df7-98d0-47b2-bf_Subscription.txt|SILLYVPN
[21:33:09]   • https://raw.githubusercontent.com/po5p/hpc/main/sub.datanode-internal.net_FcQe0weSX1Qbc_-j_Subscription.txt|FastUnlimited
[21:33:09]   • https://raw.githubusercontent.com/po5p/hpc/main/cdn-biz.ru_sub_1_5609a383-a603-46e8-8de5-a31b_Subscription.txt|Yowet7
[21:33:09]   • https://raw.githubusercontent.com/po5p/hpc/main/sillyvpn.qwaqdev.ru_sub_ff05c08b-dc28-4263-b5_Subscription.txt|SillyVPN
[21:33:09] 
[21:33:09] ----------------------------------------------
[21:33:09] ШАГ 5: Отправка в GitHub
[21:33:09] ----------------------------------------------
[21:33:11] Результат: УСПЕШНО
[21:33:11] 
[21:33:11] ==============================================
[21:33:11] ИТОГИ
[21:33:11] ==============================================
[21:33:11] Обработано: 4 | Пропущено: 0
[21:33:11]   JSON:   101
[21:33:11]   ─────────────────
[21:33:12]   ВСЕГО:  101
[21:33:12] Сводный файл: https://raw.githubusercontent.com/po5p/hpc/main/GotovVpn.txt
[21:33:12] ==============================================
