[00:18:12] ==============================================
[00:18:12] ЗАПУСК ОБНОВЛЕНИЯ VPN
[00:18:12] ==============================================
[00:18:12] Дата: 10.06.2026 00:18:12
[00:18:12] GitHub: po5p/hpc
[00:18:12] 
[00:18:12] ----------------------------------------------
[00:18:12] ШАГ 1: Получение списка подписок
[00:18:12] ----------------------------------------------
[00:18:12] Статус: 200 (УСПЕШНО), размер: 205 байт
[00:18:12] Содержимое:
[00:18:12]   • https://gist.githubusercontent.com/FrizanGAME/dfd1f7ac36511593dc6d0faff14cc8bb/raw/frizanVPN.txt|frizanVPN
[00:18:12]   • https://sub.new-meme-connet.ru/cc7a8ebfb|MaxVpn1
[00:18:12]   • https://sub.new-meme-connet.ru/d8c44887a|MaxVpn2
[00:18:12] 
[00:18:12] ----------------------------------------------
[00:18:12] ШАГ 2: Клонирование репозитория
[00:18:13] ----------------------------------------------
[00:18:14] Статус: УСПЕШНО
[00:18:14] 
[00:18:14] ----------------------------------------------
[00:18:14] ШАГ 3: Обработка подписок
[00:18:14] ----------------------------------------------
[00:18:14] 
[00:18:14] Подписка #1: frizanVPN
[00:18:14]   Файл: gist.githubusercontent.com_FrizanGAME_dfd1f7a_Subscription.txt
[00:18:14]   Загрузка: УСПЕШНО (3394 байт)
[00:18:14]   Формат: готовые vless/заголовки
[00:18:14]   Конфигов: 24
[00:18:14] 
[00:18:14] Подписка #2: MaxVpn1
[00:18:14]   Файл: sub.new-meme-connet.ru_cc7a8ebfb_Subscription.txt
[00:18:15]   Загрузка: УСПЕШНО (6604 байт)
[00:18:15]   Формат: Base64 → vless
[00:18:15]   Конфигов: VL=12 VM=0 TR=0 SS=24 (всего: 36)
[00:18:15] 
[00:18:15] Подписка #3: MaxVpn2
[00:18:15]   Файл: sub.new-meme-connet.ru_d8c44887a_Subscription.txt
[00:18:16]   Загрузка: УСПЕШНО (6604 байт)
[00:18:16]   Формат: Base64 → vless
[00:18:16]   Конфигов: VL=12 VM=0 TR=0 SS=24 (всего: 36)
[00:18:16] 
[00:18:16] ----------------------------------------------
[00:18:16] ШАГ 4: Сводный файл
[00:18:16] ----------------------------------------------
[00:18:16] Ссылки в GotovVpn.txt:
[00:18:16]   • https://raw.githubusercontent.com/po5p/hpc/main/gist.githubusercontent.com_FrizanGAME_dfd1f7a_Subscription.txt
[00:18:16]   • https://raw.githubusercontent.com/po5p/hpc/main/sub.new-meme-connet.ru_cc7a8ebfb_Subscription.txt
[00:18:16]   • https://raw.githubusercontent.com/po5p/hpc/main/sub.new-meme-connet.ru_d8c44887a_Subscription.txt
[00:18:16] 
[00:18:16] ----------------------------------------------
[00:18:16] ШАГ 5: Отправка в GitHub
[00:18:16] ----------------------------------------------
[00:18:18] Результат: УСПЕШНО
[00:18:18] 
[00:18:18] ==============================================
[00:18:18] ИТОГИ
[00:18:18] ==============================================
[00:18:18] Обработано: 3 | Пропущено: 0
[00:18:18]   VLESS:  24
[00:18:18]   SS:     48
[00:18:18]   ─────────────────
[00:18:18]   ВСЕГО:  72
[00:18:18] Сводный файл: https://raw.githubusercontent.com/po5p/hpc/main/GotovVpn.txt
[00:18:18] ==============================================
