[02:00:00] ==============================================
[02:00:00] ЗАПУСК ОБНОВЛЕНИЯ VPN
[02:00:00] ==============================================
[02:00:00] Дата: 15.06.2026 02:00:00
[02:00:01] GitHub: po5p/hpc
[02:00:01] 
[02:00:01] ----------------------------------------------
[02:00:01] ШАГ 1: Получение списка подписок
[02:00:01] ----------------------------------------------
[02:00:01] Статус: 200 (УСПЕШНО), размер: 1 байт
[02:00:01] Содержимое:
[02:00:01] 
[02:00:01] ----------------------------------------------
[02:00:01] ШАГ 2: Клонирование репозитория
[02:00:02] ----------------------------------------------
[02:00:03] Статус: УСПЕШНО
[02:00:03] 
[02:00:03] ----------------------------------------------
[02:00:03] ШАГ 3: Обработка подписок
[02:00:03] ----------------------------------------------
[02:00:03] 
[02:00:03] ----------------------------------------------
[02:00:03] ШАГ 4: Сводный файл
[02:00:03] ----------------------------------------------
[02:00:04] Ссылки в GotovVpn.txt:
[02:00:04] 
[02:00:04] ----------------------------------------------
[02:00:04] ШАГ 5: Отправка в GitHub
[02:00:04] ----------------------------------------------
[02:00:05] Результат: УСПЕШНО
[02:00:05] 
[02:00:05] ==============================================
[02:00:05] ИТОГИ
[02:00:05] ==============================================
[02:00:05] Обработано: 0 | Пропущено: 0
[02:00:05]   ─────────────────
[02:00:05]   ВСЕГО:  0
[02:00:05] Сводный файл: https://raw.githubusercontent.com/po5p/hpc/main/GotovVpn.txt
[02:00:05] ==============================================
