[21:27:31] ==============================================
[21:27:31] ЗАПУСК ОБНОВЛЕНИЯ VPN
[21:27:31] ==============================================
[21:27:31] Дата: 18.06.2026 21:27:31
[21:27:31] GitHub: po5p/hpc
[21:27:31] 
[21:27:31] ----------------------------------------------
[21:27:31] ШАГ 1: Получение списка подписок
[21:27:31] ----------------------------------------------
[21:27:32] Статус: 200 (УСПЕШНО), размер: 290 байт
[21:27:32] Содержимое:
[21:27:32]   • https://sillyvpn.qwaqdev.ru/sub/365e0df7-98d0-47b2-bfef-09a7100227f6|SILLYVPN
[21:27:32]   • https://sub.datanode-internal.net/FcQe0weSX1Qbc_-j|FastUnlimited
[21:27:32]   • https://cdn-biz.ru/sub/1/5609a383-a603-46e8-8de5-a31bab826871|Yowet7
[21:27:32]   • https://sillyvpn.qwaqdev.ru/sub/1c269cf3-18dd-4d74-800c-ff673d9418b7|SillyVPN
[21:27:32] 
[21:27:32] ----------------------------------------------
[21:27:32] ШАГ 2: Клонирование репозитория
[21:27:32] ----------------------------------------------
[21:27:41] Статус: УСПЕШНО
[21:27:41] 
[21:27:41] ----------------------------------------------
[21:27:41] ШАГ 3: Обработка подписок
[21:27:41] ----------------------------------------------
[21:27:41] 
[21:27:41] Подписка #1: SILLYVPN
[21:27:41]   Файл: sillyvpn.qwaqdev.ru_sub_365e0df7-98d0-47b2-bf_Subscription.txt
[21:27:42]   Загрузка: УСПЕШНО (17318 байт)
[21:27:42]   Формат: JSON
[21:27:42]   Конфигов (JSON): 13
[21:27:42] 
[21:27:42] Подписка #2: FastUnlimited
[21:27:42]   Файл: sub.datanode-internal.net_FcQe0weSX1Qbc_-j_Subscription.txt
[21:27:43]   Загрузка: УСПЕШНО (36485 байт)
[21:27:43]   Формат: JSON
[21:27:43]   Конфигов (JSON): 15
[21:27:43] 
[21:27:43] Подписка #3: Yowet7
[21:27:43]   Файл: cdn-biz.ru_sub_1_5609a383-a603-46e8-8de5-a31b_Subscription.txt
[21:27:44]   Загрузка: УСПЕШНО (226025 байт)
[21:27:44]   Формат: JSON
[21:27:45]   Конфигов (JSON): 60
[21:27:45] 
[21:27:45] Подписка #4: SillyVPN
[21:27:45]   Файл: sillyvpn.qwaqdev.ru_sub_1c269cf3-18dd-4d74-80_Subscription.txt
[21:27:53]   Загрузка: УСПЕШНО (2134 байт)
[21:27:53]   ⚠ Заглушка — оставляю старую копию
[21:27:53] 
[21:27:53] ----------------------------------------------
[21:27:53] ШАГ 4: Сводный файл
[21:27:53] ----------------------------------------------
[21:27:53] Ссылки в GotovVpn.txt:
[21:27:53]   • https://raw.githubusercontent.com/po5p/hpc/main/sillyvpn.qwaqdev.ru_sub_365e0df7-98d0-47b2-bf_Subscription.txt|SILLYVPN
[21:27:53]   • https://raw.githubusercontent.com/po5p/hpc/main/sub.datanode-internal.net_FcQe0weSX1Qbc_-j_Subscription.txt|FastUnlimited
[21:27:53]   • https://raw.githubusercontent.com/po5p/hpc/main/cdn-biz.ru_sub_1_5609a383-a603-46e8-8de5-a31b_Subscription.txt|Yowet7
[21:27:53] 
[21:27:53] ----------------------------------------------
[21:27:53] ШАГ 5: Отправка в GitHub
[21:27:55] ----------------------------------------------
[21:27:57] Результат: УСПЕШНО
[21:27:57] 
[21:27:57] ==============================================
[21:27:57] ИТОГИ
[21:27:57] ==============================================
[21:27:57] Обработано: 3 | Пропущено: 1
[21:27:57]   JSON:   88
[21:27:57]   ─────────────────
[21:27:57]   ВСЕГО:  88
[21:27:57] Сводный файл: https://raw.githubusercontent.com/po5p/hpc/main/GotovVpn.txt
[21:27:57] ==============================================
