[02:00:01] ==============================================
[02:00:01] ЗАПУСК ОБНОВЛЕНИЯ VPN
[02:00:01] ==============================================
[02:00:01] Дата: 07.06.2026 02:00:01
[02:00:01] GitHub: po5p/hpc
[02:00:01] HWID: CB522960-E2A9-7A19-12CB-FD12FEC71E19
[02:00:01] 
[02:00:01] ----------------------------------------------
[02:00:01] ШАГ 1: Получение списка подписок
[02:00:01] ----------------------------------------------
[02:00:02] Статус: 200 (УСПЕШНО), размер: 99 байт
[02:00:02] Содержимое:
[02:00:02]   • https://sub.new-meme-connet.ru/cc7a8ebfb|MaxVpn1
[02:00:02]   • https://sub.new-meme-connet.ru/d8c44887a|MaxVpn2
[02:00:02] 
[02:00:02] ----------------------------------------------
[02:00:02] ШАГ 2: Клонирование репозитория
[02:00:02] ----------------------------------------------
[02:00:03] Статус: УСПЕШНО
[02:00:03] 
[02:00:03] ----------------------------------------------
[02:00:03] ШАГ 3: Обработка подписок
[02:00:03] ----------------------------------------------
[02:00:04] 
[02:00:04] Подписка #2: MaxVpn1
[02:00:04]   Файл: sub.new-meme-connet.ru_cc7a8ebfb_Subscription.txt
[02:00:04]   Загрузка: УСПЕШНО (6040 байт)
[02:00:04]   Формат: Base64 → vless
[02:00:05]   Конфигов: 33
[02:00:05] 
[02:00:05] Подписка #3: MaxVpn2
[02:00:05]   Файл: sub.new-meme-connet.ru_d8c44887a_Subscription.txt
[02:00:06]   Загрузка: УСПЕШНО (6040 байт)
[02:00:06]   Формат: Base64 → vless
[02:00:06]   Конфигов: 33
[02:00:06] 
[02:00:06] ----------------------------------------------
[02:00:06] ШАГ 4: Сводный файл
[02:00:06] ----------------------------------------------
[02:00:06]   • https://raw.githubusercontent.com/po5p/hpc/main/sub.new-meme-connet.ru_cc7a8ebfb_Subscription.txt
[02:00:06]   • https://raw.githubusercontent.com/po5p/hpc/main/sub.new-meme-connet.ru_d8c44887a_Subscription.txt
[02:00:06] 
[02:00:07] ----------------------------------------------
[02:00:07] ШАГ 5: Отправка в GitHub
[02:00:07] ----------------------------------------------
[02:00:08] Результат: УСПЕШНО
[02:00:08] 
[02:00:09] ==============================================
[02:00:09] ИТОГИ
[02:00:09] ==============================================
[02:00:09] Обработано: 2 | Пропущено: 0
[02:00:09]   VLESS:  22
[02:00:09]   SS:     44
[02:00:09]   ─────────────────
[02:00:09]   ВСЕГО:  66
[02:00:09] Сводный файл: https://raw.githubusercontent.com/po5p/hpc/main/GotovVpn.txt
[02:00:09] ==============================================
