[00:20:48] ==============================================
[00:20:48] ЗАПУСК ОБНОВЛЕНИЯ VPN
[00:20:48] ==============================================
[00:20:48] Дата: 10.06.2026 00:20:48
[00:20:48] GitHub: po5p/hpc
[00:20:48] 
[00:20:48] ----------------------------------------------
[00:20:48] ШАГ 1: Получение списка подписок
[00:20:48] ----------------------------------------------
[00:20:49] Статус: 200 (УСПЕШНО), размер: 205 байт
[00:20:49] Содержимое:
[00:20:49]   • https://gist.githubusercontent.com/FrizanGAME/dfd1f7ac36511593dc6d0faff14cc8bb/raw/frizanVPN.txt|frizanVPN
[00:20:49]   • https://sub.new-meme-connet.ru/cc7a8ebfb|MaxVpn1
[00:20:49]   • https://sub.new-meme-connet.ru/d8c44887a|MaxVpn2
[00:20:49] 
[00:20:49] ----------------------------------------------
[00:20:49] ШАГ 2: Клонирование репозитория
[00:20:49] ----------------------------------------------
[00:20:50] Статус: УСПЕШНО
[00:20:50] 
[00:20:50] ----------------------------------------------
[00:20:50] ШАГ 3: Обработка подписок
[00:20:50] ----------------------------------------------
[00:20:50] 
[00:20:50] Подписка #1: frizanVPN
[00:20:50]   Файл: gist.githubusercontent.com_FrizanGAME_dfd1f7a_Subscription.txt
[00:20:51]   Загрузка: УСПЕШНО (3394 байт)
[00:20:51]   Формат: готовые vless/заголовки
[00:20:51]   Конфигов: 24
[00:20:51] 
[00:20:51] Подписка #2: MaxVpn1
[00:20:51]   Файл: sub.new-meme-connet.ru_cc7a8ebfb_Subscription.txt
[00:20:52]   Загрузка: УСПЕШНО (6604 байт)
[00:20:52]   Формат: Base64 → vless
[00:20:52]   Конфигов: VL=12 VM=0 TR=0 SS=24 (всего: 36)
[00:20:52] 
[00:20:52] Подписка #3: MaxVpn2
[00:20:52]   Файл: sub.new-meme-connet.ru_d8c44887a_Subscription.txt
[00:20:53]   Загрузка: УСПЕШНО (6604 байт)
[00:20:53]   Формат: Base64 → vless
[00:20:53]   Конфигов: VL=12 VM=0 TR=0 SS=24 (всего: 36)
[00:20:53] 
[00:20:54] ----------------------------------------------
[00:20:54] ШАГ 4: Сводный файл
[00:20:54] ----------------------------------------------
[00:20:54] Ссылки в GotovVpn.txt:
[00:20:54]   • https://raw.githubusercontent.com/po5p/hpc/main/gist.githubusercontent.com_FrizanGAME_dfd1f7a_Subscription.txt
[00:20:54]   • https://raw.githubusercontent.com/po5p/hpc/main/sub.new-meme-connet.ru_cc7a8ebfb_Subscription.txt
[00:20:54]   • https://raw.githubusercontent.com/po5p/hpc/main/sub.new-meme-connet.ru_d8c44887a_Subscription.txt
[00:20:54] 
[00:20:54] ----------------------------------------------
[00:20:54] ШАГ 5: Отправка в GitHub
[00:20:54] ----------------------------------------------
[00:20:56] Результат: УСПЕШНО
[00:20:56] 
[00:20:56] ==============================================
[00:20:56] ИТОГИ
[00:20:56] ==============================================
[00:20:56] Обработано: 3 | Пропущено: 0
[00:20:56]   VLESS:  24
[00:20:56]   SS:     48
[00:20:56]   ─────────────────
[00:20:56]   ВСЕГО:  72
[00:20:56] Сводный файл: https://raw.githubusercontent.com/po5p/hpc/main/GotovVpn.txt
[00:20:56] ==============================================
