[00:16:44] ==============================================
[00:16:44] ЗАПУСК ОБНОВЛЕНИЯ VPN
[00:16:44] ==============================================
[00:16:45] Дата: 10.06.2026 00:16:45
[00:16:45] GitHub: po5p/hpc
[00:16:45] 
[00:16:45] ----------------------------------------------
[00:16:45] ШАГ 1: Получение списка подписок
[00:16:45] ----------------------------------------------
[00:16:45] Статус: 200 (УСПЕШНО), размер: 205 байт
[00:16:45] Содержимое:
[00:16:45]   • https://gist.githubusercontent.com/FrizanGAME/dfd1f7ac36511593dc6d0faff14cc8bb/raw/frizanVPN.txt|frizanVPN
[00:16:45]   • https://sub.new-meme-connet.ru/cc7a8ebfb|MaxVpn1
[00:16:45]   • https://sub.new-meme-connet.ru/d8c44887a|MaxVpn2
[00:16:45] 
[00:16:45] ----------------------------------------------
[00:16:45] ШАГ 2: Клонирование репозитория
[00:16:45] ----------------------------------------------
[00:16:46] Статус: УСПЕШНО
[00:16:46] 
[00:16:46] ----------------------------------------------
[00:16:46] ШАГ 3: Обработка подписок
[00:16:46] ----------------------------------------------
[00:16:46] 
[00:16:46] Подписка #1: frizanVPN
[00:16:47]   Файл: gist.githubusercontent.com_FrizanGAME_dfd1f7a_Subscription.txt
[00:16:47]   Загрузка: УСПЕШНО (3394 байт)
[00:16:47]   Формат: готовые vless/заголовки
[00:16:47]   Конфигов: 24
[00:16:47] 
[00:16:47] Подписка #2: MaxVpn1
[00:16:47]   Файл: sub.new-meme-connet.ru_cc7a8ebfb_Subscription.txt
[00:16:47]   Загрузка: УСПЕШНО (6604 байт)
[00:16:48]   Формат: Base64 → vless
[00:16:48]   Конфигов: VL=12 VM=0 TR=0 SS=24 (всего: 36)
[00:16:48] 
[00:16:48] Подписка #3: MaxVpn2
[00:16:48]   Файл: sub.new-meme-connet.ru_d8c44887a_Subscription.txt
[00:16:48]   Загрузка: УСПЕШНО (6604 байт)
[00:16:48]   Формат: Base64 → vless
[00:16:48]   Конфигов: VL=12 VM=0 TR=0 SS=24 (всего: 36)
[00:16:49] 
[00:16:49] ----------------------------------------------
[00:16:49] ШАГ 4: Сводный файл
[00:16:49] ----------------------------------------------
[00:16:49] Ссылки в GotovVpn.txt:
[00:16:49]   • https://raw.githubusercontent.com/po5p/hpc/main/gist.githubusercontent.com_FrizanGAME_dfd1f7a_Subscription.txt
[00:16:49]   • https://raw.githubusercontent.com/po5p/hpc/main/sub.new-meme-connet.ru_cc7a8ebfb_Subscription.txt
[00:16:49]   • https://raw.githubusercontent.com/po5p/hpc/main/sub.new-meme-connet.ru_d8c44887a_Subscription.txt
[00:16:49] 
[00:16:49] ----------------------------------------------
[00:16:49] ШАГ 5: Отправка в GitHub
[00:16:49] ----------------------------------------------
[00:16:50] Результат: УСПЕШНО
[00:16:50] 
[00:16:50] ==============================================
[00:16:50] ИТОГИ
[00:16:51] ==============================================
[00:16:51] Обработано: 3 | Пропущено: 0
[00:16:51]   VLESS:  24
[00:16:51]   SS:     48
[00:16:51]   ─────────────────
[00:16:51]   ВСЕГО:  72
[00:16:51] Сводный файл: https://raw.githubusercontent.com/po5p/hpc/main/GotovVpn.txt
[00:16:51] ==============================================
