[10:51:40] ==============================================
[10:51:40] ЗАПУСК ОБНОВЛЕНИЯ VPN
[10:51:40] ==============================================
[10:51:40] Дата: 08.06.2026 10:51:40
[10:51:40] GitHub: po5p/hpc
[10:51:40] 
[10:51:40] ----------------------------------------------
[10:51:40] ШАГ 1: Получение списка подписок
[10:51:40] ----------------------------------------------
[10:51:40] Статус: 200 (УСПЕШНО), размер: 99 байт
[10:51:40] Содержимое:
[10:51:40]   • https://sub.new-meme-connet.ru/cc7a8ebfb|MaxVpn1
[10:51:40]   • https://sub.new-meme-connet.ru/d8c44887a|MaxVpn2
[10:51:41] 
[10:51:41] ----------------------------------------------
[10:51:41] ШАГ 2: Клонирование репозитория
[10:51:41] ----------------------------------------------
[10:51:42] Статус: УСПЕШНО
[10:51:42] 
[10:51:42] ----------------------------------------------
[10:51:42] ШАГ 3: Обработка подписок
[10:51:42] ----------------------------------------------
[10:51:42] 
[10:51:42] Подписка #2: MaxVpn1
[10:51:42]   Файл: sub.new-meme-connet.ru_cc7a8ebfb_Subscription.txt
[10:51:43]   Загрузка: УСПЕШНО (6596 байт)
[10:51:43]   Формат: Base64 → vless
[10:51:43]   Конфигов: VL=12 VM=0 TR=0 SS=24 (всего: 36)
[10:51:43] 
[10:51:43] Подписка #3: MaxVpn2
[10:51:43]   Файл: sub.new-meme-connet.ru_d8c44887a_Subscription.txt
[10:51:44]   Загрузка: УСПЕШНО (6596 байт)
[10:51:44]   Формат: Base64 → vless
[10:51:44]   Конфигов: VL=12 VM=0 TR=0 SS=24 (всего: 36)
[10:51:44] 
[10:51:44] ----------------------------------------------
[10:51:44] ШАГ 4: Сводный файл
[10:51:44] ----------------------------------------------
[10:51:44] Ссылки в GotovVpn.txt:
[10:51:44]   • https://raw.githubusercontent.com/po5p/hpc/main/sub.new-meme-connet.ru_cc7a8ebfb_Subscription.txt
[10:51:44]   • https://raw.githubusercontent.com/po5p/hpc/main/sub.new-meme-connet.ru_d8c44887a_Subscription.txt
[10:51:44] 
[10:51:44] ----------------------------------------------
[10:51:44] ШАГ 5: Отправка в GitHub
[10:51:44] ----------------------------------------------
[10:51:46] Результат: УСПЕШНО
[10:51:46] 
[10:51:46] ==============================================
[10:51:46] ИТОГИ
[10:51:46] ==============================================
[10:51:46] Обработано: 2 | Пропущено: 0
[10:51:46]   VLESS:  24
[10:51:46]   SS:     48
[10:51:46]   ─────────────────
[10:51:46]   ВСЕГО:  72
[10:51:46] Сводный файл: https://raw.githubusercontent.com/po5p/hpc/main/GotovVpn.txt
[10:51:46] ==============================================
