[00:16:27] ==============================================
[00:16:27] ЗАПУСК ОБНОВЛЕНИЯ VPN
[00:16:27] ==============================================
[00:16:27] Дата: 10.06.2026 00:16:27
[00:16:27] GitHub: po5p/hpc
[00:16:27] 
[00:16:27] ----------------------------------------------
[00:16:27] ШАГ 1: Получение списка подписок
[00:16:27] ----------------------------------------------
[00:16:28] Статус: 200 (УСПЕШНО), размер: 205 байт
[00:16:28] Содержимое:
[00:16:28]   • https://gist.githubusercontent.com/FrizanGAME/dfd1f7ac36511593dc6d0faff14cc8bb/raw/frizanVPN.txt|frizanVPN
[00:16:28]   • https://sub.new-meme-connet.ru/cc7a8ebfb|MaxVpn1
[00:16:28]   • https://sub.new-meme-connet.ru/d8c44887a|MaxVpn2
[00:16:28] 
[00:16:28] ----------------------------------------------
[00:16:28] ШАГ 2: Клонирование репозитория
[00:16:28] ----------------------------------------------
[00:16:29] Статус: УСПЕШНО
[00:16:29] 
[00:16:29] ----------------------------------------------
[00:16:29] ШАГ 3: Обработка подписок
[00:16:29] ----------------------------------------------
[00:16:29] 
[00:16:29] Подписка #1: frizanVPN
[00:16:29]   Файл: gist.githubusercontent.com_FrizanGAME_dfd1f7a_Subscription.txt
[00:16:30]   Загрузка: УСПЕШНО (3394 байт)
[00:16:30]   Формат: готовые vless/заголовки
[00:16:30]   Конфигов: 24
[00:16:30] 
[00:16:30] Подписка #2: MaxVpn1
[00:16:30]   Файл: sub.new-meme-connet.ru_cc7a8ebfb_Subscription.txt
[00:16:30]   Загрузка: УСПЕШНО (6604 байт)
[00:16:30]   Формат: Base64 → vless
[00:16:30]   Конфигов: VL=12 VM=0 TR=0 SS=24 (всего: 36)
[00:16:31] 
[00:16:31] Подписка #3: MaxVpn2
[00:16:31]   Файл: sub.new-meme-connet.ru_d8c44887a_Subscription.txt
[00:16:31]   Загрузка: УСПЕШНО (6604 байт)
[00:16:31]   Формат: Base64 → vless
[00:16:31]   Конфигов: VL=12 VM=0 TR=0 SS=24 (всего: 36)
[00:16:31] 
[00:16:31] ----------------------------------------------
[00:16:31] ШАГ 4: Сводный файл
[00:16:31] ----------------------------------------------
[00:16:31] Ссылки в GotovVpn.txt:
[00:16:31]   • https://raw.githubusercontent.com/po5p/hpc/main/gist.githubusercontent.com_FrizanGAME_dfd1f7a_Subscription.txt
[00:16:31]   • https://raw.githubusercontent.com/po5p/hpc/main/sub.new-meme-connet.ru_cc7a8ebfb_Subscription.txt
[00:16:31]   • https://raw.githubusercontent.com/po5p/hpc/main/sub.new-meme-connet.ru_d8c44887a_Subscription.txt
[00:16:31] 
[00:16:31] ----------------------------------------------
[00:16:31] ШАГ 5: Отправка в GitHub
[00:16:32] ----------------------------------------------
[00:16:33] Результат: УСПЕШНО
[00:16:33] 
[00:16:33] ==============================================
[00:16:33] ИТОГИ
[00:16:33] ==============================================
[00:16:33] Обработано: 3 | Пропущено: 0
[00:16:33]   VLESS:  24
[00:16:33]   SS:     48
[00:16:33]   ─────────────────
[00:16:33]   ВСЕГО:  72
[00:16:33] Сводный файл: https://raw.githubusercontent.com/po5p/hpc/main/GotovVpn.txt
[00:16:33] ==============================================
