[22:28:10] ==============================================
[22:28:10] ЗАПУСК ОБНОВЛЕНИЯ VPN
[22:28:10] ==============================================
[22:28:10] Дата: 18.06.2026 22:28:10
[22:28:10] GitHub: po5p/hpc
[22:28:10] 
[22:28:10] ----------------------------------------------
[22:28:10] ШАГ 1: Получение списка подписок
[22:28:11] ----------------------------------------------
[22:28:11] Статус: 200 (УСПЕШНО), размер: 290 байт
[22:28:11] Содержимое:
[22:28:11]   • https://sillyvpn.qwaqdev.ru/sub/365e0df7-98d0-47b2-bfef-09a7100227f6|SILLYVPN
[22:28:11]   • https://sub.datanode-internal.net/FcQe0weSX1Qbc_-j|FastUnlimited
[22:28:11]   • https://cdn-biz.ru/sub/1/5609a383-a603-46e8-8de5-a31bab826871|Yowet7
[22:28:11]   • https://sillyvpn.qwaqdev.ru/sub/ff05c08b-dc28-4263-b585-df08338de6fb|SillyVPN
[22:28:11] 
[22:28:11] ----------------------------------------------
[22:28:11] ШАГ 2: Клонирование репозитория
[22:28:11] ----------------------------------------------
[22:28:14] Статус: УСПЕШНО
[22:28:14] 
[22:28:14] ----------------------------------------------
[22:28:14] ШАГ 3: Обработка подписок
[22:28:14] ----------------------------------------------
[22:28:14] 
[22:28:15] Подписка #1: SILLYVPN
[22:28:15]   Файл: sillyvpn.qwaqdev.ru_sub_365e0df7-98d0-47b2-bf_Subscription.txt
[22:28:16]   Загрузка: УСПЕШНО (17318 байт)
[22:28:16]   Формат: JSON
[22:28:16]   Конфигов (JSON): 13
[22:28:16] 
[22:28:16] Подписка #2: FastUnlimited
[22:28:16]   Файл: sub.datanode-internal.net_FcQe0weSX1Qbc_-j_Subscription.txt
[22:28:17]   Загрузка: УСПЕШНО (36497 байт)
[22:28:17]   Формат: JSON
[22:28:17]   Конфигов (JSON): 15
[22:28:17] 
[22:28:17] Подписка #3: Yowet7
[22:28:17]   Файл: cdn-biz.ru_sub_1_5609a383-a603-46e8-8de5-a31b_Subscription.txt
[22:28:19]   Загрузка: УСПЕШНО (226025 байт)
[22:28:19]   Формат: JSON
[22:28:19]   Конфигов (JSON): 60
[22:28:19] 
[22:28:19] Подписка #4: SillyVPN
[22:28:19]   Файл: sillyvpn.qwaqdev.ru_sub_ff05c08b-dc28-4263-b5_Subscription.txt
[22:28:20]   Загрузка: УСПЕШНО (17318 байт)
[22:28:20]   Формат: JSON
[22:28:20]   Конфигов (JSON): 13
[22:28:20] 
[22:28:20] ----------------------------------------------
[22:28:20] ШАГ 4: Сводный файл
[22:28:20] ----------------------------------------------
[22:28:20] Ссылки в GotovVpn.txt:
[22:28:20]   • https://raw.githubusercontent.com/po5p/hpc/main/sillyvpn.qwaqdev.ru_sub_365e0df7-98d0-47b2-bf_Subscription.txt|SILLYVPN
[22:28:20]   • https://raw.githubusercontent.com/po5p/hpc/main/sub.datanode-internal.net_FcQe0weSX1Qbc_-j_Subscription.txt|FastUnlimited
[22:28:20]   • https://raw.githubusercontent.com/po5p/hpc/main/cdn-biz.ru_sub_1_5609a383-a603-46e8-8de5-a31b_Subscription.txt|Yowet7
[22:28:20]   • https://raw.githubusercontent.com/po5p/hpc/main/sillyvpn.qwaqdev.ru_sub_ff05c08b-dc28-4263-b5_Subscription.txt|SillyVPN
[22:28:22] 
[22:28:22] ----------------------------------------------
[22:28:22] ШАГ 5: Отправка в GitHub
[22:28:22] ----------------------------------------------
[22:28:25] Результат: УСПЕШНО
[22:28:25] 
[22:28:25] ==============================================
[22:28:25] ИТОГИ
[22:28:25] ==============================================
[22:28:25] Обработано: 4 | Пропущено: 0
[22:28:25]   JSON:   101
[22:28:25]   ─────────────────
[22:28:25]   ВСЕГО:  101
[22:28:25] Сводный файл: https://raw.githubusercontent.com/po5p/hpc/main/GotovVpn.txt
[22:28:25] ==============================================
