[15:08:10] ==============================================
[15:08:10] ЗАПУСК ОБНОВЛЕНИЯ VPN
[15:08:10] ==============================================
[15:08:10] Дата: 08.06.2026 15:08:10
[15:08:10] GitHub: po5p/hpc
[15:08:10] 
[15:08:10] ----------------------------------------------
[15:08:10] ШАГ 1: Получение списка подписок
[15:08:10] ----------------------------------------------
[15:08:11] Статус: 200 (УСПЕШНО), размер: 99 байт
[15:08:11] Содержимое:
[15:08:11]   • https://sub.new-meme-connet.ru/cc7a8ebfb|MaxVpn1
[15:08:11]   • https://sub.new-meme-connet.ru/d8c44887a|MaxVpn2
[15:08:11] 
[15:08:11] ----------------------------------------------
[15:08:11] ШАГ 2: Клонирование репозитория
[15:08:11] ----------------------------------------------
[15:08:12] Статус: УСПЕШНО
[15:08:12] 
[15:08:12] ----------------------------------------------
[15:08:12] ШАГ 3: Обработка подписок
[15:08:12] ----------------------------------------------
[15:08:12] 
[15:08:12] Подписка #2: MaxVpn1
[15:08:12]   Файл: sub.new-meme-connet.ru_cc7a8ebfb_Subscription.txt
[15:08:13]   Загрузка: УСПЕШНО (6604 байт)
[15:08:13]   Формат: Base64 → vless
[15:08:13]   Конфигов: VL=12 VM=0 TR=0 SS=24 (всего: 36)
[15:08:13] 
[15:08:13] Подписка #3: MaxVpn2
[15:08:13]   Файл: sub.new-meme-connet.ru_d8c44887a_Subscription.txt
[15:08:13]   Загрузка: УСПЕШНО (6604 байт)
[15:08:14]   Формат: Base64 → vless
[15:08:14]   Конфигов: VL=12 VM=0 TR=0 SS=24 (всего: 36)
[15:08:14] 
[15:08:14] ----------------------------------------------
[15:08:14] ШАГ 4: Сводный файл
[15:08:14] ----------------------------------------------
[15:08:14] Ссылки в GotovVpn.txt:
[15:08:14]   • https://raw.githubusercontent.com/po5p/hpc/main/sub.new-meme-connet.ru_cc7a8ebfb_Subscription.txt
[15:08:14]   • https://raw.githubusercontent.com/po5p/hpc/main/sub.new-meme-connet.ru_d8c44887a_Subscription.txt
[15:08:14] 
[15:08:14] ----------------------------------------------
[15:08:14] ШАГ 5: Отправка в GitHub
[15:08:14] ----------------------------------------------
[15:08:16] Результат: УСПЕШНО
[15:08:16] 
[15:08:16] ==============================================
[15:08:16] ИТОГИ
[15:08:16] ==============================================
[15:08:16] Обработано: 2 | Пропущено: 0
[15:08:16]   VLESS:  24
[15:08:16]   SS:     48
[15:08:16]   ─────────────────
[15:08:16]   ВСЕГО:  72
[15:08:16] Сводный файл: https://raw.githubusercontent.com/po5p/hpc/main/GotovVpn.txt
[15:08:16] ==============================================
