[10:12:45] ==============================================
[10:12:45] ЗАПУСК ОБНОВЛЕНИЯ VPN
[10:12:45] ==============================================
[10:12:45] Дата: 08.06.2026 10:12:45
[10:12:45] GitHub: po5p/hpc
[10:12:45] 
[10:12:45] ----------------------------------------------
[10:12:45] ШАГ 1: Получение списка подписок
[10:12:45] ----------------------------------------------
[10:12:45] Статус: 200 (УСПЕШНО), размер: 99 байт
[10:12:45] Содержимое:
[10:12:46]   • https://sub.new-meme-connet.ru/cc7a8ebfb|MaxVpn1
[10:12:46]   • https://sub.new-meme-connet.ru/d8c44887a|MaxVpn2
[10:12:46] 
[10:12:46] ----------------------------------------------
[10:12:46] ШАГ 2: Клонирование репозитория
[10:12:46] ----------------------------------------------
[10:12:47] Статус: УСПЕШНО
[10:12:47] 
[10:12:47] ----------------------------------------------
[10:12:47] ШАГ 3: Обработка подписок
[10:12:47] ----------------------------------------------
[10:12:47] 
[10:12:47] Подписка #2: MaxVpn1
[10:12:47]   Файл: sub.new-meme-connet.ru_cc7a8ebfb_Subscription.txt
[10:12:47]   Загрузка: УСПЕШНО (6548 байт)
[10:12:47]   Формат: Base64 → vless
[10:12:48]   Конфигов: VL=12 VM=0 TR=0 SS=24 (всего: 36)
[10:12:48] 
[10:12:48] Подписка #3: MaxVpn2
[10:12:48]   Файл: sub.new-meme-connet.ru_d8c44887a_Subscription.txt
[10:12:48]   Загрузка: УСПЕШНО (6548 байт)
[10:12:48]   Формат: Base64 → vless
[10:12:48]   Конфигов: VL=12 VM=0 TR=0 SS=24 (всего: 36)
[10:12:48] 
[10:12:49] ----------------------------------------------
[10:12:49] ШАГ 4: Сводный файл
[10:12:49] ----------------------------------------------
[10:12:49] Ссылки в GotovVpn.txt:
[10:12:49]   • https://raw.githubusercontent.com/po5p/hpc/main/sub.new-meme-connet.ru_cc7a8ebfb_Subscription.txt
[10:12:49]   • https://raw.githubusercontent.com/po5p/hpc/main/sub.new-meme-connet.ru_d8c44887a_Subscription.txt
[10:12:49] 
[10:12:49] ----------------------------------------------
[10:12:49] ШАГ 5: Отправка в GitHub
[10:12:49] ----------------------------------------------
[10:12:50] Результат: УСПЕШНО
[10:12:50] 
[10:12:50] ==============================================
[10:12:50] ИТОГИ
[10:12:50] ==============================================
[10:12:50] Обработано: 2 | Пропущено: 0
[10:12:51]   VLESS:  24
[10:12:51]   SS:     48
[10:12:51]   ─────────────────
[10:12:51]   ВСЕГО:  72
[10:12:51] Сводный файл: https://raw.githubusercontent.com/po5p/hpc/main/GotovVpn.txt
[10:12:51] ==============================================
