[18:59:37] ==============================================
[18:59:37] ЗАПУСК ОБНОВЛЕНИЯ VPN
[18:59:37] ==============================================
[18:59:37] Дата: 18.06.2026 18:59:37
[18:59:37] GitHub: po5p/hpc
[18:59:37] 
[18:59:37] ----------------------------------------------
[18:59:37] ШАГ 1: Получение списка подписок
[18:59:37] ----------------------------------------------
[18:59:38] Статус: 200 (УСПЕШНО), размер: 143 байт
[18:59:38] Содержимое:
[18:59:38]   • https://sillyvpn.qwaqdev.ru/sub/365e0df7-98d0-47b2-bfef-09a7100227f6|SILLYVPN
[18:59:38]   • https://sub.datanode-internal.net/FcQe0weSX1Qbc_-j|FastUnlimited
[18:59:38] 
[18:59:38] ----------------------------------------------
[18:59:38] ШАГ 2: Клонирование репозитория
[18:59:38] ----------------------------------------------
[18:59:40] Статус: УСПЕШНО
[18:59:40] 
[18:59:40] ----------------------------------------------
[18:59:40] ШАГ 3: Обработка подписок
[18:59:40] ----------------------------------------------
[18:59:40] 
[18:59:40] Подписка #1: SILLYVPN
[18:59:40]   Файл: sillyvpn.qwaqdev.ru_sub_365e0df7-98d0-47b2-bf_Subscription.txt
[18:59:41]   Загрузка: УСПЕШНО (17318 байт)
[18:59:41]   Формат: JSON
[18:59:41]   Конфигов (JSON): 13
[18:59:41] 
[18:59:41] Подписка #2: FastUnlimited
[18:59:41]   Файл: sub.datanode-internal.net_FcQe0weSX1Qbc_-j_Subscription.txt
[18:59:42]   Загрузка: УСПЕШНО (36489 байт)
[18:59:42]   Формат: JSON
[18:59:42]   Конфигов (JSON): 15
[18:59:42] 
[18:59:42] ----------------------------------------------
[18:59:42] ШАГ 4: Сводный файл
[18:59:42] ----------------------------------------------
[18:59:42] Ссылки в GotovVpn.txt:
[18:59:42]   • https://raw.githubusercontent.com/po5p/hpc/main/sillyvpn.qwaqdev.ru_sub_365e0df7-98d0-47b2-bf_Subscription.txt
[18:59:42]   • https://raw.githubusercontent.com/po5p/hpc/main/sub.datanode-internal.net_FcQe0weSX1Qbc_-j_Subscription.txt
[18:59:42] 
[18:59:43] ----------------------------------------------
[18:59:43] ШАГ 5: Отправка в GitHub
[18:59:43] ----------------------------------------------
[18:59:45] Результат: УСПЕШНО
[18:59:45] 
[18:59:45] ==============================================
[18:59:45] ИТОГИ
[18:59:45] ==============================================
[18:59:45] Обработано: 2 | Пропущено: 0
[18:59:45]   JSON:   28
[18:59:45]   ─────────────────
[18:59:45]   ВСЕГО:  28
[18:59:45] Сводный файл: https://raw.githubusercontent.com/po5p/hpc/main/GotovVpn.txt
[18:59:45] ==============================================
