[23:10:08] ==============================================
[23:10:08] ЗАПУСК ОБНОВЛЕНИЯ VPN
[23:10:08] ==============================================
[23:10:08] Дата: 18.06.2026 23:10:08
[23:10:08] GitHub: po5p/hpc
[23:10:08] 
[23:10:08] ----------------------------------------------
[23:10:08] ШАГ 1: Получение списка подписок
[23:10:08] ----------------------------------------------
[23:10:09] Статус: 200 (УСПЕШНО), размер: 396 байт
[23:10:09] Содержимое:
[23:10:09]   • https://sillyvpn.qwaqdev.ru/sub/365e0df7-98d0-47b2-bfef-09a7100227f6|SILLYVPN
[23:10:09]   • https://sub.datanode-internal.net/FcQe0weSX1Qbc_-j|FastUnlimited
[23:10:09]   • https://cdn-biz.ru/sub/1/5609a383-a603-46e8-8de5-a31bab826871|Yowet7
[23:10:09]   • https://sillyvpn.qwaqdev.ru/sub/ff05c08b-dc28-4263-b585-df08338de6fb|SillyVPN
[23:10:09]   • https://sub.stichvpn.store/2285n15fMFhsVcM5|stichvpn
[23:10:09]   • https://subs.superbuba.top/xj1-N_ZgFtCL-tHz|Буба
[23:10:09] 
[23:10:09] ----------------------------------------------
[23:10:09] ШАГ 2: Клонирование репозитория
[23:10:09] ----------------------------------------------
[23:10:10] Статус: УСПЕШНО
[23:10:10] 
[23:10:10] ----------------------------------------------
[23:10:10] ШАГ 3: Обработка подписок
[23:10:10] ----------------------------------------------
[23:10:11] 
[23:10:11] Подписка #1: SILLYVPN
[23:10:11]   Файл: sillyvpn.qwaqdev.ru_sub_365e0df7-98d0-47b2-bf_Subscription.txt
[23:10:12]   Загрузка: УСПЕШНО (10030 байт)
[23:10:12]   Формат: JSON
[23:10:12]   Конфигов (JSON): 6
[23:10:12] 
[23:10:12] Подписка #2: FastUnlimited
[23:10:12]   Файл: sub.datanode-internal.net_FcQe0weSX1Qbc_-j_Subscription.txt
[23:10:13]   Загрузка: УСПЕШНО (36485 байт)
[23:10:13]   Формат: JSON
[23:10:13]   Конфигов (JSON): 15
[23:10:13] 
[23:10:13] Подписка #3: Yowet7
[23:10:13]   Файл: cdn-biz.ru_sub_1_5609a383-a603-46e8-8de5-a31b_Subscription.txt
[23:10:14]   Загрузка: УСПЕШНО (226025 байт)
[23:10:14]   Формат: JSON
[23:10:14]   Конфигов (JSON): 60
[23:10:14] 
[23:10:14] Подписка #4: SillyVPN
[23:10:14]   Файл: sillyvpn.qwaqdev.ru_sub_ff05c08b-dc28-4263-b5_Subscription.txt
[23:10:15]   Загрузка: УСПЕШНО (10030 байт)
[23:10:15]   Формат: JSON
[23:10:15]   Конфигов (JSON): 6
[23:10:15] 
[23:10:15] Подписка #5: stichvpn
[23:10:15]   Файл: sub.stichvpn.store_2285n15fMFhsVcM5_Subscription.txt
[23:10:16]   Загрузка: УСПЕШНО (31435 байт)
[23:10:16]   Формат: JSON
[23:10:16]   Конфигов (JSON): 27
[23:10:16] 
[23:10:16] Подписка #6: Буба
[23:10:16]   Файл: subs.superbuba.top_xj1-N_ZgFtCL-tHz_Subscription.txt
[23:10:17]   Загрузка: УСПЕШНО (78515 байт)
[23:10:17]   Формат: JSON
[23:10:17]   Конфигов (JSON): 34
[23:10:17] 
[23:10:17] ----------------------------------------------
[23:10:17] ШАГ 4: Сводный файл
[23:10:17] ----------------------------------------------
[23:10:17] Ссылки в GotovVpn.txt:
[23:10:17]   • https://raw.githubusercontent.com/po5p/hpc/main/sillyvpn.qwaqdev.ru_sub_365e0df7-98d0-47b2-bf_Subscription.txt|SILLYVPN
[23:10:17]   • https://raw.githubusercontent.com/po5p/hpc/main/sub.datanode-internal.net_FcQe0weSX1Qbc_-j_Subscription.txt|FastUnlimited
[23:10:18]   • https://raw.githubusercontent.com/po5p/hpc/main/cdn-biz.ru_sub_1_5609a383-a603-46e8-8de5-a31b_Subscription.txt|Yowet7
[23:10:18]   • https://raw.githubusercontent.com/po5p/hpc/main/sillyvpn.qwaqdev.ru_sub_ff05c08b-dc28-4263-b5_Subscription.txt|SillyVPN
[23:10:18]   • https://raw.githubusercontent.com/po5p/hpc/main/sub.stichvpn.store_2285n15fMFhsVcM5_Subscription.txt|stichvpn
[23:10:18]   • https://raw.githubusercontent.com/po5p/hpc/main/subs.superbuba.top_xj1-N_ZgFtCL-tHz_Subscription.txt|Буба
[23:10:18] 
[23:10:18] ----------------------------------------------
[23:10:18] ШАГ 5: Отправка в GitHub
[23:10:18] ----------------------------------------------
[23:10:20] Результат: УСПЕШНО
[23:10:20] 
[23:10:20] ==============================================
[23:10:20] ИТОГИ
[23:10:20] ==============================================
[23:10:20] Обработано: 6 | Пропущено: 0
[23:10:20]   JSON:   148
[23:10:20]   ─────────────────
[23:10:20]   ВСЕГО:  148
[23:10:20] Сводный файл: https://raw.githubusercontent.com/po5p/hpc/main/GotovVpn.txt
[23:10:20] ==============================================
