[12:46:57] ==============================================
[12:46:57] ЗАПУСК ОБНОВЛЕНИЯ VPN
[12:46:57] ==============================================
[12:46:57] Дата: 08.06.2026 12:46:57
[12:46:57] GitHub: po5p/hpc
[12:46:57] 
[12:46:57] ----------------------------------------------
[12:46:57] ШАГ 1: Получение списка подписок
[12:46:57] ----------------------------------------------
[12:46:58] Статус: 200 (УСПЕШНО), размер: 99 байт
[12:46:58] Содержимое:
[12:46:58]   • https://sub.new-meme-connet.ru/cc7a8ebfb|MaxVpn1
[12:46:58]   • https://sub.new-meme-connet.ru/d8c44887a|MaxVpn2
[12:46:58] 
[12:46:58] ----------------------------------------------
[12:46:58] ШАГ 2: Клонирование репозитория
[12:46:58] ----------------------------------------------
[12:46:59] Статус: УСПЕШНО
[12:46:59] 
[12:46:59] ----------------------------------------------
[12:46:59] ШАГ 3: Обработка подписок
[12:46:59] ----------------------------------------------
[12:47:00] 
[12:47:00] Подписка #2: MaxVpn1
[12:47:00]   Файл: sub.new-meme-connet.ru_cc7a8ebfb_Subscription.txt
[12:47:00]   Загрузка: УСПЕШНО (6588 байт)
[12:47:00]   Формат: Base64 → vless
[12:47:00]   Конфигов: VL=12 VM=0 TR=0 SS=24 (всего: 36)
[12:47:00] 
[12:47:00] Подписка #3: MaxVpn2
[12:47:00]   Файл: sub.new-meme-connet.ru_d8c44887a_Subscription.txt
[12:47:01]   Загрузка: УСПЕШНО (6588 байт)
[12:47:01]   Формат: Base64 → vless
[12:47:01]   Конфигов: VL=12 VM=0 TR=0 SS=24 (всего: 36)
[12:47:01] 
[12:47:01] ----------------------------------------------
[12:47:01] ШАГ 4: Сводный файл
[12:47:01] ----------------------------------------------
[12:47:01] Ссылки в GotovVpn.txt:
[12:47:01]   • https://raw.githubusercontent.com/po5p/hpc/main/sub.new-meme-connet.ru_cc7a8ebfb_Subscription.txt
[12:47:01]   • https://raw.githubusercontent.com/po5p/hpc/main/sub.new-meme-connet.ru_d8c44887a_Subscription.txt
[12:47:01] 
[12:47:01] ----------------------------------------------
[12:47:01] ШАГ 5: Отправка в GitHub
[12:47:01] ----------------------------------------------
[12:47:03] Результат: УСПЕШНО
[12:47:03] 
[12:47:03] ==============================================
[12:47:03] ИТОГИ
[12:47:03] ==============================================
[12:47:03] Обработано: 2 | Пропущено: 0
[12:47:03]   VLESS:  24
[12:47:03]   SS:     48
[12:47:03]   ─────────────────
[12:47:03]   ВСЕГО:  72
[12:47:03] Сводный файл: https://raw.githubusercontent.com/po5p/hpc/main/GotovVpn.txt
[12:47:03] ==============================================
