[17:17:57] ==============================================
[17:17:57] ЗАПУСК ОБНОВЛЕНИЯ VPN
[17:17:57] ==============================================
[17:17:57] Дата: 06.06.2026 17:17:57
[17:17:57] GitHub: po5p/hpc
[17:17:57] HWID: CB522960-E2A9-7A19-12CB-FD12FEC71E19
[17:17:57] 
[17:17:57] ----------------------------------------------
[17:17:58] ШАГ 1: Получение списка подписок
[17:17:58] ----------------------------------------------
[17:17:58] Статус: 200 (УСПЕШНО), размер: 99 байт
[17:17:58] Содержимое:
[17:17:58]   • https://sub.new-meme-connet.ru/cc7a8ebfb|MaxVpn1
[17:17:58]   • https://sub.new-meme-connet.ru/d8c44887a|MaxVpn2
[17:17:58] 
[17:17:58] ----------------------------------------------
[17:17:58] ШАГ 2: Клонирование репозитория
[17:17:59] ----------------------------------------------
[17:18:00] Статус: УСПЕШНО
[17:18:00] 
[17:18:00] ----------------------------------------------
[17:18:00] ШАГ 3: Обработка подписок
[17:18:00] ----------------------------------------------
[17:18:00] 
[17:18:00] Подписка #2: MaxVpn1
[17:18:00]   Файл: sub.new-meme-connet.ru_cc7a8ebfb_Subscription.txt
[17:18:01]   Загрузка: УСПЕШНО (5360 байт)
[17:18:01]   Формат: Base64 → vless
[17:18:01]   Конфигов: 30
[17:18:02] 
[17:18:02] Подписка #3: MaxVpn2
[17:18:02]   Файл: sub.new-meme-connet.ru_d8c44887a_Subscription.txt
[17:18:02]   Загрузка: УСПЕШНО (5360 байт)
[17:18:02]   Формат: Base64 → vless
[17:18:03]   Конфигов: 30
[17:18:03] 
[17:18:03] ----------------------------------------------
[17:18:03] ШАГ 4: Сводный файл
[17:18:03] ----------------------------------------------
[17:18:03]   • https://raw.githubusercontent.com/po5p/hpc/main/sub.new-meme-connet.ru_cc7a8ebfb_Subscription.txt
[17:18:03]   • https://raw.githubusercontent.com/po5p/hpc/main/sub.new-meme-connet.ru_d8c44887a_Subscription.txt
[17:18:03] 
[17:18:03] ----------------------------------------------
[17:18:03] ШАГ 5: Отправка в GitHub
[17:18:03] ----------------------------------------------
[17:18:05] Результат: УСПЕШНО
[17:18:05] 
[17:18:05] ==============================================
[17:18:05] ИТОГИ
[17:18:05] ==============================================
[17:18:05] Обработано: 2 | Пропущено: 0
[17:18:05]   VLESS:  20
[17:18:05]   SS:     40
[17:18:06]   ─────────────────
[17:18:06]   ВСЕГО:  60
[17:18:06] Сводный файл: https://raw.githubusercontent.com/po5p/hpc/main/GotovVpn.txt
[17:18:06] ==============================================
