[19:13:55] ==============================================
[19:13:55] ЗАПУСК ОБНОВЛЕНИЯ VPN
[19:13:55] ==============================================
[19:13:55] Дата: 18.06.2026 19:13:55
[19:13:55] GitHub: po5p/hpc
[19:13:55] 
[19:13:55] ----------------------------------------------
[19:13:55] ШАГ 1: Получение списка подписок
[19:13:55] ----------------------------------------------
[19:14:03] Статус: 200 (УСПЕШНО), размер: 143 байт
[19:14:03] Содержимое:
[19:14:03]   • https://sillyvpn.qwaqdev.ru/sub/365e0df7-98d0-47b2-bfef-09a7100227f6|SILLYVPN
[19:14:03]   • https://sub.datanode-internal.net/FcQe0weSX1Qbc_-j|FastUnlimited
[19:14:03] 
[19:14:03] ----------------------------------------------
[19:14:03] ШАГ 2: Клонирование репозитория
[19:14:03] ----------------------------------------------
[19:14:05] Статус: УСПЕШНО
[19:14:05] 
[19:14:05] ----------------------------------------------
[19:14:05] ШАГ 3: Обработка подписок
[19:14:05] ----------------------------------------------
[19:14:05] 
[19:14:05] Подписка #1: SILLYVPN
[19:14:05]   Файл: sillyvpn.qwaqdev.ru_sub_365e0df7-98d0-47b2-bf_Subscription.txt
[19:14:06]   Загрузка: УСПЕШНО (17318 байт)
[19:14:06]   Формат: JSON
[19:14:06]   Конфигов (JSON): 13
[19:14:07] 
[19:14:07] Подписка #2: FastUnlimited
[19:14:07]   Файл: sub.datanode-internal.net_FcQe0weSX1Qbc_-j_Subscription.txt
[19:14:08]   Загрузка: УСПЕШНО (36493 байт)
[19:14:08]   Формат: JSON
[19:14:08]   Конфигов (JSON): 15
[19:14:08] 
[19:14:08] ----------------------------------------------
[19:14:08] ШАГ 4: Сводный файл
[19:14:08] ----------------------------------------------
[19:14:08] Ссылки в GotovVpn.txt:
[19:14:08]   • https://raw.githubusercontent.com/po5p/hpc/main/sillyvpn.qwaqdev.ru_sub_365e0df7-98d0-47b2-bf_Subscription.txt|SILLYVPN
[19:14:08]   • https://raw.githubusercontent.com/po5p/hpc/main/sub.datanode-internal.net_FcQe0weSX1Qbc_-j_Subscription.txt|FastUnlimited
[19:14:08] 
[19:14:08] ----------------------------------------------
[19:14:08] ШАГ 5: Отправка в GitHub
[19:14:08] ----------------------------------------------
[19:14:10] Результат: УСПЕШНО
[19:14:10] 
[19:14:10] ==============================================
[19:14:10] ИТОГИ
[19:14:10] ==============================================
[19:14:10] Обработано: 2 | Пропущено: 0
[19:14:10]   JSON:   28
[19:14:11]   ─────────────────
[19:14:11]   ВСЕГО:  28
[19:14:11] Сводный файл: https://raw.githubusercontent.com/po5p/hpc/main/GotovVpn.txt
[19:14:11] ==============================================
