[17:05:15] ==============================================
[17:05:15] ЗАПУСК ОБНОВЛЕНИЯ VPN
[17:05:15] ==============================================
[17:05:15] Дата: 06.06.2026 17:05:15
[17:05:15] GitHub: po5p/hpc
[17:05:15] HWID: CB522960-E2A9-7A19-12CB-FD12FEC71E19
[17:05:15] 
[17:05:15] ----------------------------------------------
[17:05:15] ШАГ 1: Получение списка подписок
[17:05:15] ----------------------------------------------
[17:05:16] Статус: 200 (УСПЕШНО), размер: 226 байт
[17:05:16] Содержимое:
[17:05:16]   • https://base44.app/api/apps/6a142ae2965f19733954fc09/files/mp/public/6a142ae2965f19733954fc09/ba7a54875_subscription.txt|SL-VPN
[17:05:16]   • https://sub.new-meme-connet.ru/cc7a8ebfb|MaxVpn1
[17:05:16]   • https://sub.new-meme-connet.ru/d8c44887a|MaxVpn2
[17:05:16] 
[17:05:16] ----------------------------------------------
[17:05:16] ШАГ 2: Клонирование репозитория
[17:05:16] ----------------------------------------------
[17:05:17] Статус: УСПЕШНО
[17:05:18] 
[17:05:18] ----------------------------------------------
[17:05:18] ШАГ 3: Обработка подписок
[17:05:18] ----------------------------------------------
[17:05:18] 
[17:05:18] Подписка #1: SL-VPN
[17:05:18]   Файл: base44.app_api_apps_6a142ae2965f19733954fc09__Subscription.txt
[17:05:19]   Загрузка: УСПЕШНО (5150 байт)
[17:05:19]   Формат: готовые vless/заголовки
[17:05:19]   Конфигов: 0
[17:05:19] 
[17:05:20] Подписка #2: MaxVpn1
[17:05:20]   Файл: sub.new-meme-connet.ru_cc7a8ebfb_Subscription.txt
[17:05:20]   Загрузка: УСПЕШНО (5336 байт)
[17:05:20]   Формат: Base64 → vless
[17:05:21]   Конфигов: 0
[17:05:21] 
[17:05:21] Подписка #3: MaxVpn2
[17:05:21]   Файл: sub.new-meme-connet.ru_d8c44887a_Subscription.txt
[17:05:22]   Загрузка: УСПЕШНО (5336 байт)
[17:05:22]   Формат: Base64 → vless
[17:05:22]   Конфигов: 0
[17:05:22] 
[17:05:23] ----------------------------------------------
[17:05:23] ШАГ 4: Сводный файл
[17:05:23] ----------------------------------------------
[17:05:23]   • https://raw.githubusercontent.com/po5p/hpc/main/base44.app_api_apps_6a142ae2965f19733954fc09__Subscription.txt
[17:05:23]   • https://raw.githubusercontent.com/po5p/hpc/main/sub.new-meme-connet.ru_cc7a8ebfb_Subscription.txt
[17:05:23]   • https://raw.githubusercontent.com/po5p/hpc/main/sub.new-meme-connet.ru_d8c44887a_Subscription.txt
[17:05:23] 
[17:05:23] ----------------------------------------------
[17:05:23] ШАГ 5: Отправка в GitHub
[17:05:23] ----------------------------------------------
[17:05:24] Результат: УСПЕШНО
[17:05:24] 
[17:05:24] ==============================================
[17:05:24] ИТОГИ
[17:05:24] ==============================================
[17:05:24] Обработано: 3 | Пропущено: 0
[17:05:24]   ─────────────────
[17:05:24]   ВСЕГО:  0
[17:05:24] Сводный файл: https://raw.githubusercontent.com/po5p/hpc/main/GotovVpn.txt
[17:05:24] ==============================================
