[18:50:58] ==============================================
[18:50:58] ЗАПУСК ОБНОВЛЕНИЯ VPN
[18:50:58] ==============================================
[18:50:58] Дата: 18.06.2026 18:50:58
[18:50:58] GitHub: po5p/hpc
[18:50:58] 
[18:50:58] ----------------------------------------------
[18:50:58] ШАГ 1: Получение списка подписок
[18:50:58] ----------------------------------------------
[18:50:59] Статус: 200 (УСПЕШНО), размер: 143 байт
[18:50:59] Содержимое:
[18:50:59]   • https://sillyvpn.qwaqdev.ru/sub/365e0df7-98d0-47b2-bfef-09a7100227f6|SILLYVPN
[18:50:59]   • https://sub.datanode-internal.net/FcQe0weSX1Qbc_-j|FastUnlimited
[18:50:59] 
[18:50:59] ----------------------------------------------
[18:50:59] ШАГ 2: Клонирование репозитория
[18:50:59] ----------------------------------------------
[18:51:01] Статус: УСПЕШНО
[18:51:01] 
[18:51:01] ----------------------------------------------
[18:51:01] ШАГ 3: Обработка подписок
[18:51:01] ----------------------------------------------
[18:51:01] 
[18:51:01] Подписка #1: SILLYVPN
[18:51:01]   Файл: sillyvpn.qwaqdev.ru_sub_365e0df7-98d0-47b2-bf_Subscription.txt
[18:51:02]   Загрузка: УСПЕШНО (17318 байт)
[18:51:02]   Формат: JSON
[18:51:02]   Конфигов (JSON): 13
[18:51:03] 
[18:51:03] Подписка #2: FastUnlimited
[18:51:03]   Файл: sub.datanode-internal.net_FcQe0weSX1Qbc_-j_Subscription.txt
[18:51:04]   Загрузка: УСПЕШНО (36485 байт)
[18:51:04]   Формат: JSON
[18:51:04]   Конфигов (JSON): 15
[18:51:04] 
[18:51:04] ----------------------------------------------
[18:51:04] ШАГ 4: Сводный файл
[18:51:04] ----------------------------------------------
[18:51:04] Ссылки в GotovVpn.txt:
[18:51:04]   • https://raw.githubusercontent.com/po5p/hpc/main/sillyvpn.qwaqdev.ru_sub_365e0df7-98d0-47b2-bf_Subscription.txt
[18:51:04]   • https://raw.githubusercontent.com/po5p/hpc/main/sub.datanode-internal.net_FcQe0weSX1Qbc_-j_Subscription.txt
[18:51:04] 
[18:51:04] ----------------------------------------------
[18:51:04] ШАГ 5: Отправка в GitHub
[18:51:04] ----------------------------------------------
[18:51:06] Результат: УСПЕШНО
[18:51:06] 
[18:51:06] ==============================================
[18:51:06] ИТОГИ
[18:51:06] ==============================================
[18:51:06] Обработано: 2 | Пропущено: 0
[18:51:06]   JSON:   28
[18:51:06]   ─────────────────
[18:51:06]   ВСЕГО:  28
[18:51:06] Сводный файл: https://raw.githubusercontent.com/po5p/hpc/main/GotovVpn.txt
[18:51:06] ==============================================
