[09:40:29] ==============================================
[09:40:29] ЗАПУСК ОБНОВЛЕНИЯ VPN
[09:40:29] ==============================================
[09:40:29] Дата: 09.06.2026 09:40:29
[09:40:29] GitHub: po5p/hpc
[09:40:29] 
[09:40:29] ----------------------------------------------
[09:40:29] ШАГ 1: Получение списка подписок
[09:40:30] ----------------------------------------------
[09:40:30] Статус: 200 (УСПЕШНО), размер: 99 байт
[09:40:30] Содержимое:
[09:40:30]   • https://sub.new-meme-connet.ru/cc7a8ebfb|MaxVpn1
[09:40:30]   • https://sub.new-meme-connet.ru/d8c44887a|MaxVpn2
[09:40:30] 
[09:40:30] ----------------------------------------------
[09:40:30] ШАГ 2: Клонирование репозитория
[09:40:30] ----------------------------------------------
[09:40:31] Статус: УСПЕШНО
[09:40:31] 
[09:40:31] ----------------------------------------------
[09:40:31] ШАГ 3: Обработка подписок
[09:40:31] ----------------------------------------------
[09:40:32] 
[09:40:32] Подписка #2: MaxVpn1
[09:40:32]   Файл: sub.new-meme-connet.ru_cc7a8ebfb_Subscription.txt
[09:40:32]   Загрузка: УСПЕШНО (6548 байт)
[09:40:32]   Формат: Base64 → vless
[09:40:32]   Конфигов: VL=12 VM=0 TR=0 SS=24 (всего: 36)
[09:40:32] 
[09:40:32] Подписка #3: MaxVpn2
[09:40:32]   Файл: sub.new-meme-connet.ru_d8c44887a_Subscription.txt
[09:40:33]   Загрузка: УСПЕШНО (6548 байт)
[09:40:33]   Формат: Base64 → vless
[09:40:33]   Конфигов: VL=12 VM=0 TR=0 SS=24 (всего: 36)
[09:40:33] 
[09:40:33] ----------------------------------------------
[09:40:33] ШАГ 4: Сводный файл
[09:40:33] ----------------------------------------------
[09:40:33] Ссылки в GotovVpn.txt:
[09:40:33]   • https://raw.githubusercontent.com/po5p/hpc/main/sub.new-meme-connet.ru_cc7a8ebfb_Subscription.txt
[09:40:33]   • https://raw.githubusercontent.com/po5p/hpc/main/sub.new-meme-connet.ru_d8c44887a_Subscription.txt
[09:40:33] 
[09:40:33] ----------------------------------------------
[09:40:33] ШАГ 5: Отправка в GitHub
[09:40:33] ----------------------------------------------
[09:40:35] Результат: УСПЕШНО
[09:40:35] 
[09:40:35] ==============================================
[09:40:35] ИТОГИ
[09:40:35] ==============================================
[09:40:35] Обработано: 2 | Пропущено: 0
[09:40:35]   VLESS:  24
[09:40:35]   SS:     48
[09:40:35]   ─────────────────
[09:40:35]   ВСЕГО:  72
[09:40:35] Сводный файл: https://raw.githubusercontent.com/po5p/hpc/main/GotovVpn.txt
[09:40:35] ==============================================
