[16:00:38] ==============================================
[16:00:38] ЗАПУСК ОБНОВЛЕНИЯ VPN
[16:00:38] ==============================================
[16:00:38] Дата: 06.06.2026 16:00:38
[16:00:38] GitHub: po5p/hpc
[16:00:38] HWID: CB522960-E2A9-7A19-12CB-FD12FEC71E19
[16:00:38] Лог-файл: /data/data/com.termux/files/home/vpn_logs/vpn_update_2026-06-06_16-00-38.log
[16:00:39] 
[16:00:39] ----------------------------------------------
[16:00:39] ШАГ 1: Получение списка подписок
[16:00:39] ----------------------------------------------
[16:00:39] URL: https://raw.githubusercontent.com/po5p/hpc/main/SubscriptionList.txt
[16:00:39] HTTP статус: 200
[16:00:39] Время запроса: ? сек
[16:00:39] Размер ответа: 99 байт
[16:00:39] Содержимое SubscriptionList.txt:
[16:00:39]   • https://sub.new-meme-connet.ru/cc7a8ebfb|MaxVpn1
[16:00:39]   • https://sub.new-meme-connet.ru/d8c44887a|MaxVpn2
[16:00:40] 
[16:00:40] ----------------------------------------------
[16:00:40] ШАГ 2: Клонирование репозитория
[16:00:40] ----------------------------------------------
[16:00:41] Статус: код 0
[16:00:41] Время: ? сек
[16:00:41] Репозиторий склонирован успешно
[16:00:41] 
[16:00:41] ----------------------------------------------
[16:00:41] ШАГ 3: Обработка подписок
[16:00:41] ----------------------------------------------
[16:00:41] 
[16:00:42] Подписка #2: MaxVpn1
[16:00:42]   URL: https://sub.new-meme-connet.ru/cc7a8ebfb
[16:00:42]   Файл: sub.new-meme-connet.ru_cc7a8ebfb_Subscription.txt
[16:00:42]   Загрузка: HTTP 200, ? сек, 5336 байт
[16:00:42]   Формат: Base64 (расшифровываю)
[16:00:43]   Декод выполнен за ? сек
[16:00:43]   Конфигов: VLESS=10 VMess=0 Trojan=0 SS=20 (всего: 30)
[16:00:43] 
[16:00:43] Подписка #3: MaxVpn2
[16:00:43]   URL: https://sub.new-meme-connet.ru/d8c44887a
[16:00:43]   Файл: sub.new-meme-connet.ru_d8c44887a_Subscription.txt
[16:00:44]   Загрузка: HTTP 200, ? сек, 5336 байт
[16:00:44]   Формат: Base64 (расшифровываю)
[16:00:44]   Декод выполнен за ? сек
[16:00:45]   Конфигов: VLESS=10 VMess=0 Trojan=0 SS=20 (всего: 30)
[16:00:45] 
[16:00:45] ----------------------------------------------
[16:00:45] ШАГ 4: Сохранение сводного файла
[16:00:45] ----------------------------------------------
[16:00:45] Ссылок в GotovVpn.txt: 2
