[23:07:31] ==============================================
[23:07:31] ЗАПУСК ОБНОВЛЕНИЯ VPN
[23:07:31] ==============================================
[23:07:31] Дата: 18.06.2026 23:07:31
[23:07:31] GitHub: po5p/hpc
[23:07:31] 
[23:07:31] ----------------------------------------------
[23:07:31] ШАГ 1: Получение списка подписок
[23:07:31] ----------------------------------------------
[23:07:32] Статус: 200 (УСПЕШНО), размер: 396 байт
[23:07:32] Содержимое:
[23:07:32]   • https://sillyvpn.qwaqdev.ru/sub/365e0df7-98d0-47b2-bfef-09a7100227f6|SILLYVPN
[23:07:32]   • https://sub.datanode-internal.net/FcQe0weSX1Qbc_-j|FastUnlimited
[23:07:32]   • https://cdn-biz.ru/sub/1/5609a383-a603-46e8-8de5-a31bab826871|Yowet7
[23:07:32]   • https://sillyvpn.qwaqdev.ru/sub/ff05c08b-dc28-4263-b585-df08338de6fb|SillyVPN
[23:07:32]   • https://sub.stichvpn.store/2285n15fMFhsVcM5|stichvpn
[23:07:32]   • https://subs.superbuba.top/xj1-N_ZgFtCL-tHz|Буба
[23:07:32] 
[23:07:32] ----------------------------------------------
[23:07:32] ШАГ 2: Клонирование репозитория
[23:07:32] ----------------------------------------------
[23:07:33] Статус: УСПЕШНО
[23:07:33] 
[23:07:33] ----------------------------------------------
[23:07:33] ШАГ 3: Обработка подписок
[23:07:34] ----------------------------------------------
[23:07:34] 
[23:07:34] Подписка #1: SILLYVPN
[23:07:34]   Файл: sillyvpn.qwaqdev.ru_sub_365e0df7-98d0-47b2-bf_Subscription.txt
[23:07:34]   Загрузка: УСПЕШНО (10030 байт)
[23:07:34]   Формат: JSON
[23:07:34]   Конфигов (JSON): 6
[23:07:34] 
[23:07:35] Подписка #2: FastUnlimited
[23:07:35]   Файл: sub.datanode-internal.net_FcQe0weSX1Qbc_-j_Subscription.txt
[23:07:35]   Загрузка: УСПЕШНО (36493 байт)
[23:07:35]   Формат: JSON
[23:07:35]   Конфигов (JSON): 15
[23:07:35] 
[23:07:35] Подписка #3: Yowet7
[23:07:35]   Файл: cdn-biz.ru_sub_1_5609a383-a603-46e8-8de5-a31b_Subscription.txt
[23:07:36]   Загрузка: УСПЕШНО (226025 байт)
[23:07:36]   Формат: JSON
[23:07:36]   Конфигов (JSON): 60
[23:07:37] 
[23:07:37] Подписка #4: SillyVPN
[23:07:37]   Файл: sillyvpn.qwaqdev.ru_sub_ff05c08b-dc28-4263-b5_Subscription.txt
[23:07:37]   Загрузка: УСПЕШНО (10030 байт)
[23:07:37]   Формат: JSON
[23:07:37]   Конфигов (JSON): 6
[23:07:37] 
[23:07:37] Подписка #5: stichvpn
[23:07:38]   Файл: sub.stichvpn.store_2285n15fMFhsVcM5_Subscription.txt
[23:07:38]   Загрузка: УСПЕШНО (31443 байт)
[23:07:38]   Формат: JSON
[23:07:38]   Конфигов (JSON): 27
[23:07:38] 
[23:07:38] Подписка #6: Буба
[23:07:38]   Файл: subs.superbuba.top_xj1-N_ZgFtCL-tHz_Subscription.txt
[23:07:40]   Загрузка: УСПЕШНО (78515 байт)
[23:07:40]   Формат: JSON
[23:07:40]   Конфигов (JSON): 34
[23:07:40] 
[23:07:40] ----------------------------------------------
[23:07:40] ШАГ 4: Сводный файл
[23:07:40] ----------------------------------------------
[23:07:40] Ссылки в GotovVpn.txt:
[23:07:40]   • https://raw.githubusercontent.com/po5p/hpc/main/sillyvpn.qwaqdev.ru_sub_365e0df7-98d0-47b2-bf_Subscription.txt|SILLYVPN
[23:07:40]   • https://raw.githubusercontent.com/po5p/hpc/main/sub.datanode-internal.net_FcQe0weSX1Qbc_-j_Subscription.txt|FastUnlimited
[23:07:40]   • https://raw.githubusercontent.com/po5p/hpc/main/cdn-biz.ru_sub_1_5609a383-a603-46e8-8de5-a31b_Subscription.txt|Yowet7
[23:07:40]   • https://raw.githubusercontent.com/po5p/hpc/main/sillyvpn.qwaqdev.ru_sub_ff05c08b-dc28-4263-b5_Subscription.txt|SillyVPN
[23:07:40]   • https://raw.githubusercontent.com/po5p/hpc/main/sub.stichvpn.store_2285n15fMFhsVcM5_Subscription.txt|stichvpn
[23:07:40]   • https://raw.githubusercontent.com/po5p/hpc/main/subs.superbuba.top_xj1-N_ZgFtCL-tHz_Subscription.txt|Буба
[23:07:40] 
[23:07:40] ----------------------------------------------
[23:07:40] ШАГ 5: Отправка в GitHub
[23:07:40] ----------------------------------------------
[23:07:49] Результат: УСПЕШНО
[23:07:49] 
[23:07:49] ==============================================
[23:07:49] ИТОГИ
[23:07:49] ==============================================
[23:07:49] Обработано: 6 | Пропущено: 0
[23:07:49]   JSON:   148
[23:07:49]   ─────────────────
[23:07:49]   ВСЕГО:  148
[23:07:49] Сводный файл: https://raw.githubusercontent.com/po5p/hpc/main/GotovVpn.txt
[23:07:49] ==============================================
