[00:18:56] ==============================================
[00:18:56] ЗАПУСК ОБНОВЛЕНИЯ VPN
[00:18:56] ==============================================
[00:18:56] Дата: 10.06.2026 00:18:56
[00:18:56] GitHub: po5p/hpc
[00:18:56] 
[00:18:56] ----------------------------------------------
[00:18:56] ШАГ 1: Получение списка подписок
[00:18:56] ----------------------------------------------
[00:18:56] Статус: 200 (УСПЕШНО), размер: 205 байт
[00:18:56] Содержимое:
[00:18:56]   • https://gist.githubusercontent.com/FrizanGAME/dfd1f7ac36511593dc6d0faff14cc8bb/raw/frizanVPN.txt|frizanVPN
[00:18:56]   • https://sub.new-meme-connet.ru/cc7a8ebfb|MaxVpn1
[00:18:56]   • https://sub.new-meme-connet.ru/d8c44887a|MaxVpn2
[00:18:56] 
[00:18:56] ----------------------------------------------
[00:18:56] ШАГ 2: Клонирование репозитория
[00:18:57] ----------------------------------------------
[00:18:58] Статус: УСПЕШНО
[00:18:58] 
[00:18:58] ----------------------------------------------
[00:18:58] ШАГ 3: Обработка подписок
[00:18:58] ----------------------------------------------
[00:18:58] 
[00:18:58] Подписка #1: frizanVPN
[00:18:58]   Файл: gist.githubusercontent.com_FrizanGAME_dfd1f7a_Subscription.txt
[00:18:58]   Загрузка: УСПЕШНО (3394 байт)
[00:18:58]   Формат: готовые vless/заголовки
[00:18:58]   Конфигов: 24
[00:18:58] 
[00:18:58] Подписка #2: MaxVpn1
[00:18:58]   Файл: sub.new-meme-connet.ru_cc7a8ebfb_Subscription.txt
[00:18:59]   Загрузка: УСПЕШНО (6604 байт)
[00:18:59]   Формат: Base64 → vless
[00:18:59]   Конфигов: VL=12 VM=0 TR=0 SS=24 (всего: 36)
[00:18:59] 
[00:18:59] Подписка #3: MaxVpn2
[00:18:59]   Файл: sub.new-meme-connet.ru_d8c44887a_Subscription.txt
[00:19:00]   Загрузка: УСПЕШНО (6604 байт)
[00:19:00]   Формат: Base64 → vless
[00:19:00]   Конфигов: VL=12 VM=0 TR=0 SS=24 (всего: 36)
[00:19:00] 
[00:19:00] ----------------------------------------------
[00:19:00] ШАГ 4: Сводный файл
[00:19:00] ----------------------------------------------
[00:19:00] Ссылки в GotovVpn.txt:
[00:19:00]   • https://raw.githubusercontent.com/po5p/hpc/main/gist.githubusercontent.com_FrizanGAME_dfd1f7a_Subscription.txt
[00:19:00]   • https://raw.githubusercontent.com/po5p/hpc/main/sub.new-meme-connet.ru_cc7a8ebfb_Subscription.txt
[00:19:00]   • https://raw.githubusercontent.com/po5p/hpc/main/sub.new-meme-connet.ru_d8c44887a_Subscription.txt
[00:19:00] 
[00:19:00] ----------------------------------------------
[00:19:00] ШАГ 5: Отправка в GitHub
[00:19:00] ----------------------------------------------
[00:19:02] Результат: УСПЕШНО
[00:19:02] 
[00:19:02] ==============================================
[00:19:02] ИТОГИ
[00:19:02] ==============================================
[00:19:02] Обработано: 3 | Пропущено: 0
[00:19:02]   VLESS:  24
[00:19:02]   SS:     48
[00:19:02]   ─────────────────
[00:19:02]   ВСЕГО:  72
[00:19:03] Сводный файл: https://raw.githubusercontent.com/po5p/hpc/main/GotovVpn.txt
[00:19:03] ==============================================
