[20:00:01] ==============================================
[20:00:01] ЗАПУСК ОБНОВЛЕНИЯ VPN
[20:00:01] ==============================================
[20:00:01] Дата: 07.06.2026 20:00:01
[20:00:01] GitHub: po5p/hpc
[20:00:01] HWID: CB522960-E2A9-7A19-12CB-FD12FEC71E19
[20:00:01] 
[20:00:01] ----------------------------------------------
[20:00:01] ШАГ 1: Получение списка подписок
[20:00:01] ----------------------------------------------
[20:00:01] Статус: 200 (УСПЕШНО), размер: 99 байт
[20:00:01] Содержимое:
[20:00:01]   • https://sub.new-meme-connet.ru/cc7a8ebfb|MaxVpn1
[20:00:01]   • https://sub.new-meme-connet.ru/d8c44887a|MaxVpn2
[20:00:01] 
[20:00:02] ----------------------------------------------
[20:00:02] ШАГ 2: Клонирование репозитория
[20:00:02] ----------------------------------------------
[20:00:03] Статус: УСПЕШНО
[20:00:03] 
[20:00:03] ----------------------------------------------
[20:00:03] ШАГ 3: Обработка подписок
[20:00:03] ----------------------------------------------
[20:00:03] 
[20:00:03] Подписка #2: MaxVpn1
[20:00:03]   Файл: sub.new-meme-connet.ru_cc7a8ebfb_Subscription.txt
[20:00:03]   Загрузка: УСПЕШНО (6580 байт)
[20:00:03]   Формат: Base64 → vless
[20:00:04]   Конфигов: 36
[20:00:04] 
[20:00:04] Подписка #3: MaxVpn2
[20:00:04]   Файл: sub.new-meme-connet.ru_d8c44887a_Subscription.txt
[20:00:04]   Загрузка: УСПЕШНО (6580 байт)
[20:00:04]   Формат: Base64 → vless
[20:00:05]   Конфигов: 36
[20:00:05] 
[20:00:05] ----------------------------------------------
[20:00:05] ШАГ 4: Сводный файл
[20:00:05] ----------------------------------------------
[20:00:05]   • https://raw.githubusercontent.com/po5p/hpc/main/sub.new-meme-connet.ru_cc7a8ebfb_Subscription.txt
[20:00:05]   • https://raw.githubusercontent.com/po5p/hpc/main/sub.new-meme-connet.ru_d8c44887a_Subscription.txt
[20:00:05] 
[20:00:05] ----------------------------------------------
[20:00:05] ШАГ 5: Отправка в GitHub
[20:00:05] ----------------------------------------------
[20:00:07] Результат: УСПЕШНО
[20:00:07] 
[20:00:07] ==============================================
[20:00:07] ИТОГИ
[20:00:07] ==============================================
[20:00:07] Обработано: 2 | Пропущено: 0
[20:00:07]   VLESS:  24
[20:00:07]   SS:     48
[20:00:07]   ─────────────────
[20:00:07]   ВСЕГО:  72
[20:00:07] Сводный файл: https://raw.githubusercontent.com/po5p/hpc/main/GotovVpn.txt
[20:00:07] ==============================================
