[12:03:24] ==============================================
[12:03:24] ЗАПУСК ОБНОВЛЕНИЯ VPN
[12:03:25] ==============================================
[12:03:39] Дата: 15.06.2026 12:03:25
[12:03:39] GitHub: po5p/hpc
[12:03:40] 
[12:03:40] ----------------------------------------------
[12:03:54] ШАГ 1: Получение списка подписок
[12:03:55] ----------------------------------------------
[12:03:55] Статус: 200 (УСПЕШНО), размер: 1 байт
[12:03:55] Содержимое:
[12:03:55] 
[12:03:55] ----------------------------------------------
[12:03:55] ШАГ 2: Клонирование репозитория
[12:03:55] ----------------------------------------------
[12:03:57] Статус: УСПЕШНО
[12:03:57] 
[12:03:57] ----------------------------------------------
[12:03:57] ШАГ 3: Обработка подписок
[12:03:57] ----------------------------------------------
[12:03:57] 
[12:03:57] ----------------------------------------------
[12:03:57] ШАГ 4: Сводный файл
[12:03:57] ----------------------------------------------
[12:03:57] Ссылки в GotovVpn.txt:
[12:03:57] 
[12:03:57] ----------------------------------------------
[12:03:57] ШАГ 5: Отправка в GitHub
[12:03:57] ----------------------------------------------
[12:04:25] Результат: УСПЕШНО
[12:04:25] 
[12:04:25] ==============================================
[12:04:25] ИТОГИ
[12:04:25] ==============================================
[12:04:25] Обработано: 0 | Пропущено: 0
[12:04:25]   ─────────────────
[12:04:25]   ВСЕГО:  0
[12:04:25] Сводный файл: https://raw.githubusercontent.com/po5p/hpc/main/GotovVpn.txt
[12:04:25] ==============================================
