[08:32:36] ==============================================
[08:32:36] ЗАПУСК ОБНОВЛЕНИЯ VPN
[08:32:36] ==============================================
[08:32:37] Дата: 19.06.2026 08:32:37
[08:32:37] GitHub: po5p/hpc
[08:32:37] 
[08:32:37] ----------------------------------------------
[08:32:37] ШАГ 1: Получение списка подписок
[08:32:37] ----------------------------------------------
[08:32:37] Статус: 200 (УСПЕШНО), размер: 649 байт
[08:32:37] Содержимое:
[08:32:37]   • https://sillyvpn.qwaqdev.ru/sub/365e0df7-98d0-47b2-bfef-09a7100227f6|SILLYVPN
[08:32:37]   • https://sub.datanode-internal.net/FcQe0weSX1Qbc_-j|FastUnlimited
[08:32:37]   • https://cdn-biz.ru/sub/1/5609a383-a603-46e8-8de5-a31bab826871|Yowet7
[08:32:37]   • https://sillyvpn.qwaqdev.ru/sub/ff05c08b-dc28-4263-b585-df08338de6fb|SillyVPN
[08:32:37]   • https://sub.stichvpn.store/2285n15fMFhsVcM5|stichvpn
[08:32:38]   • https://subs.superbuba.top/xj1-N_ZgFtCL-tHz|Буба
[08:32:38]   • https://sub.xexvpn.ru/sub-free-lte/CL7ELMBTUH/|xex
[08:32:38]   • https://sub.caladantech.net/Wvu_tj_Hjn1V-_E1|HipVpn
[08:32:38]   • https://sub.cvedcvpn.ru/YfWj6Po5X88zx6Qc|okak67
[08:32:38]   • https://sub.nosok-top.com/0Zxj0TRZPY-9NNf5|Nosok
[08:32:38]   • https://sub.myxasecure.space/9KLJF4vNSGCa5xSE|okak67
[08:32:38] 
[08:32:38] ----------------------------------------------
[08:32:38] ШАГ 2: Клонирование репозитория
[08:32:38] ----------------------------------------------
[08:32:41] Статус: УСПЕШНО
[08:32:41] 
[08:32:41] ----------------------------------------------
[08:32:41] ШАГ 3: Обработка подписок
[08:32:41] ----------------------------------------------
[08:32:41] 
[08:32:41] Подписка #1: SILLYVPN
[08:32:41]   Файл: sillyvpn.qwaqdev.ru_sub_365e0df7-98d0-47b2-bf_Subscription.txt
[08:32:42]   Загрузка: УСПЕШНО (17318 байт)
[08:32:42]   Формат: JSON
[08:32:42]   Конфигов (JSON): 13
[08:32:42] 
[08:32:42] Подписка #2: FastUnlimited
[08:32:42]   Файл: sub.datanode-internal.net_FcQe0weSX1Qbc_-j_Subscription.txt
[08:32:43]   Загрузка: УСПЕШНО (36473 байт)
[08:32:43]   Формат: JSON
[08:32:43]   Конфигов (JSON): 15
[08:32:44] 
[08:32:44] Подписка #3: Yowet7
[08:32:44]   Файл: cdn-biz.ru_sub_1_5609a383-a603-46e8-8de5-a31b_Subscription.txt
[08:32:45]   Загрузка: УСПЕШНО (173295 байт)
[08:32:45]   Формат: JSON
[08:32:45]   Конфигов (JSON): 46
[08:32:45] 
[08:32:45] Подписка #4: SillyVPN
[08:32:45]   Файл: sillyvpn.qwaqdev.ru_sub_ff05c08b-dc28-4263-b5_Subscription.txt
[08:32:46]   Загрузка: УСПЕШНО (17318 байт)
[08:32:46]   Формат: JSON
[08:32:46]   Конфигов (JSON): 13
[08:32:46] 
[08:32:46] Подписка #5: stichvpn
[08:32:46]   Файл: sub.stichvpn.store_2285n15fMFhsVcM5_Subscription.txt
[08:32:47]   Загрузка: УСПЕШНО (31451 байт)
[08:32:47]   Формат: JSON
[08:32:47]   Конфигов (JSON): 27
[08:32:47] 
[08:32:47] Подписка #6: Буба
[08:32:47]   Файл: subs.superbuba.top_xj1-N_ZgFtCL-tHz_Subscription.txt
[08:32:48]   Загрузка: УСПЕШНО (78515 байт)
[08:32:48]   Формат: JSON
[08:32:49]   Конфигов (JSON): 34
[08:32:49] 
[08:32:49] Подписка #7: xex
[08:32:49]   Файл: sub.xexvpn.ru_sub-free-lte_CL7ELMBTUH_Subscription.txt
[08:32:50]   Загрузка: УСПЕШНО (139444 байт)
[08:32:50]   Формат: Base64 → vless
[08:32:50]   Конфигов: VL=306 VM=0 TR=0 SS=612 (всего: 918)
[08:32:50] 
[08:32:50] Подписка #8: HipVpn
[08:32:50]   Файл: sub.caladantech.net_Wvu_tj_Hjn1V-_E1_Subscription.txt
[08:32:51]   Загрузка: УСПЕШНО (20022 байт)
[08:32:51]   Формат: JSON
[08:32:51]   Конфигов (JSON): 17
[08:32:51] 
[08:32:51] Подписка #9: okak67
[08:32:52]   Файл: sub.cvedcvpn.ru_YfWj6Po5X88zx6Qc_Subscription.txt
[08:32:52]   Загрузка: УСПЕШНО (3800 байт)
[08:32:53]   Формат: Base64 → vless
[08:32:53]   Конфигов: VL=8 VM=0 TR=0 SS=16 (всего: 24)
[08:32:53] 
[08:32:53] Подписка #10: Nosok
[08:32:53]   Файл: sub.nosok-top.com_0Zxj0TRZPY-9NNf5_Subscription.txt
[08:32:54]   Загрузка: УСПЕШНО (4124 байт)
[08:32:54]   Формат: JSON
[08:32:54]   Конфигов (JSON): 3
[08:32:54] 
[08:32:54] Подписка #11: okak67
[08:32:54]   Файл: sub.myxasecure.space_9KLJF4vNSGCa5xSE_Subscription.txt
[08:32:55]   Загрузка: УСПЕШНО (18864 байт)
[08:32:55]   Формат: JSON
[08:32:55]   Конфигов (JSON): 16
[08:32:55] 
[08:32:55] ----------------------------------------------
[08:32:56] ШАГ 4: Сводный файл
[08:32:56] ----------------------------------------------
[08:32:56] Ссылки в GotovVpn.txt:
[08:32:56]   • https://raw.githubusercontent.com/po5p/hpc/main/sillyvpn.qwaqdev.ru_sub_365e0df7-98d0-47b2-bf_Subscription.txt|SILLYVPN
[08:32:56]   • https://raw.githubusercontent.com/po5p/hpc/main/sub.datanode-internal.net_FcQe0weSX1Qbc_-j_Subscription.txt|FastUnlimited
[08:32:56]   • https://raw.githubusercontent.com/po5p/hpc/main/cdn-biz.ru_sub_1_5609a383-a603-46e8-8de5-a31b_Subscription.txt|Yowet7
[08:32:56]   • https://raw.githubusercontent.com/po5p/hpc/main/sillyvpn.qwaqdev.ru_sub_ff05c08b-dc28-4263-b5_Subscription.txt|SillyVPN
[08:32:56]   • https://raw.githubusercontent.com/po5p/hpc/main/sub.stichvpn.store_2285n15fMFhsVcM5_Subscription.txt|stichvpn
[08:32:56]   • https://raw.githubusercontent.com/po5p/hpc/main/subs.superbuba.top_xj1-N_ZgFtCL-tHz_Subscription.txt|Буба
[08:32:56]   • https://raw.githubusercontent.com/po5p/hpc/main/sub.xexvpn.ru_sub-free-lte_CL7ELMBTUH_Subscription.txt|xex
[08:32:56]   • https://raw.githubusercontent.com/po5p/hpc/main/sub.caladantech.net_Wvu_tj_Hjn1V-_E1_Subscription.txt|HipVpn
[08:32:56]   • https://raw.githubusercontent.com/po5p/hpc/main/sub.cvedcvpn.ru_YfWj6Po5X88zx6Qc_Subscription.txt|okak67
[08:32:56]   • https://raw.githubusercontent.com/po5p/hpc/main/sub.nosok-top.com_0Zxj0TRZPY-9NNf5_Subscription.txt|Nosok
[08:32:56]   • https://raw.githubusercontent.com/po5p/hpc/main/sub.myxasecure.space_9KLJF4vNSGCa5xSE_Subscription.txt|okak67
[08:32:56] 
[08:32:56] ----------------------------------------------
[08:32:56] ШАГ 5: Отправка в GitHub
[08:32:56] ----------------------------------------------
[08:32:58] Результат: УСПЕШНО
[08:32:58] 
[08:32:58] ==============================================
[08:32:58] ИТОГИ
[08:32:58] ==============================================
[08:32:59] Обработано: 11 | Пропущено: 0
[08:32:59]   VLESS:  314
[08:32:59]   SS:     628
[08:32:59]   JSON:   184
[08:32:59]   ─────────────────
[08:32:59]   ВСЕГО:  1126
[08:32:59] Сводный файл: https://raw.githubusercontent.com/po5p/hpc/main/GotovVpn.txt
[08:32:59] ==============================================
