[16:50:14] ==============================================
[16:50:14] ЗАПУСК ОБНОВЛЕНИЯ VPN
[16:50:14] ==============================================
[16:50:14] Дата: 08.06.2026 16:50:14
[16:50:14] GitHub: po5p/hpc
[16:50:14] 
[16:50:14] ----------------------------------------------
[16:50:14] ШАГ 1: Получение списка подписок
[16:50:14] ----------------------------------------------
[16:50:15] Статус: 200 (УСПЕШНО), размер: 99 байт
[16:50:15] Содержимое:
[16:50:15]   • https://sub.new-meme-connet.ru/cc7a8ebfb|MaxVpn1
[16:50:15]   • https://sub.new-meme-connet.ru/d8c44887a|MaxVpn2
[16:50:15] 
[16:50:15] ----------------------------------------------
[16:50:15] ШАГ 2: Клонирование репозитория
[16:50:15] ----------------------------------------------
[16:50:16] Статус: УСПЕШНО
[16:50:16] 
[16:50:16] ----------------------------------------------
[16:50:16] ШАГ 3: Обработка подписок
[16:50:16] ----------------------------------------------
[16:50:16] 
[16:50:16] Подписка #2: MaxVpn1
[16:50:16]   Файл: sub.new-meme-connet.ru_cc7a8ebfb_Subscription.txt
[16:50:17]   Загрузка: УСПЕШНО (6556 байт)
[16:50:17]   Формат: Base64 → vless
[16:50:17]   Конфигов: VL=12 VM=0 TR=0 SS=24 (всего: 36)
[16:50:17] 
[16:50:17] Подписка #3: MaxVpn2
[16:50:17]   Файл: sub.new-meme-connet.ru_d8c44887a_Subscription.txt
[16:50:18]   Загрузка: УСПЕШНО (6556 байт)
[16:50:18]   Формат: Base64 → vless
[16:50:18]   Конфигов: VL=12 VM=0 TR=0 SS=24 (всего: 36)
[16:50:18] 
[16:50:18] ----------------------------------------------
[16:50:18] ШАГ 4: Сводный файл
[16:50:18] ----------------------------------------------
[16:50:18] Ссылки в GotovVpn.txt:
[16:50:18]   • https://raw.githubusercontent.com/po5p/hpc/main/sub.new-meme-connet.ru_cc7a8ebfb_Subscription.txt
[16:50:18]   • https://raw.githubusercontent.com/po5p/hpc/main/sub.new-meme-connet.ru_d8c44887a_Subscription.txt
[16:50:18] 
[16:50:18] ----------------------------------------------
[16:50:18] ШАГ 5: Отправка в GitHub
[16:50:18] ----------------------------------------------
[16:50:20] Результат: УСПЕШНО
[16:50:20] 
[16:50:20] ==============================================
[16:50:20] ИТОГИ
[16:50:20] ==============================================
[16:50:20] Обработано: 2 | Пропущено: 0
[16:50:20]   VLESS:  24
[16:50:20]   SS:     48
[16:50:20]   ─────────────────
[16:50:20]   ВСЕГО:  72
[16:50:20] Сводный файл: https://raw.githubusercontent.com/po5p/hpc/main/GotovVpn.txt
[16:50:20] ==============================================
