[16:06:18] ==============================================
[16:06:18] ЗАПУСК ОБНОВЛЕНИЯ VPN
[16:06:18] ==============================================
[16:06:18] Дата: 06.06.2026 16:06:18
[16:06:18] GitHub: po5p/hpc
[16:06:18] HWID: CB522960-E2A9-7A19-12CB-FD12FEC71E19
[16:06:18] Лог-файл: /data/data/com.termux/files/home/vpn_logs/vpn_update_2026-06-06_16-06-18.log
[16:06:18] 
[16:06:18] ----------------------------------------------
[16:06:18] ШАГ 1: Получение списка подписок
[16:06:18] ----------------------------------------------
[16:06:18] URL: https://raw.githubusercontent.com/po5p/hpc/main/SubscriptionList.txt
[16:06:19] Статус: 200 (УСПЕШНО), размер: 99 байт
[16:06:19] Содержимое:
[16:06:19]   • https://sub.new-meme-connet.ru/cc7a8ebfb|MaxVpn1
[16:06:19]   • https://sub.new-meme-connet.ru/d8c44887a|MaxVpn2
[16:06:19] 
[16:06:19] ----------------------------------------------
[16:06:19] ШАГ 2: Клонирование репозитория
[16:06:19] ----------------------------------------------
[16:06:20] Статус: УСПЕШНО
[16:06:20] 
[16:06:20] ----------------------------------------------
[16:06:21] ШАГ 3: Обработка подписок
[16:06:21] ----------------------------------------------
[16:06:21] 
[16:06:21] Подписка #2: MaxVpn1
[16:06:21]   URL: https://sub.new-meme-connet.ru/cc7a8ebfb
[16:06:21]   Файл: sub.new-meme-connet.ru_cc7a8ebfb_Subscription.txt
[16:06:21]   Загрузка: УСПЕШНО (5336 байт)
[16:06:22]   Формат: Base64 (расшифровываю)
[16:06:22]   Конфигов: VLESS=10, VMess=0, Trojan=0, SS=20 (всего: 30)
[16:06:22] 
[16:06:22] Подписка #3: MaxVpn2
[16:06:22]   URL: https://sub.new-meme-connet.ru/d8c44887a
[16:06:22]   Файл: sub.new-meme-connet.ru_d8c44887a_Subscription.txt
[16:06:23]   Загрузка: УСПЕШНО (5336 байт)
[16:06:23]   Формат: Base64 (расшифровываю)
[16:06:23]   Конфигов: VLESS=10, VMess=0, Trojan=0, SS=20 (всего: 30)
[16:06:23] 
[16:06:23] ----------------------------------------------
[16:06:24] ШАГ 4: Сохранение сводного файла
[16:06:24] ----------------------------------------------
[16:06:24] Ссылки в GotovVpn.txt:
[16:06:24]   • https://raw.githubusercontent.com/po5p/hpc/main/sub.new-meme-connet.ru_cc7a8ebfb_Subscription.txt
[16:06:24]   • https://raw.githubusercontent.com/po5p/hpc/main/sub.new-meme-connet.ru_d8c44887a_Subscription.txt
