[21:17:57] ==============================================
[21:17:57] ЗАПУСК ОБНОВЛЕНИЯ VPN
[21:17:57] ==============================================
[21:17:57] Дата: 18.06.2026 21:17:57
[21:17:57] GitHub: po5p/hpc
[21:17:57] 
[21:17:57] ----------------------------------------------
[21:17:57] ШАГ 1: Получение списка подписок
[21:17:57] ----------------------------------------------
[21:17:58] Статус: 200 (УСПЕШНО), размер: 290 байт
[21:17:58] Содержимое:
[21:17:58]   • https://sillyvpn.qwaqdev.ru/sub/365e0df7-98d0-47b2-bfef-09a7100227f6|SILLYVPN
[21:17:58]   • https://sub.datanode-internal.net/FcQe0weSX1Qbc_-j|FastUnlimited
[21:17:58]   • https://cdn-biz.ru/sub/1/5609a383-a603-46e8-8de5-a31bab826871|Yowet7
[21:17:58]   • https://sillyvpn.qwaqdev.ru/sub/1c269cf3-18dd-4d74-800c-ff673d9418b7|SillyVPN
[21:17:58] 
[21:17:58] ----------------------------------------------
[21:17:58] ШАГ 2: Клонирование репозитория
[21:17:58] ----------------------------------------------
[21:18:00] Статус: УСПЕШНО
[21:18:00] 
[21:18:00] ----------------------------------------------
[21:18:00] ШАГ 3: Обработка подписок
[21:18:00] ----------------------------------------------
[21:18:00] 
[21:18:00] Подписка #1: SILLYVPN
[21:18:00]   Файл: sillyvpn.qwaqdev.ru_sub_365e0df7-98d0-47b2-bf_Subscription.txt
[21:18:01]   Загрузка: УСПЕШНО (17318 байт)
[21:18:01]   Формат: JSON
[21:18:01]   Конфигов (JSON): 13
[21:18:01] 
[21:18:01] Подписка #2: FastUnlimited
[21:18:01]   Файл: sub.datanode-internal.net_FcQe0weSX1Qbc_-j_Subscription.txt
[21:18:08]   Загрузка: УСПЕШНО (36485 байт)
[21:18:08]   Формат: JSON
[21:18:09]   Конфигов (JSON): 15
[21:18:09] 
[21:18:09] Подписка #3: Yowet7
[21:18:09]   Файл: cdn-biz.ru_sub_1_5609a383-a603-46e8-8de5-a31b_Subscription.txt
[21:18:17]   Загрузка: УСПЕШНО (226025 байт)
[21:18:17]   Формат: JSON
[21:18:17]   Конфигов (JSON): 60
[21:18:17] 
[21:18:17] Подписка #4: SillyVPN
[21:18:17]   Файл: sillyvpn.qwaqdev.ru_sub_1c269cf3-18dd-4d74-80_Subscription.txt
[21:18:19]   Загрузка: УСПЕШНО (2102 байт)
[21:18:19]   ⚠ Заглушка — оставляю старую копию
[21:18:19] 
[21:18:19] ----------------------------------------------
[21:18:19] ШАГ 4: Сводный файл
[21:18:19] ----------------------------------------------
[21:18:19] Ссылки в GotovVpn.txt:
[21:18:19]   • https://raw.githubusercontent.com/po5p/hpc/main/sillyvpn.qwaqdev.ru_sub_365e0df7-98d0-47b2-bf_Subscription.txt|SILLYVPN
[21:18:19]   • https://raw.githubusercontent.com/po5p/hpc/main/sub.datanode-internal.net_FcQe0weSX1Qbc_-j_Subscription.txt|FastUnlimited
[21:18:19]   • https://raw.githubusercontent.com/po5p/hpc/main/cdn-biz.ru_sub_1_5609a383-a603-46e8-8de5-a31b_Subscription.txt|Yowet7
[21:18:20] 
[21:18:20] ----------------------------------------------
[21:18:20] ШАГ 5: Отправка в GitHub
[21:18:21] ----------------------------------------------
[21:18:31] Результат: УСПЕШНО
[21:18:31] 
[21:18:31] ==============================================
[21:18:31] ИТОГИ
[21:18:31] ==============================================
[21:18:31] Обработано: 3 | Пропущено: 1
[21:18:31]   JSON:   88
[21:18:31]   ─────────────────
[21:18:31]   ВСЕГО:  88
[21:18:31] Сводный файл: https://raw.githubusercontent.com/po5p/hpc/main/GotovVpn.txt
[21:18:31] ==============================================
