[22:14:05] ==============================================
[22:14:05] ЗАПУСК ОБНОВЛЕНИЯ VPN
[22:14:05] ==============================================
[22:14:05] Дата: 17.06.2026 22:14:05
[22:14:05] GitHub: po5p/hpc
[22:14:05] 
[22:14:05] ----------------------------------------------
[22:14:05] ШАГ 1: Получение списка подписок
[22:14:05] ----------------------------------------------
[22:14:05] Статус: 200 (УСПЕШНО), размер: 203 байт
[22:14:05] Содержимое:
[22:14:05]   • https://sillyvpn.qwaqdev.ru/sub/365e0df7-98d0-47b2-bfef-09a7100227f6|SILLYVPN
[22:14:06]   • https://chipsa.xyz/YNPdaTGBCyTUnr45|ChipsVPN
[22:14:06]   • https://api.mxnative.com/kM16cBsb0Eh8rFK3TPBu/uQa15uY-uU1Eo2r1PgUbZazK|MavixVPN
[22:14:06] 
[22:14:06] ----------------------------------------------
[22:14:06] ШАГ 2: Клонирование репозитория
[22:14:06] ----------------------------------------------
[22:14:07] Статус: УСПЕШНО
[22:14:07] 
[22:14:07] ----------------------------------------------
[22:14:07] ШАГ 3: Обработка подписок
[22:14:07] ----------------------------------------------
[22:14:07] 
[22:14:07] Подписка #1: SILLYVPN
[22:14:07]   Файл: sillyvpn.qwaqdev.ru_sub_365e0df7-98d0-47b2-bf_Subscription.txt
[22:14:08]   Загрузка: УСПЕШНО (28450 байт)
[22:14:08]   Формат: JSON
[22:14:08]   Конфигов (JSON): 11
[22:14:08] 
[22:14:08] Подписка #2: ChipsVPN
[22:14:08]   Файл: chipsa.xyz_YNPdaTGBCyTUnr45_Subscription.txt
[22:14:09]   Загрузка: УСПЕШНО (8667 байт)
[22:14:09]   ⚠ Заглушка — оставляю старую копию
[22:14:09] 
[22:14:09] Подписка #3: MavixVPN
[22:14:09]   Файл: api.mxnative.com_kM16cBsb0Eh8rFK3TPBu_uQa15uY_Subscription.txt
[22:14:09]   Загрузка: УСПЕШНО (79262 байт)
[22:14:09]   ⚠ Заглушка — оставляю старую копию
[22:14:09] 
[22:14:09] ----------------------------------------------
[22:14:10] ШАГ 4: Сводный файл
[22:14:10] ----------------------------------------------
[22:14:10] Ссылки в GotovVpn.txt:
[22:14:10]   • https://raw.githubusercontent.com/po5p/hpc/main/sillyvpn.qwaqdev.ru_sub_365e0df7-98d0-47b2-bf_Subscription.txt
[22:14:10]   • https://raw.githubusercontent.com/po5p/hpc/main/chipsa.xyz_YNPdaTGBCyTUnr45_Subscription.txt
[22:14:10]   • https://raw.githubusercontent.com/po5p/hpc/main/api.mxnative.com_kM16cBsb0Eh8rFK3TPBu_uQa15uY_Subscription.txt
[22:14:10] 
[22:14:10] ----------------------------------------------
[22:14:10] ШАГ 5: Отправка в GitHub
[22:14:10] ----------------------------------------------
[22:14:11] Результат: УСПЕШНО
[22:14:11] 
[22:14:11] ==============================================
[22:14:11] ИТОГИ
[22:14:11] ==============================================
[22:14:11] Обработано: 1 | Пропущено: 2
[22:14:11]   JSON:   11
[22:14:11]   ─────────────────
[22:14:11]   ВСЕГО:  11
[22:14:11] Сводный файл: https://raw.githubusercontent.com/po5p/hpc/main/GotovVpn.txt
[22:14:11] ==============================================
