[03:31:31] ==============================================
[03:31:31] ЗАПУСК ОБНОВЛЕНИЯ VPN
[03:31:31] ==============================================
[03:31:31] Дата: 17.06.2026 03:31:31
[03:31:31] GitHub: po5p/hpc
[03:31:31] 
[03:31:31] ----------------------------------------------
[03:31:31] ШАГ 1: Получение списка подписок
[03:31:31] ----------------------------------------------
[03:31:32] Статус: 200 (УСПЕШНО), размер: 123 байт
[03:31:32] Содержимое:
[03:31:32]   • https://sillyvpn.qwaqdev.ru/sub/365e0df7-98d0-47b2-bfef-09a7100227f6|SILLYVPN
[03:31:32]   • https://chipsa.xyz/YNPdaTGBCyTUnr45|ChipsVPN
[03:31:32] 
[03:31:32] ----------------------------------------------
[03:31:32] ШАГ 2: Клонирование репозитория
[03:31:32] ----------------------------------------------
[03:31:33] Статус: УСПЕШНО
[03:31:33] 
[03:31:33] ----------------------------------------------
[03:31:33] ШАГ 3: Обработка подписок
[03:31:33] ----------------------------------------------
[03:31:33] 
[03:31:33] Подписка #1: SILLYVPN
[03:31:33]   Файл: sillyvpn.qwaqdev.ru_sub_365e0df7-98d0-47b2-bf_Subscription.txt
[03:31:34]   Загрузка: УСПЕШНО (59347 байт)
[03:31:34]   Формат: JSON
[03:31:34]   Конфигов (JSON): 13
[03:31:34] 
[03:31:34] Подписка #2: ChipsVPN
[03:31:34]   Файл: chipsa.xyz_YNPdaTGBCyTUnr45_Subscription.txt
[03:31:35]   Загрузка: УСПЕШНО (15772 байт)
[03:31:35]   Формат: JSON
[03:31:35]   Конфигов (JSON): 5
[03:31:35] 
[03:31:35] ----------------------------------------------
[03:31:35] ШАГ 4: Сводный файл
[03:31:35] ----------------------------------------------
[03:31:35] Ссылки в GotovVpn.txt:
[03:31:35]   • https://raw.githubusercontent.com/po5p/hpc/main/sillyvpn.qwaqdev.ru_sub_365e0df7-98d0-47b2-bf_Subscription.txt
[03:31:35]   • https://raw.githubusercontent.com/po5p/hpc/main/chipsa.xyz_YNPdaTGBCyTUnr45_Subscription.txt
[03:31:35] 
[03:31:35] ----------------------------------------------
[03:31:35] ШАГ 5: Отправка в GitHub
[03:31:35] ----------------------------------------------
[03:31:37] Результат: УСПЕШНО
[03:31:37] 
[03:31:37] ==============================================
[03:31:37] ИТОГИ
[03:31:37] ==============================================
[03:31:37] Обработано: 2 | Пропущено: 0
[03:31:37]   JSON:   18
[03:31:37]   ─────────────────
[03:31:38]   ВСЕГО:  18
[03:31:38] Сводный файл: https://raw.githubusercontent.com/po5p/hpc/main/GotovVpn.txt
[03:31:38] ==============================================
