[04:00:01] ==============================================
[04:00:01] ЗАПУСК ОБНОВЛЕНИЯ VPN
[04:00:01] ==============================================
[04:00:01] Дата: 17.06.2026 04:00:01
[04:00:01] GitHub: po5p/hpc
[04:00:01] 
[04:00:01] ----------------------------------------------
[04:00:01] ШАГ 1: Получение списка подписок
[04:00:01] ----------------------------------------------
[04:00:02] Статус: 200 (УСПЕШНО), размер: 123 байт
[04:00:02] Содержимое:
[04:00:02]   • https://sillyvpn.qwaqdev.ru/sub/365e0df7-98d0-47b2-bfef-09a7100227f6|SILLYVPN
[04:00:02]   • https://chipsa.xyz/YNPdaTGBCyTUnr45|ChipsVPN
[04:00:02] 
[04:00:02] ----------------------------------------------
[04:00:02] ШАГ 2: Клонирование репозитория
[04:00:02] ----------------------------------------------
[04:00:03] Статус: УСПЕШНО
[04:00:03] 
[04:00:03] ----------------------------------------------
[04:00:03] ШАГ 3: Обработка подписок
[04:00:03] ----------------------------------------------
[04:00:03] 
[04:00:03] Подписка #1: SILLYVPN
[04:00:03]   Файл: sillyvpn.qwaqdev.ru_sub_365e0df7-98d0-47b2-bf_Subscription.txt
[04:00:04]   Загрузка: УСПЕШНО (5462 байт)
[04:00:04]   Формат: JSON
[04:00:04]   Конфигов (JSON): 1
[04:00:04] 
[04:00:04] Подписка #2: ChipsVPN
[04:00:04]   Файл: chipsa.xyz_YNPdaTGBCyTUnr45_Subscription.txt
[04:00:05]   Загрузка: УСПЕШНО (15772 байт)
[04:00:05]   Формат: JSON
[04:00:05]   Конфигов (JSON): 5
[04:00:05] 
[04:00:05] ----------------------------------------------
[04:00:05] ШАГ 4: Сводный файл
[04:00:05] ----------------------------------------------
[04:00:05] Ссылки в GotovVpn.txt:
[04:00:05]   • https://raw.githubusercontent.com/po5p/hpc/main/sillyvpn.qwaqdev.ru_sub_365e0df7-98d0-47b2-bf_Subscription.txt
[04:00:05]   • https://raw.githubusercontent.com/po5p/hpc/main/chipsa.xyz_YNPdaTGBCyTUnr45_Subscription.txt
[04:00:05] 
[04:00:05] ----------------------------------------------
[04:00:05] ШАГ 5: Отправка в GitHub
[04:00:08] ----------------------------------------------
[04:00:10] Результат: УСПЕШНО
[04:00:10] 
[04:00:10] ==============================================
[04:00:10] ИТОГИ
[04:00:10] ==============================================
[04:00:10] Обработано: 2 | Пропущено: 0
[04:00:10]   JSON:   6
[04:00:10]   ─────────────────
[04:00:10]   ВСЕГО:  6
[04:00:10] Сводный файл: https://raw.githubusercontent.com/po5p/hpc/main/GotovVpn.txt
[04:00:10] ==============================================
