[18:00:00] ==============================================
[18:00:00] ЗАПУСК ОБНОВЛЕНИЯ VPN
[18:00:00] ==============================================
[18:00:00] Дата: 06.06.2026 18:00:00
[18:00:00] GitHub: po5p/hpc
[18:00:00] HWID: CB522960-E2A9-7A19-12CB-FD12FEC71E19
[18:00:00] 
[18:00:00] ----------------------------------------------
[18:00:01] ШАГ 1: Получение списка подписок
[18:00:01] ----------------------------------------------
[18:00:01] Статус: 200 (УСПЕШНО), размер: 99 байт
[18:00:01] Содержимое:
[18:00:01]   • https://sub.new-meme-connet.ru/cc7a8ebfb|MaxVpn1
[18:00:01]   • https://sub.new-meme-connet.ru/d8c44887a|MaxVpn2
[18:00:01] 
[18:00:01] ----------------------------------------------
[18:00:01] ШАГ 2: Клонирование репозитория
[18:00:01] ----------------------------------------------
[18:00:03] Статус: УСПЕШНО
[18:00:03] 
[18:00:03] ----------------------------------------------
[18:00:03] ШАГ 3: Обработка подписок
[18:00:03] ----------------------------------------------
[18:00:03] 
[18:00:03] Подписка #2: MaxVpn1
[18:00:03]   Файл: sub.new-meme-connet.ru_cc7a8ebfb_Subscription.txt
[18:00:04]   Загрузка: УСПЕШНО (5344 байт)
[18:00:04]   Формат: Base64 → vless
[18:00:05]   Конфигов: 30
[18:00:05] 
[18:00:05] Подписка #3: MaxVpn2
[18:00:05]   Файл: sub.new-meme-connet.ru_d8c44887a_Subscription.txt
[18:00:05]   Загрузка: УСПЕШНО (5344 байт)
[18:00:05]   Формат: Base64 → vless
[18:00:06]   Конфигов: 30
[18:00:06] 
[18:00:06] ----------------------------------------------
[18:00:06] ШАГ 4: Сводный файл
[18:00:06] ----------------------------------------------
[18:00:06]   • https://raw.githubusercontent.com/po5p/hpc/main/sub.new-meme-connet.ru_cc7a8ebfb_Subscription.txt
[18:00:06]   • https://raw.githubusercontent.com/po5p/hpc/main/sub.new-meme-connet.ru_d8c44887a_Subscription.txt
[18:00:06] 
[18:00:06] ----------------------------------------------
[18:00:06] ШАГ 5: Отправка в GitHub
[18:00:06] ----------------------------------------------
[18:00:08] Результат: УСПЕШНО
[18:00:08] 
[18:00:08] ==============================================
[18:00:08] ИТОГИ
[18:00:09] ==============================================
[18:00:09] Обработано: 2 | Пропущено: 0
[18:00:09]   VLESS:  20
[18:00:09]   SS:     40
[18:00:09]   ─────────────────
[18:00:09]   ВСЕГО:  60
[18:00:09] Сводный файл: https://raw.githubusercontent.com/po5p/hpc/main/GotovVpn.txt
[18:00:09] ==============================================
