[13:06:28] ==============================================
[13:06:28] ЗАПУСК ОБНОВЛЕНИЯ VPN
[13:06:28] ==============================================
[13:06:28] Дата: 07.06.2026 13:06:28
[13:06:28] GitHub: po5p/hpc
[13:06:28] HWID: CB522960-E2A9-7A19-12CB-FD12FEC71E19
[13:06:28] 
[13:06:28] ----------------------------------------------
[13:06:28] ШАГ 1: Получение списка подписок
[13:06:28] ----------------------------------------------
[13:06:29] Статус: 200 (УСПЕШНО), размер: 99 байт
[13:06:29] Содержимое:
[13:06:29]   • https://sub.new-meme-connet.ru/cc7a8ebfb|MaxVpn1
[13:06:29]   • https://sub.new-meme-connet.ru/d8c44887a|MaxVpn2
[13:06:29] 
[13:06:29] ----------------------------------------------
[13:06:29] ШАГ 2: Клонирование репозитория
[13:06:29] ----------------------------------------------
[13:06:30] Статус: УСПЕШНО
[13:06:31] 
[13:06:31] ----------------------------------------------
[13:06:31] ШАГ 3: Обработка подписок
[13:06:31] ----------------------------------------------
[13:06:31] 
[13:06:31] Подписка #2: MaxVpn1
[13:06:31]   Файл: sub.new-meme-connet.ru_cc7a8ebfb_Subscription.txt
[13:06:31]   Загрузка: УСПЕШНО (6580 байт)
[13:06:32]   Формат: Base64 → vless
[13:06:32]   Конфигов: 36
[13:06:32] 
[13:06:32] Подписка #3: MaxVpn2
[13:06:32]   Файл: sub.new-meme-connet.ru_d8c44887a_Subscription.txt
[13:06:33]   Загрузка: УСПЕШНО (6580 байт)
[13:06:33]   Формат: Base64 → vless
[13:06:33]   Конфигов: 36
[13:06:33] 
[13:06:34] ----------------------------------------------
[13:06:34] ШАГ 4: Сводный файл
[13:06:34] ----------------------------------------------
[13:06:34]   • https://raw.githubusercontent.com/po5p/hpc/main/sub.new-meme-connet.ru_cc7a8ebfb_Subscription.txt
[13:06:34]   • https://raw.githubusercontent.com/po5p/hpc/main/sub.new-meme-connet.ru_d8c44887a_Subscription.txt
[13:06:34] 
[13:06:34] ----------------------------------------------
[13:06:34] ШАГ 5: Отправка в GitHub
[13:06:34] ----------------------------------------------
[13:06:36] Результат: УСПЕШНО
[13:06:36] 
[13:06:36] ==============================================
[13:06:36] ИТОГИ
[13:06:36] ==============================================
[13:06:36] Обработано: 2 | Пропущено: 0
[13:06:36]   VLESS:  24
[13:06:36]   SS:     48
[13:06:36]   ─────────────────
[13:06:36]   ВСЕГО:  72
[13:06:36] Сводный файл: https://raw.githubusercontent.com/po5p/hpc/main/GotovVpn.txt
[13:06:36] ==============================================
