[16:03:14] ==============================================
[16:03:14] ЗАПУСК ОБНОВЛЕНИЯ VPN
[16:03:14] ==============================================
[16:03:14] Дата: 13.06.2026 16:03:14
[16:03:14] GitHub: po5p/hpc
[16:03:14] 
[16:03:14] ----------------------------------------------
[16:03:14] ШАГ 1: Получение списка подписок
[16:03:14] ----------------------------------------------
[16:03:14] Статус: 200 (УСПЕШНО), размер: 51 байт
[16:03:14] Содержимое:
[16:03:14]   • https://sub.datanode-internal.net/pEal8orynJwjb_eR
[16:03:14] 
[16:03:14] ----------------------------------------------
[16:03:14] ШАГ 2: Клонирование репозитория
[16:03:14] ----------------------------------------------
[16:03:15] Статус: УСПЕШНО
[16:03:15] 
[16:03:15] ----------------------------------------------
[16:03:16] ШАГ 3: Обработка подписок
[16:03:16] ----------------------------------------------
[16:03:16] 
[16:03:16] Подписка #1: sub.datanode-internal.net
[16:03:16]   Файл: sub.datanode-internal.net_pEal8orynJwjb_eR_Subscription.txt
[16:03:16]   Загрузка: УСПЕШНО (36493 байт)
[16:03:16]   Формат: JSON
[16:03:16]   Конфигов (JSON): 15
[16:03:16] 
[16:03:16] ----------------------------------------------
[16:03:16] ШАГ 4: Сводный файл
[16:03:16] ----------------------------------------------
[16:03:16] Ссылки в GotovVpn.txt:
[16:03:16]   • https://raw.githubusercontent.com/po5p/hpc/main/sub.datanode-internal.net_pEal8orynJwjb_eR_Subscription.txt
[16:03:16] 
[16:03:16] ----------------------------------------------
[16:03:17] ШАГ 5: Отправка в GitHub
[16:03:17] ----------------------------------------------
[16:03:18] Результат: УСПЕШНО
[16:03:18] 
[16:03:18] ==============================================
[16:03:18] ИТОГИ
[16:03:18] ==============================================
[16:03:18] Обработано: 1 | Пропущено: 0
[16:03:18]   JSON:   15
[16:03:18]   ─────────────────
[16:03:18]   ВСЕГО:  15
[16:03:18] Сводный файл: https://raw.githubusercontent.com/po5p/hpc/main/GotovVpn.txt
[16:03:18] ==============================================
