[16:00:00] ==============================================
[16:00:00] ЗАПУСК ОБНОВЛЕНИЯ VPN
[16:00:00] ==============================================
[16:00:01] Дата: 07.06.2026 16:00:01
[16:00:01] GitHub: po5p/hpc
[16:00:01] HWID: CB522960-E2A9-7A19-12CB-FD12FEC71E19
[16:00:01] 
[16:00:01] ----------------------------------------------
[16:00:01] ШАГ 1: Получение списка подписок
[16:00:01] ----------------------------------------------
[16:00:01] Статус: 200 (УСПЕШНО), размер: 99 байт
[16:00:01] Содержимое:
[16:00:01]   • https://sub.new-meme-connet.ru/cc7a8ebfb|MaxVpn1
[16:00:01]   • https://sub.new-meme-connet.ru/d8c44887a|MaxVpn2
[16:00:01] 
[16:00:01] ----------------------------------------------
[16:00:01] ШАГ 2: Клонирование репозитория
[16:00:01] ----------------------------------------------
[16:00:02] Статус: УСПЕШНО
[16:00:03] 
[16:00:03] ----------------------------------------------
[16:00:03] ШАГ 3: Обработка подписок
[16:00:03] ----------------------------------------------
[16:00:03] 
[16:00:03] Подписка #2: MaxVpn1
[16:00:03]   Файл: sub.new-meme-connet.ru_cc7a8ebfb_Subscription.txt
[16:00:03]   Загрузка: УСПЕШНО (6580 байт)
[16:00:03]   Формат: Base64 → vless
[16:00:04]   Конфигов: 36
[16:00:04] 
[16:00:04] Подписка #3: MaxVpn2
[16:00:04]   Файл: sub.new-meme-connet.ru_d8c44887a_Subscription.txt
[16:00:04]   Загрузка: УСПЕШНО (6580 байт)
[16:00:04]   Формат: Base64 → vless
[16:00:05]   Конфигов: 36
[16:00:05] 
[16:00:05] ----------------------------------------------
[16:00:05] ШАГ 4: Сводный файл
[16:00:05] ----------------------------------------------
[16:00:05]   • https://raw.githubusercontent.com/po5p/hpc/main/sub.new-meme-connet.ru_cc7a8ebfb_Subscription.txt
[16:00:05]   • https://raw.githubusercontent.com/po5p/hpc/main/sub.new-meme-connet.ru_d8c44887a_Subscription.txt
[16:00:05] 
[16:00:05] ----------------------------------------------
[16:00:05] ШАГ 5: Отправка в GitHub
[16:00:05] ----------------------------------------------
[16:00:07] Результат: УСПЕШНО
[16:00:07] 
[16:00:07] ==============================================
[16:00:07] ИТОГИ
[16:00:07] ==============================================
[16:00:07] Обработано: 2 | Пропущено: 0
[16:00:07]   VLESS:  24
[16:00:07]   SS:     48
[16:00:07]   ─────────────────
[16:00:07]   ВСЕГО:  72
[16:00:07] Сводный файл: https://raw.githubusercontent.com/po5p/hpc/main/GotovVpn.txt
[16:00:07] ==============================================
