[08:49:55] ==============================================
[08:49:55] ЗАПУСК ОБНОВЛЕНИЯ VPN
[08:49:55] ==============================================
[08:49:55] Дата: 19.06.2026 08:49:55
[08:49:55] GitHub: po5p/hpc
[08:49:55] 
[08:49:55] ----------------------------------------------
[08:49:55] ШАГ 1: Получение списка подписок
[08:49:55] ----------------------------------------------
[08:49:55] Статус: 200 (УСПЕШНО), размер: 699 байт
[08:49:55] Содержимое:
[08:49:55]   • https://sillyvpn.qwaqdev.ru/sub/365e0df7-98d0-47b2-bfef-09a7100227f6|SILLYVPN
[08:49:55]   • https://sub.datanode-internal.net/FcQe0weSX1Qbc_-j|FastUnlimited
[08:49:55]   • https://cdn-biz.ru/sub/1/5609a383-a603-46e8-8de5-a31bab826871|Yowet7
[08:49:55]   • https://sillyvpn.qwaqdev.ru/sub/ff05c08b-dc28-4263-b585-df08338de6fb|SillyVPN
[08:49:55]   • https://sub.stichvpn.store/2285n15fMFhsVcM5|stichvpn
[08:49:56]   • https://subs.superbuba.top/xj1-N_ZgFtCL-tHz|Буба
[08:49:56]   • https://sub.xexvpn.ru/sub-free-lte/CL7ELMBTUH/|xex
[08:49:56]   • https://sub.caladantech.net/Wvu_tj_Hjn1V-_E1|HipVpn
[08:49:56]   • https://sub.cvedcvpn.ru/YfWj6Po5X88zx6Qc|okak67
[08:49:56]   • https://sub.nosok-top.com/0Zxj0TRZPY-9NNf5|Nosok
[08:49:56]   • https://sub.myxasecure.space/9KLJF4vNSGCa5xSE|okak67
[08:49:56]   • https://sub.cvedcvpn.ru/DfJ0DSUqAQe1twyL|Cvedcvpn
[08:49:56] 
[08:49:56] ----------------------------------------------
[08:49:56] ШАГ 2: Клонирование репозитория
[08:49:56] ----------------------------------------------
[08:49:59] Статус: УСПЕШНО
[08:49:59] 
[08:49:59] ----------------------------------------------
[08:49:59] ШАГ 3: Обработка подписок
[08:49:59] ----------------------------------------------
[08:49:59] 
[08:49:59] Подписка #1: SILLYVPN
[08:49:59]   Файл: sillyvpn.qwaqdev.ru_sub_365e0df7-98d0-47b2-bf_Subscription.txt
[08:50:00]   Загрузка: УСПЕШНО (17318 байт)
[08:50:00]   Формат: JSON
[08:50:00]   Конфигов (JSON): 13
[08:50:00] 
[08:50:00] Подписка #2: FastUnlimited
[08:50:00]   Файл: sub.datanode-internal.net_FcQe0weSX1Qbc_-j_Subscription.txt
[08:50:01]   Загрузка: УСПЕШНО (36481 байт)
[08:50:01]   Формат: JSON
[08:50:01]   Конфигов (JSON): 15
[08:50:01] 
[08:50:01] Подписка #3: Yowet7
[08:50:01]   Файл: cdn-biz.ru_sub_1_5609a383-a603-46e8-8de5-a31b_Subscription.txt
[08:50:02]   Загрузка: УСПЕШНО (173295 байт)
[08:50:02]   Формат: JSON
[08:50:02]   Конфигов (JSON): 46
[08:50:02] 
[08:50:02] Подписка #4: SillyVPN
[08:50:02]   Файл: sillyvpn.qwaqdev.ru_sub_ff05c08b-dc28-4263-b5_Subscription.txt
[08:50:03]   Загрузка: УСПЕШНО (17318 байт)
[08:50:03]   Формат: JSON
[08:50:03]   Конфигов (JSON): 13
[08:50:03] 
[08:50:03] Подписка #5: stichvpn
[08:50:03]   Файл: sub.stichvpn.store_2285n15fMFhsVcM5_Subscription.txt
[08:50:04]   Загрузка: УСПЕШНО (31451 байт)
[08:50:04]   Формат: JSON
[08:50:04]   Конфигов (JSON): 27
[08:50:04] 
[08:50:04] Подписка #6: Буба
[08:50:04]   Файл: subs.superbuba.top_xj1-N_ZgFtCL-tHz_Subscription.txt
[08:50:05]   Загрузка: УСПЕШНО (78515 байт)
[08:50:05]   Формат: JSON
[08:50:05]   Конфигов (JSON): 34
[08:50:06] 
[08:50:06] Подписка #7: xex
[08:50:06]   Файл: sub.xexvpn.ru_sub-free-lte_CL7ELMBTUH_Subscription.txt
[08:50:06]   Загрузка: УСПЕШНО (129880 байт)
[08:50:06]   Формат: Base64 → vless
[08:50:07]   Конфигов: VL=306 VM=0 TR=0 SS=612 (всего: 918)
[08:50:07] 
[08:50:07] Подписка #8: HipVpn
[08:50:07]   Файл: sub.caladantech.net_Wvu_tj_Hjn1V-_E1_Subscription.txt
[08:50:08]   Загрузка: УСПЕШНО (20022 байт)
[08:50:08]   Формат: JSON
[08:50:08]   Конфигов (JSON): 17
[08:50:08] 
[08:50:08] Подписка #9: okak67
[08:50:08]   Файл: sub.cvedcvpn.ru_YfWj6Po5X88zx6Qc_Subscription.txt
[08:50:09]   Загрузка: УСПЕШНО (3800 байт)
[08:50:09]   Формат: Base64 → vless
[08:50:09]   Конфигов: VL=8 VM=0 TR=0 SS=16 (всего: 24)
[08:50:09] 
[08:50:09] Подписка #10: Nosok
[08:50:09]   Файл: sub.nosok-top.com_0Zxj0TRZPY-9NNf5_Subscription.txt
[08:50:11]   Загрузка: УСПЕШНО (4124 байт)
[08:50:11]   Формат: JSON
[08:50:11]   Конфигов (JSON): 3
[08:50:11] 
[08:50:11] Подписка #11: okak67
[08:50:11]   Файл: sub.myxasecure.space_9KLJF4vNSGCa5xSE_Subscription.txt
[08:50:11]   Загрузка: УСПЕШНО (18864 байт)
[08:50:12]   Формат: JSON
[08:50:12]   Конфигов (JSON): 16
[08:50:12] 
[08:50:12] Подписка #12: Cvedcvpn
[08:50:12]   Файл: sub.cvedcvpn.ru_DfJ0DSUqAQe1twyL_Subscription.txt
[08:50:12]   Загрузка: УСПЕШНО (3800 байт)
[08:50:12]   Формат: Base64 → vless
[08:50:13]   Конфигов: VL=8 VM=0 TR=0 SS=16 (всего: 24)
[08:50:13] 
[08:50:13] ----------------------------------------------
[08:50:13] ШАГ 4: Сводный файл
[08:50:13] ----------------------------------------------
[08:50:13] Ссылки в GotovVpn.txt:
[08:50:13]   • https://raw.githubusercontent.com/po5p/hpc/main/sillyvpn.qwaqdev.ru_sub_365e0df7-98d0-47b2-bf_Subscription.txt|SILLYVPN
[08:50:13]   • https://raw.githubusercontent.com/po5p/hpc/main/sub.datanode-internal.net_FcQe0weSX1Qbc_-j_Subscription.txt|FastUnlimited
[08:50:13]   • https://raw.githubusercontent.com/po5p/hpc/main/cdn-biz.ru_sub_1_5609a383-a603-46e8-8de5-a31b_Subscription.txt|Yowet7
[08:50:13]   • https://raw.githubusercontent.com/po5p/hpc/main/sillyvpn.qwaqdev.ru_sub_ff05c08b-dc28-4263-b5_Subscription.txt|SillyVPN
[08:50:13]   • https://raw.githubusercontent.com/po5p/hpc/main/sub.stichvpn.store_2285n15fMFhsVcM5_Subscription.txt|stichvpn
[08:50:13]   • https://raw.githubusercontent.com/po5p/hpc/main/subs.superbuba.top_xj1-N_ZgFtCL-tHz_Subscription.txt|Буба
[08:50:13]   • https://raw.githubusercontent.com/po5p/hpc/main/sub.xexvpn.ru_sub-free-lte_CL7ELMBTUH_Subscription.txt|xex
[08:50:13]   • https://raw.githubusercontent.com/po5p/hpc/main/sub.caladantech.net_Wvu_tj_Hjn1V-_E1_Subscription.txt|HipVpn
[08:50:13]   • https://raw.githubusercontent.com/po5p/hpc/main/sub.cvedcvpn.ru_YfWj6Po5X88zx6Qc_Subscription.txt|okak67
[08:50:13]   • https://raw.githubusercontent.com/po5p/hpc/main/sub.nosok-top.com_0Zxj0TRZPY-9NNf5_Subscription.txt|Nosok
[08:50:13]   • https://raw.githubusercontent.com/po5p/hpc/main/sub.myxasecure.space_9KLJF4vNSGCa5xSE_Subscription.txt|okak67
[08:50:13]   • https://raw.githubusercontent.com/po5p/hpc/main/sub.cvedcvpn.ru_DfJ0DSUqAQe1twyL_Subscription.txt|Cvedcvpn
[08:50:13] 
[08:50:13] ----------------------------------------------
[08:50:13] ШАГ 5: Отправка в GitHub
[08:50:14] ----------------------------------------------
[08:50:16] Результат: УСПЕШНО
[08:50:16] 
[08:50:16] ==============================================
[08:50:16] ИТОГИ
[08:50:16] ==============================================
[08:50:16] Обработано: 12 | Пропущено: 0
[08:50:16]   VLESS:  322
[08:50:16]   SS:     644
[08:50:16]   JSON:   184
[08:50:16]   ─────────────────
[08:50:16]   ВСЕГО:  1150
[08:50:16] Сводный файл: https://raw.githubusercontent.com/po5p/hpc/main/GotovVpn.txt
[08:50:16] ==============================================
