[22:51:36] ==============================================
[22:51:36] ЗАПУСК ОБНОВЛЕНИЯ VPN
[22:51:36] ==============================================
[22:51:36] Дата: 14.06.2026 22:51:36
[22:51:36] GitHub: po5p/hpc
[22:51:36] 
[22:51:36] ----------------------------------------------
[22:51:36] ШАГ 1: Получение списка подписок
[22:51:36] ----------------------------------------------
[22:51:36] Статус: 200 (УСПЕШНО), размер: 1 байт
[22:51:36] Содержимое:
[22:51:37] 
[22:51:37] ----------------------------------------------
[22:51:37] ШАГ 2: Клонирование репозитория
[22:51:37] ----------------------------------------------
[22:51:38] Статус: УСПЕШНО
[22:51:38] 
[22:51:38] ----------------------------------------------
[22:51:38] ШАГ 3: Обработка подписок
[22:51:38] ----------------------------------------------
[22:51:38] 
[22:51:38] ----------------------------------------------
[22:51:38] ШАГ 4: Сводный файл
[22:51:38] ----------------------------------------------
[22:51:38] Ссылки в GotovVpn.txt:
[22:51:38] 
[22:51:38] ----------------------------------------------
[22:51:38] ШАГ 5: Отправка в GitHub
[22:51:38] ----------------------------------------------
[22:51:40] Результат: УСПЕШНО
[22:51:40] 
[22:51:40] ==============================================
[22:51:40] ИТОГИ
[22:51:40] ==============================================
[22:51:40] Обработано: 0 | Пропущено: 0
[22:51:40]   ─────────────────
[22:51:40]   ВСЕГО:  0
[22:51:40] Сводный файл: https://raw.githubusercontent.com/po5p/hpc/main/GotovVpn.txt
[22:51:40] ==============================================
