[23:27:31] ==============================================
[23:27:31] ЗАПУСК ОБНОВЛЕНИЯ VPN
[23:27:31] ==============================================
[23:27:31] Дата: 18.06.2026 23:27:31
[23:27:31] GitHub: po5p/hpc
[23:27:31] 
[23:27:31] ----------------------------------------------
[23:27:31] ШАГ 1: Получение списка подписок
[23:27:31] ----------------------------------------------
[23:27:32] Статус: 200 (УСПЕШНО), размер: 499 байт
[23:27:32] Содержимое:
[23:27:32]   • https://sillyvpn.qwaqdev.ru/sub/365e0df7-98d0-47b2-bfef-09a7100227f6|SILLYVPN
[23:27:32]   • https://sub.datanode-internal.net/FcQe0weSX1Qbc_-j|FastUnlimited
[23:27:32]   • https://cdn-biz.ru/sub/1/5609a383-a603-46e8-8de5-a31bab826871|Yowet7
[23:27:32]   • https://sillyvpn.qwaqdev.ru/sub/ff05c08b-dc28-4263-b585-df08338de6fb|SillyVPN
[23:27:32]   • https://sub.stichvpn.store/2285n15fMFhsVcM5|stichvpn
[23:27:32]   • https://subs.superbuba.top/xj1-N_ZgFtCL-tHz|Буба
[23:27:32]   • https://sub.xexvpn.ru/sub-free-lte/CL7ELMBTUH/|xex
[23:27:32]   • https://sub.caladantech.net/Wvu_tj_Hjn1V-_E1|HipVpn
[23:27:32] 
[23:27:32] ----------------------------------------------
[23:27:32] ШАГ 2: Клонирование репозитория
[23:27:32] ----------------------------------------------
[23:27:34] Статус: УСПЕШНО
[23:27:34] 
[23:27:34] ----------------------------------------------
[23:27:34] ШАГ 3: Обработка подписок
[23:27:34] ----------------------------------------------
[23:27:34] 
[23:27:34] Подписка #1: SILLYVPN
[23:27:34]   Файл: sillyvpn.qwaqdev.ru_sub_365e0df7-98d0-47b2-bf_Subscription.txt
[23:27:35]   Загрузка: УСПЕШНО (10030 байт)
[23:27:35]   Формат: JSON
[23:27:35]   Конфигов (JSON): 6
[23:27:35] 
[23:27:35] Подписка #2: FastUnlimited
[23:27:35]   Файл: sub.datanode-internal.net_FcQe0weSX1Qbc_-j_Subscription.txt
[23:27:36]   Загрузка: УСПЕШНО (36481 байт)
[23:27:36]   Формат: JSON
[23:27:36]   Конфигов (JSON): 15
[23:27:36] 
[23:27:36] Подписка #3: Yowet7
[23:27:36]   Файл: cdn-biz.ru_sub_1_5609a383-a603-46e8-8de5-a31b_Subscription.txt
[23:27:37]   Загрузка: УСПЕШНО (226025 байт)
[23:27:37]   Формат: JSON
[23:27:38]   Конфигов (JSON): 60
[23:27:38] 
[23:27:38] Подписка #4: SillyVPN
[23:27:38]   Файл: sillyvpn.qwaqdev.ru_sub_ff05c08b-dc28-4263-b5_Subscription.txt
[23:27:38]   Загрузка: УСПЕШНО (10030 байт)
[23:27:38]   Формат: JSON
[23:27:39]   Конфигов (JSON): 6
[23:27:39] 
[23:27:39] Подписка #5: stichvpn
[23:27:39]   Файл: sub.stichvpn.store_2285n15fMFhsVcM5_Subscription.txt
[23:27:39]   Загрузка: УСПЕШНО (31451 байт)
[23:27:39]   Формат: JSON
[23:27:40]   Конфигов (JSON): 27
[23:27:40] 
[23:27:40] Подписка #6: Буба
[23:27:40]   Файл: subs.superbuba.top_xj1-N_ZgFtCL-tHz_Subscription.txt
[23:27:41]   Загрузка: УСПЕШНО (78515 байт)
[23:27:41]   Формат: JSON
[23:27:41]   Конфигов (JSON): 34
[23:27:41] 
[23:27:41] Подписка #7: xex
[23:27:41]   Файл: sub.xexvpn.ru_sub-free-lte_CL7ELMBTUH_Subscription.txt
[23:27:42]   Загрузка: УСПЕШНО (131364 байт)
[23:27:42]   Формат: Base64 → vless
[23:27:43]   Конфигов: VL=306 VM=0 TR=0 SS=612 (всего: 918)
[23:27:43] 
[23:27:43] Подписка #8: HipVpn
[23:27:43]   Файл: sub.caladantech.net_Wvu_tj_Hjn1V-_E1_Subscription.txt
[23:27:44]   Загрузка: УСПЕШНО (20022 байт)
[23:27:45]   Формат: JSON
[23:27:45]   Конфигов (JSON): 17
[23:27:45] 
[23:27:45] ----------------------------------------------
[23:27:45] ШАГ 4: Сводный файл
[23:27:45] ----------------------------------------------
[23:27:45] Ссылки в GotovVpn.txt:
[23:27:45]   • https://raw.githubusercontent.com/po5p/hpc/main/sillyvpn.qwaqdev.ru_sub_365e0df7-98d0-47b2-bf_Subscription.txt|SILLYVPN
[23:27:45]   • https://raw.githubusercontent.com/po5p/hpc/main/sub.datanode-internal.net_FcQe0weSX1Qbc_-j_Subscription.txt|FastUnlimited
[23:27:45]   • https://raw.githubusercontent.com/po5p/hpc/main/cdn-biz.ru_sub_1_5609a383-a603-46e8-8de5-a31b_Subscription.txt|Yowet7
[23:27:45]   • https://raw.githubusercontent.com/po5p/hpc/main/sillyvpn.qwaqdev.ru_sub_ff05c08b-dc28-4263-b5_Subscription.txt|SillyVPN
[23:27:45]   • https://raw.githubusercontent.com/po5p/hpc/main/sub.stichvpn.store_2285n15fMFhsVcM5_Subscription.txt|stichvpn
[23:27:45]   • https://raw.githubusercontent.com/po5p/hpc/main/subs.superbuba.top_xj1-N_ZgFtCL-tHz_Subscription.txt|Буба
[23:27:47]   • https://raw.githubusercontent.com/po5p/hpc/main/sub.xexvpn.ru_sub-free-lte_CL7ELMBTUH_Subscription.txt|xex
[23:27:47]   • https://raw.githubusercontent.com/po5p/hpc/main/sub.caladantech.net_Wvu_tj_Hjn1V-_E1_Subscription.txt|HipVpn
[23:27:47] 
[23:27:47] ----------------------------------------------
[23:27:47] ШАГ 5: Отправка в GitHub
[23:27:47] ----------------------------------------------
[23:27:49] Результат: УСПЕШНО
[23:27:49] 
[23:27:49] ==============================================
[23:27:49] ИТОГИ
[23:27:49] ==============================================
[23:27:49] Обработано: 8 | Пропущено: 0
[23:27:49]   VLESS:  306
[23:27:49]   SS:     612
[23:27:49]   JSON:   165
[23:27:49]   ─────────────────
[23:27:49]   ВСЕГО:  1083
[23:27:49] Сводный файл: https://raw.githubusercontent.com/po5p/hpc/main/GotovVpn.txt
[23:27:49] ==============================================
