[07:11:06] ==============================================
[07:11:06] ЗАПУСК ОБНОВЛЕНИЯ VPN
[07:11:06] ==============================================
[07:11:06] Дата: 17.06.2026 07:11:06
[07:11:06] GitHub: po5p/hpc
[07:11:06] 
[07:11:06] ----------------------------------------------
[07:11:06] ШАГ 1: Получение списка подписок
[07:11:06] ----------------------------------------------
[07:11:07] Статус: 200 (УСПЕШНО), размер: 203 байт
[07:11:07] Содержимое:
[07:11:07]   • https://sillyvpn.qwaqdev.ru/sub/365e0df7-98d0-47b2-bfef-09a7100227f6|SILLYVPN
[07:11:07]   • https://chipsa.xyz/YNPdaTGBCyTUnr45|ChipsVPN
[07:11:07]   • https://api.mxnative.com/kM16cBsb0Eh8rFK3TPBu/uQa15uY-uU1Eo2r1PgUbZazK|MavixVPN
[07:11:07] 
[07:11:07] ----------------------------------------------
[07:11:07] ШАГ 2: Клонирование репозитория
[07:11:07] ----------------------------------------------
[07:11:09] Статус: УСПЕШНО
[07:11:09] 
[07:11:09] ----------------------------------------------
[07:11:09] ШАГ 3: Обработка подписок
[07:11:09] ----------------------------------------------
[07:11:09] 
[07:11:09] Подписка #1: SILLYVPN
[07:11:09]   Файл: sillyvpn.qwaqdev.ru_sub_365e0df7-98d0-47b2-bf_Subscription.txt
[07:11:09]   Загрузка: УСПЕШНО (26547 байт)
[07:11:10]   Формат: JSON
[07:11:10]   Конфигов (JSON): 7
[07:11:10] 
[07:11:10] Подписка #2: ChipsVPN
[07:11:10]   Файл: chipsa.xyz_YNPdaTGBCyTUnr45_Subscription.txt
[07:11:10]   Загрузка: УСПЕШНО (15772 байт)
[07:11:10]   Формат: JSON
[07:11:11]   Конфигов (JSON): 5
[07:11:11] 
[07:11:11] Подписка #3: MavixVPN
[07:11:11]   Файл: api.mxnative.com_kM16cBsb0Eh8rFK3TPBu_uQa15uY_Subscription.txt
[07:11:11]   Загрузка: УСПЕШНО (101310 байт)
[07:11:11]   Формат: JSON
[07:11:11]   Конфигов (JSON): 5
[07:11:11] 
[07:11:12] ----------------------------------------------
[07:11:12] ШАГ 4: Сводный файл
[07:11:12] ----------------------------------------------
[07:11:12] Ссылки в GotovVpn.txt:
[07:11:12]   • https://raw.githubusercontent.com/po5p/hpc/main/sillyvpn.qwaqdev.ru_sub_365e0df7-98d0-47b2-bf_Subscription.txt
[07:11:12]   • https://raw.githubusercontent.com/po5p/hpc/main/chipsa.xyz_YNPdaTGBCyTUnr45_Subscription.txt
[07:11:12]   • https://raw.githubusercontent.com/po5p/hpc/main/api.mxnative.com_kM16cBsb0Eh8rFK3TPBu_uQa15uY_Subscription.txt
[07:11:12] 
[07:11:12] ----------------------------------------------
[07:11:12] ШАГ 5: Отправка в GitHub
[07:11:12] ----------------------------------------------
[07:11:14] Результат: УСПЕШНО
[07:11:14] 
[07:11:14] ==============================================
[07:11:14] ИТОГИ
[07:11:14] ==============================================
[07:11:14] Обработано: 3 | Пропущено: 0
[07:11:14]   JSON:   17
[07:11:14]   ─────────────────
[07:11:14]   ВСЕГО:  17
[07:11:14] Сводный файл: https://raw.githubusercontent.com/po5p/hpc/main/GotovVpn.txt
[07:11:14] ==============================================
