[01:06:01] ==============================================
[01:06:01] ЗАПУСК ОБНОВЛЕНИЯ VPN
[01:06:01] ==============================================
[01:06:01] Дата: 10.06.2026 01:06:01
[01:06:01] GitHub: po5p/hpc
[01:06:01] 
[01:06:01] ----------------------------------------------
[01:06:01] ШАГ 1: Получение списка подписок
[01:06:01] ----------------------------------------------
[01:06:02] Статус: 200 (УСПЕШНО), размер: 304 байт
[01:06:02] Содержимое:
[01:06:02]   • https://gist.githubusercontent.com/FrizanGAME/dfd1f7ac36511593dc6d0faff14cc8bb/raw/frizanVPN.txt|frizanVPN
[01:06:02]   • https://sub.new-meme-connet.ru/cc7a8ebfb|MaxVpn1
[01:06:02]   • https://sub.new-meme-connet.ru/d8c44887a|MaxVpn2
[01:06:02]   • https://raw.githubusercontent.com/AirLinkVPN1/AirLinkVPN/refs/heads/main/rkn_white_list|AirLinkVPN
[01:06:02] 
[01:06:02] ----------------------------------------------
[01:06:02] ШАГ 2: Клонирование репозитория
[01:06:02] ----------------------------------------------
[01:06:03] Статус: УСПЕШНО
[01:06:03] 
[01:06:03] ----------------------------------------------
[01:06:03] ШАГ 3: Обработка подписок
[01:06:03] ----------------------------------------------
[01:06:03] 
[01:06:03] Подписка #1: frizanVPN
[01:06:03]   Файл: gist.githubusercontent.com_FrizanGAME_dfd1f7a_Subscription.txt
[01:06:04]   Загрузка: УСПЕШНО (6952 байт)
[01:06:04]   Формат: готовые vless/заголовки
[01:06:04]   Конфигов: 54
[01:06:04] 
[01:06:04] Подписка #2: MaxVpn1
[01:06:04]   Файл: sub.new-meme-connet.ru_cc7a8ebfb_Subscription.txt
[01:06:05]   Загрузка: УСПЕШНО (6564 байт)
[01:06:05]   Формат: Base64 → vless
[01:06:05]   Конфигов: VL=12 VM=0 TR=0 SS=24 (всего: 36)
[01:06:05] 
[01:06:05] Подписка #3: MaxVpn2
[01:06:05]   Файл: sub.new-meme-connet.ru_d8c44887a_Subscription.txt
[01:06:05]   Загрузка: УСПЕШНО (6564 байт)
[01:06:05]   Формат: Base64 → vless
[01:06:06]   Конфигов: VL=12 VM=0 TR=0 SS=24 (всего: 36)
[01:06:06] 
[01:06:06] Подписка #4: AirLinkVPN
[01:06:06]   Файл: raw.githubusercontent.com_AirLinkVPN1_AirLink_Subscription.txt
[01:06:06]   Загрузка: УСПЕШНО (154626 байт)
[01:06:06]   Формат: готовые vless/заголовки
[01:06:07]   Конфигов: 977
[01:06:07] 
[01:06:07] ----------------------------------------------
[01:06:07] ШАГ 4: Сводный файл
[01:06:07] ----------------------------------------------
[01:06:07] Ссылки в GotovVpn.txt:
[01:06:07]   • https://raw.githubusercontent.com/po5p/hpc/main/gist.githubusercontent.com_FrizanGAME_dfd1f7a_Subscription.txt
[01:06:07]   • https://raw.githubusercontent.com/po5p/hpc/main/sub.new-meme-connet.ru_cc7a8ebfb_Subscription.txt
[01:06:07]   • https://raw.githubusercontent.com/po5p/hpc/main/sub.new-meme-connet.ru_d8c44887a_Subscription.txt
[01:06:07]   • https://raw.githubusercontent.com/po5p/hpc/main/raw.githubusercontent.com_AirLinkVPN1_AirLink_Subscription.txt
[01:06:07] 
[01:06:07] ----------------------------------------------
[01:06:07] ШАГ 5: Отправка в GitHub
[01:06:07] ----------------------------------------------
[01:06:09] Результат: УСПЕШНО
[01:06:09] 
[01:06:09] ==============================================
[01:06:09] ИТОГИ
[01:06:09] ==============================================
[01:06:09] Обработано: 4 | Пропущено: 0
[01:06:09]   VLESS:  24
[01:06:09]   SS:     48
[01:06:09]   ─────────────────
[01:06:09]   ВСЕГО:  72
[01:06:09] Сводный файл: https://raw.githubusercontent.com/po5p/hpc/main/GotovVpn.txt
[01:06:09] ==============================================
