[17:02:15] ==============================================
[17:02:15] ЗАПУСК ОБНОВЛЕНИЯ VPN
[17:02:15] ==============================================
[17:02:15] Дата: 06.06.2026 17:02:15
[17:02:15] GitHub: po5p/hpc
[17:02:15] HWID: 9ca65d99c03f363e
[17:02:15] 
[17:02:15] ----------------------------------------------
[17:02:15] ШАГ 1: Получение списка подписок
[17:02:15] ----------------------------------------------
[17:02:16] Статус: 200 (УСПЕШНО), размер: 226 байт
[17:02:16] Содержимое:
[17:02:16]   • https://base44.app/api/apps/6a142ae2965f19733954fc09/files/mp/public/6a142ae2965f19733954fc09/ba7a54875_subscription.txt|SL-VPN
[17:02:16]   • https://sub.new-meme-connet.ru/cc7a8ebfb|MaxVpn1
[17:02:16]   • https://sub.new-meme-connet.ru/d8c44887a|MaxVpn2
[17:02:16] 
[17:02:16] ----------------------------------------------
[17:02:16] ШАГ 2: Клонирование репозитория
[17:02:16] ----------------------------------------------
[17:02:17] Статус: УСПЕШНО
[17:02:17] 
[17:02:17] ----------------------------------------------
[17:02:17] ШАГ 3: Обработка подписок
[17:02:17] ----------------------------------------------
[17:02:18] 
[17:02:18] Подписка #1: SL-VPN
[17:02:18]   Файл: base44.app_api_apps_6a142ae2965f19733954fc09__Subscription.txt
[17:02:19]   Загрузка: УСПЕШНО (5150 байт)
[17:02:19]   Формат: готовые vless/заголовки
[17:02:19]   Конфигов: 0
[17:02:19] 
[17:02:19] Подписка #2: MaxVpn1
[17:02:19]   Файл: sub.new-meme-connet.ru_cc7a8ebfb_Subscription.txt
[17:02:20]   Загрузка: УСПЕШНО (5336 байт)
[17:02:20]   Формат: Base64 → vless
[17:02:20]   Конфигов: 0
[17:02:21] 
[17:02:21] Подписка #3: MaxVpn2
[17:02:21]   Файл: sub.new-meme-connet.ru_d8c44887a_Subscription.txt
[17:02:21]   Загрузка: УСПЕШНО (5336 байт)
[17:02:21]   Формат: Base64 → vless
[17:02:22]   Конфигов: 0
[17:02:22] 
[17:02:22] ----------------------------------------------
[17:02:22] ШАГ 4: Сводный файл
[17:02:22] ----------------------------------------------
[17:02:22]   • https://raw.githubusercontent.com/po5p/hpc/main/base44.app_api_apps_6a142ae2965f19733954fc09__Subscription.txt
[17:02:22]   • https://raw.githubusercontent.com/po5p/hpc/main/sub.new-meme-connet.ru_cc7a8ebfb_Subscription.txt
[17:02:22]   • https://raw.githubusercontent.com/po5p/hpc/main/sub.new-meme-connet.ru_d8c44887a_Subscription.txt
[17:02:22] 
[17:02:22] ----------------------------------------------
[17:02:22] ШАГ 5: Отправка в GitHub
[17:02:22] ----------------------------------------------
[17:02:24] Результат: УСПЕШНО
[17:02:24] 
[17:02:24] ==============================================
[17:02:24] ИТОГИ
[17:02:24] ==============================================
[17:02:24] Обработано: 3 | Пропущено: 0
[17:02:24]   ─────────────────
[17:02:24]   ВСЕГО:  0
[17:02:24] Сводный файл: https://raw.githubusercontent.com/po5p/hpc/main/GotovVpn.txt
[17:02:24] ==============================================
