[00:36:00] ==============================================
[00:36:00] ЗАПУСК ОБНОВЛЕНИЯ VPN
[00:36:00] ==============================================
[00:36:00] Дата: 17.06.2026 00:36:00
[00:36:00] GitHub: po5p/hpc
[00:36:00] 
[00:36:00] ----------------------------------------------
[00:36:00] ШАГ 1: Получение списка подписок
[00:36:00] ----------------------------------------------
[00:36:00] Статус: 200 (УСПЕШНО), размер: 78 байт
[00:36:00] Содержимое:
[00:36:00]   • https://sillyvpn.qwaqdev.ru/sub/365e0df7-98d0-47b2-bfef-09a7100227f6|SILLYVPN
[00:36:00] 
[00:36:01] ----------------------------------------------
[00:36:01] ШАГ 2: Клонирование репозитория
[00:36:01] ----------------------------------------------
[00:36:02] Статус: УСПЕШНО
[00:36:02] 
[00:36:02] ----------------------------------------------
[00:36:02] ШАГ 3: Обработка подписок
[00:36:02] ----------------------------------------------
[00:36:02] 
[00:36:02] Подписка #1: SILLYVPN
[00:36:02]   Файл: sillyvpn.qwaqdev.ru_sub_365e0df7-98d0-47b2-bf_Subscription.txt
[00:36:02]   Загрузка: УСПЕШНО (57504 байт)
[00:36:02]   Формат: JSON
[00:36:03]   Конфигов (JSON): 11
[00:36:03] 
[00:36:03] ----------------------------------------------
[00:36:03] ШАГ 4: Сводный файл
[00:36:03] ----------------------------------------------
[00:36:03] Ссылки в GotovVpn.txt:
[00:36:03]   • https://raw.githubusercontent.com/po5p/hpc/main/sillyvpn.qwaqdev.ru_sub_365e0df7-98d0-47b2-bf_Subscription.txt
[00:36:03] 
[00:36:03] ----------------------------------------------
[00:36:03] ШАГ 5: Отправка в GitHub
[00:36:03] ----------------------------------------------
[00:36:05] Результат: УСПЕШНО
[00:36:05] 
[00:36:05] ==============================================
[00:36:05] ИТОГИ
[00:36:05] ==============================================
[00:36:05] Обработано: 1 | Пропущено: 0
[00:36:05]   JSON:   11
[00:36:05]   ─────────────────
[00:36:05]   ВСЕГО:  11
[00:36:05] Сводный файл: https://raw.githubusercontent.com/po5p/hpc/main/GotovVpn.txt
[00:36:05] ==============================================
