[00:33:27] ==============================================
[00:33:27] ЗАПУСК ОБНОВЛЕНИЯ VPN
[00:33:27] ==============================================
[00:33:27] Дата: 19.06.2026 00:33:27
[00:33:27] GitHub: po5p/hpc
[00:33:27] 
[00:33:27] ----------------------------------------------
[00:33:27] ШАГ 1: Получение списка подписок
[00:33:27] ----------------------------------------------
[00:33:28] Статус: 200 (УСПЕШНО), размер: 596 байт
[00:33:28] Содержимое:
[00:33:28]   • https://sillyvpn.qwaqdev.ru/sub/365e0df7-98d0-47b2-bfef-09a7100227f6|SILLYVPN
[00:33:28]   • https://sub.datanode-internal.net/FcQe0weSX1Qbc_-j|FastUnlimited
[00:33:28]   • https://cdn-biz.ru/sub/1/5609a383-a603-46e8-8de5-a31bab826871|Yowet7
[00:33:28]   • https://sillyvpn.qwaqdev.ru/sub/ff05c08b-dc28-4263-b585-df08338de6fb|SillyVPN
[00:33:28]   • https://sub.stichvpn.store/2285n15fMFhsVcM5|stichvpn
[00:33:28]   • https://subs.superbuba.top/xj1-N_ZgFtCL-tHz|Буба
[00:33:28]   • https://sub.xexvpn.ru/sub-free-lte/CL7ELMBTUH/|xex
[00:33:28]   • https://sub.caladantech.net/Wvu_tj_Hjn1V-_E1|HipVpn
[00:33:28]   • https://sub.cvedcvpn.ru/YfWj6Po5X88zx6Qc|okak67
[00:33:28]   • https://sub.nosok-top.com/0Zxj0TRZPY-9NNf5|Nosok
[00:33:28] 
[00:33:28] ----------------------------------------------
[00:33:28] ШАГ 2: Клонирование репозитория
[00:33:28] ----------------------------------------------
[00:33:30] Статус: УСПЕШНО
[00:33:30] 
[00:33:30] ----------------------------------------------
[00:33:30] ШАГ 3: Обработка подписок
[00:33:30] ----------------------------------------------
[00:33:30] 
[00:33:30] Подписка #1: SILLYVPN
[00:33:30]   Файл: sillyvpn.qwaqdev.ru_sub_365e0df7-98d0-47b2-bf_Subscription.txt
[00:33:30]   Загрузка: УСПЕШНО (10030 байт)
[00:33:31]   Формат: JSON
[00:33:31]   Конфигов (JSON): 6
[00:33:31] 
[00:33:31] Подписка #2: FastUnlimited
[00:33:31]   Файл: sub.datanode-internal.net_FcQe0weSX1Qbc_-j_Subscription.txt
[00:33:31]   Загрузка: УСПЕШНО (36473 байт)
[00:33:32]   Формат: JSON
[00:33:32]   Конфигов (JSON): 15
[00:33:32] 
[00:33:32] Подписка #3: Yowet7
[00:33:32]   Файл: cdn-biz.ru_sub_1_5609a383-a603-46e8-8de5-a31b_Subscription.txt
[00:33:33]   Загрузка: УСПЕШНО (173156 байт)
[00:33:33]   Формат: JSON
[00:33:33]   Конфигов (JSON): 46
[00:33:33] 
[00:33:33] Подписка #4: SillyVPN
[00:33:33]   Файл: sillyvpn.qwaqdev.ru_sub_ff05c08b-dc28-4263-b5_Subscription.txt
[00:33:34]   Загрузка: УСПЕШНО (10030 байт)
[00:33:34]   Формат: JSON
[00:33:34]   Конфигов (JSON): 6
[00:33:34] 
[00:33:34] Подписка #5: stichvpn
[00:33:34]   Файл: sub.stichvpn.store_2285n15fMFhsVcM5_Subscription.txt
[00:33:35]   Загрузка: УСПЕШНО (31441 байт)
[00:33:35]   Формат: JSON
[00:33:35]   Конфигов (JSON): 27
[00:33:35] 
[00:33:35] Подписка #6: Буба
[00:33:35]   Файл: subs.superbuba.top_xj1-N_ZgFtCL-tHz_Subscription.txt
[00:33:36]   Загрузка: УСПЕШНО (78515 байт)
[00:33:36]   Формат: JSON
[00:33:36]   Конфигов (JSON): 34
[00:33:37] 
[00:33:37] Подписка #7: xex
[00:33:37]   Файл: sub.xexvpn.ru_sub-free-lte_CL7ELMBTUH_Subscription.txt
[00:33:37]   Загрузка: УСПЕШНО (133524 байт)
[00:33:37]   Формат: Base64 → vless
[00:33:38]   Конфигов: VL=306 VM=0 TR=0 SS=612 (всего: 918)
[00:33:38] 
[00:33:39] Подписка #8: HipVpn
[00:33:39]   Файл: sub.caladantech.net_Wvu_tj_Hjn1V-_E1_Subscription.txt
[00:33:39]   Загрузка: УСПЕШНО (20022 байт)
[00:33:40]   Формат: JSON
[00:33:40]   Конфигов (JSON): 17
[00:33:40] 
[00:33:40] Подписка #9: okak67
[00:33:40]   Файл: sub.cvedcvpn.ru_YfWj6Po5X88zx6Qc_Subscription.txt
[00:33:40]   Загрузка: УСПЕШНО (3800 байт)
[00:33:41]   Формат: Base64 → vless
[00:33:41]   Конфигов: VL=8 VM=0 TR=0 SS=16 (всего: 24)
[00:33:41] 
[00:33:41] Подписка #10: Nosok
[00:33:41]   Файл: sub.nosok-top.com_0Zxj0TRZPY-9NNf5_Subscription.txt
[00:33:42]   Загрузка: УСПЕШНО (4124 байт)
[00:33:42]   Формат: JSON
[00:33:42]   Конфигов (JSON): 3
[00:33:42] 
[00:33:42] ----------------------------------------------
[00:33:42] ШАГ 4: Сводный файл
[00:33:42] ----------------------------------------------
[00:33:43] Ссылки в GotovVpn.txt:
[00:33:43]   • https://raw.githubusercontent.com/po5p/hpc/main/sillyvpn.qwaqdev.ru_sub_365e0df7-98d0-47b2-bf_Subscription.txt|SILLYVPN
[00:33:43]   • https://raw.githubusercontent.com/po5p/hpc/main/sub.datanode-internal.net_FcQe0weSX1Qbc_-j_Subscription.txt|FastUnlimited
[00:33:43]   • https://raw.githubusercontent.com/po5p/hpc/main/cdn-biz.ru_sub_1_5609a383-a603-46e8-8de5-a31b_Subscription.txt|Yowet7
[00:33:43]   • https://raw.githubusercontent.com/po5p/hpc/main/sillyvpn.qwaqdev.ru_sub_ff05c08b-dc28-4263-b5_Subscription.txt|SillyVPN
[00:33:43]   • https://raw.githubusercontent.com/po5p/hpc/main/sub.stichvpn.store_2285n15fMFhsVcM5_Subscription.txt|stichvpn
[00:33:43]   • https://raw.githubusercontent.com/po5p/hpc/main/subs.superbuba.top_xj1-N_ZgFtCL-tHz_Subscription.txt|Буба
[00:33:43]   • https://raw.githubusercontent.com/po5p/hpc/main/sub.xexvpn.ru_sub-free-lte_CL7ELMBTUH_Subscription.txt|xex
[00:33:43]   • https://raw.githubusercontent.com/po5p/hpc/main/sub.caladantech.net_Wvu_tj_Hjn1V-_E1_Subscription.txt|HipVpn
[00:33:43]   • https://raw.githubusercontent.com/po5p/hpc/main/sub.cvedcvpn.ru_YfWj6Po5X88zx6Qc_Subscription.txt|okak67
[00:33:43]   • https://raw.githubusercontent.com/po5p/hpc/main/sub.nosok-top.com_0Zxj0TRZPY-9NNf5_Subscription.txt|Nosok
[00:33:44] 
[00:33:44] ----------------------------------------------
[00:33:44] ШАГ 5: Отправка в GitHub
[00:33:44] ----------------------------------------------
[00:33:46] Результат: УСПЕШНО
[00:33:46] 
[00:33:46] ==============================================
[00:33:46] ИТОГИ
[00:33:46] ==============================================
[00:33:46] Обработано: 10 | Пропущено: 0
[00:33:46]   VLESS:  314
[00:33:46]   SS:     628
[00:33:46]   JSON:   154
[00:33:46]   ─────────────────
[00:33:46]   ВСЕГО:  1096
[00:33:46] Сводный файл: https://raw.githubusercontent.com/po5p/hpc/main/GotovVpn.txt
[00:33:46] ==============================================
