[08:00:00] ==============================================
[08:00:00] ЗАПУСК ОБНОВЛЕНИЯ VPN
[08:00:00] ==============================================
[08:00:00] Дата: 07.06.2026 08:00:00
[08:00:00] GitHub: po5p/hpc
[08:00:01] HWID: CB522960-E2A9-7A19-12CB-FD12FEC71E19
[08:00:01] 
[08:00:01] ----------------------------------------------
[08:00:01] ШАГ 1: Получение списка подписок
[08:00:01] ----------------------------------------------
[08:00:01] Статус: 200 (УСПЕШНО), размер: 99 байт
[08:00:01] Содержимое:
[08:00:01]   • https://sub.new-meme-connet.ru/cc7a8ebfb|MaxVpn1
[08:00:01]   • https://sub.new-meme-connet.ru/d8c44887a|MaxVpn2
[08:00:02] 
[08:00:02] ----------------------------------------------
[08:00:02] ШАГ 2: Клонирование репозитория
[08:00:02] ----------------------------------------------
[08:00:03] Статус: УСПЕШНО
[08:00:03] 
[08:00:03] ----------------------------------------------
[08:00:03] ШАГ 3: Обработка подписок
[08:00:03] ----------------------------------------------
[08:00:03] 
[08:00:03] Подписка #2: MaxVpn1
[08:00:03]   Файл: sub.new-meme-connet.ru_cc7a8ebfb_Subscription.txt
[08:00:04]   Загрузка: УСПЕШНО (6596 байт)
[08:00:04]   Формат: Base64 → vless
[08:00:05]   Конфигов: 36
[08:00:05] 
[08:00:05] Подписка #3: MaxVpn2
[08:00:05]   Файл: sub.new-meme-connet.ru_d8c44887a_Subscription.txt
[08:00:05]   Загрузка: УСПЕШНО (6596 байт)
[08:00:05]   Формат: Base64 → vless
[08:00:06]   Конфигов: 36
[08:00:06] 
[08:00:06] ----------------------------------------------
[08:00:06] ШАГ 4: Сводный файл
[08:00:06] ----------------------------------------------
[08:00:06]   • https://raw.githubusercontent.com/po5p/hpc/main/sub.new-meme-connet.ru_cc7a8ebfb_Subscription.txt
[08:00:06]   • https://raw.githubusercontent.com/po5p/hpc/main/sub.new-meme-connet.ru_d8c44887a_Subscription.txt
[08:00:06] 
[08:00:06] ----------------------------------------------
[08:00:06] ШАГ 5: Отправка в GitHub
[08:00:07] ----------------------------------------------
[08:00:08] Результат: УСПЕШНО
[08:00:08] 
[08:00:08] ==============================================
[08:00:09] ИТОГИ
[08:00:09] ==============================================
[08:00:09] Обработано: 2 | Пропущено: 0
[08:00:09]   VLESS:  24
[08:00:09]   SS:     48
[08:00:09]   ─────────────────
[08:00:09]   ВСЕГО:  72
[08:00:09] Сводный файл: https://raw.githubusercontent.com/po5p/hpc/main/GotovVpn.txt
[08:00:09] ==============================================
