[22:25:15] ==============================================
[22:25:15] ЗАПУСК ОБНОВЛЕНИЯ VPN
[22:25:15] ==============================================
[22:25:15] Дата: 08.06.2026 22:25:15
[22:25:15] GitHub: po5p/hpc
[22:25:15] 
[22:25:15] ----------------------------------------------
[22:25:15] ШАГ 1: Получение списка подписок
[22:25:15] ----------------------------------------------
[22:25:16] Статус: 200 (УСПЕШНО), размер: 196 байт
[22:25:16] Содержимое:
[22:25:16]   • https://raw.githubusercontent.com/opti4riponty-arch/VLESS-Co/refs/heads/main/VLESS%20%26%20Co|VPN
[22:25:16]   • https://sub.new-meme-connet.ru/cc7a8ebfb|MaxVpn1
[22:25:16]   • https://sub.new-meme-connet.ru/d8c44887a|MaxVpn2
[22:25:16] 
[22:25:16] ----------------------------------------------
[22:25:16] ШАГ 2: Клонирование репозитория
[22:25:16] ----------------------------------------------
[22:25:17] Статус: УСПЕШНО
[22:25:17] 
[22:25:17] ----------------------------------------------
[22:25:17] ШАГ 3: Обработка подписок
[22:25:17] ----------------------------------------------
[22:25:17] 
[22:25:17] Подписка #1: VPN
[22:25:18]   Файл: raw.githubusercontent.com_opti4riponty-arch_V_Subscription.txt
[22:25:18]   Загрузка: УСПЕШНО (12205 байт)
[22:25:18]   ⚠ Заглушка — оставляю старую копию
[22:25:18] 
[22:25:18] Подписка #2: MaxVpn1
[22:25:18]   Файл: sub.new-meme-connet.ru_cc7a8ebfb_Subscription.txt
[22:25:19]   Загрузка: УСПЕШНО (6572 байт)
[22:25:19]   Формат: Base64 → vless
[22:25:19]   Конфигов: VL=12 VM=0 TR=0 SS=24 (всего: 36)
[22:25:19] 
[22:25:19] Подписка #3: MaxVpn2
[22:25:19]   Файл: sub.new-meme-connet.ru_d8c44887a_Subscription.txt
[22:25:19]   Загрузка: УСПЕШНО (6572 байт)
[22:25:19]   Формат: Base64 → vless
[22:25:20]   Конфигов: VL=12 VM=0 TR=0 SS=24 (всего: 36)
[22:25:20] 
[22:25:20] ----------------------------------------------
[22:25:20] ШАГ 4: Сводный файл
[22:25:20] ----------------------------------------------
[22:25:20] Ссылки в GotovVpn.txt:
[22:25:20]   • https://raw.githubusercontent.com/po5p/hpc/main/sub.new-meme-connet.ru_cc7a8ebfb_Subscription.txt
[22:25:20]   • https://raw.githubusercontent.com/po5p/hpc/main/sub.new-meme-connet.ru_d8c44887a_Subscription.txt
[22:25:20] 
[22:25:20] ----------------------------------------------
[22:25:20] ШАГ 5: Отправка в GitHub
[22:25:20] ----------------------------------------------
[22:25:22] Результат: УСПЕШНО
[22:25:22] 
[22:25:22] ==============================================
[22:25:22] ИТОГИ
[22:25:22] ==============================================
[22:25:22] Обработано: 2 | Пропущено: 1
[22:25:22]   VLESS:  24
[22:25:22]   SS:     48
[22:25:22]   ─────────────────
[22:25:22]   ВСЕГО:  72
[22:25:22] Сводный файл: https://raw.githubusercontent.com/po5p/hpc/main/GotovVpn.txt
[22:25:22] ==============================================
