[00:45:04] ==============================================
[00:45:04] ЗАПУСК ОБНОВЛЕНИЯ VPN
[00:45:04] ==============================================
[00:45:04] Дата: 17.06.2026 00:45:04
[00:45:04] GitHub: po5p/hpc
[00:45:04] 
[00:45:05] ----------------------------------------------
[00:45:05] ШАГ 1: Получение списка подписок
[00:45:05] ----------------------------------------------
[00:45:05] Статус: 200 (УСПЕШНО), размер: 78 байт
[00:45:05] Содержимое:
[00:45:05]   • https://sillyvpn.qwaqdev.ru/sub/365e0df7-98d0-47b2-bfef-09a7100227f6|SILLYVPN
[00:45:05] 
[00:45:05] ----------------------------------------------
[00:45:05] ШАГ 2: Клонирование репозитория
[00:45:05] ----------------------------------------------
[00:45:06] Статус: УСПЕШНО
[00:45:06] 
[00:45:06] ----------------------------------------------
[00:45:06] ШАГ 3: Обработка подписок
[00:45:06] ----------------------------------------------
[00:45:07] 
[00:45:07] Подписка #1: SILLYVPN
[00:45:07]   Файл: sillyvpn.qwaqdev.ru_sub_365e0df7-98d0-47b2-bf_Subscription.txt
[00:45:07]   Загрузка: УСПЕШНО (57504 байт)
[00:45:07]   Формат: JSON
[00:45:07]   Конфигов (JSON): 11
[00:45:07] 
[00:45:07] ----------------------------------------------
[00:45:07] ШАГ 4: Сводный файл
[00:45:07] ----------------------------------------------
[00:45:07] Ссылки в GotovVpn.txt:
[00:45:07]   • https://raw.githubusercontent.com/po5p/hpc/main/sillyvpn.qwaqdev.ru_sub_365e0df7-98d0-47b2-bf_Subscription.txt
[00:45:07] 
[00:45:07] ----------------------------------------------
[00:45:07] ШАГ 5: Отправка в GitHub
[00:45:07] ----------------------------------------------
[00:45:08] Результат: УСПЕШНО
[00:45:08] 
[00:45:08] ==============================================
[00:45:08] ИТОГИ
[00:45:08] ==============================================
[00:45:08] Обработано: 1 | Пропущено: 0
[00:45:09]   JSON:   11
[00:45:09]   ─────────────────
[00:45:09]   ВСЕГО:  11
[00:45:09] Сводный файл: https://raw.githubusercontent.com/po5p/hpc/main/GotovVpn.txt
[00:45:09] ==============================================
