[23:04:02] ==============================================
[23:04:02] ЗАПУСК ОБНОВЛЕНИЯ VPN
[23:04:02] ==============================================
[23:04:02] Дата: 18.06.2026 23:04:02
[23:04:02] GitHub: po5p/hpc
[23:04:02] 
[23:04:02] ----------------------------------------------
[23:04:02] ШАГ 1: Получение списка подписок
[23:04:03] ----------------------------------------------
[23:04:03] Статус: 200 (УСПЕШНО), размер: 396 байт
[23:04:03] Содержимое:
[23:04:03]   • https://sillyvpn.qwaqdev.ru/sub/365e0df7-98d0-47b2-bfef-09a7100227f6|SILLYVPN
[23:04:03]   • https://sub.datanode-internal.net/FcQe0weSX1Qbc_-j|FastUnlimited
[23:04:03]   • https://cdn-biz.ru/sub/1/5609a383-a603-46e8-8de5-a31bab826871|Yowet7
[23:04:03]   • https://sillyvpn.qwaqdev.ru/sub/ff05c08b-dc28-4263-b585-df08338de6fb|SillyVPN
[23:04:03]   • https://sub.stichvpn.store/2285n15fMFhsVcM5|stichvpn
[23:04:03]   • https://subs.superbuba.top/xj1-N_ZgFtCL-tHz|Буба
[23:04:03] 
[23:04:03] ----------------------------------------------
[23:04:03] ШАГ 2: Клонирование репозитория
[23:04:03] ----------------------------------------------
[23:04:05] Статус: УСПЕШНО
[23:04:05] 
[23:04:05] ----------------------------------------------
[23:04:05] ШАГ 3: Обработка подписок
[23:04:05] ----------------------------------------------
[23:04:05] 
[23:04:05] Подписка #1: SILLYVPN
[23:04:05]   Файл: sillyvpn.qwaqdev.ru_sub_365e0df7-98d0-47b2-bf_Subscription.txt
[23:04:06]   Загрузка: УСПЕШНО (10030 байт)
[23:04:06]   Формат: JSON
[23:04:06]   Конфигов (JSON): 6
[23:04:06] 
[23:04:06] Подписка #2: FastUnlimited
[23:04:06]   Файл: sub.datanode-internal.net_FcQe0weSX1Qbc_-j_Subscription.txt
[23:04:07]   Загрузка: УСПЕШНО (36477 байт)
[23:04:07]   Формат: JSON
[23:04:07]   Конфигов (JSON): 15
[23:04:07] 
[23:04:07] Подписка #3: Yowet7
[23:04:07]   Файл: cdn-biz.ru_sub_1_5609a383-a603-46e8-8de5-a31b_Subscription.txt
[23:04:08]   Загрузка: УСПЕШНО (226025 байт)
[23:04:08]   Формат: JSON
[23:04:08]   Конфигов (JSON): 60
[23:04:08] 
[23:04:08] Подписка #4: SillyVPN
[23:04:08]   Файл: sillyvpn.qwaqdev.ru_sub_ff05c08b-dc28-4263-b5_Subscription.txt
[23:04:09]   Загрузка: УСПЕШНО (10030 байт)
[23:04:09]   Формат: JSON
[23:04:09]   Конфигов (JSON): 6
[23:04:09] 
[23:04:09] Подписка #5: stichvpn
[23:04:09]   Файл: sub.stichvpn.store_2285n15fMFhsVcM5_Subscription.txt
[23:04:10]   Загрузка: УСПЕШНО (31439 байт)
[23:04:10]   Формат: JSON
[23:04:10]   Конфигов (JSON): 27
[23:04:10] 
[23:04:10] Подписка #6: Буба
[23:04:10]   Файл: subs.superbuba.top_xj1-N_ZgFtCL-tHz_Subscription.txt
[23:04:12]   Загрузка: УСПЕШНО (78515 байт)
[23:04:12]   Формат: JSON
[23:04:12]   Конфигов (JSON): 34
[23:04:12] 
[23:04:12] ----------------------------------------------
[23:04:12] ШАГ 4: Сводный файл
[23:04:12] ----------------------------------------------
[23:04:12] Ссылки в GotovVpn.txt:
[23:04:12]   • https://raw.githubusercontent.com/po5p/hpc/main/sillyvpn.qwaqdev.ru_sub_365e0df7-98d0-47b2-bf_Subscription.txt|SILLYVPN
[23:04:12]   • https://raw.githubusercontent.com/po5p/hpc/main/sub.datanode-internal.net_FcQe0weSX1Qbc_-j_Subscription.txt|FastUnlimited
[23:04:12]   • https://raw.githubusercontent.com/po5p/hpc/main/cdn-biz.ru_sub_1_5609a383-a603-46e8-8de5-a31b_Subscription.txt|Yowet7
[23:04:12]   • https://raw.githubusercontent.com/po5p/hpc/main/sillyvpn.qwaqdev.ru_sub_ff05c08b-dc28-4263-b5_Subscription.txt|SillyVPN
[23:04:12]   • https://raw.githubusercontent.com/po5p/hpc/main/sub.stichvpn.store_2285n15fMFhsVcM5_Subscription.txt|stichvpn
[23:04:12]   • https://raw.githubusercontent.com/po5p/hpc/main/subs.superbuba.top_xj1-N_ZgFtCL-tHz_Subscription.txt|Буба
[23:04:12] 
[23:04:12] ----------------------------------------------
[23:04:12] ШАГ 5: Отправка в GitHub
[23:04:12] ----------------------------------------------
[23:04:14] Результат: УСПЕШНО
[23:04:14] 
[23:04:14] ==============================================
[23:04:14] ИТОГИ
[23:04:14] ==============================================
[23:04:14] Обработано: 6 | Пропущено: 0
[23:04:14]   JSON:   148
[23:04:14]   ─────────────────
[23:04:14]   ВСЕГО:  148
[23:04:14] Сводный файл: https://raw.githubusercontent.com/po5p/hpc/main/GotovVpn.txt
[23:04:14] ==============================================
