[01:21:20] ==============================================
[01:21:20] ЗАПУСК ОБНОВЛЕНИЯ VPN
[01:21:20] ==============================================
[01:21:20] Дата: 10.06.2026 01:21:20
[01:21:20] GitHub: po5p/hpc
[01:21:20] 
[01:21:20] ----------------------------------------------
[01:21:20] ШАГ 1: Получение списка подписок
[01:21:20] ----------------------------------------------
[01:21:20] Статус: 200 (УСПЕШНО), размер: 357 байт
[01:21:20] Содержимое:
[01:21:20]   • https://gist.githubusercontent.com/FrizanGAME/dfd1f7ac36511593dc6d0faff14cc8bb/raw/frizanVPN.txt|frizanVPN
[01:21:20]   • https://sub.new-meme-connet.ru/cc7a8ebfb|MaxVpn1
[01:21:20]   • https://sub.new-meme-connet.ru/d8c44887a|MaxVpn2
[01:21:20]   • https://raw.githubusercontent.com/AirLinkVPN1/AirLinkVPN/refs/heads/main/rkn_white_list|AirLinkVPN
[01:21:20]   • https://subrostunnel.vercel.app/gen.txt|RosTunnelVpn
[01:21:20] 
[01:21:20] ----------------------------------------------
[01:21:20] ШАГ 2: Клонирование репозитория
[01:21:20] ----------------------------------------------
[01:21:22] Статус: УСПЕШНО
[01:21:22] 
[01:21:22] ----------------------------------------------
[01:21:22] ШАГ 3: Обработка подписок
[01:21:22] ----------------------------------------------
[01:21:22] 
[01:21:22] Подписка #1: frizanVPN
[01:21:22]   Файл: gist.githubusercontent.com_FrizanGAME_dfd1f7a_Subscription.txt
[01:21:22]   Загрузка: УСПЕШНО (6952 байт)
[01:21:22]   Формат: готовые vless/заголовки
[01:21:22]   Конфигов: 54
[01:21:23] 
[01:21:23] Подписка #2: MaxVpn1
[01:21:23]   Файл: sub.new-meme-connet.ru_cc7a8ebfb_Subscription.txt
[01:21:23]   Загрузка: УСПЕШНО (6572 байт)
[01:21:23]   Формат: Base64 → vless
[01:21:23]   Конфигов: VL=12 VM=0 TR=0 SS=24 (всего: 36)
[01:21:23] 
[01:21:23] Подписка #3: MaxVpn2
[01:21:23]   Файл: sub.new-meme-connet.ru_d8c44887a_Subscription.txt
[01:21:24]   Загрузка: УСПЕШНО (6572 байт)
[01:21:24]   Формат: Base64 → vless
[01:21:24]   Конфигов: VL=12 VM=0 TR=0 SS=24 (всего: 36)
[01:21:24] 
[01:21:24] Подписка #4: AirLinkVPN
[01:21:24]   Файл: raw.githubusercontent.com_AirLinkVPN1_AirLink_Subscription.txt
[01:21:25]   Загрузка: УСПЕШНО (190286 байт)
[01:21:25]   Формат: готовые vless/заголовки
[01:21:25]   Конфигов: 1061
[01:21:25] 
[01:21:25] Подписка #5: RosTunnelVpn
[01:21:25]   Файл: subrostunnel.vercel.app_gen.txt_Subscription.txt
[01:21:26]   Загрузка: УСПЕШНО (143476 байт)
[01:21:26]   Формат: Base64 → vless
[01:21:26]   Конфигов: VL=283 VM=0 TR=0 SS=566 (всего: 849)
[01:21:26] 
[01:21:26] ----------------------------------------------
[01:21:26] ШАГ 4: Сводный файл
[01:21:26] ----------------------------------------------
[01:21:26] Ссылки в GotovVpn.txt:
[01:21:26]   • https://raw.githubusercontent.com/po5p/hpc/main/gist.githubusercontent.com_FrizanGAME_dfd1f7a_Subscription.txt
[01:21:26]   • https://raw.githubusercontent.com/po5p/hpc/main/sub.new-meme-connet.ru_cc7a8ebfb_Subscription.txt
[01:21:26]   • https://raw.githubusercontent.com/po5p/hpc/main/sub.new-meme-connet.ru_d8c44887a_Subscription.txt
[01:21:26]   • https://raw.githubusercontent.com/po5p/hpc/main/raw.githubusercontent.com_AirLinkVPN1_AirLink_Subscription.txt
[01:21:26]   • https://raw.githubusercontent.com/po5p/hpc/main/subrostunnel.vercel.app_gen.txt_Subscription.txt
[01:21:26] 
[01:21:26] ----------------------------------------------
[01:21:26] ШАГ 5: Отправка в GitHub
[01:21:26] ----------------------------------------------
[01:21:28] Результат: УСПЕШНО
[01:21:28] 
[01:21:28] ==============================================
[01:21:28] ИТОГИ
[01:21:28] ==============================================
[01:21:28] Обработано: 5 | Пропущено: 0
[01:21:28]   VLESS:  307
[01:21:28]   SS:     614
[01:21:28]   ─────────────────
[01:21:28]   ВСЕГО:  921
[01:21:28] Сводный файл: https://raw.githubusercontent.com/po5p/hpc/main/GotovVpn.txt
[01:21:28] ==============================================
