[00:25:09] ==============================================
[00:25:09] ЗАПУСК ОБНОВЛЕНИЯ VPN
[00:25:09] ==============================================
[00:25:09] Дата: 10.06.2026 00:25:09
[00:25:09] GitHub: po5p/hpc
[00:25:09] 
[00:25:09] ----------------------------------------------
[00:25:09] ШАГ 1: Получение списка подписок
[00:25:09] ----------------------------------------------
[00:25:10] Статус: 200 (УСПЕШНО), размер: 304 байт
[00:25:10] Содержимое:
[00:25:10]   • https://gist.githubusercontent.com/FrizanGAME/dfd1f7ac36511593dc6d0faff14cc8bb/raw/frizanVPN.txt|frizanVPN
[00:25:10]   • https://sub.new-meme-connet.ru/cc7a8ebfb|MaxVpn1
[00:25:10]   • https://sub.new-meme-connet.ru/d8c44887a|MaxVpn2
[00:25:10]   • https://raw.githubusercontent.com/AirLinkVPN1/AirLinkVPN/refs/heads/main/rkn_white_list|AirLinkVPN
[00:25:10] 
[00:25:10] ----------------------------------------------
[00:25:10] ШАГ 2: Клонирование репозитория
[00:25:10] ----------------------------------------------
[00:25:12] Статус: УСПЕШНО
[00:25:12] 
[00:25:12] ----------------------------------------------
[00:25:12] ШАГ 3: Обработка подписок
[00:25:12] ----------------------------------------------
[00:25:12] 
[00:25:12] Подписка #1: frizanVPN
[00:25:12]   Файл: gist.githubusercontent.com_FrizanGAME_dfd1f7a_Subscription.txt
[00:25:13]   Загрузка: УСПЕШНО (3757 байт)
[00:25:13]   Формат: готовые vless/заголовки
[00:25:13]   Конфигов: 32
[00:25:13] 
[00:25:13] Подписка #2: MaxVpn1
[00:25:13]   Файл: sub.new-meme-connet.ru_cc7a8ebfb_Subscription.txt
[00:25:14]   Загрузка: УСПЕШНО (6548 байт)
[00:25:14]   Формат: Base64 → vless
[00:25:14]   Конфигов: VL=12 VM=0 TR=0 SS=24 (всего: 36)
[00:25:14] 
[00:25:14] Подписка #3: MaxVpn2
[00:25:14]   Файл: sub.new-meme-connet.ru_d8c44887a_Subscription.txt
[00:25:15]   Загрузка: УСПЕШНО (6548 байт)
[00:25:15]   Формат: Base64 → vless
[00:25:15]   Конфигов: VL=12 VM=0 TR=0 SS=24 (всего: 36)
[00:25:15] 
[00:25:15] Подписка #4: AirLinkVPN
[00:25:15]   Файл: raw.githubusercontent.com_AirLinkVPN1_AirLink_Subscription.txt
[00:25:16]   Загрузка: УСПЕШНО (154626 байт)
[00:25:16]   Формат: готовые vless/заголовки
[00:25:16]   Конфигов: 977
[00:25:16] 
[00:25:16] ----------------------------------------------
[00:25:16] ШАГ 4: Сводный файл
[00:25:16] ----------------------------------------------
[00:25:16] Ссылки в GotovVpn.txt:
[00:25:16]   • https://raw.githubusercontent.com/po5p/hpc/main/gist.githubusercontent.com_FrizanGAME_dfd1f7a_Subscription.txt
[00:25:16]   • https://raw.githubusercontent.com/po5p/hpc/main/sub.new-meme-connet.ru_cc7a8ebfb_Subscription.txt
[00:25:16]   • https://raw.githubusercontent.com/po5p/hpc/main/sub.new-meme-connet.ru_d8c44887a_Subscription.txt
[00:25:16]   • https://raw.githubusercontent.com/po5p/hpc/main/raw.githubusercontent.com_AirLinkVPN1_AirLink_Subscription.txt
[00:25:16] 
[00:25:17] ----------------------------------------------
[00:25:17] ШАГ 5: Отправка в GitHub
[00:25:17] ----------------------------------------------
[00:25:19] Результат: УСПЕШНО
[00:25:19] 
[00:25:19] ==============================================
[00:25:19] ИТОГИ
[00:25:19] ==============================================
[00:25:19] Обработано: 4 | Пропущено: 0
[00:25:19]   VLESS:  24
[00:25:19]   SS:     48
[00:25:19]   ─────────────────
[00:25:19]   ВСЕГО:  72
[00:25:19] Сводный файл: https://raw.githubusercontent.com/po5p/hpc/main/GotovVpn.txt
[00:25:19] ==============================================
