[06:00:00] ==============================================
[06:00:00] ЗАПУСК ОБНОВЛЕНИЯ VPN
[06:00:00] ==============================================
[06:00:01] Дата: 07.06.2026 06:00:00
[06:00:01] GitHub: po5p/hpc
[06:00:01] HWID: CB522960-E2A9-7A19-12CB-FD12FEC71E19
[06:00:01] 
[06:00:01] ----------------------------------------------
[06:00:01] ШАГ 1: Получение списка подписок
[06:00:01] ----------------------------------------------
[06:00:01] Статус: 200 (УСПЕШНО), размер: 99 байт
[06:00:02] Содержимое:
[06:00:02]   • https://sub.new-meme-connet.ru/cc7a8ebfb|MaxVpn1
[06:00:02]   • https://sub.new-meme-connet.ru/d8c44887a|MaxVpn2
[06:00:02] 
[06:00:02] ----------------------------------------------
[06:00:02] ШАГ 2: Клонирование репозитория
[06:00:02] ----------------------------------------------
[06:00:03] Статус: УСПЕШНО
[06:00:03] 
[06:00:03] ----------------------------------------------
[06:00:03] ШАГ 3: Обработка подписок
[06:00:03] ----------------------------------------------
[06:00:03] 
[06:00:03] Подписка #2: MaxVpn1
[06:00:04]   Файл: sub.new-meme-connet.ru_cc7a8ebfb_Subscription.txt
[06:00:04]   Загрузка: УСПЕШНО (6564 байт)
[06:00:04]   Формат: Base64 → vless
[06:00:05]   Конфигов: 36
[06:00:05] 
[06:00:05] Подписка #3: MaxVpn2
[06:00:05]   Файл: sub.new-meme-connet.ru_d8c44887a_Subscription.txt
[06:00:05]   Загрузка: УСПЕШНО (6564 байт)
[06:00:05]   Формат: Base64 → vless
[06:00:06]   Конфигов: 36
[06:00:06] 
[06:00:06] ----------------------------------------------
[06:00:06] ШАГ 4: Сводный файл
[06:00:06] ----------------------------------------------
[06:00:06]   • https://raw.githubusercontent.com/po5p/hpc/main/sub.new-meme-connet.ru_cc7a8ebfb_Subscription.txt
[06:00:06]   • https://raw.githubusercontent.com/po5p/hpc/main/sub.new-meme-connet.ru_d8c44887a_Subscription.txt
[06:00:06] 
[06:00:06] ----------------------------------------------
[06:00:06] ШАГ 5: Отправка в GitHub
[06:00:06] ----------------------------------------------
[06:00:08] Результат: УСПЕШНО
[06:00:08] 
[06:00:08] ==============================================
[06:00:08] ИТОГИ
[06:00:08] ==============================================
[06:00:09] Обработано: 2 | Пропущено: 0
[06:00:09]   VLESS:  24
[06:00:09]   SS:     48
[06:00:09]   ─────────────────
[06:00:09]   ВСЕГО:  72
[06:00:09] Сводный файл: https://raw.githubusercontent.com/po5p/hpc/main/GotovVpn.txt
[06:00:09] ==============================================
