[18:53:20] ==============================================
[18:53:20] ЗАПУСК ОБНОВЛЕНИЯ VPN
[18:53:20] ==============================================
[18:53:20] Дата: 18.06.2026 18:53:20
[18:53:20] GitHub: po5p/hpc
[18:53:20] 
[18:53:20] ----------------------------------------------
[18:53:20] ШАГ 1: Получение списка подписок
[18:53:20] ----------------------------------------------
[18:53:21] Статус: 200 (УСПЕШНО), размер: 143 байт
[18:53:21] Содержимое:
[18:53:21]   • https://sillyvpn.qwaqdev.ru/sub/365e0df7-98d0-47b2-bfef-09a7100227f6|SILLYVPN
[18:53:21]   • https://sub.datanode-internal.net/FcQe0weSX1Qbc_-j|FastUnlimited
[18:53:21] 
[18:53:21] ----------------------------------------------
[18:53:21] ШАГ 2: Клонирование репозитория
[18:53:21] ----------------------------------------------
[18:53:23] Статус: УСПЕШНО
[18:53:23] 
[18:53:23] ----------------------------------------------
[18:53:23] ШАГ 3: Обработка подписок
[18:53:23] ----------------------------------------------
[18:53:23] 
[18:53:23] Подписка #1: SILLYVPN
[18:53:23]   Файл: sillyvpn.qwaqdev.ru_sub_365e0df7-98d0-47b2-bf_Subscription.txt
[18:53:24]   Загрузка: УСПЕШНО (17318 байт)
[18:53:24]   Формат: JSON
[18:53:24]   Конфигов (JSON): 13
[18:53:24] 
[18:53:24] Подписка #2: FastUnlimited
[18:53:24]   Файл: sub.datanode-internal.net_FcQe0weSX1Qbc_-j_Subscription.txt
[18:53:25]   Загрузка: УСПЕШНО (36493 байт)
[18:53:25]   Формат: JSON
[18:53:25]   Конфигов (JSON): 15
[18:53:25] 
[18:53:25] ----------------------------------------------
[18:53:25] ШАГ 4: Сводный файл
[18:53:25] ----------------------------------------------
[18:53:25] Ссылки в GotovVpn.txt:
[18:53:25]   • https://raw.githubusercontent.com/po5p/hpc/main/sillyvpn.qwaqdev.ru_sub_365e0df7-98d0-47b2-bf_Subscription.txt
[18:53:25]   • https://raw.githubusercontent.com/po5p/hpc/main/sub.datanode-internal.net_FcQe0weSX1Qbc_-j_Subscription.txt
[18:53:25] 
[18:53:25] ----------------------------------------------
[18:53:25] ШАГ 5: Отправка в GitHub
[18:53:25] ----------------------------------------------
[18:53:27] Результат: УСПЕШНО
[18:53:27] 
[18:53:28] ==============================================
[18:53:28] ИТОГИ
[18:53:28] ==============================================
[18:53:28] Обработано: 2 | Пропущено: 0
[18:53:28]   JSON:   28
[18:53:28]   ─────────────────
[18:53:28]   ВСЕГО:  28
[18:53:28] Сводный файл: https://raw.githubusercontent.com/po5p/hpc/main/GotovVpn.txt
[18:53:28] ==============================================
