[21:07:24] ==============================================
[21:07:24] ЗАПУСК ОБНОВЛЕНИЯ VPN
[21:07:24] ==============================================
[21:07:24] Дата: 06.06.2026 21:07:24
[21:07:24] GitHub: po5p/hpc
[21:07:25] HWID: CB522960-E2A9-7A19-12CB-FD12FEC71E19
[21:07:25] 
[21:07:25] ----------------------------------------------
[21:07:25] ШАГ 1: Получение списка подписок
[21:07:25] ----------------------------------------------
[21:07:25] Статус: 200 (УСПЕШНО), размер: 99 байт
[21:07:25] Содержимое:
[21:07:25]   • https://sub.new-meme-connet.ru/cc7a8ebfb|MaxVpn1
[21:07:25]   • https://sub.new-meme-connet.ru/d8c44887a|MaxVpn2
[21:07:26] 
[21:07:26] ----------------------------------------------
[21:07:26] ШАГ 2: Клонирование репозитория
[21:07:26] ----------------------------------------------
[21:07:27] Статус: УСПЕШНО
[21:07:27] 
[21:07:27] ----------------------------------------------
[21:07:27] ШАГ 3: Обработка подписок
[21:07:27] ----------------------------------------------
[21:07:27] 
[21:07:27] Подписка #2: MaxVpn1
[21:07:27]   Файл: sub.new-meme-connet.ru_cc7a8ebfb_Subscription.txt
[21:07:28]   Загрузка: УСПЕШНО (5904 байт)
[21:07:28]   Формат: Base64 → vless
[21:07:29]   Конфигов: 33
[21:07:29] 
[21:07:29] Подписка #3: MaxVpn2
[21:07:29]   Файл: sub.new-meme-connet.ru_d8c44887a_Subscription.txt
[21:07:29]   Загрузка: УСПЕШНО (5904 байт)
[21:07:29]   Формат: Base64 → vless
[21:07:30]   Конфигов: 33
[21:07:30] 
[21:07:30] ----------------------------------------------
[21:07:30] ШАГ 4: Сводный файл
[21:07:30] ----------------------------------------------
[21:07:30]   • https://raw.githubusercontent.com/po5p/hpc/main/sub.new-meme-connet.ru_cc7a8ebfb_Subscription.txt
[21:07:30]   • https://raw.githubusercontent.com/po5p/hpc/main/sub.new-meme-connet.ru_d8c44887a_Subscription.txt
[21:07:30] 
[21:07:30] ----------------------------------------------
[21:07:30] ШАГ 5: Отправка в GitHub
[21:07:31] ----------------------------------------------
[21:07:33] Результат: УСПЕШНО
[21:07:33] 
[21:07:33] ==============================================
[21:07:33] ИТОГИ
[21:07:33] ==============================================
[21:07:33] Обработано: 2 | Пропущено: 0
[21:07:33]   VLESS:  22
[21:07:33]   SS:     44
[21:07:33]   ─────────────────
[21:07:33]   ВСЕГО:  66
[21:07:33] Сводный файл: https://raw.githubusercontent.com/po5p/hpc/main/GotovVpn.txt
[21:07:33] ==============================================
