[00:29:57] ==============================================
[00:29:57] ЗАПУСК ОБНОВЛЕНИЯ VPN
[00:29:57] ==============================================
[00:29:57] Дата: 19.06.2026 00:29:57
[00:29:57] GitHub: po5p/hpc
[00:29:57] 
[00:29:57] ----------------------------------------------
[00:29:57] ШАГ 1: Получение списка подписок
[00:29:57] ----------------------------------------------
[00:29:58] Статус: 200 (УСПЕШНО), размер: 596 байт
[00:29:58] Содержимое:
[00:29:58]   • https://sillyvpn.qwaqdev.ru/sub/365e0df7-98d0-47b2-bfef-09a7100227f6|SILLYVPN
[00:29:58]   • https://sub.datanode-internal.net/FcQe0weSX1Qbc_-j|FastUnlimited
[00:29:58]   • https://cdn-biz.ru/sub/1/5609a383-a603-46e8-8de5-a31bab826871|Yowet7
[00:29:58]   • https://sillyvpn.qwaqdev.ru/sub/ff05c08b-dc28-4263-b585-df08338de6fb|SillyVPN
[00:29:59]   • https://sub.stichvpn.store/2285n15fMFhsVcM5|stichvpn
[00:29:59]   • https://subs.superbuba.top/xj1-N_ZgFtCL-tHz|Буба
[00:29:59]   • https://sub.xexvpn.ru/sub-free-lte/CL7ELMBTUH/|xex
[00:29:59]   • https://sub.caladantech.net/Wvu_tj_Hjn1V-_E1|HipVpn
[00:29:59]   • https://sub.cvedcvpn.ru/YfWj6Po5X88zx6Qc|okak67
[00:29:59]   • https://sub.nosok-top.com/0Zxj0TRZPY-9NNf5|Nosok
[00:29:59] 
[00:29:59] ----------------------------------------------
[00:29:59] ШАГ 2: Клонирование репозитория
[00:29:59] ----------------------------------------------
[00:30:00] Статус: УСПЕШНО
[00:30:00] 
[00:30:00] ----------------------------------------------
[00:30:00] ШАГ 3: Обработка подписок
[00:30:00] ----------------------------------------------
[00:30:01] 
[00:30:01] Подписка #1: SILLYVPN
[00:30:01]   Файл: sillyvpn.qwaqdev.ru_sub_365e0df7-98d0-47b2-bf_Subscription.txt
[00:30:02]   Загрузка: УСПЕШНО (10030 байт)
[00:30:02]   Формат: JSON
[00:30:02]   Конфигов (JSON): 6
[00:30:02] 
[00:30:02] Подписка #2: FastUnlimited
[00:30:02]   Файл: sub.datanode-internal.net_FcQe0weSX1Qbc_-j_Subscription.txt
[00:30:03]   Загрузка: УСПЕШНО (36489 байт)
[00:30:03]   Формат: JSON
[00:30:03]   Конфигов (JSON): 15
[00:30:03] 
[00:30:03] Подписка #3: Yowet7
[00:30:03]   Файл: cdn-biz.ru_sub_1_5609a383-a603-46e8-8de5-a31b_Subscription.txt
[00:30:04]   Загрузка: УСПЕШНО (173156 байт)
[00:30:04]   Формат: JSON
[00:30:05]   Конфигов (JSON): 46
[00:30:05] 
[00:30:05] Подписка #4: SillyVPN
[00:30:05]   Файл: sillyvpn.qwaqdev.ru_sub_ff05c08b-dc28-4263-b5_Subscription.txt
[00:30:06]   Загрузка: УСПЕШНО (10030 байт)
[00:30:06]   Формат: JSON
[00:30:06]   Конфигов (JSON): 6
[00:30:06] 
[00:30:06] Подписка #5: stichvpn
[00:30:06]   Файл: sub.stichvpn.store_2285n15fMFhsVcM5_Subscription.txt
[00:30:07]   Загрузка: УСПЕШНО (31439 байт)
[00:30:07]   Формат: JSON
[00:30:07]   Конфигов (JSON): 27
[00:30:07] 
[00:30:07] Подписка #6: Буба
[00:30:07]   Файл: subs.superbuba.top_xj1-N_ZgFtCL-tHz_Subscription.txt
[00:30:08]   Загрузка: УСПЕШНО (78515 байт)
[00:30:08]   Формат: JSON
[00:30:08]   Конфигов (JSON): 34
[00:30:08] 
[00:30:09] Подписка #7: xex
[00:30:09]   Файл: sub.xexvpn.ru_sub-free-lte_CL7ELMBTUH_Subscription.txt
[00:30:09]   Загрузка: УСПЕШНО (133524 байт)
[00:30:09]   Формат: Base64 → vless
[00:30:10]   Конфигов: VL=306 VM=0 TR=0 SS=612 (всего: 918)
[00:30:10] 
[00:30:10] Подписка #8: HipVpn
[00:30:10]   Файл: sub.caladantech.net_Wvu_tj_Hjn1V-_E1_Subscription.txt
[00:30:11]   Загрузка: УСПЕШНО (20022 байт)
[00:30:11]   Формат: JSON
[00:30:12]   Конфигов (JSON): 17
[00:30:12] 
[00:30:12] Подписка #9: okak67
[00:30:12]   Файл: sub.cvedcvpn.ru_YfWj6Po5X88zx6Qc_Subscription.txt
[00:30:12]   Загрузка: УСПЕШНО (3800 байт)
[00:30:13]   Формат: Base64 → vless
[00:30:13]   Конфигов: VL=8 VM=0 TR=0 SS=16 (всего: 24)
[00:30:13] 
[00:30:13] Подписка #10: Nosok
[00:30:13]   Файл: sub.nosok-top.com_0Zxj0TRZPY-9NNf5_Subscription.txt
[00:30:15]   Загрузка: УСПЕШНО (4124 байт)
[00:30:15]   Формат: JSON
[00:30:15]   Конфигов (JSON): 3
[00:30:15] 
[00:30:15] ----------------------------------------------
[00:30:15] ШАГ 4: Сводный файл
[00:30:15] ----------------------------------------------
[00:30:15] Ссылки в GotovVpn.txt:
[00:30:15]   • https://raw.githubusercontent.com/po5p/hpc/main/sillyvpn.qwaqdev.ru_sub_365e0df7-98d0-47b2-bf_Subscription.txt|SILLYVPN
[00:30:15]   • https://raw.githubusercontent.com/po5p/hpc/main/sub.datanode-internal.net_FcQe0weSX1Qbc_-j_Subscription.txt|FastUnlimited
[00:30:15]   • https://raw.githubusercontent.com/po5p/hpc/main/cdn-biz.ru_sub_1_5609a383-a603-46e8-8de5-a31b_Subscription.txt|Yowet7
[00:30:17]   • https://raw.githubusercontent.com/po5p/hpc/main/sillyvpn.qwaqdev.ru_sub_ff05c08b-dc28-4263-b5_Subscription.txt|SillyVPN
[00:30:17]   • https://raw.githubusercontent.com/po5p/hpc/main/sub.stichvpn.store_2285n15fMFhsVcM5_Subscription.txt|stichvpn
[00:30:17]   • https://raw.githubusercontent.com/po5p/hpc/main/subs.superbuba.top_xj1-N_ZgFtCL-tHz_Subscription.txt|Буба
[00:30:17]   • https://raw.githubusercontent.com/po5p/hpc/main/sub.xexvpn.ru_sub-free-lte_CL7ELMBTUH_Subscription.txt|xex
[00:30:17]   • https://raw.githubusercontent.com/po5p/hpc/main/sub.caladantech.net_Wvu_tj_Hjn1V-_E1_Subscription.txt|HipVpn
[00:30:17]   • https://raw.githubusercontent.com/po5p/hpc/main/sub.cvedcvpn.ru_YfWj6Po5X88zx6Qc_Subscription.txt|okak67
[00:30:17]   • https://raw.githubusercontent.com/po5p/hpc/main/sub.nosok-top.com_0Zxj0TRZPY-9NNf5_Subscription.txt|Nosok
[00:30:17] 
[00:30:17] ----------------------------------------------
[00:30:17] ШАГ 5: Отправка в GitHub
[00:30:17] ----------------------------------------------
[00:30:25] Результат: УСПЕШНО
[00:30:25] 
[00:30:25] ==============================================
[00:30:25] ИТОГИ
[00:30:25] ==============================================
[00:30:25] Обработано: 10 | Пропущено: 0
[00:30:25]   VLESS:  314
[00:30:26]   SS:     628
[00:30:26]   JSON:   154
[00:30:26]   ─────────────────
[00:30:26]   ВСЕГО:  1096
[00:30:26] Сводный файл: https://raw.githubusercontent.com/po5p/hpc/main/GotovVpn.txt
[00:30:26] ==============================================
