[02:04:44] ==============================================
[02:04:44] ЗАПУСК ОБНОВЛЕНИЯ VPN
[02:04:44] ==============================================
[02:04:44] Дата: 10.06.2026 02:04:44
[02:04:44] GitHub: po5p/hpc
[02:04:44] 
[02:04:44] ----------------------------------------------
[02:04:44] ШАГ 1: Получение списка подписок
[02:04:44] ----------------------------------------------
[02:04:45] Статус: 200 (УСПЕШНО), размер: 304 байт
[02:04:45] Содержимое:
[02:04:45]   • https://gist.githubusercontent.com/FrizanGAME/dfd1f7ac36511593dc6d0faff14cc8bb/raw/frizanVPN.txt|frizanVPN
[02:04:45]   • https://sub.new-meme-connet.ru/cc7a8ebfb|MaxVpn1
[02:04:45]   • https://sub.new-meme-connet.ru/d8c44887a|MaxVpn2
[02:04:45]   • https://raw.githubusercontent.com/AirLinkVPN1/AirLinkVPN/refs/heads/main/rkn_white_list|AirLinkVPN
[02:04:45] 
[02:04:45] ----------------------------------------------
[02:04:45] ШАГ 2: Клонирование репозитория
[02:04:45] ----------------------------------------------
[02:04:47] Статус: УСПЕШНО
[02:04:47] 
[02:04:47] ----------------------------------------------
[02:04:47] ШАГ 3: Обработка подписок
[02:04:47] ----------------------------------------------
[02:04:47] 
[02:04:47] Подписка #1: frizanVPN
[02:04:47]   Файл: gist.githubusercontent.com_FrizanGAME_dfd1f7a_Subscription.txt
[02:04:48]   Загрузка: УСПЕШНО (6952 байт)
[02:04:48]   Формат: готовые vless/заголовки
[02:04:48]   Конфигов: 54
[02:04:48] 
[02:04:48] Подписка #2: MaxVpn1
[02:04:48]   Файл: sub.new-meme-connet.ru_cc7a8ebfb_Subscription.txt
[02:04:49]   Загрузка: УСПЕШНО (6524 байт)
[02:04:49]   Формат: Base64 → vless
[02:04:49]   Конфигов: VL=12 VM=0 TR=0 SS=24 (всего: 36)
[02:04:49] 
[02:04:49] Подписка #3: MaxVpn2
[02:04:49]   Файл: sub.new-meme-connet.ru_d8c44887a_Subscription.txt
[02:04:50]   Загрузка: УСПЕШНО (6524 байт)
[02:04:50]   Формат: Base64 → vless
[02:04:50]   Конфигов: VL=12 VM=0 TR=0 SS=24 (всего: 36)
[02:04:50] 
[02:04:50] Подписка #4: AirLinkVPN
[02:04:50]   Файл: raw.githubusercontent.com_AirLinkVPN1_AirLink_Subscription.txt
[02:04:51]   Загрузка: УСПЕШНО (190286 байт)
[02:04:51]   Формат: готовые vless/заголовки
[02:04:51]   Конфигов: 1061
[02:04:51] 
[02:04:51] ----------------------------------------------
[02:04:51] ШАГ 4: Сводный файл
[02:04:51] ----------------------------------------------
[02:04:51] Ссылки в GotovVpn.txt:
[02:04:51]   • https://raw.githubusercontent.com/po5p/hpc/main/gist.githubusercontent.com_FrizanGAME_dfd1f7a_Subscription.txt
[02:04:51]   • https://raw.githubusercontent.com/po5p/hpc/main/sub.new-meme-connet.ru_cc7a8ebfb_Subscription.txt
[02:04:51]   • https://raw.githubusercontent.com/po5p/hpc/main/sub.new-meme-connet.ru_d8c44887a_Subscription.txt
[02:04:51]   • https://raw.githubusercontent.com/po5p/hpc/main/raw.githubusercontent.com_AirLinkVPN1_AirLink_Subscription.txt
[02:04:51] 
[02:04:51] ----------------------------------------------
[02:04:52] ШАГ 5: Отправка в GitHub
[02:04:52] ----------------------------------------------
[02:04:53] Результат: УСПЕШНО
[02:04:53] 
[02:04:53] ==============================================
[02:04:53] ИТОГИ
[02:04:53] ==============================================
[02:04:53] Обработано: 4 | Пропущено: 0
[02:04:53]   VLESS:  24
[02:04:54]   SS:     48
[02:04:54]   ─────────────────
[02:04:54]   ВСЕГО:  72
[02:04:54] Сводный файл: https://raw.githubusercontent.com/po5p/hpc/main/GotovVpn.txt
[02:04:54] ==============================================
