[16:00:35] ==============================================
[16:00:35] ЗАПУСК ОБНОВЛЕНИЯ VPN
[16:00:35] ==============================================
[16:00:35] Дата: 13.06.2026 16:00:35
[16:00:35] GitHub: po5p/hpc
[16:00:35] 
[16:00:35] ----------------------------------------------
[16:00:35] ШАГ 1: Получение списка подписок
[16:00:35] ----------------------------------------------
[16:00:35] Статус: 200 (УСПЕШНО), размер: 51 байт
[16:00:35] Содержимое:
[16:00:35]   • https://sub.datanode-internal.net/pEal8orynJwjb_eR
[16:00:35] 
[16:00:35] ----------------------------------------------
[16:00:35] ШАГ 2: Клонирование репозитория
[16:00:35] ----------------------------------------------
[16:00:36] Статус: УСПЕШНО
[16:00:36] 
[16:00:36] ----------------------------------------------
[16:00:36] ШАГ 3: Обработка подписок
[16:00:37] ----------------------------------------------
[16:00:37] 
[16:00:37] Подписка #1: sub.datanode-internal.net
[16:00:37]   Файл: sub.datanode-internal.net_pEal8orynJwjb_eR_Subscription.txt
[16:00:37]   Загрузка: УСПЕШНО (36489 байт)
[16:00:37]   Формат: JSON
[16:00:37]   Конфигов (JSON): 15
[16:00:37] 
[16:00:37] ----------------------------------------------
[16:00:37] ШАГ 4: Сводный файл
[16:00:37] ----------------------------------------------
[16:00:37] Ссылки в GotovVpn.txt:
[16:00:37]   • https://raw.githubusercontent.com/po5p/hpc/main/sub.datanode-internal.net_pEal8orynJwjb_eR_Subscription.txt
[16:00:37] 
[16:00:37] ----------------------------------------------
[16:00:37] ШАГ 5: Отправка в GitHub
[16:00:37] ----------------------------------------------
[16:00:39] Результат: УСПЕШНО
[16:00:39] 
[16:00:39] ==============================================
[16:00:39] ИТОГИ
[16:00:39] ==============================================
[16:00:39] Обработано: 1 | Пропущено: 0
[16:00:39]   JSON:   15
[16:00:39]   ─────────────────
[16:00:39]   ВСЕГО:  15
[16:00:39] Сводный файл: https://raw.githubusercontent.com/po5p/hpc/main/GotovVpn.txt
[16:00:39] ==============================================
