[22:29:23] ==============================================
[22:29:23] ЗАПУСК ОБНОВЛЕНИЯ VPN
[22:29:23] ==============================================
[22:29:23] Дата: 08.06.2026 22:29:23
[22:29:23] GitHub: po5p/hpc
[22:29:23] 
[22:29:23] ----------------------------------------------
[22:29:23] ШАГ 1: Получение списка подписок
[22:29:23] ----------------------------------------------
[22:29:23] Статус: 200 (УСПЕШНО), размер: 196 байт
[22:29:23] Содержимое:
[22:29:23]   • https://raw.githubusercontent.com/opti4riponty-arch/VLESS-Co/refs/heads/main/VLESS%20%26%20Co|VPN
[22:29:23]   • https://sub.new-meme-connet.ru/cc7a8ebfb|MaxVpn1
[22:29:23]   • https://sub.new-meme-connet.ru/d8c44887a|MaxVpn2
[22:29:23] 
[22:29:23] ----------------------------------------------
[22:29:23] ШАГ 2: Клонирование репозитория
[22:29:23] ----------------------------------------------
[22:29:24] Статус: УСПЕШНО
[22:29:25] 
[22:29:25] ----------------------------------------------
[22:29:25] ШАГ 3: Обработка подписок
[22:29:25] ----------------------------------------------
[22:29:25] 
[22:29:25] Подписка #1: VPN
[22:29:25]   Файл: raw.githubusercontent.com_opti4riponty-arch_V_Subscription.txt
[22:29:25]   Загрузка: УСПЕШНО (12205 байт)
[22:29:25]   ⚠ Заглушка — оставляю старую копию
[22:29:25] 
[22:29:25] Подписка #2: MaxVpn1
[22:29:25]   Файл: sub.new-meme-connet.ru_cc7a8ebfb_Subscription.txt
[22:29:26]   Загрузка: УСПЕШНО (6548 байт)
[22:29:26]   Формат: Base64 → vless
[22:29:26]   Конфигов: VL=12 VM=0 TR=0 SS=24 (всего: 36)
[22:29:26] 
[22:29:26] Подписка #3: MaxVpn2
[22:29:26]   Файл: sub.new-meme-connet.ru_d8c44887a_Subscription.txt
[22:29:27]   Загрузка: УСПЕШНО (6548 байт)
[22:29:27]   Формат: Base64 → vless
[22:29:27]   Конфигов: VL=12 VM=0 TR=0 SS=24 (всего: 36)
[22:29:27] 
[22:29:27] ----------------------------------------------
[22:29:27] ШАГ 4: Сводный файл
[22:29:27] ----------------------------------------------
[22:29:27] Ссылки в GotovVpn.txt:
[22:29:27]   • https://raw.githubusercontent.com/po5p/hpc/main/sub.new-meme-connet.ru_cc7a8ebfb_Subscription.txt
[22:29:27]   • https://raw.githubusercontent.com/po5p/hpc/main/sub.new-meme-connet.ru_d8c44887a_Subscription.txt
[22:29:27] 
[22:29:27] ----------------------------------------------
[22:29:27] ШАГ 5: Отправка в GitHub
[22:29:27] ----------------------------------------------
[22:29:29] Результат: УСПЕШНО
[22:29:29] 
[22:29:29] ==============================================
[22:29:29] ИТОГИ
[22:29:29] ==============================================
[22:29:29] Обработано: 2 | Пропущено: 1
[22:29:29]   VLESS:  24
[22:29:29]   SS:     48
[22:29:29]   ─────────────────
[22:29:29]   ВСЕГО:  72
[22:29:29] Сводный файл: https://raw.githubusercontent.com/po5p/hpc/main/GotovVpn.txt
[22:29:29] ==============================================
