[16:09:25] ==============================================
[16:09:25] ЗАПУСК ОБНОВЛЕНИЯ VPN
[16:09:25] ==============================================
[16:09:25] Дата: 06.06.2026 16:09:25
[16:09:25] GitHub: po5p/hpc
[16:09:25] HWID: CB522960-E2A9-7A19-12CB-FD12FEC71E19
[16:09:25] 
[16:09:25] ----------------------------------------------
[16:09:25] ШАГ 1: Получение списка подписок
[16:09:25] ----------------------------------------------
[16:09:25] Статус: 200 (УСПЕШНО), размер: 99 байт
[16:09:26] Содержимое:
[16:09:26]   • https://sub.new-meme-connet.ru/cc7a8ebfb|MaxVpn1
[16:09:26]   • https://sub.new-meme-connet.ru/d8c44887a|MaxVpn2
[16:09:26] 
[16:09:26] ----------------------------------------------
[16:09:26] ШАГ 2: Клонирование репозитория
[16:09:26] ----------------------------------------------
[16:09:27] Статус: УСПЕШНО
[16:09:27] 
[16:09:27] ----------------------------------------------
[16:09:27] ШАГ 3: Обработка подписок
[16:09:27] ----------------------------------------------
[16:09:27] 
[16:09:27] Подписка #2: MaxVpn1
[16:09:28]   Файл: sub.new-meme-connet.ru_cc7a8ebfb_Subscription.txt
[16:09:28]   Загрузка: УСПЕШНО (5336 байт)
[16:09:28]   Формат: Base64 → vless
[16:09:29]   Конфигов: VL=10 VM=0 TR=0 SS=20 (всего: 30)
[16:09:29] 
[16:09:29] Подписка #3: MaxVpn2
[16:09:29]   Файл: sub.new-meme-connet.ru_d8c44887a_Subscription.txt
[16:09:29]   Загрузка: УСПЕШНО (5336 байт)
[16:09:29]   Формат: Base64 → vless
[16:09:30]   Конфигов: VL=10 VM=0 TR=0 SS=20 (всего: 30)
[16:09:30] 
[16:09:30] ----------------------------------------------
[16:09:30] ШАГ 4: Сводный файл
[16:09:30] ----------------------------------------------
[16:09:30]   • https://raw.githubusercontent.com/po5p/hpc/main/sub.new-meme-connet.ru_cc7a8ebfb_Subscription.txt
[16:09:30]   • https://raw.githubusercontent.com/po5p/hpc/main/sub.new-meme-connet.ru_d8c44887a_Subscription.txt
[16:09:30] 
[16:09:30] ----------------------------------------------
[16:09:30] ШАГ 5: Отправка в GitHub
[16:09:31] ----------------------------------------------
[16:09:32] Результат: УСПЕШНО
[16:09:32] 
[16:09:32] ==============================================
[16:09:32] ИТОГИ
[16:09:33] ==============================================
[16:09:33] Обработано: 2 | Пропущено: 0
[16:09:33]   VLESS:  20
[16:09:33]   SS:     40
[16:09:33]   ─────────────────
[16:09:33]   ВСЕГО:  60
[16:09:33] Сводный файл: https://raw.githubusercontent.com/po5p/hpc/main/GotovVpn.txt
[16:09:33] ==============================================
