[00:18:00] ==============================================
[00:18:00] ЗАПУСК ОБНОВЛЕНИЯ VPN
[00:18:00] ==============================================
[00:18:00] Дата: 10.06.2026 00:18:00
[00:18:00] GitHub: po5p/hpc
[00:18:00] 
[00:18:00] ----------------------------------------------
[00:18:00] ШАГ 1: Получение списка подписок
[00:18:00] ----------------------------------------------
[00:18:01] Статус: 200 (УСПЕШНО), размер: 205 байт
[00:18:01] Содержимое:
[00:18:01]   • https://gist.githubusercontent.com/FrizanGAME/dfd1f7ac36511593dc6d0faff14cc8bb/raw/frizanVPN.txt|frizanVPN
[00:18:01]   • https://sub.new-meme-connet.ru/cc7a8ebfb|MaxVpn1
[00:18:01]   • https://sub.new-meme-connet.ru/d8c44887a|MaxVpn2
[00:18:01] 
[00:18:01] ----------------------------------------------
[00:18:01] ШАГ 2: Клонирование репозитория
[00:18:01] ----------------------------------------------
[00:18:02] Статус: УСПЕШНО
[00:18:02] 
[00:18:02] ----------------------------------------------
[00:18:02] ШАГ 3: Обработка подписок
[00:18:02] ----------------------------------------------
[00:18:02] 
[00:18:02] Подписка #1: frizanVPN
[00:18:02]   Файл: gist.githubusercontent.com_FrizanGAME_dfd1f7a_Subscription.txt
[00:18:03]   Загрузка: УСПЕШНО (3394 байт)
[00:18:03]   Формат: готовые vless/заголовки
[00:18:03]   Конфигов: 24
[00:18:03] 
[00:18:03] Подписка #2: MaxVpn1
[00:18:03]   Файл: sub.new-meme-connet.ru_cc7a8ebfb_Subscription.txt
[00:18:03]   Загрузка: УСПЕШНО (6604 байт)
[00:18:03]   Формат: Base64 → vless
[00:18:04]   Конфигов: VL=12 VM=0 TR=0 SS=24 (всего: 36)
[00:18:04] 
[00:18:04] Подписка #3: MaxVpn2
[00:18:04]   Файл: sub.new-meme-connet.ru_d8c44887a_Subscription.txt
[00:18:04]   Загрузка: УСПЕШНО (6604 байт)
[00:18:04]   Формат: Base64 → vless
[00:18:05]   Конфигов: VL=12 VM=0 TR=0 SS=24 (всего: 36)
[00:18:05] 
[00:18:05] ----------------------------------------------
[00:18:05] ШАГ 4: Сводный файл
[00:18:05] ----------------------------------------------
[00:18:05] Ссылки в GotovVpn.txt:
[00:18:05]   • https://raw.githubusercontent.com/po5p/hpc/main/gist.githubusercontent.com_FrizanGAME_dfd1f7a_Subscription.txt
[00:18:05]   • https://raw.githubusercontent.com/po5p/hpc/main/sub.new-meme-connet.ru_cc7a8ebfb_Subscription.txt
[00:18:05]   • https://raw.githubusercontent.com/po5p/hpc/main/sub.new-meme-connet.ru_d8c44887a_Subscription.txt
[00:18:05] 
[00:18:05] ----------------------------------------------
[00:18:05] ШАГ 5: Отправка в GitHub
[00:18:05] ----------------------------------------------
[00:18:07] Результат: УСПЕШНО
[00:18:07] 
[00:18:07] ==============================================
[00:18:07] ИТОГИ
[00:18:07] ==============================================
[00:18:07] Обработано: 3 | Пропущено: 0
[00:18:07]   VLESS:  24
[00:18:07]   SS:     48
[00:18:07]   ─────────────────
[00:18:07]   ВСЕГО:  72
[00:18:07] Сводный файл: https://raw.githubusercontent.com/po5p/hpc/main/GotovVpn.txt
[00:18:07] ==============================================
