[22:44:29] ==============================================
[22:44:29] ЗАПУСК ОБНОВЛЕНИЯ VPN
[22:44:29] ==============================================
[22:44:29] Дата: 06.06.2026 22:44:29
[22:44:29] GitHub: po5p/hpc
[22:44:29] HWID: CB522960-E2A9-7A19-12CB-FD12FEC71E19
[22:44:29] 
[22:44:29] ----------------------------------------------
[22:44:29] ШАГ 1: Получение списка подписок
[22:44:29] ----------------------------------------------
[22:44:30] Статус: 200 (УСПЕШНО), размер: 99 байт
[22:44:30] Содержимое:
[22:44:30]   • https://sub.new-meme-connet.ru/cc7a8ebfb|MaxVpn1
[22:44:30]   • https://sub.new-meme-connet.ru/d8c44887a|MaxVpn2
[22:44:30] 
[22:44:30] ----------------------------------------------
[22:44:30] ШАГ 2: Клонирование репозитория
[22:44:30] ----------------------------------------------
[22:44:31] Статус: УСПЕШНО
[22:44:31] 
[22:44:31] ----------------------------------------------
[22:44:31] ШАГ 3: Обработка подписок
[22:44:31] ----------------------------------------------
[22:44:31] 
[22:44:31] Подписка #2: MaxVpn1
[22:44:31]   Файл: sub.new-meme-connet.ru_cc7a8ebfb_Subscription.txt
[22:44:31]   Загрузка: УСПЕШНО (6536 байт)
[22:44:32]   Формат: Base64 → vless
[22:44:32]   Конфигов: 36
[22:44:32] 
[22:44:32] Подписка #3: MaxVpn2
[22:44:32]   Файл: sub.new-meme-connet.ru_d8c44887a_Subscription.txt
[22:44:32]   Загрузка: УСПЕШНО (6536 байт)
[22:44:32]   Формат: Base64 → vless
[22:44:32]   Конфигов: 36
[22:44:32] 
[22:44:32] ----------------------------------------------
[22:44:32] ШАГ 4: Сводный файл
[22:44:33] ----------------------------------------------
[22:44:33]   • https://raw.githubusercontent.com/po5p/hpc/main/sub.new-meme-connet.ru_cc7a8ebfb_Subscription.txt
[22:44:33]   • https://raw.githubusercontent.com/po5p/hpc/main/sub.new-meme-connet.ru_d8c44887a_Subscription.txt
[22:44:33] 
[22:44:33] ----------------------------------------------
[22:44:33] ШАГ 5: Отправка в GitHub
[22:44:33] ----------------------------------------------
[22:44:34] Результат: УСПЕШНО
[22:44:34] 
[22:44:34] ==============================================
[22:44:34] ИТОГИ
[22:44:34] ==============================================
[22:44:34] Обработано: 2 | Пропущено: 0
[22:44:34]   VLESS:  24
[22:44:34]   SS:     48
[22:44:34]   ─────────────────
[22:44:34]   ВСЕГО:  72
[22:44:34] Сводный файл: https://raw.githubusercontent.com/po5p/hpc/main/GotovVpn.txt
[22:44:34] ==============================================
