[22:51:06] ==============================================
[22:51:07] ЗАПУСК ОБНОВЛЕНИЯ VPN
[22:51:07] ==============================================
[22:51:07] Дата: 07.06.2026 22:51:07
[22:51:07] GitHub: po5p/hpc
[22:51:07] HWID: CB522960-E2A9-7A19-12CB-FD12FEC71E19
[22:51:07] 
[22:51:07] ----------------------------------------------
[22:51:07] ШАГ 1: Получение списка подписок
[22:51:07] ----------------------------------------------
[22:51:07] Статус: 200 (УСПЕШНО), размер: 99 байт
[22:51:07] Содержимое:
[22:51:07]   • https://sub.new-meme-connet.ru/cc7a8ebfb|MaxVpn1
[22:51:07]   • https://sub.new-meme-connet.ru/d8c44887a|MaxVpn2
[22:51:07] 
[22:51:07] ----------------------------------------------
[22:51:07] ШАГ 2: Клонирование репозитория
[22:51:07] ----------------------------------------------
[22:51:08] Статус: УСПЕШНО
[22:51:09] 
[22:51:09] ----------------------------------------------
[22:51:09] ШАГ 3: Обработка подписок
[22:51:09] ----------------------------------------------
[22:51:09] 
[22:51:09] Подписка #2: MaxVpn1
[22:51:09]   Файл: sub.new-meme-connet.ru_cc7a8ebfb_Subscription.txt
[22:51:09]   Загрузка: УСПЕШНО (6588 байт)
[22:51:09]   Формат: Base64 → vless
[22:51:10]   Конфигов: 36
[22:51:10] 
[22:51:10] Подписка #3: MaxVpn2
[22:51:10]   Файл: sub.new-meme-connet.ru_d8c44887a_Subscription.txt
[22:51:10]   Загрузка: УСПЕШНО (6588 байт)
[22:51:10]   Формат: Base64 → vless
[22:51:11]   Конфигов: 36
[22:51:11] 
[22:51:11] ----------------------------------------------
[22:51:11] ШАГ 4: Сводный файл
[22:51:11] ----------------------------------------------
[22:51:11]   • https://raw.githubusercontent.com/po5p/hpc/main/sub.new-meme-connet.ru_cc7a8ebfb_Subscription.txt
[22:51:11]   • https://raw.githubusercontent.com/po5p/hpc/main/sub.new-meme-connet.ru_d8c44887a_Subscription.txt
[22:51:11] 
[22:51:11] ----------------------------------------------
[22:51:11] ШАГ 5: Отправка в GitHub
[22:51:11] ----------------------------------------------
[22:51:13] Результат: УСПЕШНО
[22:51:13] 
[22:51:13] ==============================================
[22:51:13] ИТОГИ
[22:51:13] ==============================================
[22:51:13] Обработано: 2 | Пропущено: 0
[22:51:13]   VLESS:  24
[22:51:13]   SS:     48
[22:51:13]   ─────────────────
[22:51:13]   ВСЕГО:  72
[22:51:13] Сводный файл: https://raw.githubusercontent.com/po5p/hpc/main/GotovVpn.txt
[22:51:13] ==============================================
