[12:00:01] ==============================================
[12:00:01] ЗАПУСК ОБНОВЛЕНИЯ VPN
[12:00:01] ==============================================
[12:00:01] Дата: 07.06.2026 12:00:01
[12:00:01] GitHub: po5p/hpc
[12:00:01] HWID: CB522960-E2A9-7A19-12CB-FD12FEC71E19
[12:00:01] 
[12:00:01] ----------------------------------------------
[12:00:01] ШАГ 1: Получение списка подписок
[12:00:01] ----------------------------------------------
[12:00:02] Статус: 200 (УСПЕШНО), размер: 99 байт
[12:00:02] Содержимое:
[12:00:02]   • https://sub.new-meme-connet.ru/cc7a8ebfb|MaxVpn1
[12:00:02]   • https://sub.new-meme-connet.ru/d8c44887a|MaxVpn2
[12:00:02] 
[12:00:02] ----------------------------------------------
[12:00:02] ШАГ 2: Клонирование репозитория
[12:00:02] ----------------------------------------------
[12:00:03] Статус: УСПЕШНО
[12:00:03] 
[12:00:03] ----------------------------------------------
[12:00:03] ШАГ 3: Обработка подписок
[12:00:03] ----------------------------------------------
[12:00:04] 
[12:00:04] Подписка #2: MaxVpn1
[12:00:04]   Файл: sub.new-meme-connet.ru_cc7a8ebfb_Subscription.txt
[12:00:04]   Загрузка: УСПЕШНО (6516 байт)
[12:00:04]   Формат: Base64 → vless
[12:00:05]   Конфигов: 36
[12:00:05] 
[12:00:05] Подписка #3: MaxVpn2
[12:00:05]   Файл: sub.new-meme-connet.ru_d8c44887a_Subscription.txt
[12:00:05]   Загрузка: УСПЕШНО (6516 байт)
[12:00:06]   Формат: Base64 → vless
[12:00:06]   Конфигов: 36
[12:00:06] 
[12:00:06] ----------------------------------------------
[12:00:06] ШАГ 4: Сводный файл
[12:00:06] ----------------------------------------------
[12:00:06]   • https://raw.githubusercontent.com/po5p/hpc/main/sub.new-meme-connet.ru_cc7a8ebfb_Subscription.txt
[12:00:06]   • https://raw.githubusercontent.com/po5p/hpc/main/sub.new-meme-connet.ru_d8c44887a_Subscription.txt
[12:00:06] 
[12:00:06] ----------------------------------------------
[12:00:07] ШАГ 5: Отправка в GitHub
[12:00:07] ----------------------------------------------
[12:00:08] Результат: УСПЕШНО
[12:00:09] 
[12:00:09] ==============================================
[12:00:09] ИТОГИ
[12:00:09] ==============================================
[12:00:09] Обработано: 2 | Пропущено: 0
[12:00:09]   VLESS:  24
[12:00:09]   SS:     48
[12:00:09]   ─────────────────
[12:00:09]   ВСЕГО:  72
[12:00:09] Сводный файл: https://raw.githubusercontent.com/po5p/hpc/main/GotovVpn.txt
[12:00:09] ==============================================
