[14:13:42] ==============================================
[14:13:42] ЗАПУСК ОБНОВЛЕНИЯ VPN
[14:13:42] ==============================================
[14:13:42] Дата: 19.06.2026 14:13:42
[14:13:42] GitHub: po5p/hpc
[14:13:42] 
[14:13:42] ----------------------------------------------
[14:13:42] ШАГ 1: Получение списка подписок
[14:13:42] ----------------------------------------------
[14:13:43] Статус: 200 (УСПЕШНО), размер: 830 байт
[14:13:43] Содержимое:
[14:13:43]   • https://sillyvpn.qwaqdev.ru/sub/365e0df7-98d0-47b2-bfef-09a7100227f6|SILLYVPN
[14:13:43]   • https://sub.datanode-internal.net/FcQe0weSX1Qbc_-j|FastUnlimited
[14:13:43]   • https://cdn-biz.ru/sub/1/5609a383-a603-46e8-8de5-a31bab826871|Yowet7
[14:13:43]   • https://sillyvpn.qwaqdev.ru/sub/ff05c08b-dc28-4263-b585-df08338de6fb|SillyVPN
[14:13:43]   • https://sub.stichvpn.store/2285n15fMFhsVcM5|stichvpn
[14:13:43]   • https://subs.superbuba.top/xj1-N_ZgFtCL-tHz|Буба
[14:13:43]   • https://sub.xexvpn.ru/sub-free-lte/CL7ELMBTUH/|xex
[14:13:43]   • https://sub.caladantech.net/Wvu_tj_Hjn1V-_E1|HipVpn
[14:13:43]   • https://sub.cvedcvpn.ru/YfWj6Po5X88zx6Qc|okak67
[14:13:43]   • https://sub.nosok-top.com/0Zxj0TRZPY-9NNf5|Nosok
[14:13:43]   • https://sub.myxasecure.space/9KLJF4vNSGCa5xSE|okak67
[14:13:43]   • https://sub.cvedcvpn.ru/DfJ0DSUqAQe1twyL|Cvedcvpn
[14:13:43]   • https://yax.nenadoblokirowatgnidda.ru/exec?url=http%3A%2F%2F77.110.104.181%3A5002%2Fsub%2FVGdydXNzaWEsMTc4MTc4OTk1Mw20zr9u72oH|VPN
[14:13:43] 
[14:13:43] ----------------------------------------------
[14:13:43] ШАГ 2: Клонирование репозитория
[14:13:43] ----------------------------------------------
[14:13:44] Статус: УСПЕШНО
[14:13:44] 
[14:13:45] ----------------------------------------------
[14:13:45] ШАГ 3: Обработка подписок
[14:13:45] ----------------------------------------------
[14:13:45] 
[14:13:45] Подписка #1: SILLYVPN
[14:13:45]   Файл: sillyvpn.qwaqdev.ru_sub_365e0df7-98d0-47b2-bf_Subscription.txt
[14:13:45]   Загрузка: УСПЕШНО (25318 байт)
[14:13:45]   Формат: JSON
[14:13:46]   Конфигов (JSON): 19
[14:13:46] 
[14:13:46] Подписка #2: FastUnlimited
[14:13:46]   Файл: sub.datanode-internal.net_FcQe0weSX1Qbc_-j_Subscription.txt
[14:13:47]   Загрузка: УСПЕШНО (36489 байт)
[14:13:47]   Формат: JSON
[14:13:47]   Конфигов (JSON): 15
[14:13:47] 
[14:13:47] Подписка #3: Yowet7
[14:13:47]   Файл: cdn-biz.ru_sub_1_5609a383-a603-46e8-8de5-a31b_Subscription.txt
[14:13:48]   Загрузка: УСПЕШНО (174019 байт)
[14:13:48]   Формат: JSON
[14:13:48]   Конфигов (JSON): 46
[14:13:48] 
[14:13:48] Подписка #4: SillyVPN
[14:13:48]   Файл: sillyvpn.qwaqdev.ru_sub_ff05c08b-dc28-4263-b5_Subscription.txt
[14:13:49]   Загрузка: УСПЕШНО (25318 байт)
[14:13:49]   Формат: JSON
[14:13:49]   Конфигов (JSON): 19
[14:13:49] 
[14:13:49] Подписка #5: stichvpn
[14:13:49]   Файл: sub.stichvpn.store_2285n15fMFhsVcM5_Subscription.txt
[14:13:49]   Загрузка: УСПЕШНО (31433 байт)
[14:13:50]   Формат: JSON
[14:13:50]   Конфигов (JSON): 27
[14:13:50] 
[14:13:50] Подписка #6: Буба
[14:13:50]   Файл: subs.superbuba.top_xj1-N_ZgFtCL-tHz_Subscription.txt
[14:13:51]   Загрузка: УСПЕШНО (78515 байт)
[14:13:51]   Формат: JSON
[14:13:51]   Конфигов (JSON): 34
[14:13:51] 
[14:13:51] Подписка #7: xex
[14:13:51]   Файл: sub.xexvpn.ru_sub-free-lte_CL7ELMBTUH_Subscription.txt
[14:13:52]   Загрузка: УСПЕШНО (122976 байт)
[14:13:52]   Формат: Base64 → vless
[14:13:52]   Конфигов: VL=306 VM=0 TR=0 SS=612 (всего: 918)
[14:13:52] 
[14:13:53] Подписка #8: HipVpn
[14:13:53]   Файл: sub.caladantech.net_Wvu_tj_Hjn1V-_E1_Subscription.txt
[14:13:53]   Загрузка: УСПЕШНО (20024 байт)
[14:13:54]   Формат: JSON
[14:13:54]   Конфигов (JSON): 17
[14:13:54] 
[14:13:54] Подписка #9: okak67
[14:13:54]   Файл: sub.cvedcvpn.ru_YfWj6Po5X88zx6Qc_Subscription.txt
[14:13:55]   Загрузка: УСПЕШНО (3800 байт)
[14:13:55]   Формат: Base64 → vless
[14:13:55]   Конфигов: VL=8 VM=0 TR=0 SS=16 (всего: 24)
[14:13:55] 
[14:13:55] Подписка #10: Nosok
[14:13:55]   Файл: sub.nosok-top.com_0Zxj0TRZPY-9NNf5_Subscription.txt
[14:13:56]   Загрузка: УСПЕШНО (4124 байт)
[14:13:56]   Формат: JSON
[14:13:56]   Конфигов (JSON): 3
[14:13:56] 
[14:13:56] Подписка #11: okak67
[14:13:56]   Файл: sub.myxasecure.space_9KLJF4vNSGCa5xSE_Subscription.txt
[14:13:57]   Загрузка: УСПЕШНО (18864 байт)
[14:13:57]   Формат: JSON
[14:13:57]   Конфигов (JSON): 16
[14:13:57] 
[14:13:57] Подписка #12: Cvedcvpn
[14:13:57]   Файл: sub.cvedcvpn.ru_DfJ0DSUqAQe1twyL_Subscription.txt
[14:13:58]   Загрузка: УСПЕШНО (3800 байт)
[14:13:58]   Формат: Base64 → vless
[14:13:58]   Конфигов: VL=8 VM=0 TR=0 SS=16 (всего: 24)
[14:13:58] 
[14:13:58] Подписка #13: VPN
[14:14:05]   Файл: yax.nenadoblokirowatgnidda.ru_exec?url=http%3_Subscription.txt
[14:14:06]   Загрузка: УСПЕШНО (15044 байт)
[14:14:06]   Формат: Base64 → vless
[14:14:06]   Конфигов: VL=26 VM=0 TR=0 SS=52 (всего: 78)
[14:14:06] 
[14:14:06] ----------------------------------------------
[14:14:06] ШАГ 4: Сводный файл
[14:14:06] ----------------------------------------------
[14:14:06] Ссылки в GotovVpn.txt:
[14:14:06]   • https://raw.githubusercontent.com/po5p/hpc/main/sillyvpn.qwaqdev.ru_sub_365e0df7-98d0-47b2-bf_Subscription.txt|SILLYVPN
[14:14:06]   • https://raw.githubusercontent.com/po5p/hpc/main/sub.datanode-internal.net_FcQe0weSX1Qbc_-j_Subscription.txt|FastUnlimited
[14:14:07]   • https://raw.githubusercontent.com/po5p/hpc/main/cdn-biz.ru_sub_1_5609a383-a603-46e8-8de5-a31b_Subscription.txt|Yowet7
[14:14:07]   • https://raw.githubusercontent.com/po5p/hpc/main/sillyvpn.qwaqdev.ru_sub_ff05c08b-dc28-4263-b5_Subscription.txt|SillyVPN
[14:14:07]   • https://raw.githubusercontent.com/po5p/hpc/main/sub.stichvpn.store_2285n15fMFhsVcM5_Subscription.txt|stichvpn
[14:14:07]   • https://raw.githubusercontent.com/po5p/hpc/main/subs.superbuba.top_xj1-N_ZgFtCL-tHz_Subscription.txt|Буба
[14:14:07]   • https://raw.githubusercontent.com/po5p/hpc/main/sub.xexvpn.ru_sub-free-lte_CL7ELMBTUH_Subscription.txt|xex
[14:14:07]   • https://raw.githubusercontent.com/po5p/hpc/main/sub.caladantech.net_Wvu_tj_Hjn1V-_E1_Subscription.txt|HipVpn
[14:14:07]   • https://raw.githubusercontent.com/po5p/hpc/main/sub.cvedcvpn.ru_YfWj6Po5X88zx6Qc_Subscription.txt|okak67
[14:14:07]   • https://raw.githubusercontent.com/po5p/hpc/main/sub.nosok-top.com_0Zxj0TRZPY-9NNf5_Subscription.txt|Nosok
[14:14:07]   • https://raw.githubusercontent.com/po5p/hpc/main/sub.myxasecure.space_9KLJF4vNSGCa5xSE_Subscription.txt|okak67
[14:14:07]   • https://raw.githubusercontent.com/po5p/hpc/main/sub.cvedcvpn.ru_DfJ0DSUqAQe1twyL_Subscription.txt|Cvedcvpn
[14:14:18]   • https://raw.githubusercontent.com/po5p/hpc/main/yax.nenadoblokirowatgnidda.ru_exec?url=http%3_Subscription.txt|VPN
[14:14:18] 
[14:14:18] ----------------------------------------------
[14:14:18] ШАГ 5: Отправка в GitHub
[14:14:18] ----------------------------------------------
[14:14:20] Результат: УСПЕШНО
[14:14:20] 
[14:14:20] ==============================================
[14:14:20] ИТОГИ
[14:14:20] ==============================================
[14:14:20] Обработано: 13 | Пропущено: 0
[14:14:20]   VLESS:  348
[14:14:20]   SS:     696
[14:14:20]   JSON:   196
[14:14:20]   ─────────────────
[14:14:20]   ВСЕГО:  1240
[14:14:20] Сводный файл: https://raw.githubusercontent.com/po5p/hpc/main/GotovVpn.txt
[14:14:20] ==============================================
