[12:12:23] ==============================================
[12:12:23] ЗАПУСК ОБНОВЛЕНИЯ VPN
[12:12:23] ==============================================
[12:12:23] Дата: 09.06.2026 12:12:23
[12:12:23] GitHub: po5p/hpc
[12:12:23] 
[12:12:23] ----------------------------------------------
[12:12:23] ШАГ 1: Получение списка подписок
[12:12:23] ----------------------------------------------
[12:12:24] Статус: 200 (УСПЕШНО), размер: 99 байт
[12:12:24] Содержимое:
[12:12:24]   • https://sub.new-meme-connet.ru/cc7a8ebfb|MaxVpn1
[12:12:24]   • https://sub.new-meme-connet.ru/d8c44887a|MaxVpn2
[12:12:24] 
[12:12:24] ----------------------------------------------
[12:12:24] ШАГ 2: Клонирование репозитория
[12:12:24] ----------------------------------------------
[12:12:25] Статус: УСПЕШНО
[12:12:25] 
[12:12:25] ----------------------------------------------
[12:12:25] ШАГ 3: Обработка подписок
[12:12:25] ----------------------------------------------
[12:12:26] 
[12:12:26] Подписка #2: MaxVpn1
[12:12:26]   Файл: sub.new-meme-connet.ru_cc7a8ebfb_Subscription.txt
[12:12:26]   Загрузка: УСПЕШНО (6588 байт)
[12:12:26]   Формат: Base64 → vless
[12:12:26]   Конфигов: VL=12 VM=0 TR=0 SS=24 (всего: 36)
[12:12:26] 
[12:12:26] Подписка #3: MaxVpn2
[12:12:26]   Файл: sub.new-meme-connet.ru_d8c44887a_Subscription.txt
[12:12:27]   Загрузка: УСПЕШНО (6588 байт)
[12:12:27]   Формат: Base64 → vless
[12:12:27]   Конфигов: VL=12 VM=0 TR=0 SS=24 (всего: 36)
[12:12:27] 
[12:12:27] ----------------------------------------------
[12:12:27] ШАГ 4: Сводный файл
[12:12:27] ----------------------------------------------
[12:12:27] Ссылки в GotovVpn.txt:
[12:12:27]   • https://raw.githubusercontent.com/po5p/hpc/main/sub.new-meme-connet.ru_cc7a8ebfb_Subscription.txt
[12:12:27]   • https://raw.githubusercontent.com/po5p/hpc/main/sub.new-meme-connet.ru_d8c44887a_Subscription.txt
[12:12:27] 
[12:12:27] ----------------------------------------------
[12:12:27] ШАГ 5: Отправка в GitHub
[12:12:27] ----------------------------------------------
[12:12:29] Результат: УСПЕШНО
[12:12:29] 
[12:12:29] ==============================================
[12:12:29] ИТОГИ
[12:12:29] ==============================================
[12:12:29] Обработано: 2 | Пропущено: 0
[12:12:29]   VLESS:  24
[12:12:29]   SS:     48
[12:12:29]   ─────────────────
[12:12:29]   ВСЕГО:  72
[12:12:29] Сводный файл: https://raw.githubusercontent.com/po5p/hpc/main/GotovVpn.txt
[12:12:29] ==============================================
