[10:48:55] ==============================================
[10:48:55] ЗАПУСК ОБНОВЛЕНИЯ VPN
[10:48:55] ==============================================
[10:48:56] Дата: 08.06.2026 10:48:55
[10:48:56] GitHub: po5p/hpc
[10:48:56] 
[10:48:56] ----------------------------------------------
[10:48:56] ШАГ 1: Получение списка подписок
[10:48:56] ----------------------------------------------
[10:48:56] Статус: 200 (УСПЕШНО), размер: 99 байт
[10:48:56] Содержимое:
[10:48:56]   • https://sub.new-meme-connet.ru/cc7a8ebfb|MaxVpn1
[10:48:56]   • https://sub.new-meme-connet.ru/d8c44887a|MaxVpn2
[10:48:56] 
[10:48:56] ----------------------------------------------
[10:48:56] ШАГ 2: Клонирование репозитория
[10:48:56] ----------------------------------------------
[10:48:57] Статус: УСПЕШНО
[10:48:57] 
[10:48:57] ----------------------------------------------
[10:48:57] ШАГ 3: Обработка подписок
[10:48:57] ----------------------------------------------
[10:48:57] 
[10:48:57] Подписка #2: MaxVpn1
[10:48:57]   Файл: sub.new-meme-connet.ru_cc7a8ebfb_Subscription.txt
[10:48:58]   Загрузка: УСПЕШНО (6532 байт)
[10:48:58]   Формат: Base64 → vless
[10:48:58]   Конфигов: VL=12 VM=0 TR=0 SS=24 (всего: 36)
[10:48:58] 
[10:48:58] Подписка #3: MaxVpn2
[10:48:58]   Файл: sub.new-meme-connet.ru_d8c44887a_Subscription.txt
[10:48:59]   Загрузка: УСПЕШНО (6532 байт)
[10:48:59]   Формат: Base64 → vless
[10:48:59]   Конфигов: VL=12 VM=0 TR=0 SS=24 (всего: 36)
[10:48:59] 
[10:48:59] ----------------------------------------------
[10:48:59] ШАГ 4: Сводный файл
[10:48:59] ----------------------------------------------
[10:48:59] Ссылки в GotovVpn.txt:
[10:48:59]   • https://raw.githubusercontent.com/po5p/hpc/main/sub.new-meme-connet.ru_cc7a8ebfb_Subscription.txt
[10:48:59]   • https://raw.githubusercontent.com/po5p/hpc/main/sub.new-meme-connet.ru_d8c44887a_Subscription.txt
[10:48:59] 
[10:48:59] ----------------------------------------------
[10:48:59] ШАГ 5: Отправка в GitHub
[10:48:59] ----------------------------------------------
[10:49:01] Результат: УСПЕШНО
[10:49:01] 
[10:49:01] ==============================================
[10:49:01] ИТОГИ
[10:49:01] ==============================================
[10:49:01] Обработано: 2 | Пропущено: 0
[10:49:01]   VLESS:  24
[10:49:01]   SS:     48
[10:49:01]   ─────────────────
[10:49:01]   ВСЕГО:  72
[10:49:01] Сводный файл: https://raw.githubusercontent.com/po5p/hpc/main/GotovVpn.txt
[10:49:01] ==============================================
