[00:28:07] ==============================================
[00:28:07] ЗАПУСК ОБНОВЛЕНИЯ VPN
[00:28:07] ==============================================
[00:28:07] Дата: 09.06.2026 00:28:07
[00:28:07] GitHub: po5p/hpc
[00:28:07] 
[00:28:07] ----------------------------------------------
[00:28:07] ШАГ 1: Получение списка подписок
[00:28:07] ----------------------------------------------
[00:28:09] Статус: 200 (УСПЕШНО), размер: 99 байт
[00:28:09] Содержимое:
[00:28:09]   • https://sub.new-meme-connet.ru/cc7a8ebfb|MaxVpn1
[00:28:09]   • https://sub.new-meme-connet.ru/d8c44887a|MaxVpn2
[00:28:09] 
[00:28:09] ----------------------------------------------
[00:28:09] ШАГ 2: Клонирование репозитория
[00:28:09] ----------------------------------------------
[00:28:10] Статус: УСПЕШНО
[00:28:10] 
[00:28:10] ----------------------------------------------
[00:28:10] ШАГ 3: Обработка подписок
[00:28:10] ----------------------------------------------
[00:28:11] 
[00:28:11] Подписка #2: MaxVpn1
[00:28:11]   Файл: sub.new-meme-connet.ru_cc7a8ebfb_Subscription.txt
[00:28:12]   Загрузка: УСПЕШНО (6572 байт)
[00:28:12]   Формат: Base64 → vless
[00:28:12]   Конфигов: VL=12 VM=0 TR=0 SS=24 (всего: 36)
[00:28:12] 
[00:28:12] Подписка #3: MaxVpn2
[00:28:12]   Файл: sub.new-meme-connet.ru_d8c44887a_Subscription.txt
[00:28:13]   Загрузка: УСПЕШНО (6572 байт)
[00:28:13]   Формат: Base64 → vless
[00:28:13]   Конфигов: VL=12 VM=0 TR=0 SS=24 (всего: 36)
[00:28:13] 
[00:28:13] ----------------------------------------------
[00:28:13] ШАГ 4: Сводный файл
[00:28:13] ----------------------------------------------
[00:28:13] Ссылки в GotovVpn.txt:
[00:28:13]   • https://raw.githubusercontent.com/po5p/hpc/main/sub.new-meme-connet.ru_cc7a8ebfb_Subscription.txt
[00:28:13]   • https://raw.githubusercontent.com/po5p/hpc/main/sub.new-meme-connet.ru_d8c44887a_Subscription.txt
[00:28:13] 
[00:28:13] ----------------------------------------------
[00:28:13] ШАГ 5: Отправка в GitHub
[00:28:13] ----------------------------------------------
[00:28:15] Результат: УСПЕШНО
[00:28:15] 
[00:28:15] ==============================================
[00:28:15] ИТОГИ
[00:28:15] ==============================================
[00:28:15] Обработано: 2 | Пропущено: 0
[00:28:15]   VLESS:  24
[00:28:15]   SS:     48
[00:28:15]   ─────────────────
[00:28:15]   ВСЕГО:  72
[00:28:15] Сводный файл: https://raw.githubusercontent.com/po5p/hpc/main/GotovVpn.txt
[00:28:15] ==============================================
