[04:00:00] ==============================================
[04:00:00] ЗАПУСК ОБНОВЛЕНИЯ VPN
[04:00:00] ==============================================
[04:00:00] Дата: 15.06.2026 04:00:00
[04:00:00] GitHub: po5p/hpc
[04:00:00] 
[04:00:00] ----------------------------------------------
[04:00:00] ШАГ 1: Получение списка подписок
[04:00:01] ----------------------------------------------
[04:00:01] Статус: 200 (УСПЕШНО), размер: 1 байт
[04:00:01] Содержимое:
[04:00:01] 
[04:00:01] ----------------------------------------------
[04:00:01] ШАГ 2: Клонирование репозитория
[04:00:01] ----------------------------------------------
[04:00:14] Статус: УСПЕШНО
[04:00:14] 
[04:00:14] ----------------------------------------------
[04:00:14] ШАГ 3: Обработка подписок
[04:00:14] ----------------------------------------------
[04:00:14] 
[04:00:14] ----------------------------------------------
[04:00:14] ШАГ 4: Сводный файл
[04:00:14] ----------------------------------------------
[04:00:14] Ссылки в GotovVpn.txt:
[04:00:14] 
[04:00:14] ----------------------------------------------
[04:00:14] ШАГ 5: Отправка в GitHub
[04:00:14] ----------------------------------------------
[04:00:15] Результат: УСПЕШНО
[04:00:15] 
[04:00:15] ==============================================
[04:00:15] ИТОГИ
[04:00:15] ==============================================
[04:00:15] Обработано: 0 | Пропущено: 0
[04:00:15]   ─────────────────
[04:00:15]   ВСЕГО:  0
[04:00:15] Сводный файл: https://raw.githubusercontent.com/po5p/hpc/main/GotovVpn.txt
[04:00:15] ==============================================
