[19:51:59] ==============================================
[19:51:59] ЗАПУСК ОБНОВЛЕНИЯ VPN
[19:51:59] ==============================================
[19:51:59] Дата: 18.06.2026 19:51:59
[19:51:59] GitHub: po5p/hpc
[19:51:59] 
[19:52:00] ----------------------------------------------
[19:52:00] ШАГ 1: Получение списка подписок
[19:52:00] ----------------------------------------------
[19:52:00] Статус: 200 (УСПЕШНО), размер: 212 байт
[19:52:00] Содержимое:
[19:52:00]   • https://sillyvpn.qwaqdev.ru/sub/365e0df7-98d0-47b2-bfef-09a7100227f6|SILLYVPN
[19:52:00]   • https://sub.datanode-internal.net/FcQe0weSX1Qbc_-j|FastUnlimited
[19:52:00]   • https://cdn-biz.ru/sub/1/5609a383-a603-46e8-8de5-a31bab826871|Yowet7
[19:52:00] 
[19:52:00] ----------------------------------------------
[19:52:00] ШАГ 2: Клонирование репозитория
[19:52:01] ----------------------------------------------
[19:52:09] Статус: УСПЕШНО
[19:52:09] 
[19:52:09] ----------------------------------------------
[19:52:09] ШАГ 3: Обработка подписок
[19:52:09] ----------------------------------------------
[19:52:09] 
[19:52:09] Подписка #1: SILLYVPN
[19:52:09]   Файл: sillyvpn.qwaqdev.ru_sub_365e0df7-98d0-47b2-bf_Subscription.txt
[19:52:11]   Загрузка: УСПЕШНО (17318 байт)
[19:52:11]   Формат: JSON
[19:52:11]   Конфигов (JSON): 13
[19:52:11] 
[19:52:11] Подписка #2: FastUnlimited
[19:52:11]   Файл: sub.datanode-internal.net_FcQe0weSX1Qbc_-j_Subscription.txt
[19:52:12]   Загрузка: УСПЕШНО (36469 байт)
[19:52:12]   Формат: JSON
[19:52:12]   Конфигов (JSON): 15
[19:52:12] 
[19:52:12] Подписка #3: Yowet7
[19:52:12]   Файл: cdn-biz.ru_sub_1_5609a383-a603-46e8-8de5-a31b_Subscription.txt
[19:52:13]   Загрузка: УСПЕШНО (226025 байт)
[19:52:13]   Формат: JSON
[19:52:13]   Конфигов (JSON): 60
[19:52:13] 
[19:52:13] ----------------------------------------------
[19:52:13] ШАГ 4: Сводный файл
[19:52:13] ----------------------------------------------
[19:52:13] Ссылки в GotovVpn.txt:
[19:52:13]   • https://raw.githubusercontent.com/po5p/hpc/main/sillyvpn.qwaqdev.ru_sub_365e0df7-98d0-47b2-bf_Subscription.txt|SILLYVPN
[19:52:13]   • https://raw.githubusercontent.com/po5p/hpc/main/sub.datanode-internal.net_FcQe0weSX1Qbc_-j_Subscription.txt|FastUnlimited
[19:52:13]   • https://raw.githubusercontent.com/po5p/hpc/main/cdn-biz.ru_sub_1_5609a383-a603-46e8-8de5-a31b_Subscription.txt|Yowet7
[19:52:14] 
[19:52:14] ----------------------------------------------
[19:52:14] ШАГ 5: Отправка в GitHub
[19:52:14] ----------------------------------------------
[19:52:16] Результат: УСПЕШНО
[19:52:16] 
[19:52:16] ==============================================
[19:52:16] ИТОГИ
[19:52:16] ==============================================
[19:52:16] Обработано: 3 | Пропущено: 0
[19:52:16]   JSON:   88
[19:52:16]   ─────────────────
[19:52:16]   ВСЕГО:  88
[19:52:16] Сводный файл: https://raw.githubusercontent.com/po5p/hpc/main/GotovVpn.txt
[19:52:16] ==============================================
