[10:23:11] ==============================================
[10:23:11] ЗАПУСК ОБНОВЛЕНИЯ VPN
[10:23:11] ==============================================
[10:23:11] Дата: 08.06.2026 10:23:11
[10:23:11] GitHub: po5p/hpc
[10:23:11] 
[10:23:11] ----------------------------------------------
[10:23:11] ШАГ 1: Получение списка подписок
[10:23:11] ----------------------------------------------
[10:23:12] Статус: 200 (УСПЕШНО), размер: 99 байт
[10:23:12] Содержимое:
[10:23:12]   • https://sub.new-meme-connet.ru/cc7a8ebfb|MaxVpn1
[10:23:12]   • https://sub.new-meme-connet.ru/d8c44887a|MaxVpn2
[10:23:12] 
[10:23:12] ----------------------------------------------
[10:23:12] ШАГ 2: Клонирование репозитория
[10:23:12] ----------------------------------------------
[10:23:13] Статус: УСПЕШНО
[10:23:13] 
[10:23:13] ----------------------------------------------
[10:23:13] ШАГ 3: Обработка подписок
[10:23:13] ----------------------------------------------
[10:23:13] 
[10:23:13] Подписка #2: MaxVpn1
[10:23:13]   Файл: sub.new-meme-connet.ru_cc7a8ebfb_Subscription.txt
[10:23:14]   Загрузка: УСПЕШНО (6580 байт)
[10:23:14]   Формат: Base64 → vless
[10:23:14]   Конфигов: VL=12 VM=0 TR=0 SS=24 (всего: 36)
[10:23:14] 
[10:23:14] Подписка #3: MaxVpn2
[10:23:14]   Файл: sub.new-meme-connet.ru_d8c44887a_Subscription.txt
[10:23:15]   Загрузка: УСПЕШНО (6580 байт)
[10:23:15]   Формат: Base64 → vless
[10:23:15]   Конфигов: VL=12 VM=0 TR=0 SS=24 (всего: 36)
[10:23:15] 
[10:23:15] ----------------------------------------------
[10:23:15] ШАГ 4: Сводный файл
[10:23:15] ----------------------------------------------
[10:23:15] Ссылки в GotovVpn.txt:
[10:23:15]   • https://raw.githubusercontent.com/po5p/hpc/main/sub.new-meme-connet.ru_cc7a8ebfb_Subscription.txt
[10:23:15]   • https://raw.githubusercontent.com/po5p/hpc/main/sub.new-meme-connet.ru_d8c44887a_Subscription.txt
[10:23:15] 
[10:23:15] ----------------------------------------------
[10:23:15] ШАГ 5: Отправка в GitHub
[10:23:15] ----------------------------------------------
[10:23:17] Результат: УСПЕШНО
[10:23:17] 
[10:23:17] ==============================================
[10:23:17] ИТОГИ
[10:23:17] ==============================================
[10:23:17] Обработано: 2 | Пропущено: 0
[10:23:17]   VLESS:  24
[10:23:17]   SS:     48
[10:23:17]   ─────────────────
[10:23:17]   ВСЕГО:  72
[10:23:17] Сводный файл: https://raw.githubusercontent.com/po5p/hpc/main/GotovVpn.txt
[10:23:17] ==============================================
