[00:40:00] ==============================================
[00:40:00] ЗАПУСК ОБНОВЛЕНИЯ VPN
[00:40:00] ==============================================
[00:40:00] Дата: 19.06.2026 00:40:00
[00:40:00] GitHub: po5p/hpc
[00:40:00] 
[00:40:00] ----------------------------------------------
[00:40:00] ШАГ 1: Получение списка подписок
[00:40:00] ----------------------------------------------
[00:40:01] Статус: 200 (УСПЕШНО), размер: 649 байт
[00:40:01] Содержимое:
[00:40:01]   • https://sillyvpn.qwaqdev.ru/sub/365e0df7-98d0-47b2-bfef-09a7100227f6|SILLYVPN
[00:40:01]   • https://sub.datanode-internal.net/FcQe0weSX1Qbc_-j|FastUnlimited
[00:40:01]   • https://cdn-biz.ru/sub/1/5609a383-a603-46e8-8de5-a31bab826871|Yowet7
[00:40:01]   • https://sillyvpn.qwaqdev.ru/sub/ff05c08b-dc28-4263-b585-df08338de6fb|SillyVPN
[00:40:01]   • https://sub.stichvpn.store/2285n15fMFhsVcM5|stichvpn
[00:40:01]   • https://subs.superbuba.top/xj1-N_ZgFtCL-tHz|Буба
[00:40:01]   • https://sub.xexvpn.ru/sub-free-lte/CL7ELMBTUH/|xex
[00:40:01]   • https://sub.caladantech.net/Wvu_tj_Hjn1V-_E1|HipVpn
[00:40:01]   • https://sub.cvedcvpn.ru/YfWj6Po5X88zx6Qc|okak67
[00:40:01]   • https://sub.nosok-top.com/0Zxj0TRZPY-9NNf5|Nosok
[00:40:01]   • https://sub.myxasecure.space/9KLJF4vNSGCa5xSE|okak67
[00:40:01] 
[00:40:01] ----------------------------------------------
[00:40:01] ШАГ 2: Клонирование репозитория
[00:40:01] ----------------------------------------------
[00:40:03] Статус: УСПЕШНО
[00:40:03] 
[00:40:03] ----------------------------------------------
[00:40:03] ШАГ 3: Обработка подписок
[00:40:03] ----------------------------------------------
[00:40:03] 
[00:40:03] Подписка #1: SILLYVPN
[00:40:03]   Файл: sillyvpn.qwaqdev.ru_sub_365e0df7-98d0-47b2-bf_Subscription.txt
[00:40:04]   Загрузка: УСПЕШНО (10030 байт)
[00:40:04]   Формат: JSON
[00:40:04]   Конфигов (JSON): 6
[00:40:04] 
[00:40:05] Подписка #2: FastUnlimited
[00:40:05]   Файл: sub.datanode-internal.net_FcQe0weSX1Qbc_-j_Subscription.txt
[00:40:05]   Загрузка: УСПЕШНО (36489 байт)
[00:40:06]   Формат: JSON
[00:40:06]   Конфигов (JSON): 15
[00:40:06] 
[00:40:06] Подписка #3: Yowet7
[00:40:06]   Файл: cdn-biz.ru_sub_1_5609a383-a603-46e8-8de5-a31b_Subscription.txt
[00:40:07]   Загрузка: УСПЕШНО (173208 байт)
[00:40:07]   Формат: JSON
[00:40:07]   Конфигов (JSON): 46
[00:40:07] 
[00:40:07] Подписка #4: SillyVPN
[00:40:07]   Файл: sillyvpn.qwaqdev.ru_sub_ff05c08b-dc28-4263-b5_Subscription.txt
[00:40:08]   Загрузка: УСПЕШНО (10030 байт)
[00:40:08]   Формат: JSON
[00:40:08]   Конфигов (JSON): 6
[00:40:08] 
[00:40:08] Подписка #5: stichvpn
[00:40:08]   Файл: sub.stichvpn.store_2285n15fMFhsVcM5_Subscription.txt
[00:40:09]   Загрузка: УСПЕШНО (31445 байт)
[00:40:09]   Формат: JSON
[00:40:09]   Конфигов (JSON): 27
[00:40:09] 
[00:40:09] Подписка #6: Буба
[00:40:09]   Файл: subs.superbuba.top_xj1-N_ZgFtCL-tHz_Subscription.txt
[00:40:10]   Загрузка: УСПЕШНО (78515 байт)
[00:40:10]   Формат: JSON
[00:40:10]   Конфигов (JSON): 34
[00:40:10] 
[00:40:10] Подписка #7: xex
[00:40:10]   Файл: sub.xexvpn.ru_sub-free-lte_CL7ELMBTUH_Subscription.txt
[00:40:11]   Загрузка: УСПЕШНО (130376 байт)
[00:40:11]   Формат: Base64 → vless
[00:40:11]   Конфигов: VL=306 VM=0 TR=0 SS=612 (всего: 918)
[00:40:12] 
[00:40:12] Подписка #8: HipVpn
[00:40:12]   Файл: sub.caladantech.net_Wvu_tj_Hjn1V-_E1_Subscription.txt
[00:40:13]   Загрузка: УСПЕШНО (20022 байт)
[00:40:13]   Формат: JSON
[00:40:13]   Конфигов (JSON): 17
[00:40:13] 
[00:40:13] Подписка #9: okak67
[00:40:13]   Файл: sub.cvedcvpn.ru_YfWj6Po5X88zx6Qc_Subscription.txt
[00:40:14]   Загрузка: УСПЕШНО (3800 байт)
[00:40:14]   Формат: Base64 → vless
[00:40:15]   Конфигов: VL=8 VM=0 TR=0 SS=16 (всего: 24)
[00:40:15] 
[00:40:15] Подписка #10: Nosok
[00:40:15]   Файл: sub.nosok-top.com_0Zxj0TRZPY-9NNf5_Subscription.txt
[00:40:16]   Загрузка: УСПЕШНО (4124 байт)
[00:40:16]   Формат: JSON
[00:40:16]   Конфигов (JSON): 3
[00:40:17] 
[00:40:17] Подписка #11: okak67
[00:40:17]   Файл: sub.myxasecure.space_9KLJF4vNSGCa5xSE_Subscription.txt
[00:40:17]   Загрузка: УСПЕШНО (18864 байт)
[00:40:17]   Формат: JSON
[00:40:17]   Конфигов (JSON): 16
[00:40:17] 
[00:40:17] ----------------------------------------------
[00:40:17] ШАГ 4: Сводный файл
[00:40:18] ----------------------------------------------
[00:40:18] Ссылки в GotovVpn.txt:
[00:40:18]   • https://raw.githubusercontent.com/po5p/hpc/main/sillyvpn.qwaqdev.ru_sub_365e0df7-98d0-47b2-bf_Subscription.txt|SILLYVPN
[00:40:18]   • https://raw.githubusercontent.com/po5p/hpc/main/sub.datanode-internal.net_FcQe0weSX1Qbc_-j_Subscription.txt|FastUnlimited
[00:40:18]   • https://raw.githubusercontent.com/po5p/hpc/main/cdn-biz.ru_sub_1_5609a383-a603-46e8-8de5-a31b_Subscription.txt|Yowet7
[00:40:18]   • https://raw.githubusercontent.com/po5p/hpc/main/sillyvpn.qwaqdev.ru_sub_ff05c08b-dc28-4263-b5_Subscription.txt|SillyVPN
[00:40:19]   • https://raw.githubusercontent.com/po5p/hpc/main/sub.stichvpn.store_2285n15fMFhsVcM5_Subscription.txt|stichvpn
[00:40:19]   • https://raw.githubusercontent.com/po5p/hpc/main/subs.superbuba.top_xj1-N_ZgFtCL-tHz_Subscription.txt|Буба
[00:40:19]   • https://raw.githubusercontent.com/po5p/hpc/main/sub.xexvpn.ru_sub-free-lte_CL7ELMBTUH_Subscription.txt|xex
[00:40:19]   • https://raw.githubusercontent.com/po5p/hpc/main/sub.caladantech.net_Wvu_tj_Hjn1V-_E1_Subscription.txt|HipVpn
[00:40:19]   • https://raw.githubusercontent.com/po5p/hpc/main/sub.cvedcvpn.ru_YfWj6Po5X88zx6Qc_Subscription.txt|okak67
[00:40:19]   • https://raw.githubusercontent.com/po5p/hpc/main/sub.nosok-top.com_0Zxj0TRZPY-9NNf5_Subscription.txt|Nosok
[00:40:19]   • https://raw.githubusercontent.com/po5p/hpc/main/sub.myxasecure.space_9KLJF4vNSGCa5xSE_Subscription.txt|okak67
[00:40:19] 
[00:40:19] ----------------------------------------------
[00:40:19] ШАГ 5: Отправка в GitHub
[00:40:19] ----------------------------------------------
[00:40:21] Результат: УСПЕШНО
[00:40:21] 
[00:40:21] ==============================================
[00:40:21] ИТОГИ
[00:40:21] ==============================================
[00:40:21] Обработано: 11 | Пропущено: 0
[00:40:21]   VLESS:  314
[00:40:21]   SS:     628
[00:40:21]   JSON:   170
[00:40:21]   ─────────────────
[00:40:21]   ВСЕГО:  1112
[00:40:21] Сводный файл: https://raw.githubusercontent.com/po5p/hpc/main/GotovVpn.txt
[00:40:21] ==============================================
