[11:32:23] ==============================================
[11:32:23] ЗАПУСК ОБНОВЛЕНИЯ VPN
[11:32:23] ==============================================
[11:32:23] Дата: 08.06.2026 11:32:23
[11:32:23] GitHub: po5p/hpc
[11:32:23] 
[11:32:23] ----------------------------------------------
[11:32:23] ШАГ 1: Получение списка подписок
[11:32:23] ----------------------------------------------
[11:32:23] Статус: 200 (УСПЕШНО), размер: 99 байт
[11:32:23] Содержимое:
[11:32:23]   • https://sub.new-meme-connet.ru/cc7a8ebfb|MaxVpn1
[11:32:24]   • https://sub.new-meme-connet.ru/d8c44887a|MaxVpn2
[11:32:24] 
[11:32:24] ----------------------------------------------
[11:32:24] ШАГ 2: Клонирование репозитория
[11:32:24] ----------------------------------------------
[11:32:25] Статус: УСПЕШНО
[11:32:25] 
[11:32:25] ----------------------------------------------
[11:32:25] ШАГ 3: Обработка подписок
[11:32:25] ----------------------------------------------
[11:32:25] 
[11:32:25] Подписка #2: MaxVpn1
[11:32:25]   Файл: sub.new-meme-connet.ru_cc7a8ebfb_Subscription.txt
[11:32:26]   Загрузка: УСПЕШНО (6612 байт)
[11:32:26]   Формат: Base64 → vless
[11:32:26]   Конфигов: VL=12 VM=0 TR=0 SS=24 (всего: 36)
[11:32:26] 
[11:32:26] Подписка #3: MaxVpn2
[11:32:26]   Файл: sub.new-meme-connet.ru_d8c44887a_Subscription.txt
[11:32:27]   Загрузка: УСПЕШНО (6612 байт)
[11:32:27]   Формат: Base64 → vless
[11:32:27]   Конфигов: VL=12 VM=0 TR=0 SS=24 (всего: 36)
[11:32:27] 
[11:32:27] ----------------------------------------------
[11:32:27] ШАГ 4: Сводный файл
[11:32:27] ----------------------------------------------
[11:32:27] Ссылки в GotovVpn.txt:
[11:32:27]   • https://raw.githubusercontent.com/po5p/hpc/main/sub.new-meme-connet.ru_cc7a8ebfb_Subscription.txt
[11:32:27]   • https://raw.githubusercontent.com/po5p/hpc/main/sub.new-meme-connet.ru_d8c44887a_Subscription.txt
[11:32:27] 
[11:32:27] ----------------------------------------------
[11:32:27] ШАГ 5: Отправка в GitHub
[11:32:27] ----------------------------------------------
[11:32:29] Результат: УСПЕШНО
[11:32:29] 
[11:32:29] ==============================================
[11:32:29] ИТОГИ
[11:32:29] ==============================================
[11:32:29] Обработано: 2 | Пропущено: 0
[11:32:29]   VLESS:  24
[11:32:29]   SS:     48
[11:32:29]   ─────────────────
[11:32:29]   ВСЕГО:  72
[11:32:29] Сводный файл: https://raw.githubusercontent.com/po5p/hpc/main/GotovVpn.txt
[11:32:29] ==============================================
