[16:59:35] ==============================================
[16:59:36] ЗАПУСК ОБНОВЛЕНИЯ VPN
[16:59:36] ==============================================
[16:59:36] Дата: 06.06.2026 16:59:36
[16:59:36] GitHub: po5p/hpc
[16:59:36] HWID: 9ca65d99c03f363e
[16:59:36] 
[16:59:36] ----------------------------------------------
[16:59:36] ШАГ 1: Получение списка подписок
[16:59:36] ----------------------------------------------
[16:59:37] Статус: 200 (УСПЕШНО), размер: 226 байт
[16:59:37] Содержимое:
[16:59:37]   • https://base44.app/api/apps/6a142ae2965f19733954fc09/files/mp/public/6a142ae2965f19733954fc09/ba7a54875_subscription.txt|SL-VPN
[16:59:37]   • https://sub.new-meme-connet.ru/cc7a8ebfb|MaxVpn1
[16:59:37]   • https://sub.new-meme-connet.ru/d8c44887a|MaxVpn2
[16:59:37] 
[16:59:37] ----------------------------------------------
[16:59:37] ШАГ 2: Клонирование репозитория
[16:59:37] ----------------------------------------------
[16:59:38] Статус: УСПЕШНО
[16:59:38] 
[16:59:38] ----------------------------------------------
[16:59:38] ШАГ 3: Обработка подписок
[16:59:38] ----------------------------------------------
[16:59:39] 
[16:59:39] Подписка #1: SL-VPN
[16:59:39]   Файл: base44.app_api_apps_6a142ae2965f19733954fc09__Subscription.txt
[16:59:40]   Загрузка: УСПЕШНО (5150 байт)
[16:59:40]   Формат: готовые vless/заголовки
[16:59:40]   Конфигов: 34
[16:59:40] 
[16:59:40] Подписка #2: MaxVpn1
[16:59:40]   Файл: sub.new-meme-connet.ru_cc7a8ebfb_Subscription.txt
[16:59:41]   Загрузка: УСПЕШНО (5336 байт)
[16:59:41]   Формат: Base64 → vless
[16:59:41]   Конфигов: 30
[16:59:42] 
[16:59:42] Подписка #3: MaxVpn2
[16:59:42]   Файл: sub.new-meme-connet.ru_d8c44887a_Subscription.txt
[16:59:42]   Загрузка: УСПЕШНО (5336 байт)
[16:59:42]   Формат: Base64 → vless
[16:59:43]   Конфигов: 30
[16:59:43] 
[16:59:43] ----------------------------------------------
[16:59:43] ШАГ 4: Сводный файл
[16:59:43] ----------------------------------------------
[16:59:43]   • https://raw.githubusercontent.com/po5p/hpc/main/base44.app_api_apps_6a142ae2965f19733954fc09__Subscription.txt
[16:59:43]   • https://raw.githubusercontent.com/po5p/hpc/main/sub.new-meme-connet.ru_cc7a8ebfb_Subscription.txt
[16:59:43]   • https://raw.githubusercontent.com/po5p/hpc/main/sub.new-meme-connet.ru_d8c44887a_Subscription.txt
[16:59:43] 
[16:59:43] ----------------------------------------------
[16:59:43] ШАГ 5: Отправка в GitHub
[16:59:43] ----------------------------------------------
[16:59:45] Результат: УСПЕШНО
[16:59:45] 
[16:59:45] ==============================================
[16:59:45] ИТОГИ
[16:59:45] ==============================================
[16:59:45] Обработано: 3 | Пропущено: 0
[16:59:46]   VLESS:  20
[16:59:46]   SS:     40
[16:59:46]   ─────────────────
[16:59:46]   ВСЕГО:  60
[16:59:46] Сводный файл: https://raw.githubusercontent.com/po5p/hpc/main/GotovVpn.txt
[16:59:46] ==============================================
