[13:05:50] ==============================================
[13:05:50] ЗАПУСК ОБНОВЛЕНИЯ VPN
[13:05:50] ==============================================
[13:05:51] Дата: 07.06.2026 13:05:51
[13:05:51] GitHub: po5p/hpc
[13:05:51] HWID: CB522960-E2A9-7A19-12CB-FD12FEC71E19
[13:05:51] 
[13:05:51] ----------------------------------------------
[13:05:51] ШАГ 1: Получение списка подписок
[13:05:51] ----------------------------------------------
[13:05:52] Статус: 200 (УСПЕШНО), размер: 99 байт
[13:05:52] Содержимое:
[13:05:52]   • https://sub.new-meme-connet.ru/cc7a8ebfb|MaxVpn1
[13:05:52]   • https://sub.new-meme-connet.ru/d8c44887a|MaxVpn2
[13:05:52] 
[13:05:52] ----------------------------------------------
[13:05:52] ШАГ 2: Клонирование репозитория
[13:05:52] ----------------------------------------------
[13:05:53] Статус: УСПЕШНО
[13:05:53] 
[13:05:53] ----------------------------------------------
[13:05:53] ШАГ 3: Обработка подписок
[13:05:53] ----------------------------------------------
[13:05:54] 
[13:05:54] Подписка #2: MaxVpn1
[13:05:54]   Файл: sub.new-meme-connet.ru_cc7a8ebfb_Subscription.txt
[13:05:54]   Загрузка: УСПЕШНО (6580 байт)
[13:05:54]   Формат: Base64 → vless
[13:05:55]   Конфигов: 36
[13:05:55] 
[13:05:55] Подписка #3: MaxVpn2
[13:05:55]   Файл: sub.new-meme-connet.ru_d8c44887a_Subscription.txt
[13:05:56]   Загрузка: УСПЕШНО (6580 байт)
[13:05:56]   Формат: Base64 → vless
[13:05:56]   Конфигов: 36
[13:05:56] 
[13:05:56] ----------------------------------------------
[13:05:56] ШАГ 4: Сводный файл
[13:05:56] ----------------------------------------------
[13:05:56]   • https://raw.githubusercontent.com/po5p/hpc/main/sub.new-meme-connet.ru_cc7a8ebfb_Subscription.txt
[13:05:57]   • https://raw.githubusercontent.com/po5p/hpc/main/sub.new-meme-connet.ru_d8c44887a_Subscription.txt
[13:05:57] 
[13:05:57] ----------------------------------------------
[13:05:57] ШАГ 5: Отправка в GitHub
[13:05:57] ----------------------------------------------
[13:05:59] Результат: УСПЕШНО
[13:05:59] 
[13:05:59] ==============================================
[13:05:59] ИТОГИ
[13:05:59] ==============================================
[13:05:59] Обработано: 2 | Пропущено: 0
[13:05:59]   VLESS:  24
[13:05:59]   SS:     48
[13:05:59]   ─────────────────
[13:05:59]   ВСЕГО:  72
[13:05:59] Сводный файл: https://raw.githubusercontent.com/po5p/hpc/main/GotovVpn.txt
[13:05:59] ==============================================
