[16:00:00] ==============================================
[16:00:00] ЗАПУСК ОБНОВЛЕНИЯ VPN
[16:00:00] ==============================================
[16:00:00] Дата: 06.06.2026 16:00:00
[16:00:00] GitHub: po5p/hpc
[16:00:00] HWID: CB522960-E2A9-7A19-12CB-FD12FEC71E19
[16:00:00] Лог-файл: /data/data/com.termux/files/home/vpn_logs/vpn_update_2026-06-06_16-00-00.log
[16:00:00] 
[16:00:00] ----------------------------------------------
[16:00:00] ШАГ 1: Получение списка подписок
[16:00:00] ----------------------------------------------
[16:00:00] URL: https://raw.githubusercontent.com/po5p/hpc/main/SubscriptionList.txt
[16:00:01] HTTP статус: 200
[16:00:01] Время запроса: ? сек
[16:00:01] Размер ответа: 99 байт
[16:00:01] Содержимое SubscriptionList.txt:
[16:00:01]   • https://sub.new-meme-connet.ru/cc7a8ebfb|MaxVpn1
[16:00:01]   • https://sub.new-meme-connet.ru/d8c44887a|MaxVpn2
[16:00:01] 
[16:00:01] ----------------------------------------------
[16:00:01] ШАГ 2: Клонирование репозитория
[16:00:01] ----------------------------------------------
[16:00:03] Статус: код 0
[16:00:03] Время: ? сек
[16:00:03] Репозиторий склонирован успешно
[16:00:03] 
[16:00:03] ----------------------------------------------
[16:00:03] ШАГ 3: Обработка подписок
[16:00:03] ----------------------------------------------
[16:00:03] 
[16:00:03] Подписка #2: MaxVpn1
[16:00:03]   URL: https://sub.new-meme-connet.ru/cc7a8ebfb
[16:00:03]   Файл: sub.new-meme-connet.ru_cc7a8ebfb_Subscription.txt
[16:00:04]   Загрузка: HTTP 200, ? сек, 5336 байт
[16:00:04]   Формат: Base64 (расшифровываю)
[16:00:04]   Декод выполнен за ? сек
[16:00:05]   Конфигов: VLESS=10 VMess=0 Trojan=0 SS=20 (всего: 30)
[16:00:05] 
[16:00:05] Подписка #3: MaxVpn2
[16:00:05]   URL: https://sub.new-meme-connet.ru/d8c44887a
[16:00:05]   Файл: sub.new-meme-connet.ru_d8c44887a_Subscription.txt
[16:00:06]   Загрузка: HTTP 200, ? сек, 5336 байт
[16:00:06]   Формат: Base64 (расшифровываю)
[16:00:06]   Декод выполнен за ? сек
[16:00:06]   Конфигов: VLESS=10 VMess=0 Trojan=0 SS=20 (всего: 30)
[16:00:06] 
[16:00:07] ----------------------------------------------
[16:00:07] ШАГ 4: Сохранение сводного файла
[16:00:07] ----------------------------------------------
[16:00:07] Ссылок в GotovVpn.txt: 2
