[14:25:38] ==============================================
[14:25:38] ЗАПУСК ОБНОВЛЕНИЯ VPN
[14:25:38] ==============================================
[14:25:38] Дата: 17.06.2026 14:25:38
[14:25:38] GitHub: po5p/hpc
[14:25:38] 
[14:25:38] ----------------------------------------------
[14:25:38] ШАГ 1: Получение списка подписок
[14:25:38] ----------------------------------------------
[14:25:39] Статус: 200 (УСПЕШНО), размер: 78 байт
[14:25:39] Содержимое:
[14:25:39]   • https://sillyvpn.qwaqdev.ru/sub/365e0df7-98d0-47b2-bfef-09a7100227f6|SILLYVPN
[14:25:39] 
[14:25:39] ----------------------------------------------
[14:25:39] ШАГ 2: Клонирование репозитория
[14:25:39] ----------------------------------------------
[14:25:40] Статус: УСПЕШНО
[14:25:40] 
[14:25:40] ----------------------------------------------
[14:25:40] ШАГ 3: Обработка подписок
[14:25:40] ----------------------------------------------
[14:25:40] 
[14:25:40] Подписка #1: SILLYVPN
[14:25:40]   Файл: sillyvpn.qwaqdev.ru_sub_365e0df7-98d0-47b2-bf_Subscription.txt
[14:25:41]   Загрузка: УСПЕШНО (57504 байт)
[14:25:41]   Формат: JSON
[14:25:41]   Конфигов (JSON): 11
[14:25:41] 
[14:25:41] ----------------------------------------------
[14:25:41] ШАГ 4: Сводный файл
[14:25:41] ----------------------------------------------
[14:25:41] Ссылки в GotovVpn.txt:
[14:25:41]   • https://raw.githubusercontent.com/po5p/hpc/main/sillyvpn.qwaqdev.ru_sub_365e0df7-98d0-47b2-bf_Subscription.txt
[14:25:41] 
[14:25:41] ----------------------------------------------
[14:25:41] ШАГ 5: Отправка в GitHub
[14:25:41] ----------------------------------------------
[14:25:43] Результат: УСПЕШНО
[14:25:43] 
[14:25:43] ==============================================
[14:25:43] ИТОГИ
[14:25:43] ==============================================
[14:25:43] Обработано: 1 | Пропущено: 0
[14:25:43]   JSON:   11
[14:25:43]   ─────────────────
[14:25:43]   ВСЕГО:  11
[14:25:43] Сводный файл: https://raw.githubusercontent.com/po5p/hpc/main/GotovVpn.txt
[14:25:43] ==============================================
