[17:04:08] ==============================================
[17:04:08] ЗАПУСК ОБНОВЛЕНИЯ VPN
[17:04:08] ==============================================
[17:04:08] Дата: 06.06.2026 17:04:08
[17:04:08] GitHub: po5p/hpc
[17:04:08] HWID: 9ca65d99c03f363e
[17:04:09] 
[17:04:09] ----------------------------------------------
[17:04:09] ШАГ 1: Получение списка подписок
[17:04:09] ----------------------------------------------
[17:04:09] Статус: 200 (УСПЕШНО), размер: 226 байт
[17:04:09] Содержимое:
[17:04:09]   • https://base44.app/api/apps/6a142ae2965f19733954fc09/files/mp/public/6a142ae2965f19733954fc09/ba7a54875_subscription.txt|SL-VPN
[17:04:09]   • https://sub.new-meme-connet.ru/cc7a8ebfb|MaxVpn1
[17:04:09]   • https://sub.new-meme-connet.ru/d8c44887a|MaxVpn2
[17:04:09] 
[17:04:09] ----------------------------------------------
[17:04:09] ШАГ 2: Клонирование репозитория
[17:04:09] ----------------------------------------------
[17:04:11] Статус: УСПЕШНО
[17:04:11] 
[17:04:11] ----------------------------------------------
[17:04:11] ШАГ 3: Обработка подписок
[17:04:11] ----------------------------------------------
[17:04:11] 
[17:04:11] Подписка #1: SL-VPN
[17:04:11]   Файл: base44.app_api_apps_6a142ae2965f19733954fc09__Subscription.txt
[17:04:12]   Загрузка: УСПЕШНО (5150 байт)
[17:04:12]   Формат: готовые vless/заголовки
[17:04:13]   Конфигов: 0
[17:04:13] 
[17:04:13] Подписка #2: MaxVpn1
[17:04:13]   Файл: sub.new-meme-connet.ru_cc7a8ebfb_Subscription.txt
[17:04:13]   Загрузка: УСПЕШНО (5336 байт)
[17:04:13]   Формат: Base64 → vless
[17:04:14]   Конфигов: 0
[17:04:14] 
[17:04:14] Подписка #3: MaxVpn2
[17:04:14]   Файл: sub.new-meme-connet.ru_d8c44887a_Subscription.txt
[17:04:15]   Загрузка: УСПЕШНО (5336 байт)
[17:04:15]   Формат: Base64 → vless
[17:04:15]   Конфигов: 0
[17:04:15] 
[17:04:15] ----------------------------------------------
[17:04:15] ШАГ 4: Сводный файл
[17:04:15] ----------------------------------------------
[17:04:16]   • https://raw.githubusercontent.com/po5p/hpc/main/base44.app_api_apps_6a142ae2965f19733954fc09__Subscription.txt
[17:04:16]   • https://raw.githubusercontent.com/po5p/hpc/main/sub.new-meme-connet.ru_cc7a8ebfb_Subscription.txt
[17:04:16]   • https://raw.githubusercontent.com/po5p/hpc/main/sub.new-meme-connet.ru_d8c44887a_Subscription.txt
[17:04:16] 
[17:04:16] ----------------------------------------------
[17:04:16] ШАГ 5: Отправка в GitHub
[17:04:16] ----------------------------------------------
[17:04:17] Результат: УСПЕШНО
[17:04:17] 
[17:04:17] ==============================================
[17:04:17] ИТОГИ
[17:04:17] ==============================================
[17:04:17] Обработано: 3 | Пропущено: 0
[17:04:17]   ─────────────────
[17:04:17]   ВСЕГО:  0
[17:04:17] Сводный файл: https://raw.githubusercontent.com/po5p/hpc/main/GotovVpn.txt
[17:04:17] ==============================================
