[08:50:29] ==============================================
[08:50:29] ЗАПУСК ОБНОВЛЕНИЯ VPN
[08:50:29] ==============================================
[08:50:29] Дата: 19.06.2026 08:50:29
[08:50:29] GitHub: po5p/hpc
[08:50:29] 
[08:50:29] ----------------------------------------------
[08:50:29] ШАГ 1: Получение списка подписок
[08:50:29] ----------------------------------------------
[08:50:30] Статус: 200 (УСПЕШНО), размер: 699 байт
[08:50:30] Содержимое:
[08:50:30]   • https://sillyvpn.qwaqdev.ru/sub/365e0df7-98d0-47b2-bfef-09a7100227f6|SILLYVPN
[08:50:30]   • https://sub.datanode-internal.net/FcQe0weSX1Qbc_-j|FastUnlimited
[08:50:30]   • https://cdn-biz.ru/sub/1/5609a383-a603-46e8-8de5-a31bab826871|Yowet7
[08:50:30]   • https://sillyvpn.qwaqdev.ru/sub/ff05c08b-dc28-4263-b585-df08338de6fb|SillyVPN
[08:50:30]   • https://sub.stichvpn.store/2285n15fMFhsVcM5|stichvpn
[08:50:30]   • https://subs.superbuba.top/xj1-N_ZgFtCL-tHz|Буба
[08:50:30]   • https://sub.xexvpn.ru/sub-free-lte/CL7ELMBTUH/|xex
[08:50:30]   • https://sub.caladantech.net/Wvu_tj_Hjn1V-_E1|HipVpn
[08:50:30]   • https://sub.cvedcvpn.ru/YfWj6Po5X88zx6Qc|okak67
[08:50:30]   • https://sub.nosok-top.com/0Zxj0TRZPY-9NNf5|Nosok
[08:50:30]   • https://sub.myxasecure.space/9KLJF4vNSGCa5xSE|okak67
[08:50:30]   • https://sub.cvedcvpn.ru/DfJ0DSUqAQe1twyL|Cvedcvpn
[08:50:30] 
[08:50:30] ----------------------------------------------
[08:50:30] ШАГ 2: Клонирование репозитория
[08:50:30] ----------------------------------------------
[08:50:32] Статус: УСПЕШНО
[08:50:32] 
[08:50:32] ----------------------------------------------
[08:50:32] ШАГ 3: Обработка подписок
[08:50:32] ----------------------------------------------
[08:50:32] 
[08:50:32] Подписка #1: SILLYVPN
[08:50:32]   Файл: sillyvpn.qwaqdev.ru_sub_365e0df7-98d0-47b2-bf_Subscription.txt
[08:50:33]   Загрузка: УСПЕШНО (17318 байт)
[08:50:33]   Формат: JSON
[08:50:33]   Конфигов (JSON): 13
[08:50:33] 
[08:50:33] Подписка #2: FastUnlimited
[08:50:33]   Файл: sub.datanode-internal.net_FcQe0weSX1Qbc_-j_Subscription.txt
[08:50:34]   Загрузка: УСПЕШНО (36489 байт)
[08:50:34]   Формат: JSON
[08:50:34]   Конфигов (JSON): 15
[08:50:34] 
[08:50:34] Подписка #3: Yowet7
[08:50:34]   Файл: cdn-biz.ru_sub_1_5609a383-a603-46e8-8de5-a31b_Subscription.txt
[08:50:35]   Загрузка: УСПЕШНО (173295 байт)
[08:50:35]   Формат: JSON
[08:50:35]   Конфигов (JSON): 46
[08:50:35] 
[08:50:35] Подписка #4: SillyVPN
[08:50:35]   Файл: sillyvpn.qwaqdev.ru_sub_ff05c08b-dc28-4263-b5_Subscription.txt
[08:50:36]   Загрузка: УСПЕШНО (17318 байт)
[08:50:36]   Формат: JSON
[08:50:36]   Конфигов (JSON): 13
[08:50:36] 
[08:50:36] Подписка #5: stichvpn
[08:50:36]   Файл: sub.stichvpn.store_2285n15fMFhsVcM5_Subscription.txt
[08:50:37]   Загрузка: УСПЕШНО (31437 байт)
[08:50:37]   Формат: JSON
[08:50:37]   Конфигов (JSON): 27
[08:50:37] 
[08:50:37] Подписка #6: Буба
[08:50:37]   Файл: subs.superbuba.top_xj1-N_ZgFtCL-tHz_Subscription.txt
[08:50:38]   Загрузка: УСПЕШНО (78515 байт)
[08:50:38]   Формат: JSON
[08:50:39]   Конфигов (JSON): 34
[08:50:39] 
[08:50:39] Подписка #7: xex
[08:50:39]   Файл: sub.xexvpn.ru_sub-free-lte_CL7ELMBTUH_Subscription.txt
[08:50:39]   Загрузка: УСПЕШНО (129880 байт)
[08:50:39]   Формат: Base64 → vless
[08:50:40]   Конфигов: VL=306 VM=0 TR=0 SS=612 (всего: 918)
[08:50:40] 
[08:50:40] Подписка #8: HipVpn
[08:50:40]   Файл: sub.caladantech.net_Wvu_tj_Hjn1V-_E1_Subscription.txt
[08:50:41]   Загрузка: УСПЕШНО (20022 байт)
[08:50:41]   Формат: JSON
[08:50:41]   Конфигов (JSON): 17
[08:50:41] 
[08:50:41] Подписка #9: okak67
[08:50:41]   Файл: sub.cvedcvpn.ru_YfWj6Po5X88zx6Qc_Subscription.txt
[08:50:42]   Загрузка: УСПЕШНО (3800 байт)
[08:50:42]   Формат: Base64 → vless
[08:50:42]   Конфигов: VL=8 VM=0 TR=0 SS=16 (всего: 24)
[08:50:42] 
[08:50:42] Подписка #10: Nosok
[08:50:42]   Файл: sub.nosok-top.com_0Zxj0TRZPY-9NNf5_Subscription.txt
[08:50:43]   Загрузка: УСПЕШНО (4124 байт)
[08:50:43]   Формат: JSON
[08:50:43]   Конфигов (JSON): 3
[08:50:44] 
[08:50:44] Подписка #11: okak67
[08:50:44]   Файл: sub.myxasecure.space_9KLJF4vNSGCa5xSE_Subscription.txt
[08:50:44]   Загрузка: УСПЕШНО (18864 байт)
[08:50:44]   Формат: JSON
[08:50:44]   Конфигов (JSON): 16
[08:50:44] 
[08:50:44] Подписка #12: Cvedcvpn
[08:50:44]   Файл: sub.cvedcvpn.ru_DfJ0DSUqAQe1twyL_Subscription.txt
[08:50:52]   Загрузка: УСПЕШНО (3800 байт)
[08:50:53]   Формат: Base64 → vless
[08:50:53]   Конфигов: VL=8 VM=0 TR=0 SS=16 (всего: 24)
[08:50:53] 
[08:50:53] ----------------------------------------------
[08:50:53] ШАГ 4: Сводный файл
[08:50:55] ----------------------------------------------
[08:50:55] Ссылки в GotovVpn.txt:
[08:50:55]   • https://raw.githubusercontent.com/po5p/hpc/main/sillyvpn.qwaqdev.ru_sub_365e0df7-98d0-47b2-bf_Subscription.txt|SILLYVPN
[08:50:55]   • https://raw.githubusercontent.com/po5p/hpc/main/sub.datanode-internal.net_FcQe0weSX1Qbc_-j_Subscription.txt|FastUnlimited
[08:50:55]   • https://raw.githubusercontent.com/po5p/hpc/main/cdn-biz.ru_sub_1_5609a383-a603-46e8-8de5-a31b_Subscription.txt|Yowet7
[08:50:55]   • https://raw.githubusercontent.com/po5p/hpc/main/sillyvpn.qwaqdev.ru_sub_ff05c08b-dc28-4263-b5_Subscription.txt|SillyVPN
[08:50:55]   • https://raw.githubusercontent.com/po5p/hpc/main/sub.stichvpn.store_2285n15fMFhsVcM5_Subscription.txt|stichvpn
[08:50:55]   • https://raw.githubusercontent.com/po5p/hpc/main/subs.superbuba.top_xj1-N_ZgFtCL-tHz_Subscription.txt|Буба
[08:50:55]   • https://raw.githubusercontent.com/po5p/hpc/main/sub.xexvpn.ru_sub-free-lte_CL7ELMBTUH_Subscription.txt|xex
[08:50:55]   • https://raw.githubusercontent.com/po5p/hpc/main/sub.caladantech.net_Wvu_tj_Hjn1V-_E1_Subscription.txt|HipVpn
[08:50:55]   • https://raw.githubusercontent.com/po5p/hpc/main/sub.cvedcvpn.ru_YfWj6Po5X88zx6Qc_Subscription.txt|okak67
[08:50:55]   • https://raw.githubusercontent.com/po5p/hpc/main/sub.nosok-top.com_0Zxj0TRZPY-9NNf5_Subscription.txt|Nosok
[08:50:55]   • https://raw.githubusercontent.com/po5p/hpc/main/sub.myxasecure.space_9KLJF4vNSGCa5xSE_Subscription.txt|okak67
[08:50:55]   • https://raw.githubusercontent.com/po5p/hpc/main/sub.cvedcvpn.ru_DfJ0DSUqAQe1twyL_Subscription.txt|Cvedcvpn
[08:50:55] 
[08:50:55] ----------------------------------------------
[08:51:06] ШАГ 5: Отправка в GitHub
[08:51:06] ----------------------------------------------
[08:51:08] Результат: УСПЕШНО
[08:51:08] 
[08:51:08] ==============================================
[08:51:08] ИТОГИ
[08:51:08] ==============================================
[08:51:08] Обработано: 12 | Пропущено: 0
[08:51:08]   VLESS:  322
[08:51:08]   SS:     644
[08:51:08]   JSON:   184
[08:51:08]   ─────────────────
[08:51:08]   ВСЕГО:  1150
[08:51:08] Сводный файл: https://raw.githubusercontent.com/po5p/hpc/main/GotovVpn.txt
[08:51:08] ==============================================
