[16:37:40] ==============================================
[16:37:40] ЗАПУСК ОБНОВЛЕНИЯ VPN
[16:37:40] ==============================================
[16:37:40] Дата: 06.06.2026 16:37:40
[16:37:40] GitHub: po5p/hpc
[16:37:40] HWID: 9ca65d99c03f363e
[16:37:40] 
[16:37:40] ----------------------------------------------
[16:37:40] ШАГ 1: Получение списка подписок
[16:37:40] ----------------------------------------------
[16:37:41] Статус: 200 (УСПЕШНО), размер: 99 байт
[16:37:41] Содержимое:
[16:37:41]   • https://sub.new-meme-connet.ru/cc7a8ebfb|MaxVpn1
[16:37:41]   • https://sub.new-meme-connet.ru/d8c44887a|MaxVpn2
[16:37:41] 
[16:37:41] ----------------------------------------------
[16:37:41] ШАГ 2: Клонирование репозитория
[16:37:41] ----------------------------------------------
[16:37:42] Статус: УСПЕШНО
[16:37:42] 
[16:37:42] ----------------------------------------------
[16:37:42] ШАГ 3: Обработка подписок
[16:37:42] ----------------------------------------------
[16:37:43] 
[16:37:43] Подписка #2: MaxVpn1
[16:37:43]   Файл: sub.new-meme-connet.ru_cc7a8ebfb_Subscription.txt
[16:37:43]   Загрузка: УСПЕШНО (5336 байт)
[16:37:43]   Формат: Base64 → vless
[16:37:44]   Конфигов: 30
[16:37:44] 
[16:37:44] Подписка #3: MaxVpn2
[16:37:44]   Файл: sub.new-meme-connet.ru_d8c44887a_Subscription.txt
[16:37:45]   Загрузка: УСПЕШНО (5336 байт)
[16:37:45]   Формат: Base64 → vless
[16:37:45]   Конфигов: 30
[16:37:45] 
[16:37:45] ----------------------------------------------
[16:37:45] ШАГ 4: Сводный файл
[16:37:45] ----------------------------------------------
[16:37:45]   • https://raw.githubusercontent.com/po5p/hpc/main/sub.new-meme-connet.ru_cc7a8ebfb_Subscription.txt
[16:37:45]   • https://raw.githubusercontent.com/po5p/hpc/main/sub.new-meme-connet.ru_d8c44887a_Subscription.txt
[16:37:46] 
[16:37:46] ----------------------------------------------
[16:37:46] ШАГ 5: Отправка в GitHub
[16:37:46] ----------------------------------------------
[16:37:47] Результат: УСПЕШНО
[16:37:48] 
[16:37:48] ==============================================
[16:37:48] ИТОГИ
[16:37:48] ==============================================
[16:37:48] Обработано: 2 | Пропущено: 0
[16:37:48]   VLESS:  20
[16:37:48]   SS:     40
[16:37:48]   ─────────────────
[16:37:48]   ВСЕГО:  60
[16:37:48] Сводный файл: https://raw.githubusercontent.com/po5p/hpc/main/GotovVpn.txt
[16:37:48] ==============================================
