[16:04:30] ==============================================
[16:04:30] ЗАПУСК ОБНОВЛЕНИЯ VPN
[16:04:30] ==============================================
[16:04:30] Дата: 06.06.2026 16:04:30
[16:04:30] GitHub: po5p/hpc
[16:04:30] HWID: CB522960-E2A9-7A19-12CB-FD12FEC71E19
[16:04:30] Лог-файл: /data/data/com.termux/files/home/vpn_logs/vpn_update_2026-06-06_16-04-30.log
[16:04:30] 
[16:04:30] ----------------------------------------------
[16:04:30] ШАГ 1: Получение списка подписок
[16:04:30] ----------------------------------------------
[16:04:30] URL: https://raw.githubusercontent.com/po5p/hpc/main/SubscriptionList.txt
[16:04:31] Статус: 200 (УСПЕШНО), размер: 99 байт
[16:04:31] Содержимое:
[16:04:31]   • https://sub.new-meme-connet.ru/cc7a8ebfb|MaxVpn1
[16:04:31]   • https://sub.new-meme-connet.ru/d8c44887a|MaxVpn2
[16:04:31] 
[16:04:31] ----------------------------------------------
[16:04:31] ШАГ 2: Клонирование репозитория
[16:04:31] ----------------------------------------------
[16:04:33] Статус: УСПЕШНО
[16:04:33] 
[16:04:33] ----------------------------------------------
[16:04:33] ШАГ 3: Обработка подписок
[16:04:33] ----------------------------------------------
[16:04:33] 
[16:04:33] Подписка #2: MaxVpn1
[16:04:33]   URL: https://sub.new-meme-connet.ru/cc7a8ebfb
[16:04:33]   Файл: sub.new-meme-connet.ru_cc7a8ebfb_Subscription.txt
[16:04:34]   Загрузка: УСПЕШНО (5336 байт)
[16:04:34]   Формат: Base64 (расшифровываю)
[16:04:34] 
[16:04:34] ----------------------------------------------
[16:04:34] ШАГ 4: Сохранение сводного файла
[16:04:34] ----------------------------------------------
[16:04:34] Ссылки в GotovVpn.txt:
