[17:06:40] ==============================================
[17:06:40] ЗАПУСК ОБНОВЛЕНИЯ VPN
[17:06:40] ==============================================
[17:06:40] Дата: 06.06.2026 17:06:40
[17:06:41] GitHub: po5p/hpc
[17:06:41] HWID: CB522960-E2A9-7A19-12CB-FD12FEC71E19
[17:06:41] 
[17:06:41] ----------------------------------------------
[17:06:41] ШАГ 1: Получение списка подписок
[17:06:41] ----------------------------------------------
[17:06:41] Статус: 200 (УСПЕШНО), размер: 226 байт
[17:06:41] Содержимое:
[17:06:41]   • https://base44.app/api/apps/6a142ae2965f19733954fc09/files/mp/public/6a142ae2965f19733954fc09/ba7a54875_subscription.txt|SL-VPN
[17:06:41]   • https://sub.new-meme-connet.ru/cc7a8ebfb|MaxVpn1
[17:06:41]   • https://sub.new-meme-connet.ru/d8c44887a|MaxVpn2
[17:06:41] 
[17:06:42] ----------------------------------------------
[17:06:42] ШАГ 2: Клонирование репозитория
[17:06:42] ----------------------------------------------
[17:06:43] Статус: УСПЕШНО
[17:06:43] 
[17:06:43] ----------------------------------------------
[17:06:43] ШАГ 3: Обработка подписок
[17:06:43] ----------------------------------------------
[17:06:43] 
[17:06:43] Подписка #1: SL-VPN
[17:06:43]   Файл: base44.app_api_apps_6a142ae2965f19733954fc09__Subscription.txt
[17:06:44]   Загрузка: УСПЕШНО (5150 байт)
[17:06:44]   Формат: готовые vless/заголовки
[17:06:45]   Конфигов: 34
[17:06:45] 
[17:06:45] Подписка #2: MaxVpn1
[17:06:45]   Файл: sub.new-meme-connet.ru_cc7a8ebfb_Subscription.txt
[17:06:46]   Загрузка: УСПЕШНО (5336 байт)
[17:06:46]   Формат: Base64 → vless
[17:06:46]   Конфигов: 30
[17:06:46] 
[17:06:46] Подписка #3: MaxVpn2
[17:06:46]   Файл: sub.new-meme-connet.ru_d8c44887a_Subscription.txt
[17:06:47]   Загрузка: УСПЕШНО (5336 байт)
[17:06:47]   Формат: Base64 → vless
[17:06:47]   Конфигов: 30
[17:06:48] 
[17:06:48] ----------------------------------------------
[17:06:48] ШАГ 4: Сводный файл
[17:06:48] ----------------------------------------------
[17:06:48]   • https://raw.githubusercontent.com/po5p/hpc/main/base44.app_api_apps_6a142ae2965f19733954fc09__Subscription.txt
[17:06:48]   • https://raw.githubusercontent.com/po5p/hpc/main/sub.new-meme-connet.ru_cc7a8ebfb_Subscription.txt
[17:06:48]   • https://raw.githubusercontent.com/po5p/hpc/main/sub.new-meme-connet.ru_d8c44887a_Subscription.txt
[17:06:48] 
[17:06:48] ----------------------------------------------
[17:06:48] ШАГ 5: Отправка в GitHub
[17:06:48] ----------------------------------------------
[17:06:50] Результат: УСПЕШНО
[17:06:50] 
[17:06:50] ==============================================
[17:06:50] ИТОГИ
[17:06:50] ==============================================
[17:06:50] Обработано: 3 | Пропущено: 0
[17:06:50]   VLESS:  20
[17:06:50]   SS:     40
[17:06:50]   ─────────────────
[17:06:50]   ВСЕГО:  60
[17:06:50] Сводный файл: https://raw.githubusercontent.com/po5p/hpc/main/GotovVpn.txt
[17:06:50] ==============================================
