[15:58:50] ==============================================
[15:58:50] ЗАПУСК ОБНОВЛЕНИЯ VPN
[15:58:50] ==============================================
[15:58:50] Дата: 13.06.2026 15:58:50
[15:58:50] GitHub: po5p/hpc
[15:58:50] 
[15:58:50] ----------------------------------------------
[15:58:50] ШАГ 1: Получение списка подписок
[15:58:50] ----------------------------------------------
[15:58:51] Статус: 200 (УСПЕШНО), размер: 51 байт
[15:58:51] Содержимое:
[15:58:51]   • https://sub.datanode-internal.net/pEal8orynJwjb_eR
[15:58:51] 
[15:58:51] ----------------------------------------------
[15:58:51] ШАГ 2: Клонирование репозитория
[15:58:51] ----------------------------------------------
[15:58:52] Статус: УСПЕШНО
[15:58:52] 
[15:58:52] ----------------------------------------------
[15:58:52] ШАГ 3: Обработка подписок
[15:58:52] ----------------------------------------------
[15:58:52] 
[15:58:52] Подписка #1: sub.datanode-internal.net
[15:58:52]   Файл: sub.datanode-internal.net_pEal8orynJwjb_eR_Subscription.txt
[15:58:53]   Загрузка: УСПЕШНО (36489 байт)
[15:58:53]   Формат: JSON
[15:58:53]   Конфигов (JSON): 15
[15:58:53] 
[15:58:53] ----------------------------------------------
[15:58:53] ШАГ 4: Сводный файл
[15:58:53] ----------------------------------------------
[15:58:53] Ссылки в GotovVpn.txt:
[15:58:53]   • https://raw.githubusercontent.com/po5p/hpc/main/sub.datanode-internal.net_pEal8orynJwjb_eR_Subscription.txt
[15:58:53] 
[15:58:53] ----------------------------------------------
[15:58:53] ШАГ 5: Отправка в GitHub
[15:58:53] ----------------------------------------------
[15:58:55] Результат: УСПЕШНО
[15:58:55] 
[15:58:55] ==============================================
[15:58:55] ИТОГИ
[15:58:55] ==============================================
[15:58:55] Обработано: 1 | Пропущено: 0
[15:58:55]   JSON:   15
[15:58:55]   ─────────────────
[15:58:55]   ВСЕГО:  15
[15:58:55] Сводный файл: https://raw.githubusercontent.com/po5p/hpc/main/GotovVpn.txt
[15:58:55] ==============================================
