[01:30:38] ==============================================
[01:30:38] ЗАПУСК ОБНОВЛЕНИЯ VPN
[01:30:38] ==============================================
[01:30:38] Дата: 10.06.2026 01:30:38
[01:30:38] GitHub: po5p/hpc
[01:30:38] 
[01:30:38] ----------------------------------------------
[01:30:38] ШАГ 1: Получение списка подписок
[01:30:38] ----------------------------------------------
[01:30:39] Статус: 200 (УСПЕШНО), размер: 304 байт
[01:30:39] Содержимое:
[01:30:39]   • https://gist.githubusercontent.com/FrizanGAME/dfd1f7ac36511593dc6d0faff14cc8bb/raw/frizanVPN.txt|frizanVPN
[01:30:39]   • https://sub.new-meme-connet.ru/cc7a8ebfb|MaxVpn1
[01:30:39]   • https://sub.new-meme-connet.ru/d8c44887a|MaxVpn2
[01:30:39]   • https://raw.githubusercontent.com/AirLinkVPN1/AirLinkVPN/refs/heads/main/rkn_white_list|AirLinkVPN
[01:30:39] 
[01:30:39] ----------------------------------------------
[01:30:39] ШАГ 2: Клонирование репозитория
[01:30:39] ----------------------------------------------
[01:30:40] Статус: УСПЕШНО
[01:30:40] 
[01:30:40] ----------------------------------------------
[01:30:40] ШАГ 3: Обработка подписок
[01:30:40] ----------------------------------------------
[01:30:40] 
[01:30:40] Подписка #1: frizanVPN
[01:30:40]   Файл: gist.githubusercontent.com_FrizanGAME_dfd1f7a_Subscription.txt
[01:30:41]   Загрузка: УСПЕШНО (6952 байт)
[01:30:41]   Формат: готовые vless/заголовки
[01:30:41]   Конфигов: 54
[01:30:41] 
[01:30:41] Подписка #2: MaxVpn1
[01:30:41]   Файл: sub.new-meme-connet.ru_cc7a8ebfb_Subscription.txt
[01:30:42]   Загрузка: УСПЕШНО (6572 байт)
[01:30:42]   Формат: Base64 → vless
[01:30:42]   Конфигов: VL=12 VM=0 TR=0 SS=24 (всего: 36)
[01:30:42] 
[01:30:42] Подписка #3: MaxVpn2
[01:30:42]   Файл: sub.new-meme-connet.ru_d8c44887a_Subscription.txt
[01:30:43]   Загрузка: УСПЕШНО (6572 байт)
[01:30:43]   Формат: Base64 → vless
[01:30:43]   Конфигов: VL=12 VM=0 TR=0 SS=24 (всего: 36)
[01:30:43] 
[01:30:43] Подписка #4: AirLinkVPN
[01:30:43]   Файл: raw.githubusercontent.com_AirLinkVPN1_AirLink_Subscription.txt
[01:30:44]   Загрузка: УСПЕШНО (190286 байт)
[01:30:44]   Формат: готовые vless/заголовки
[01:30:44]   Конфигов: 1061
[01:30:44] 
[01:30:44] ----------------------------------------------
[01:30:44] ШАГ 4: Сводный файл
[01:30:44] ----------------------------------------------
[01:30:44] Ссылки в GotovVpn.txt:
[01:30:44]   • https://raw.githubusercontent.com/po5p/hpc/main/gist.githubusercontent.com_FrizanGAME_dfd1f7a_Subscription.txt
[01:30:44]   • https://raw.githubusercontent.com/po5p/hpc/main/sub.new-meme-connet.ru_cc7a8ebfb_Subscription.txt
[01:30:44]   • https://raw.githubusercontent.com/po5p/hpc/main/sub.new-meme-connet.ru_d8c44887a_Subscription.txt
[01:30:44]   • https://raw.githubusercontent.com/po5p/hpc/main/raw.githubusercontent.com_AirLinkVPN1_AirLink_Subscription.txt
[01:30:44] 
[01:30:44] ----------------------------------------------
[01:30:44] ШАГ 5: Отправка в GitHub
[01:30:44] ----------------------------------------------
[01:30:46] Результат: УСПЕШНО
[01:30:46] 
[01:30:46] ==============================================
[01:30:46] ИТОГИ
[01:30:46] ==============================================
[01:30:46] Обработано: 4 | Пропущено: 0
[01:30:46]   VLESS:  24
[01:30:46]   SS:     48
[01:30:46]   ─────────────────
[01:30:46]   ВСЕГО:  72
[01:30:46] Сводный файл: https://raw.githubusercontent.com/po5p/hpc/main/GotovVpn.txt
[01:30:46] ==============================================
