                    🔄 ЗАПУСК ОБНОВЛЕНИЯ                    
                    2026-06-05 15:20:59                    
📋 Параметры:
   GitHub:    po5p/hpc
   HWID:      CB522960-E2A9-7A19-12CB-FD12FEC71E19
   Лог:       2026-06-05_15-20-59
📥 Получение подписок из  SubscriptionList.txt...
   HTTP: 200, Размер: 99 байт
   Содержимое:

https://sub.new-meme-connet.ru/cc7a8ebfb|MaxVpn1
https://sub.new-meme-connet.ru/d8c44887a|MaxVpn2
📥 Клонирую репозиторий...
   Готово

#
📡 #2: MaxVpn1
   Ссылка: https://sub.new-meme-connet.ru/cc7a8ebfb
   Файл:   sub.new-meme-connet.ru_cc7a8ebfb_Subscription.txt
   📥 Скачиваю...
   HTTP: 200, Время: 0с, Размер: 4080 байт
   📦 Base64 → vless + заголовки
   ✅ 8 конфигов → sub.new-meme-connet.ru_cc7a8ebfb_Subscription.txt

#
📡 #3: MaxVpn2
   Ссылка: https://sub.new-meme-connet.ru/d8c44887a
   Файл:   sub.new-meme-connet.ru_d8c44887a_Subscription.txt
   📥 Скачиваю...
   HTTP: 200, Время: 0с, Размер: 4080 байт
   📦 Base64 → vless + заголовки
   ✅ 8 конфигов → sub.new-meme-connet.ru_d8c44887a_Subscription.txt

💾 Сохраняю GotovVpn.txt...
