[22:29:45] ==============================================
[22:29:45] ЗАПУСК ОБНОВЛЕНИЯ VPN
[22:29:45] ==============================================
[22:29:45] Дата: 08.06.2026 22:29:45
[22:29:45] GitHub: po5p/hpc
[22:29:45] 
[22:29:45] ----------------------------------------------
[22:29:45] ШАГ 1: Получение списка подписок
[22:29:45] ----------------------------------------------
[22:29:46] Статус: 200 (УСПЕШНО), размер: 196 байт
[22:29:46] Содержимое:
[22:29:46]   • https://raw.githubusercontent.com/opti4riponty-arch/VLESS-Co/refs/heads/main/VLESS%20%26%20Co|VPN
[22:29:46]   • https://sub.new-meme-connet.ru/cc7a8ebfb|MaxVpn1
[22:29:46]   • https://sub.new-meme-connet.ru/d8c44887a|MaxVpn2
[22:29:46] 
[22:29:46] ----------------------------------------------
[22:29:46] ШАГ 2: Клонирование репозитория
[22:29:46] ----------------------------------------------
[22:29:47] Статус: УСПЕШНО
[22:29:47] 
[22:29:47] ----------------------------------------------
[22:29:47] ШАГ 3: Обработка подписок
[22:29:47] ----------------------------------------------
[22:29:47] 
[22:29:47] Подписка #1: VPN
[22:29:47]   Файл: raw.githubusercontent.com_opti4riponty-arch_V_Subscription.txt
[22:29:47]   Загрузка: УСПЕШНО (12205 байт)
[22:29:47]   Формат: готовые vless/заголовки
[22:29:48]   Конфигов: 86
[22:29:48] 
[22:29:48] Подписка #2: MaxVpn1
[22:29:48]   Файл: sub.new-meme-connet.ru_cc7a8ebfb_Subscription.txt
[22:29:48]   Загрузка: УСПЕШНО (6548 байт)
[22:29:48]   Формат: Base64 → vless
[22:29:48]   Конфигов: VL=12 VM=0 TR=0 SS=24 (всего: 36)
[22:29:49] 
[22:29:49] Подписка #3: MaxVpn2
[22:29:49]   Файл: sub.new-meme-connet.ru_d8c44887a_Subscription.txt
[22:29:49]   Загрузка: УСПЕШНО (6548 байт)
[22:29:49]   Формат: Base64 → vless
[22:29:49]   Конфигов: VL=12 VM=0 TR=0 SS=24 (всего: 36)
[22:29:49] 
[22:29:49] ----------------------------------------------
[22:29:49] ШАГ 4: Сводный файл
[22:29:49] ----------------------------------------------
[22:29:49] Ссылки в GotovVpn.txt:
[22:29:49]   • https://raw.githubusercontent.com/po5p/hpc/main/raw.githubusercontent.com_opti4riponty-arch_V_Subscription.txt
[22:29:49]   • https://raw.githubusercontent.com/po5p/hpc/main/sub.new-meme-connet.ru_cc7a8ebfb_Subscription.txt
[22:29:49]   • https://raw.githubusercontent.com/po5p/hpc/main/sub.new-meme-connet.ru_d8c44887a_Subscription.txt
[22:29:49] 
[22:29:49] ----------------------------------------------
[22:29:49] ШАГ 5: Отправка в GitHub
[22:29:50] ----------------------------------------------
[22:29:51] Результат: УСПЕШНО
[22:29:51] 
[22:29:51] ==============================================
[22:29:51] ИТОГИ
[22:29:51] ==============================================
[22:29:51] Обработано: 3 | Пропущено: 0
[22:29:51]   VLESS:  24
[22:29:51]   SS:     48
[22:29:51]   ─────────────────
[22:29:51]   ВСЕГО:  72
[22:29:51] Сводный файл: https://raw.githubusercontent.com/po5p/hpc/main/GotovVpn.txt
[22:29:51] ==============================================
