[15:36:17] ==============================================
[15:36:17] ЗАПУСК ОБНОВЛЕНИЯ VPN
[15:36:17] ==============================================
[15:36:18] Дата: 18.06.2026 15:36:17
[15:36:18] GitHub: po5p/hpc
[15:36:18] 
[15:36:18] ----------------------------------------------
[15:36:18] ШАГ 1: Получение списка подписок
[15:36:18] ----------------------------------------------
[15:36:18] Статус: 200 (УСПЕШНО), размер: 78 байт
[15:36:18] Содержимое:
[15:36:19]   • https://sillyvpn.qwaqdev.ru/sub/365e0df7-98d0-47b2-bfef-09a7100227f6|SILLYVPN
[15:36:19] 
[15:36:19] ----------------------------------------------
[15:36:19] ШАГ 2: Клонирование репозитория
[15:36:19] ----------------------------------------------
[15:36:20] Статус: УСПЕШНО
[15:36:20] 
[15:36:20] ----------------------------------------------
[15:36:20] ШАГ 3: Обработка подписок
[15:36:20] ----------------------------------------------
[15:36:20] 
[15:36:20] Подписка #1: SILLYVPN
[15:36:20]   Файл: sillyvpn.qwaqdev.ru_sub_365e0df7-98d0-47b2-bf_Subscription.txt
[15:36:20]   Загрузка: УСПЕШНО (28450 байт)
[15:36:21]   Формат: JSON
[15:36:21]   Конфигов (JSON): 11
[15:36:21] 
[15:36:21] ----------------------------------------------
[15:36:21] ШАГ 4: Сводный файл
[15:36:21] ----------------------------------------------
[15:36:21] Ссылки в GotovVpn.txt:
[15:36:21]   • https://raw.githubusercontent.com/po5p/hpc/main/sillyvpn.qwaqdev.ru_sub_365e0df7-98d0-47b2-bf_Subscription.txt
[15:36:21] 
[15:36:21] ----------------------------------------------
[15:36:21] ШАГ 5: Отправка в GitHub
[15:36:21] ----------------------------------------------
[15:36:22] Результат: УСПЕШНО
[15:36:22] 
[15:36:22] ==============================================
[15:36:22] ИТОГИ
[15:36:22] ==============================================
[15:36:22] Обработано: 1 | Пропущено: 0
[15:36:22]   JSON:   11
[15:36:22]   ─────────────────
[15:36:22]   ВСЕГО:  11
[15:36:22] Сводный файл: https://raw.githubusercontent.com/po5p/hpc/main/GotovVpn.txt
[15:36:22] ==============================================
