[22:53:45] ==============================================
[22:53:45] ЗАПУСК ОБНОВЛЕНИЯ VPN
[22:53:45] ==============================================
[22:53:45] Дата: 18.06.2026 22:53:45
[22:53:45] GitHub: po5p/hpc
[22:53:46] 
[22:53:46] ----------------------------------------------
[22:53:46] ШАГ 1: Получение списка подписок
[22:53:46] ----------------------------------------------
[22:53:46] Статус: 200 (УСПЕШНО), размер: 343 байт
[22:53:46] Содержимое:
[22:53:46]   • https://sillyvpn.qwaqdev.ru/sub/365e0df7-98d0-47b2-bfef-09a7100227f6|SILLYVPN
[22:53:46]   • https://sub.datanode-internal.net/FcQe0weSX1Qbc_-j|FastUnlimited
[22:53:46]   • https://cdn-biz.ru/sub/1/5609a383-a603-46e8-8de5-a31bab826871|Yowet7
[22:53:46]   • https://sillyvpn.qwaqdev.ru/sub/ff05c08b-dc28-4263-b585-df08338de6fb|SillyVPN
[22:53:47]   • https://sub.stichvpn.store/2285n15fMFhsVcM5|stichvpn
[22:53:47] 
[22:53:47] ----------------------------------------------
[22:53:47] ШАГ 2: Клонирование репозитория
[22:53:47] ----------------------------------------------
[22:53:55] Статус: УСПЕШНО
[22:53:55] 
[22:53:55] ----------------------------------------------
[22:53:55] ШАГ 3: Обработка подписок
[22:53:55] ----------------------------------------------
[22:53:55] 
[22:53:55] Подписка #1: SILLYVPN
[22:53:56]   Файл: sillyvpn.qwaqdev.ru_sub_365e0df7-98d0-47b2-bf_Subscription.txt
[22:53:56]   Загрузка: УСПЕШНО (10030 байт)
[22:53:56]   Формат: JSON
[22:53:57]   Конфигов (JSON): 6
[22:53:57] 
[22:53:57] Подписка #2: FastUnlimited
[22:53:57]   Файл: sub.datanode-internal.net_FcQe0weSX1Qbc_-j_Subscription.txt
[22:53:58]   Загрузка: УСПЕШНО (36469 байт)
[22:53:58]   Формат: JSON
[22:53:58]   Конфигов (JSON): 15
[22:53:58] 
[22:53:58] Подписка #3: Yowet7
[22:53:58]   Файл: cdn-biz.ru_sub_1_5609a383-a603-46e8-8de5-a31b_Subscription.txt
[22:53:59]   Загрузка: УСПЕШНО (226025 байт)
[22:53:59]   Формат: JSON
[22:53:59]   Конфигов (JSON): 60
[22:53:59] 
[22:53:59] Подписка #4: SillyVPN
[22:53:59]   Файл: sillyvpn.qwaqdev.ru_sub_ff05c08b-dc28-4263-b5_Subscription.txt
[22:54:00]   Загрузка: УСПЕШНО (10030 байт)
[22:54:00]   Формат: JSON
[22:54:00]   Конфигов (JSON): 6
[22:54:00] 
[22:54:00] Подписка #5: stichvpn
[22:54:00]   Файл: sub.stichvpn.store_2285n15fMFhsVcM5_Subscription.txt
[22:54:01]   Загрузка: УСПЕШНО (31445 байт)
[22:54:01]   Формат: JSON
[22:54:01]   Конфигов (JSON): 27
[22:54:01] 
[22:54:01] ----------------------------------------------
[22:54:01] ШАГ 4: Сводный файл
[22:54:01] ----------------------------------------------
[22:54:01] Ссылки в GotovVpn.txt:
[22:54:01]   • https://raw.githubusercontent.com/po5p/hpc/main/sillyvpn.qwaqdev.ru_sub_365e0df7-98d0-47b2-bf_Subscription.txt|SILLYVPN
[22:54:01]   • https://raw.githubusercontent.com/po5p/hpc/main/sub.datanode-internal.net_FcQe0weSX1Qbc_-j_Subscription.txt|FastUnlimited
[22:54:02]   • https://raw.githubusercontent.com/po5p/hpc/main/cdn-biz.ru_sub_1_5609a383-a603-46e8-8de5-a31b_Subscription.txt|Yowet7
[22:54:02]   • https://raw.githubusercontent.com/po5p/hpc/main/sillyvpn.qwaqdev.ru_sub_ff05c08b-dc28-4263-b5_Subscription.txt|SillyVPN
[22:54:02]   • https://raw.githubusercontent.com/po5p/hpc/main/sub.stichvpn.store_2285n15fMFhsVcM5_Subscription.txt|stichvpn
[22:54:02] 
[22:54:02] ----------------------------------------------
[22:54:02] ШАГ 5: Отправка в GitHub
[22:54:02] ----------------------------------------------
[22:54:04] Результат: УСПЕШНО
[22:54:04] 
[22:54:04] ==============================================
[22:54:04] ИТОГИ
[22:54:04] ==============================================
[22:54:04] Обработано: 5 | Пропущено: 0
[22:54:04]   JSON:   114
[22:54:04]   ─────────────────
[22:54:04]   ВСЕГО:  114
[22:54:04] Сводный файл: https://raw.githubusercontent.com/po5p/hpc/main/GotovVpn.txt
[22:54:04] ==============================================
