[13:42:39] ==============================================
[13:42:39] ЗАПУСК ОБНОВЛЕНИЯ VPN
[13:42:39] ==============================================
[13:42:39] Дата: 07.06.2026 13:42:39
[13:42:39] GitHub: po5p/hpc
[13:42:39] HWID: CB522960-E2A9-7A19-12CB-FD12FEC71E19
[13:42:40] 
[13:42:40] ----------------------------------------------
[13:42:40] ШАГ 1: Получение списка подписок
[13:42:40] ----------------------------------------------
[13:42:40] Статус: 200 (УСПЕШНО), размер: 99 байт
[13:42:40] Содержимое:
[13:42:40]   • https://sub.new-meme-connet.ru/cc7a8ebfb|MaxVpn1
[13:42:40]   • https://sub.new-meme-connet.ru/d8c44887a|MaxVpn2
[13:42:40] 
[13:42:40] ----------------------------------------------
[13:42:40] ШАГ 2: Клонирование репозитория
[13:42:41] ----------------------------------------------
[13:42:42] Статус: УСПЕШНО
[13:42:42] 
[13:42:42] ----------------------------------------------
[13:42:42] ШАГ 3: Обработка подписок
[13:42:42] ----------------------------------------------
[13:42:42] 
[13:42:42] Подписка #2: MaxVpn1
[13:42:42]   Файл: sub.new-meme-connet.ru_cc7a8ebfb_Subscription.txt
[13:42:43]   Загрузка: УСПЕШНО (6580 байт)
[13:42:43]   Формат: Base64 → vless
[13:42:43]   Конфигов: 36
[13:42:43] 
[13:42:44] Подписка #3: MaxVpn2
[13:42:44]   Файл: sub.new-meme-connet.ru_d8c44887a_Subscription.txt
[13:42:44]   Загрузка: УСПЕШНО (6580 байт)
[13:42:44]   Формат: Base64 → vless
[13:42:45]   Конфигов: 36
[13:42:45] 
[13:42:45] ----------------------------------------------
[13:42:45] ШАГ 4: Сводный файл
[13:42:45] ----------------------------------------------
[13:42:45]   • https://raw.githubusercontent.com/po5p/hpc/main/sub.new-meme-connet.ru_cc7a8ebfb_Subscription.txt
[13:42:45]   • https://raw.githubusercontent.com/po5p/hpc/main/sub.new-meme-connet.ru_d8c44887a_Subscription.txt
[13:42:45] 
[13:42:45] ----------------------------------------------
[13:42:45] ШАГ 5: Отправка в GitHub
[13:42:45] ----------------------------------------------
[13:42:47] Результат: УСПЕШНО
[13:42:47] 
[13:42:47] ==============================================
[13:42:47] ИТОГИ
[13:42:47] ==============================================
[13:42:47] Обработано: 2 | Пропущено: 0
[13:42:47]   VLESS:  24
[13:42:47]   SS:     48
[13:42:47]   ─────────────────
[13:42:48]   ВСЕГО:  72
[13:42:48] Сводный файл: https://raw.githubusercontent.com/po5p/hpc/main/GotovVpn.txt
[13:42:48] ==============================================
