[23:03:13] ==============================================
[23:03:13] ЗАПУСК ОБНОВЛЕНИЯ VPN
[23:03:13] ==============================================
[23:03:13] Дата: 18.06.2026 23:03:13
[23:03:13] GitHub: po5p/hpc
[23:03:13] 
[23:03:13] ----------------------------------------------
[23:03:13] ШАГ 1: Получение списка подписок
[23:03:13] ----------------------------------------------
[23:03:14] Статус: 200 (УСПЕШНО), размер: 396 байт
[23:03:14] Содержимое:
[23:03:14]   • https://sillyvpn.qwaqdev.ru/sub/365e0df7-98d0-47b2-bfef-09a7100227f6|SILLYVPN
[23:03:14]   • https://sub.datanode-internal.net/FcQe0weSX1Qbc_-j|FastUnlimited
[23:03:14]   • https://cdn-biz.ru/sub/1/5609a383-a603-46e8-8de5-a31bab826871|Yowet7
[23:03:14]   • https://sillyvpn.qwaqdev.ru/sub/ff05c08b-dc28-4263-b585-df08338de6fb|SillyVPN
[23:03:14]   • https://sub.stichvpn.store/2285n15fMFhsVcM5|stichvpn
[23:03:14]   • https://subs.superbuba.top/xj1-N_ZgFtCL-tHz|Буба
[23:03:14] 
[23:03:14] ----------------------------------------------
[23:03:14] ШАГ 2: Клонирование репозитория
[23:03:14] ----------------------------------------------
[23:03:17] Статус: УСПЕШНО
[23:03:17] 
[23:03:17] ----------------------------------------------
[23:03:17] ШАГ 3: Обработка подписок
[23:03:17] ----------------------------------------------
[23:03:17] 
[23:03:17] Подписка #1: SILLYVPN
[23:03:17]   Файл: sillyvpn.qwaqdev.ru_sub_365e0df7-98d0-47b2-bf_Subscription.txt
[23:03:18]   Загрузка: УСПЕШНО (10030 байт)
[23:03:18]   Формат: JSON
[23:03:18]   Конфигов (JSON): 6
[23:03:18] 
[23:03:18] Подписка #2: FastUnlimited
[23:03:18]   Файл: sub.datanode-internal.net_FcQe0weSX1Qbc_-j_Subscription.txt
[23:03:19]   Загрузка: УСПЕШНО (36501 байт)
[23:03:19]   Формат: JSON
[23:03:19]   Конфигов (JSON): 15
[23:03:19] 
[23:03:19] Подписка #3: Yowet7
[23:03:20]   Файл: cdn-biz.ru_sub_1_5609a383-a603-46e8-8de5-a31b_Subscription.txt
[23:03:20]   Загрузка: УСПЕШНО (226025 байт)
[23:03:21]   Формат: JSON
[23:03:21]   Конфигов (JSON): 60
[23:03:21] 
[23:03:21] Подписка #4: SillyVPN
[23:03:21]   Файл: sillyvpn.qwaqdev.ru_sub_ff05c08b-dc28-4263-b5_Subscription.txt
[23:03:22]   Загрузка: УСПЕШНО (10030 байт)
[23:03:22]   Формат: JSON
[23:03:22]   Конфигов (JSON): 6
[23:03:22] 
[23:03:22] Подписка #5: stichvpn
[23:03:22]   Файл: sub.stichvpn.store_2285n15fMFhsVcM5_Subscription.txt
[23:03:23]   Загрузка: УСПЕШНО (31445 байт)
[23:03:23]   Формат: JSON
[23:03:23]   Конфигов (JSON): 27
[23:03:23] 
[23:03:23] Подписка #6: Буба
[23:03:23]   Файл: subs.superbuba.top_xj1-N_ZgFtCL-tHz_Subscription.txt
[23:03:30]   Загрузка: УСПЕШНО (78515 байт)
[23:03:30]   Формат: JSON
[23:03:30]   Конфигов (JSON): 34
[23:03:30] 
[23:03:30] ----------------------------------------------
[23:03:30] ШАГ 4: Сводный файл
[23:03:30] ----------------------------------------------
[23:03:30] Ссылки в GotovVpn.txt:
[23:03:30]   • https://raw.githubusercontent.com/po5p/hpc/main/sillyvpn.qwaqdev.ru_sub_365e0df7-98d0-47b2-bf_Subscription.txt|SILLYVPN
[23:03:30]   • https://raw.githubusercontent.com/po5p/hpc/main/sub.datanode-internal.net_FcQe0weSX1Qbc_-j_Subscription.txt|FastUnlimited
[23:03:32]   • https://raw.githubusercontent.com/po5p/hpc/main/cdn-biz.ru_sub_1_5609a383-a603-46e8-8de5-a31b_Subscription.txt|Yowet7
[23:03:32]   • https://raw.githubusercontent.com/po5p/hpc/main/sillyvpn.qwaqdev.ru_sub_ff05c08b-dc28-4263-b5_Subscription.txt|SillyVPN
[23:03:32]   • https://raw.githubusercontent.com/po5p/hpc/main/sub.stichvpn.store_2285n15fMFhsVcM5_Subscription.txt|stichvpn
[23:03:32]   • https://raw.githubusercontent.com/po5p/hpc/main/subs.superbuba.top_xj1-N_ZgFtCL-tHz_Subscription.txt|Буба
[23:03:32] 
[23:03:32] ----------------------------------------------
[23:03:32] ШАГ 5: Отправка в GitHub
[23:03:32] ----------------------------------------------
[23:03:35] Результат: УСПЕШНО
[23:03:35] 
[23:03:35] ==============================================
[23:03:35] ИТОГИ
[23:03:35] ==============================================
[23:03:35] Обработано: 6 | Пропущено: 0
[23:03:35]   JSON:   148
[23:03:35]   ─────────────────
[23:03:35]   ВСЕГО:  148
[23:03:35] Сводный файл: https://raw.githubusercontent.com/po5p/hpc/main/GotovVpn.txt
[23:03:35] ==============================================
