[16:39:16] ==============================================
[16:39:16] ЗАПУСК ОБНОВЛЕНИЯ VPN
[16:39:16] ==============================================
[16:39:16] Дата: 06.06.2026 16:39:16
[16:39:16] GitHub: po5p/hpc
[16:39:16] HWID: 9ca65d99c03f363e
[16:39:16] 
[16:39:16] ----------------------------------------------
[16:39:16] ШАГ 1: Получение списка подписок
[16:39:16] ----------------------------------------------
[16:39:17] Статус: 200 (УСПЕШНО), размер: 226 байт
[16:39:17] Содержимое:
[16:39:17]   • https://base44.app/api/apps/6a142ae2965f19733954fc09/files/mp/public/6a142ae2965f19733954fc09/ba7a54875_subscription.txt|SL-VPN
[16:39:17]   • https://sub.new-meme-connet.ru/cc7a8ebfb|MaxVpn1
[16:39:17]   • https://sub.new-meme-connet.ru/d8c44887a|MaxVpn2
[16:39:17] 
[16:39:17] ----------------------------------------------
[16:39:17] ШАГ 2: Клонирование репозитория
[16:39:17] ----------------------------------------------
[16:39:18] Статус: УСПЕШНО
[16:39:19] 
[16:39:19] ----------------------------------------------
[16:39:19] ШАГ 3: Обработка подписок
[16:39:19] ----------------------------------------------
[16:39:19] 
[16:39:19] Подписка #1: SL-VPN
[16:39:19]   Файл: base44.app_api_apps_6a142ae2965f19733954fc09_files_mp_public_6a142ae2965f19733954fc09_ba7a54875_subscription.txt_Subscription.txt
[16:39:20]   Загрузка: УСПЕШНО (5150 байт)
[16:39:20]   Формат: готовые vless/заголовки
[16:39:21]   Конфигов: 34
[16:39:21] 
[16:39:21] Подписка #2: MaxVpn1
[16:39:21]   Файл: sub.new-meme-connet.ru_cc7a8ebfb_Subscription.txt
[16:39:21]   Загрузка: УСПЕШНО (5336 байт)
[16:39:21]   Формат: Base64 → vless
[16:39:22]   Конфигов: 30
[16:39:22] 
[16:39:22] Подписка #3: MaxVpn2
[16:39:22]   Файл: sub.new-meme-connet.ru_d8c44887a_Subscription.txt
[16:39:23]   Загрузка: УСПЕШНО (5336 байт)
[16:39:23]   Формат: Base64 → vless
[16:39:23]   Конфигов: 30
[16:39:23] 
[16:39:23] ----------------------------------------------
[16:39:23] ШАГ 4: Сводный файл
[16:39:23] ----------------------------------------------
[16:39:24]   • https://raw.githubusercontent.com/po5p/hpc/main/base44.app_api_apps_6a142ae2965f19733954fc09_files_mp_public_6a142ae2965f19733954fc09_ba7a54875_subscription.txt_Subscription.txt
[16:39:24]   • https://raw.githubusercontent.com/po5p/hpc/main/sub.new-meme-connet.ru_cc7a8ebfb_Subscription.txt
[16:39:24]   • https://raw.githubusercontent.com/po5p/hpc/main/sub.new-meme-connet.ru_d8c44887a_Subscription.txt
[16:39:24] 
[16:39:24] ----------------------------------------------
[16:39:24] ШАГ 5: Отправка в GitHub
[16:39:24] ----------------------------------------------
[16:39:26] Результат: УСПЕШНО
[16:39:26] 
[16:39:26] ==============================================
[16:39:26] ИТОГИ
[16:39:26] ==============================================
[16:39:26] Обработано: 3 | Пропущено: 0
[16:39:26]   VLESS:  20
[16:39:26]   SS:     40
[16:39:26]   ─────────────────
[16:39:26]   ВСЕГО:  60
[16:39:26] Сводный файл: https://raw.githubusercontent.com/po5p/hpc/main/GotovVpn.txt
[16:39:26] ==============================================
